{"total": {"lines":{"total":6467,"covered":6079,"skipped":0,"pct":94},"statements":{"total":7949,"covered":6853,"skipped":0,"pct":86.21},"functions":{"total":1445,"covered":1290,"skipped":0,"pct":89.27},"branches":{"total":6127,"covered":3361,"skipped":0,"pct":54.85},"branchesTrue":{"total":0,"covered":0,"skipped":0,"pct":100}}
,"D:\\Repositories\\starci-academy-backend\\.claude\\examples\\todo-app-backend\\src\\app.module.ts": {"lines":{"total":24,"covered":0,"skipped":0,"pct":0},"functions":{"total":1,"covered":0,"skipped":0,"pct":0},"statements":{"total":29,"covered":0,"skipped":0,"pct":0},"branches":{"total":22,"covered":0,"skipped":0,"pct":0}}
,"D:\\Repositories\\starci-academy-backend\\.claude\\examples\\todo-app-backend\\src\\features\\todo\\graphql\\graphql.module.ts": {"lines":{"total":21,"covered":19,"skipped":0,"pct":90.47},"functions":{"total":3,"covered":3,"skipped":0,"pct":100},"statements":{"total":26,"covered":21,"skipped":0,"pct":80.76},"branches":{"total":24,"covered":9,"skipped":0,"pct":37.5}}
,"D:\\Repositories\\starci-academy-backend\\.claude\\examples\\todo-app-backend\\src\\features\\todo\\graphql\\session-actor.adapter.ts": {"lines":{"total":14,"covered":14,"skipped":0,"pct":100},"functions":{"total":2,"covered":2,"skipped":0,"pct":100},"statements":{"total":14,"covered":14,"skipped":0,"pct":100},"branches":{"total":6,"covered":6,"skipped":0,"pct":100}}
,"D:\\Repositories\\starci-academy-backend\\.claude\\examples\\todo-app-backend\\src\\features\\todo\\graphql\\mutations\\index.ts": {"lines":{"total":22,"covered":22,"skipped":0,"pct":100},"functions":{"total":0,"covered":0,"skipped":0,"pct":100},"statements":{"total":22,"covered":22,"skipped":0,"pct":100},"branches":{"total":0,"covered":0,"skipped":0,"pct":100}}
,"D:\\Repositories\\starci-academy-backend\\.claude\\examples\\todo-app-backend\\src\\features\\todo\\graphql\\mutations\\audit\\complete-erasure\\complete-erasure.module-definition.ts": {"lines":{"total":4,"covered":4,"skipped":0,"pct":100},"functions":{"total":1,"covered":1,"skipped":0,"pct":100},"statements":{"total":5,"covered":5,"skipped":0,"pct":100},"branches":{"total":0,"covered":0,"skipped":0,"pct":100}}
,"D:\\Repositories\\starci-academy-backend\\.claude\\examples\\todo-app-backend\\src\\features\\todo\\graphql\\mutations\\audit\\complete-erasure\\complete-erasure.module.ts": {"lines":{"total":14,"covered":13,"skipped":0,"pct":92.85},"functions":{"total":1,"covered":1,"skipped":0,"pct":100},"statements":{"total":19,"covered":15,"skipped":0,"pct":78.94},"branches":{"total":22,"covered":8,"skipped":0,"pct":36.36}}
,"D:\\Repositories\\starci-academy-backend\\.claude\\examples\\todo-app-backend\\src\\features\\todo\\graphql\\mutations\\audit\\complete-erasure\\complete-erasure.resolver.ts": {"lines":{"total":28,"covered":27,"skipped":0,"pct":96.42},"functions":{"total":8,"covered":8,"skipped":0,"pct":100},"statements":{"total":35,"covered":31,"skipped":0,"pct":88.57},"branches":{"total":32,"covered":21,"skipped":0,"pct":65.62}}
,"D:\\Repositories\\starci-academy-backend\\.claude\\examples\\todo-app-backend\\src\\features\\todo\\graphql\\mutations\\audit\\complete-erasure\\graphql-types\\response.ts": {"lines":{"total":18,"covered":17,"skipped":0,"pct":94.44},"functions":{"total":4,"covered":4,"skipped":0,"pct":100},"statements":{"total":24,"covered":20,"skipped":0,"pct":83.33},"branches":{"total":29,"covered":17,"skipped":0,"pct":58.62}}
,"D:\\Repositories\\starci-academy-backend\\.claude\\examples\\todo-app-backend\\src\\features\\todo\\graphql\\mutations\\audit\\request-erasure\\request-erasure.module-definition.ts": {"lines":{"total":4,"covered":4,"skipped":0,"pct":100},"functions":{"total":1,"covered":1,"skipped":0,"pct":100},"statements":{"total":5,"covered":5,"skipped":0,"pct":100},"branches":{"total":0,"covered":0,"skipped":0,"pct":100}}
,"D:\\Repositories\\starci-academy-backend\\.claude\\examples\\todo-app-backend\\src\\features\\todo\\graphql\\mutations\\audit\\request-erasure\\request-erasure.module.ts": {"lines":{"total":14,"covered":13,"skipped":0,"pct":92.85},"functions":{"total":1,"covered":1,"skipped":0,"pct":100},"statements":{"total":19,"covered":15,"skipped":0,"pct":78.94},"branches":{"total":22,"covered":8,"skipped":0,"pct":36.36}}
,"D:\\Repositories\\starci-academy-backend\\.claude\\examples\\todo-app-backend\\src\\features\\todo\\graphql\\mutations\\audit\\request-erasure\\request-erasure.resolver.ts": {"lines":{"total":27,"covered":26,"skipped":0,"pct":96.29},"functions":{"total":7,"covered":7,"skipped":0,"pct":100},"statements":{"total":34,"covered":30,"skipped":0,"pct":88.23},"branches":{"total":32,"covered":21,"skipped":0,"pct":65.62}}
,"D:\\Repositories\\starci-academy-backend\\.claude\\examples\\todo-app-backend\\src\\features\\todo\\graphql\\mutations\\audit\\request-erasure\\graphql-types\\response.ts": {"lines":{"total":18,"covered":17,"skipped":0,"pct":94.44},"functions":{"total":4,"covered":4,"skipped":0,"pct":100},"statements":{"total":24,"covered":20,"skipped":0,"pct":83.33},"branches":{"total":29,"covered":17,"skipped":0,"pct":58.62}}
,"D:\\Repositories\\starci-academy-backend\\.claude\\examples\\todo-app-backend\\src\\features\\todo\\graphql\\mutations\\notify\\unsubscribe\\unsubscribe.module-definition.ts": {"lines":{"total":4,"covered":4,"skipped":0,"pct":100},"functions":{"total":1,"covered":1,"skipped":0,"pct":100},"statements":{"total":5,"covered":5,"skipped":0,"pct":100},"branches":{"total":0,"covered":0,"skipped":0,"pct":100}}
,"D:\\Repositories\\starci-academy-backend\\.claude\\examples\\todo-app-backend\\src\\features\\todo\\graphql\\mutations\\notify\\unsubscribe\\unsubscribe.module.ts": {"lines":{"total":14,"covered":13,"skipped":0,"pct":92.85},"functions":{"total":1,"covered":1,"skipped":0,"pct":100},"statements":{"total":19,"covered":15,"skipped":0,"pct":78.94},"branches":{"total":22,"covered":8,"skipped":0,"pct":36.36}}
,"D:\\Repositories\\starci-academy-backend\\.claude\\examples\\todo-app-backend\\src\\features\\todo\\graphql\\mutations\\notify\\unsubscribe\\unsubscribe.resolver.ts": {"lines":{"total":28,"covered":27,"skipped":0,"pct":96.42},"functions":{"total":7,"covered":7,"skipped":0,"pct":100},"statements":{"total":35,"covered":31,"skipped":0,"pct":88.57},"branches":{"total":32,"covered":21,"skipped":0,"pct":65.62}}
,"D:\\Repositories\\starci-academy-backend\\.claude\\examples\\todo-app-backend\\src\\features\\todo\\graphql\\mutations\\notify\\unsubscribe\\graphql-types\\input.ts": {"lines":{"total":15,"covered":14,"skipped":0,"pct":93.33},"functions":{"total":2,"covered":2,"skipped":0,"pct":100},"statements":{"total":21,"covered":17,"skipped":0,"pct":80.95},"branches":{"total":29,"covered":17,"skipped":0,"pct":58.62}}
,"D:\\Repositories\\starci-academy-backend\\.claude\\examples\\todo-app-backend\\src\\features\\todo\\graphql\\mutations\\notify\\unsubscribe\\graphql-types\\response.ts": {"lines":{"total":17,"covered":16,"skipped":0,"pct":94.11},"functions":{"total":3,"covered":3,"skipped":0,"pct":100},"statements":{"total":23,"covered":19,"skipped":0,"pct":82.6},"branches":{"total":29,"covered":17,"skipped":0,"pct":58.62}}
,"D:\\Repositories\\starci-academy-backend\\.claude\\examples\\todo-app-backend\\src\\features\\todo\\graphql\\mutations\\notify\\update-notification-preferences\\update-notification-preferences.module-definition.ts": {"lines":{"total":4,"covered":4,"skipped":0,"pct":100},"functions":{"total":1,"covered":1,"skipped":0,"pct":100},"statements":{"total":5,"covered":5,"skipped":0,"pct":100},"branches":{"total":0,"covered":0,"skipped":0,"pct":100}}
,"D:\\Repositories\\starci-academy-backend\\.claude\\examples\\todo-app-backend\\src\\features\\todo\\graphql\\mutations\\notify\\update-notification-preferences\\update-notification-preferences.module.ts": {"lines":{"total":14,"covered":13,"skipped":0,"pct":92.85},"functions":{"total":1,"covered":1,"skipped":0,"pct":100},"statements":{"total":19,"covered":15,"skipped":0,"pct":78.94},"branches":{"total":22,"covered":8,"skipped":0,"pct":36.36}}
,"D:\\Repositories\\starci-academy-backend\\.claude\\examples\\todo-app-backend\\src\\features\\todo\\graphql\\mutations\\notify\\update-notification-preferences\\update-notification-preferences.resolver.ts": {"lines":{"total":28,"covered":27,"skipped":0,"pct":96.42},"functions":{"total":7,"covered":7,"skipped":0,"pct":100},"statements":{"total":35,"covered":31,"skipped":0,"pct":88.57},"branches":{"total":32,"covered":21,"skipped":0,"pct":65.62}}
,"D:\\Repositories\\starci-academy-backend\\.claude\\examples\\todo-app-backend\\src\\features\\todo\\graphql\\mutations\\notify\\update-notification-preferences\\graphql-types\\input.ts": {"lines":{"total":18,"covered":17,"skipped":0,"pct":94.44},"functions":{"total":3,"covered":3,"skipped":0,"pct":100},"statements":{"total":24,"covered":20,"skipped":0,"pct":83.33},"branches":{"total":29,"covered":17,"skipped":0,"pct":58.62}}
,"D:\\Repositories\\starci-academy-backend\\.claude\\examples\\todo-app-backend\\src\\features\\todo\\graphql\\mutations\\notify\\update-notification-preferences\\graphql-types\\response.ts": {"lines":{"total":20,"covered":19,"skipped":0,"pct":95},"functions":{"total":4,"covered":4,"skipped":0,"pct":100},"statements":{"total":26,"covered":22,"skipped":0,"pct":84.61},"branches":{"total":29,"covered":17,"skipped":0,"pct":58.62}}
,"D:\\Repositories\\starci-academy-backend\\.claude\\examples\\todo-app-backend\\src\\features\\todo\\graphql\\mutations\\plan\\downgrade-plan\\downgrade-plan.module-definition.ts": {"lines":{"total":4,"covered":4,"skipped":0,"pct":100},"functions":{"total":1,"covered":1,"skipped":0,"pct":100},"statements":{"total":5,"covered":5,"skipped":0,"pct":100},"branches":{"total":0,"covered":0,"skipped":0,"pct":100}}
,"D:\\Repositories\\starci-academy-backend\\.claude\\examples\\todo-app-backend\\src\\features\\todo\\graphql\\mutations\\plan\\downgrade-plan\\downgrade-plan.module.ts": {"lines":{"total":14,"covered":13,"skipped":0,"pct":92.85},"functions":{"total":1,"covered":1,"skipped":0,"pct":100},"statements":{"total":19,"covered":15,"skipped":0,"pct":78.94},"branches":{"total":22,"covered":8,"skipped":0,"pct":36.36}}
,"D:\\Repositories\\starci-academy-backend\\.claude\\examples\\todo-app-backend\\src\\features\\todo\\graphql\\mutations\\plan\\downgrade-plan\\downgrade-plan.resolver.ts": {"lines":{"total":27,"covered":26,"skipped":0,"pct":96.29},"functions":{"total":7,"covered":7,"skipped":0,"pct":100},"statements":{"total":34,"covered":30,"skipped":0,"pct":88.23},"branches":{"total":32,"covered":21,"skipped":0,"pct":65.62}}
,"D:\\Repositories\\starci-academy-backend\\.claude\\examples\\todo-app-backend\\src\\features\\todo\\graphql\\mutations\\plan\\downgrade-plan\\graphql-types\\response.ts": {"lines":{"total":20,"covered":19,"skipped":0,"pct":95},"functions":{"total":4,"covered":4,"skipped":0,"pct":100},"statements":{"total":26,"covered":22,"skipped":0,"pct":84.61},"branches":{"total":29,"covered":17,"skipped":0,"pct":58.62}}
,"D:\\Repositories\\starci-academy-backend\\.claude\\examples\\todo-app-backend\\src\\features\\todo\\graphql\\mutations\\plan\\reconcile-payment\\reconcile-payment.module-definition.ts": {"lines":{"total":4,"covered":4,"skipped":0,"pct":100},"functions":{"total":1,"covered":1,"skipped":0,"pct":100},"statements":{"total":5,"covered":5,"skipped":0,"pct":100},"branches":{"total":0,"covered":0,"skipped":0,"pct":100}}
,"D:\\Repositories\\starci-academy-backend\\.claude\\examples\\todo-app-backend\\src\\features\\todo\\graphql\\mutations\\plan\\reconcile-payment\\reconcile-payment.module.ts": {"lines":{"total":14,"covered":13,"skipped":0,"pct":92.85},"functions":{"total":1,"covered":1,"skipped":0,"pct":100},"statements":{"total":19,"covered":15,"skipped":0,"pct":78.94},"branches":{"total":22,"covered":8,"skipped":0,"pct":36.36}}
,"D:\\Repositories\\starci-academy-backend\\.claude\\examples\\todo-app-backend\\src\\features\\todo\\graphql\\mutations\\plan\\reconcile-payment\\reconcile-payment.resolver.ts": {"lines":{"total":28,"covered":27,"skipped":0,"pct":96.42},"functions":{"total":7,"covered":7,"skipped":0,"pct":100},"statements":{"total":35,"covered":31,"skipped":0,"pct":88.57},"branches":{"total":32,"covered":21,"skipped":0,"pct":65.62}}
,"D:\\Repositories\\starci-academy-backend\\.claude\\examples\\todo-app-backend\\src\\features\\todo\\graphql\\mutations\\plan\\reconcile-payment\\graphql-types\\input.ts": {"lines":{"total":16,"covered":15,"skipped":0,"pct":93.75},"functions":{"total":3,"covered":3,"skipped":0,"pct":100},"statements":{"total":22,"covered":18,"skipped":0,"pct":81.81},"branches":{"total":29,"covered":17,"skipped":0,"pct":58.62}}
,"D:\\Repositories\\starci-academy-backend\\.claude\\examples\\todo-app-backend\\src\\features\\todo\\graphql\\mutations\\plan\\reconcile-payment\\graphql-types\\response.ts": {"lines":{"total":19,"covered":18,"skipped":0,"pct":94.73},"functions":{"total":3,"covered":3,"skipped":0,"pct":100},"statements":{"total":25,"covered":21,"skipped":0,"pct":84},"branches":{"total":29,"covered":17,"skipped":0,"pct":58.62}}
,"D:\\Repositories\\starci-academy-backend\\.claude\\examples\\todo-app-backend\\src\\features\\todo\\graphql\\mutations\\plan\\upgrade-plan\\upgrade-plan.module-definition.ts": {"lines":{"total":4,"covered":4,"skipped":0,"pct":100},"functions":{"total":1,"covered":1,"skipped":0,"pct":100},"statements":{"total":5,"covered":5,"skipped":0,"pct":100},"branches":{"total":0,"covered":0,"skipped":0,"pct":100}}
,"D:\\Repositories\\starci-academy-backend\\.claude\\examples\\todo-app-backend\\src\\features\\todo\\graphql\\mutations\\plan\\upgrade-plan\\upgrade-plan.module.ts": {"lines":{"total":14,"covered":13,"skipped":0,"pct":92.85},"functions":{"total":1,"covered":1,"skipped":0,"pct":100},"statements":{"total":19,"covered":15,"skipped":0,"pct":78.94},"branches":{"total":22,"covered":8,"skipped":0,"pct":36.36}}
,"D:\\Repositories\\starci-academy-backend\\.claude\\examples\\todo-app-backend\\src\\features\\todo\\graphql\\mutations\\plan\\upgrade-plan\\upgrade-plan.resolver.ts": {"lines":{"total":27,"covered":26,"skipped":0,"pct":96.29},"functions":{"total":7,"covered":7,"skipped":0,"pct":100},"statements":{"total":34,"covered":30,"skipped":0,"pct":88.23},"branches":{"total":32,"covered":21,"skipped":0,"pct":65.62}}
,"D:\\Repositories\\starci-academy-backend\\.claude\\examples\\todo-app-backend\\src\\features\\todo\\graphql\\mutations\\plan\\upgrade-plan\\graphql-types\\response.ts": {"lines":{"total":23,"covered":22,"skipped":0,"pct":95.65},"functions":{"total":5,"covered":5,"skipped":0,"pct":100},"statements":{"total":29,"covered":25,"skipped":0,"pct":86.2},"branches":{"total":29,"covered":17,"skipped":0,"pct":58.62}}
,"D:\\Repositories\\starci-academy-backend\\.claude\\examples\\todo-app-backend\\src\\features\\todo\\graphql\\mutations\\recur\\edit-recurrence\\edit-recurrence.module-definition.ts": {"lines":{"total":4,"covered":4,"skipped":0,"pct":100},"functions":{"total":1,"covered":1,"skipped":0,"pct":100},"statements":{"total":5,"covered":5,"skipped":0,"pct":100},"branches":{"total":0,"covered":0,"skipped":0,"pct":100}}
,"D:\\Repositories\\starci-academy-backend\\.claude\\examples\\todo-app-backend\\src\\features\\todo\\graphql\\mutations\\recur\\edit-recurrence\\edit-recurrence.module.ts": {"lines":{"total":14,"covered":13,"skipped":0,"pct":92.85},"functions":{"total":1,"covered":1,"skipped":0,"pct":100},"statements":{"total":19,"covered":15,"skipped":0,"pct":78.94},"branches":{"total":22,"covered":8,"skipped":0,"pct":36.36}}
,"D:\\Repositories\\starci-academy-backend\\.claude\\examples\\todo-app-backend\\src\\features\\todo\\graphql\\mutations\\recur\\edit-recurrence\\edit-recurrence.resolver.ts": {"lines":{"total":28,"covered":27,"skipped":0,"pct":96.42},"functions":{"total":7,"covered":7,"skipped":0,"pct":100},"statements":{"total":35,"covered":31,"skipped":0,"pct":88.57},"branches":{"total":32,"covered":21,"skipped":0,"pct":65.62}}
,"D:\\Repositories\\starci-academy-backend\\.claude\\examples\\todo-app-backend\\src\\features\\todo\\graphql\\mutations\\recur\\edit-recurrence\\graphql-types\\input.ts": {"lines":{"total":25,"covered":24,"skipped":0,"pct":96},"functions":{"total":6,"covered":6,"skipped":0,"pct":100},"statements":{"total":31,"covered":27,"skipped":0,"pct":87.09},"branches":{"total":29,"covered":17,"skipped":0,"pct":58.62}}
,"D:\\Repositories\\starci-academy-backend\\.claude\\examples\\todo-app-backend\\src\\features\\todo\\graphql\\mutations\\recur\\edit-recurrence\\graphql-types\\response.ts": {"lines":{"total":22,"covered":21,"skipped":0,"pct":95.45},"functions":{"total":4,"covered":4,"skipped":0,"pct":100},"statements":{"total":28,"covered":24,"skipped":0,"pct":85.71},"branches":{"total":29,"covered":17,"skipped":0,"pct":58.62}}
,"D:\\Repositories\\starci-academy-backend\\.claude\\examples\\todo-app-backend\\src\\features\\todo\\graphql\\mutations\\recur\\end-recurrence\\end-recurrence.module-definition.ts": {"lines":{"total":4,"covered":4,"skipped":0,"pct":100},"functions":{"total":1,"covered":1,"skipped":0,"pct":100},"statements":{"total":5,"covered":5,"skipped":0,"pct":100},"branches":{"total":0,"covered":0,"skipped":0,"pct":100}}
,"D:\\Repositories\\starci-academy-backend\\.claude\\examples\\todo-app-backend\\src\\features\\todo\\graphql\\mutations\\recur\\end-recurrence\\end-recurrence.module.ts": {"lines":{"total":14,"covered":13,"skipped":0,"pct":92.85},"functions":{"total":1,"covered":1,"skipped":0,"pct":100},"statements":{"total":19,"covered":15,"skipped":0,"pct":78.94},"branches":{"total":22,"covered":8,"skipped":0,"pct":36.36}}
,"D:\\Repositories\\starci-academy-backend\\.claude\\examples\\todo-app-backend\\src\\features\\todo\\graphql\\mutations\\recur\\end-recurrence\\end-recurrence.resolver.ts": {"lines":{"total":28,"covered":27,"skipped":0,"pct":96.42},"functions":{"total":7,"covered":7,"skipped":0,"pct":100},"statements":{"total":35,"covered":31,"skipped":0,"pct":88.57},"branches":{"total":32,"covered":21,"skipped":0,"pct":65.62}}
,"D:\\Repositories\\starci-academy-backend\\.claude\\examples\\todo-app-backend\\src\\features\\todo\\graphql\\mutations\\recur\\end-recurrence\\graphql-types\\input.ts": {"lines":{"total":17,"covered":16,"skipped":0,"pct":94.11},"functions":{"total":3,"covered":3,"skipped":0,"pct":100},"statements":{"total":23,"covered":19,"skipped":0,"pct":82.6},"branches":{"total":29,"covered":17,"skipped":0,"pct":58.62}}
,"D:\\Repositories\\starci-academy-backend\\.claude\\examples\\todo-app-backend\\src\\features\\todo\\graphql\\mutations\\recur\\end-recurrence\\graphql-types\\response.ts": {"lines":{"total":21,"covered":20,"skipped":0,"pct":95.23},"functions":{"total":5,"covered":5,"skipped":0,"pct":100},"statements":{"total":27,"covered":23,"skipped":0,"pct":85.18},"branches":{"total":29,"covered":17,"skipped":0,"pct":58.62}}
,"D:\\Repositories\\starci-academy-backend\\.claude\\examples\\todo-app-backend\\src\\features\\todo\\graphql\\mutations\\recur\\make-recurring\\make-recurring.module-definition.ts": {"lines":{"total":4,"covered":4,"skipped":0,"pct":100},"functions":{"total":1,"covered":1,"skipped":0,"pct":100},"statements":{"total":5,"covered":5,"skipped":0,"pct":100},"branches":{"total":0,"covered":0,"skipped":0,"pct":100}}
,"D:\\Repositories\\starci-academy-backend\\.claude\\examples\\todo-app-backend\\src\\features\\todo\\graphql\\mutations\\recur\\make-recurring\\make-recurring.module.ts": {"lines":{"total":14,"covered":13,"skipped":0,"pct":92.85},"functions":{"total":1,"covered":1,"skipped":0,"pct":100},"statements":{"total":19,"covered":15,"skipped":0,"pct":78.94},"branches":{"total":22,"covered":8,"skipped":0,"pct":36.36}}
,"D:\\Repositories\\starci-academy-backend\\.claude\\examples\\todo-app-backend\\src\\features\\todo\\graphql\\mutations\\recur\\make-recurring\\make-recurring.resolver.ts": {"lines":{"total":28,"covered":27,"skipped":0,"pct":96.42},"functions":{"total":7,"covered":7,"skipped":0,"pct":100},"statements":{"total":35,"covered":31,"skipped":0,"pct":88.57},"branches":{"total":36,"covered":25,"skipped":0,"pct":69.44}}
,"D:\\Repositories\\starci-academy-backend\\.claude\\examples\\todo-app-backend\\src\\features\\todo\\graphql\\mutations\\recur\\make-recurring\\graphql-types\\input.ts": {"lines":{"total":29,"covered":28,"skipped":0,"pct":96.55},"functions":{"total":6,"covered":6,"skipped":0,"pct":100},"statements":{"total":35,"covered":31,"skipped":0,"pct":88.57},"branches":{"total":31,"covered":19,"skipped":0,"pct":61.29}}
,"D:\\Repositories\\starci-academy-backend\\.claude\\examples\\todo-app-backend\\src\\features\\todo\\graphql\\mutations\\recur\\make-recurring\\graphql-types\\response.ts": {"lines":{"total":26,"covered":25,"skipped":0,"pct":96.15},"functions":{"total":4,"covered":4,"skipped":0,"pct":100},"statements":{"total":32,"covered":28,"skipped":0,"pct":87.5},"branches":{"total":29,"covered":17,"skipped":0,"pct":58.62}}
,"D:\\Repositories\\starci-academy-backend\\.claude\\examples\\todo-app-backend\\src\\features\\todo\\graphql\\mutations\\session\\sign-in\\sign-in.module-definition.ts": {"lines":{"total":4,"covered":4,"skipped":0,"pct":100},"functions":{"total":1,"covered":1,"skipped":0,"pct":100},"statements":{"total":5,"covered":5,"skipped":0,"pct":100},"branches":{"total":0,"covered":0,"skipped":0,"pct":100}}
,"D:\\Repositories\\starci-academy-backend\\.claude\\examples\\todo-app-backend\\src\\features\\todo\\graphql\\mutations\\session\\sign-in\\sign-in.module.ts": {"lines":{"total":14,"covered":13,"skipped":0,"pct":92.85},"functions":{"total":1,"covered":1,"skipped":0,"pct":100},"statements":{"total":19,"covered":15,"skipped":0,"pct":78.94},"branches":{"total":22,"covered":8,"skipped":0,"pct":36.36}}
,"D:\\Repositories\\starci-academy-backend\\.claude\\examples\\todo-app-backend\\src\\features\\todo\\graphql\\mutations\\session\\sign-in\\sign-in.resolver.ts": {"lines":{"total":24,"covered":23,"skipped":0,"pct":95.83},"functions":{"total":7,"covered":7,"skipped":0,"pct":100},"statements":{"total":31,"covered":27,"skipped":0,"pct":87.09},"branches":{"total":32,"covered":21,"skipped":0,"pct":65.62}}
,"D:\\Repositories\\starci-academy-backend\\.claude\\examples\\todo-app-backend\\src\\features\\todo\\graphql\\mutations\\session\\sign-in\\graphql-types\\input.ts": {"lines":{"total":16,"covered":15,"skipped":0,"pct":93.75},"functions":{"total":2,"covered":2,"skipped":0,"pct":100},"statements":{"total":22,"covered":18,"skipped":0,"pct":81.81},"branches":{"total":29,"covered":17,"skipped":0,"pct":58.62}}
,"D:\\Repositories\\starci-academy-backend\\.claude\\examples\\todo-app-backend\\src\\features\\todo\\graphql\\mutations\\session\\sign-in\\graphql-types\\response.ts": {"lines":{"total":17,"covered":16,"skipped":0,"pct":94.11},"functions":{"total":3,"covered":3,"skipped":0,"pct":100},"statements":{"total":23,"covered":19,"skipped":0,"pct":82.6},"branches":{"total":29,"covered":17,"skipped":0,"pct":58.62}}
,"D:\\Repositories\\starci-academy-backend\\.claude\\examples\\todo-app-backend\\src\\features\\todo\\graphql\\mutations\\session\\sign-out\\sign-out.module-definition.ts": {"lines":{"total":4,"covered":4,"skipped":0,"pct":100},"functions":{"total":1,"covered":1,"skipped":0,"pct":100},"statements":{"total":5,"covered":5,"skipped":0,"pct":100},"branches":{"total":0,"covered":0,"skipped":0,"pct":100}}
,"D:\\Repositories\\starci-academy-backend\\.claude\\examples\\todo-app-backend\\src\\features\\todo\\graphql\\mutations\\session\\sign-out\\sign-out.module.ts": {"lines":{"total":14,"covered":13,"skipped":0,"pct":92.85},"functions":{"total":1,"covered":1,"skipped":0,"pct":100},"statements":{"total":19,"covered":15,"skipped":0,"pct":78.94},"branches":{"total":22,"covered":8,"skipped":0,"pct":36.36}}
,"D:\\Repositories\\starci-academy-backend\\.claude\\examples\\todo-app-backend\\src\\features\\todo\\graphql\\mutations\\session\\sign-out\\sign-out.resolver.ts": {"lines":{"total":24,"covered":23,"skipped":0,"pct":95.83},"functions":{"total":7,"covered":7,"skipped":0,"pct":100},"statements":{"total":31,"covered":27,"skipped":0,"pct":87.09},"branches":{"total":32,"covered":21,"skipped":0,"pct":65.62}}
,"D:\\Repositories\\starci-academy-backend\\.claude\\examples\\todo-app-backend\\src\\features\\todo\\graphql\\mutations\\session\\sign-out\\graphql-types\\input.ts": {"lines":{"total":15,"covered":14,"skipped":0,"pct":93.33},"functions":{"total":2,"covered":2,"skipped":0,"pct":100},"statements":{"total":21,"covered":17,"skipped":0,"pct":80.95},"branches":{"total":29,"covered":17,"skipped":0,"pct":58.62}}
,"D:\\Repositories\\starci-academy-backend\\.claude\\examples\\todo-app-backend\\src\\features\\todo\\graphql\\mutations\\session\\sign-out\\graphql-types\\response.ts": {"lines":{"total":15,"covered":14,"skipped":0,"pct":93.33},"functions":{"total":3,"covered":3,"skipped":0,"pct":100},"statements":{"total":21,"covered":17,"skipped":0,"pct":80.95},"branches":{"total":29,"covered":17,"skipped":0,"pct":58.62}}
,"D:\\Repositories\\starci-academy-backend\\.claude\\examples\\todo-app-backend\\src\\features\\todo\\graphql\\mutations\\share\\accept-invitation\\accept-invitation.module-definition.ts": {"lines":{"total":4,"covered":4,"skipped":0,"pct":100},"functions":{"total":1,"covered":1,"skipped":0,"pct":100},"statements":{"total":5,"covered":5,"skipped":0,"pct":100},"branches":{"total":0,"covered":0,"skipped":0,"pct":100}}
,"D:\\Repositories\\starci-academy-backend\\.claude\\examples\\todo-app-backend\\src\\features\\todo\\graphql\\mutations\\share\\accept-invitation\\accept-invitation.module.ts": {"lines":{"total":14,"covered":13,"skipped":0,"pct":92.85},"functions":{"total":1,"covered":1,"skipped":0,"pct":100},"statements":{"total":19,"covered":15,"skipped":0,"pct":78.94},"branches":{"total":22,"covered":8,"skipped":0,"pct":36.36}}
,"D:\\Repositories\\starci-academy-backend\\.claude\\examples\\todo-app-backend\\src\\features\\todo\\graphql\\mutations\\share\\accept-invitation\\accept-invitation.resolver.ts": {"lines":{"total":28,"covered":27,"skipped":0,"pct":96.42},"functions":{"total":7,"covered":7,"skipped":0,"pct":100},"statements":{"total":35,"covered":31,"skipped":0,"pct":88.57},"branches":{"total":32,"covered":21,"skipped":0,"pct":65.62}}
,"D:\\Repositories\\starci-academy-backend\\.claude\\examples\\todo-app-backend\\src\\features\\todo\\graphql\\mutations\\share\\accept-invitation\\graphql-types\\input.ts": {"lines":{"total":17,"covered":16,"skipped":0,"pct":94.11},"functions":{"total":3,"covered":3,"skipped":0,"pct":100},"statements":{"total":23,"covered":19,"skipped":0,"pct":82.6},"branches":{"total":29,"covered":17,"skipped":0,"pct":58.62}}
,"D:\\Repositories\\starci-academy-backend\\.claude\\examples\\todo-app-backend\\src\\features\\todo\\graphql\\mutations\\share\\accept-invitation\\graphql-types\\response.ts": {"lines":{"total":20,"covered":19,"skipped":0,"pct":95},"functions":{"total":4,"covered":4,"skipped":0,"pct":100},"statements":{"total":26,"covered":22,"skipped":0,"pct":84.61},"branches":{"total":29,"covered":17,"skipped":0,"pct":58.62}}
,"D:\\Repositories\\starci-academy-backend\\.claude\\examples\\todo-app-backend\\src\\features\\todo\\graphql\\mutations\\share\\invite\\invite.module-definition.ts": {"lines":{"total":4,"covered":4,"skipped":0,"pct":100},"functions":{"total":1,"covered":1,"skipped":0,"pct":100},"statements":{"total":5,"covered":5,"skipped":0,"pct":100},"branches":{"total":0,"covered":0,"skipped":0,"pct":100}}
,"D:\\Repositories\\starci-academy-backend\\.claude\\examples\\todo-app-backend\\src\\features\\todo\\graphql\\mutations\\share\\invite\\invite.module.ts": {"lines":{"total":14,"covered":13,"skipped":0,"pct":92.85},"functions":{"total":1,"covered":1,"skipped":0,"pct":100},"statements":{"total":19,"covered":15,"skipped":0,"pct":78.94},"branches":{"total":22,"covered":8,"skipped":0,"pct":36.36}}
,"D:\\Repositories\\starci-academy-backend\\.claude\\examples\\todo-app-backend\\src\\features\\todo\\graphql\\mutations\\share\\invite\\invite.resolver.ts": {"lines":{"total":28,"covered":27,"skipped":0,"pct":96.42},"functions":{"total":7,"covered":7,"skipped":0,"pct":100},"statements":{"total":35,"covered":31,"skipped":0,"pct":88.57},"branches":{"total":32,"covered":21,"skipped":0,"pct":65.62}}
,"D:\\Repositories\\starci-academy-backend\\.claude\\examples\\todo-app-backend\\src\\features\\todo\\graphql\\mutations\\share\\invite\\graphql-types\\input.ts": {"lines":{"total":18,"covered":17,"skipped":0,"pct":94.44},"functions":{"total":3,"covered":3,"skipped":0,"pct":100},"statements":{"total":24,"covered":20,"skipped":0,"pct":83.33},"branches":{"total":29,"covered":17,"skipped":0,"pct":58.62}}
,"D:\\Repositories\\starci-academy-backend\\.claude\\examples\\todo-app-backend\\src\\features\\todo\\graphql\\mutations\\share\\invite\\graphql-types\\response.ts": {"lines":{"total":25,"covered":24,"skipped":0,"pct":96},"functions":{"total":5,"covered":5,"skipped":0,"pct":100},"statements":{"total":31,"covered":27,"skipped":0,"pct":87.09},"branches":{"total":29,"covered":17,"skipped":0,"pct":58.62}}
,"D:\\Repositories\\starci-academy-backend\\.claude\\examples\\todo-app-backend\\src\\features\\todo\\graphql\\mutations\\share\\revoke-collaborator\\revoke-collaborator.module-definition.ts": {"lines":{"total":4,"covered":4,"skipped":0,"pct":100},"functions":{"total":1,"covered":1,"skipped":0,"pct":100},"statements":{"total":5,"covered":5,"skipped":0,"pct":100},"branches":{"total":0,"covered":0,"skipped":0,"pct":100}}
,"D:\\Repositories\\starci-academy-backend\\.claude\\examples\\todo-app-backend\\src\\features\\todo\\graphql\\mutations\\share\\revoke-collaborator\\revoke-collaborator.module.ts": {"lines":{"total":14,"covered":13,"skipped":0,"pct":92.85},"functions":{"total":1,"covered":1,"skipped":0,"pct":100},"statements":{"total":19,"covered":15,"skipped":0,"pct":78.94},"branches":{"total":22,"covered":8,"skipped":0,"pct":36.36}}
,"D:\\Repositories\\starci-academy-backend\\.claude\\examples\\todo-app-backend\\src\\features\\todo\\graphql\\mutations\\share\\revoke-collaborator\\revoke-collaborator.resolver.ts": {"lines":{"total":28,"covered":27,"skipped":0,"pct":96.42},"functions":{"total":7,"covered":7,"skipped":0,"pct":100},"statements":{"total":35,"covered":31,"skipped":0,"pct":88.57},"branches":{"total":32,"covered":21,"skipped":0,"pct":65.62}}
,"D:\\Repositories\\starci-academy-backend\\.claude\\examples\\todo-app-backend\\src\\features\\todo\\graphql\\mutations\\share\\revoke-collaborator\\graphql-types\\input.ts": {"lines":{"total":16,"covered":15,"skipped":0,"pct":93.75},"functions":{"total":3,"covered":3,"skipped":0,"pct":100},"statements":{"total":22,"covered":18,"skipped":0,"pct":81.81},"branches":{"total":29,"covered":17,"skipped":0,"pct":58.62}}
,"D:\\Repositories\\starci-academy-backend\\.claude\\examples\\todo-app-backend\\src\\features\\todo\\graphql\\mutations\\share\\revoke-collaborator\\graphql-types\\response.ts": {"lines":{"total":18,"covered":17,"skipped":0,"pct":94.44},"functions":{"total":4,"covered":4,"skipped":0,"pct":100},"statements":{"total":24,"covered":20,"skipped":0,"pct":83.33},"branches":{"total":29,"covered":17,"skipped":0,"pct":58.62}}
,"D:\\Repositories\\starci-academy-backend\\.claude\\examples\\todo-app-backend\\src\\features\\todo\\graphql\\mutations\\task\\complete-task\\complete-task.module-definition.ts": {"lines":{"total":4,"covered":4,"skipped":0,"pct":100},"functions":{"total":1,"covered":1,"skipped":0,"pct":100},"statements":{"total":5,"covered":5,"skipped":0,"pct":100},"branches":{"total":0,"covered":0,"skipped":0,"pct":100}}
,"D:\\Repositories\\starci-academy-backend\\.claude\\examples\\todo-app-backend\\src\\features\\todo\\graphql\\mutations\\task\\complete-task\\complete-task.module.ts": {"lines":{"total":14,"covered":13,"skipped":0,"pct":92.85},"functions":{"total":1,"covered":1,"skipped":0,"pct":100},"statements":{"total":19,"covered":15,"skipped":0,"pct":78.94},"branches":{"total":22,"covered":8,"skipped":0,"pct":36.36}}
,"D:\\Repositories\\starci-academy-backend\\.claude\\examples\\todo-app-backend\\src\\features\\todo\\graphql\\mutations\\task\\complete-task\\complete-task.resolver.ts": {"lines":{"total":28,"covered":27,"skipped":0,"pct":96.42},"functions":{"total":8,"covered":8,"skipped":0,"pct":100},"statements":{"total":35,"covered":31,"skipped":0,"pct":88.57},"branches":{"total":32,"covered":21,"skipped":0,"pct":65.62}}
,"D:\\Repositories\\starci-academy-backend\\.claude\\examples\\todo-app-backend\\src\\features\\todo\\graphql\\mutations\\task\\complete-task\\graphql-types\\response.ts": {"lines":{"total":18,"covered":17,"skipped":0,"pct":94.44},"functions":{"total":4,"covered":4,"skipped":0,"pct":100},"statements":{"total":24,"covered":20,"skipped":0,"pct":83.33},"branches":{"total":29,"covered":17,"skipped":0,"pct":58.62}}
,"D:\\Repositories\\starci-academy-backend\\.claude\\examples\\todo-app-backend\\src\\features\\todo\\graphql\\mutations\\task\\create-task\\create-task.module-definition.ts": {"lines":{"total":4,"covered":4,"skipped":0,"pct":100},"functions":{"total":1,"covered":1,"skipped":0,"pct":100},"statements":{"total":5,"covered":5,"skipped":0,"pct":100},"branches":{"total":0,"covered":0,"skipped":0,"pct":100}}
,"D:\\Repositories\\starci-academy-backend\\.claude\\examples\\todo-app-backend\\src\\features\\todo\\graphql\\mutations\\task\\create-task\\create-task.module.ts": {"lines":{"total":14,"covered":13,"skipped":0,"pct":92.85},"functions":{"total":1,"covered":1,"skipped":0,"pct":100},"statements":{"total":19,"covered":15,"skipped":0,"pct":78.94},"branches":{"total":22,"covered":8,"skipped":0,"pct":36.36}}
,"D:\\Repositories\\starci-academy-backend\\.claude\\examples\\todo-app-backend\\src\\features\\todo\\graphql\\mutations\\task\\create-task\\create-task.resolver.ts": {"lines":{"total":28,"covered":27,"skipped":0,"pct":96.42},"functions":{"total":7,"covered":7,"skipped":0,"pct":100},"statements":{"total":35,"covered":31,"skipped":0,"pct":88.57},"branches":{"total":32,"covered":21,"skipped":0,"pct":65.62}}
,"D:\\Repositories\\starci-academy-backend\\.claude\\examples\\todo-app-backend\\src\\features\\todo\\graphql\\mutations\\task\\create-task\\graphql-types\\input.ts": {"lines":{"total":15,"covered":14,"skipped":0,"pct":93.33},"functions":{"total":2,"covered":2,"skipped":0,"pct":100},"statements":{"total":21,"covered":17,"skipped":0,"pct":80.95},"branches":{"total":29,"covered":17,"skipped":0,"pct":58.62}}
,"D:\\Repositories\\starci-academy-backend\\.claude\\examples\\todo-app-backend\\src\\features\\todo\\graphql\\mutations\\task\\create-task\\graphql-types\\response.ts": {"lines":{"total":18,"covered":17,"skipped":0,"pct":94.44},"functions":{"total":4,"covered":4,"skipped":0,"pct":100},"statements":{"total":24,"covered":20,"skipped":0,"pct":83.33},"branches":{"total":29,"covered":17,"skipped":0,"pct":58.62}}
,"D:\\Repositories\\starci-academy-backend\\.claude\\examples\\todo-app-backend\\src\\features\\todo\\graphql\\mutations\\task\\delete-task\\delete-task.module-definition.ts": {"lines":{"total":4,"covered":4,"skipped":0,"pct":100},"functions":{"total":1,"covered":1,"skipped":0,"pct":100},"statements":{"total":5,"covered":5,"skipped":0,"pct":100},"branches":{"total":0,"covered":0,"skipped":0,"pct":100}}
,"D:\\Repositories\\starci-academy-backend\\.claude\\examples\\todo-app-backend\\src\\features\\todo\\graphql\\mutations\\task\\delete-task\\delete-task.module.ts": {"lines":{"total":14,"covered":13,"skipped":0,"pct":92.85},"functions":{"total":1,"covered":1,"skipped":0,"pct":100},"statements":{"total":19,"covered":15,"skipped":0,"pct":78.94},"branches":{"total":22,"covered":8,"skipped":0,"pct":36.36}}
,"D:\\Repositories\\starci-academy-backend\\.claude\\examples\\todo-app-backend\\src\\features\\todo\\graphql\\mutations\\task\\delete-task\\delete-task.resolver.ts": {"lines":{"total":28,"covered":27,"skipped":0,"pct":96.42},"functions":{"total":8,"covered":8,"skipped":0,"pct":100},"statements":{"total":35,"covered":31,"skipped":0,"pct":88.57},"branches":{"total":32,"covered":21,"skipped":0,"pct":65.62}}
,"D:\\Repositories\\starci-academy-backend\\.claude\\examples\\todo-app-backend\\src\\features\\todo\\graphql\\mutations\\task\\delete-task\\graphql-types\\response.ts": {"lines":{"total":15,"covered":14,"skipped":0,"pct":93.33},"functions":{"total":3,"covered":3,"skipped":0,"pct":100},"statements":{"total":21,"covered":17,"skipped":0,"pct":80.95},"branches":{"total":29,"covered":17,"skipped":0,"pct":58.62}}
,"D:\\Repositories\\starci-academy-backend\\.claude\\examples\\todo-app-backend\\src\\features\\todo\\graphql\\mutations\\task\\reopen-task\\reopen-task.module-definition.ts": {"lines":{"total":4,"covered":4,"skipped":0,"pct":100},"functions":{"total":1,"covered":1,"skipped":0,"pct":100},"statements":{"total":5,"covered":5,"skipped":0,"pct":100},"branches":{"total":0,"covered":0,"skipped":0,"pct":100}}
,"D:\\Repositories\\starci-academy-backend\\.claude\\examples\\todo-app-backend\\src\\features\\todo\\graphql\\mutations\\task\\reopen-task\\reopen-task.module.ts": {"lines":{"total":14,"covered":13,"skipped":0,"pct":92.85},"functions":{"total":1,"covered":1,"skipped":0,"pct":100},"statements":{"total":19,"covered":15,"skipped":0,"pct":78.94},"branches":{"total":22,"covered":8,"skipped":0,"pct":36.36}}
,"D:\\Repositories\\starci-academy-backend\\.claude\\examples\\todo-app-backend\\src\\features\\todo\\graphql\\mutations\\task\\reopen-task\\reopen-task.resolver.ts": {"lines":{"total":28,"covered":27,"skipped":0,"pct":96.42},"functions":{"total":8,"covered":8,"skipped":0,"pct":100},"statements":{"total":35,"covered":31,"skipped":0,"pct":88.57},"branches":{"total":32,"covered":21,"skipped":0,"pct":65.62}}
,"D:\\Repositories\\starci-academy-backend\\.claude\\examples\\todo-app-backend\\src\\features\\todo\\graphql\\mutations\\task\\reopen-task\\graphql-types\\response.ts": {"lines":{"total":18,"covered":17,"skipped":0,"pct":94.44},"functions":{"total":4,"covered":4,"skipped":0,"pct":100},"statements":{"total":24,"covered":20,"skipped":0,"pct":83.33},"branches":{"total":29,"covered":17,"skipped":0,"pct":58.62}}
,"D:\\Repositories\\starci-academy-backend\\.claude\\examples\\todo-app-backend\\src\\features\\todo\\graphql\\queries\\index.ts": {"lines":{"total":11,"covered":11,"skipped":0,"pct":100},"functions":{"total":0,"covered":0,"skipped":0,"pct":100},"statements":{"total":11,"covered":11,"skipped":0,"pct":100},"branches":{"total":0,"covered":0,"skipped":0,"pct":100}}
,"D:\\Repositories\\starci-academy-backend\\.claude\\examples\\todo-app-backend\\src\\features\\todo\\graphql\\queries\\audit\\audit-log\\audit-log.module-definition.ts": {"lines":{"total":4,"covered":4,"skipped":0,"pct":100},"functions":{"total":1,"covered":1,"skipped":0,"pct":100},"statements":{"total":5,"covered":5,"skipped":0,"pct":100},"branches":{"total":0,"covered":0,"skipped":0,"pct":100}}
,"D:\\Repositories\\starci-academy-backend\\.claude\\examples\\todo-app-backend\\src\\features\\todo\\graphql\\queries\\audit\\audit-log\\audit-log.module.ts": {"lines":{"total":14,"covered":13,"skipped":0,"pct":92.85},"functions":{"total":1,"covered":1,"skipped":0,"pct":100},"statements":{"total":19,"covered":15,"skipped":0,"pct":78.94},"branches":{"total":22,"covered":8,"skipped":0,"pct":36.36}}
,"D:\\Repositories\\starci-academy-backend\\.claude\\examples\\todo-app-backend\\src\\features\\todo\\graphql\\queries\\audit\\audit-log\\audit-log.resolver.ts": {"lines":{"total":27,"covered":26,"skipped":0,"pct":96.29},"functions":{"total":8,"covered":8,"skipped":0,"pct":100},"statements":{"total":35,"covered":31,"skipped":0,"pct":88.57},"branches":{"total":32,"covered":21,"skipped":0,"pct":65.62}}
,"D:\\Repositories\\starci-academy-backend\\.claude\\examples\\todo-app-backend\\src\\features\\todo\\graphql\\queries\\audit\\audit-log\\graphql-types\\response.ts": {"lines":{"total":21,"covered":20,"skipped":0,"pct":95.23},"functions":{"total":5,"covered":5,"skipped":0,"pct":100},"statements":{"total":27,"covered":23,"skipped":0,"pct":85.18},"branches":{"total":29,"covered":17,"skipped":0,"pct":58.62}}
,"D:\\Repositories\\starci-academy-backend\\.claude\\examples\\todo-app-backend\\src\\features\\todo\\graphql\\queries\\audit\\export-my-data\\export-my-data.module-definition.ts": {"lines":{"total":4,"covered":4,"skipped":0,"pct":100},"functions":{"total":1,"covered":1,"skipped":0,"pct":100},"statements":{"total":5,"covered":5,"skipped":0,"pct":100},"branches":{"total":0,"covered":0,"skipped":0,"pct":100}}
,"D:\\Repositories\\starci-academy-backend\\.claude\\examples\\todo-app-backend\\src\\features\\todo\\graphql\\queries\\audit\\export-my-data\\export-my-data.module.ts": {"lines":{"total":14,"covered":13,"skipped":0,"pct":92.85},"functions":{"total":1,"covered":1,"skipped":0,"pct":100},"statements":{"total":19,"covered":15,"skipped":0,"pct":78.94},"branches":{"total":22,"covered":8,"skipped":0,"pct":36.36}}
,"D:\\Repositories\\starci-academy-backend\\.claude\\examples\\todo-app-backend\\src\\features\\todo\\graphql\\queries\\audit\\export-my-data\\export-my-data.resolver.ts": {"lines":{"total":27,"covered":26,"skipped":0,"pct":96.29},"functions":{"total":8,"covered":8,"skipped":0,"pct":100},"statements":{"total":35,"covered":31,"skipped":0,"pct":88.57},"branches":{"total":32,"covered":21,"skipped":0,"pct":65.62}}
,"D:\\Repositories\\starci-academy-backend\\.claude\\examples\\todo-app-backend\\src\\features\\todo\\graphql\\queries\\audit\\export-my-data\\graphql-types\\response.ts": {"lines":{"total":21,"covered":20,"skipped":0,"pct":95.23},"functions":{"total":5,"covered":5,"skipped":0,"pct":100},"statements":{"total":27,"covered":23,"skipped":0,"pct":85.18},"branches":{"total":29,"covered":17,"skipped":0,"pct":58.62}}
,"D:\\Repositories\\starci-academy-backend\\.claude\\examples\\todo-app-backend\\src\\features\\todo\\graphql\\queries\\notify\\notification-preferences\\notification-preferences.module-definition.ts": {"lines":{"total":4,"covered":4,"skipped":0,"pct":100},"functions":{"total":1,"covered":1,"skipped":0,"pct":100},"statements":{"total":5,"covered":5,"skipped":0,"pct":100},"branches":{"total":0,"covered":0,"skipped":0,"pct":100}}
,"D:\\Repositories\\starci-academy-backend\\.claude\\examples\\todo-app-backend\\src\\features\\todo\\graphql\\queries\\notify\\notification-preferences\\notification-preferences.module.ts": {"lines":{"total":14,"covered":13,"skipped":0,"pct":92.85},"functions":{"total":1,"covered":1,"skipped":0,"pct":100},"statements":{"total":19,"covered":15,"skipped":0,"pct":78.94},"branches":{"total":22,"covered":8,"skipped":0,"pct":36.36}}
,"D:\\Repositories\\starci-academy-backend\\.claude\\examples\\todo-app-backend\\src\\features\\todo\\graphql\\queries\\notify\\notification-preferences\\notification-preferences.resolver.ts": {"lines":{"total":27,"covered":26,"skipped":0,"pct":96.29},"functions":{"total":7,"covered":7,"skipped":0,"pct":100},"statements":{"total":34,"covered":30,"skipped":0,"pct":88.23},"branches":{"total":32,"covered":21,"skipped":0,"pct":65.62}}
,"D:\\Repositories\\starci-academy-backend\\.claude\\examples\\todo-app-backend\\src\\features\\todo\\graphql\\queries\\notify\\notification-preferences\\graphql-types\\response.ts": {"lines":{"total":20,"covered":19,"skipped":0,"pct":95},"functions":{"total":4,"covered":4,"skipped":0,"pct":100},"statements":{"total":26,"covered":22,"skipped":0,"pct":84.61},"branches":{"total":29,"covered":17,"skipped":0,"pct":58.62}}
,"D:\\Repositories\\starci-academy-backend\\.claude\\examples\\todo-app-backend\\src\\features\\todo\\graphql\\queries\\plan\\plan-usage\\plan-usage.module-definition.ts": {"lines":{"total":4,"covered":4,"skipped":0,"pct":100},"functions":{"total":1,"covered":1,"skipped":0,"pct":100},"statements":{"total":5,"covered":5,"skipped":0,"pct":100},"branches":{"total":0,"covered":0,"skipped":0,"pct":100}}
,"D:\\Repositories\\starci-academy-backend\\.claude\\examples\\todo-app-backend\\src\\features\\todo\\graphql\\queries\\plan\\plan-usage\\plan-usage.module.ts": {"lines":{"total":14,"covered":13,"skipped":0,"pct":92.85},"functions":{"total":1,"covered":1,"skipped":0,"pct":100},"statements":{"total":19,"covered":15,"skipped":0,"pct":78.94},"branches":{"total":22,"covered":8,"skipped":0,"pct":36.36}}
,"D:\\Repositories\\starci-academy-backend\\.claude\\examples\\todo-app-backend\\src\\features\\todo\\graphql\\queries\\plan\\plan-usage\\plan-usage.resolver.ts": {"lines":{"total":27,"covered":26,"skipped":0,"pct":96.29},"functions":{"total":7,"covered":7,"skipped":0,"pct":100},"statements":{"total":34,"covered":30,"skipped":0,"pct":88.23},"branches":{"total":32,"covered":21,"skipped":0,"pct":65.62}}
,"D:\\Repositories\\starci-academy-backend\\.claude\\examples\\todo-app-backend\\src\\features\\todo\\graphql\\queries\\plan\\plan-usage\\graphql-types\\response.ts": {"lines":{"total":21,"covered":20,"skipped":0,"pct":95.23},"functions":{"total":5,"covered":5,"skipped":0,"pct":100},"statements":{"total":27,"covered":23,"skipped":0,"pct":85.18},"branches":{"total":29,"covered":17,"skipped":0,"pct":58.62}}
,"D:\\Repositories\\starci-academy-backend\\.claude\\examples\\todo-app-backend\\src\\features\\todo\\graphql\\queries\\recur\\upcoming-occurrences\\upcoming-occurrences.module-definition.ts": {"lines":{"total":4,"covered":4,"skipped":0,"pct":100},"functions":{"total":1,"covered":1,"skipped":0,"pct":100},"statements":{"total":5,"covered":5,"skipped":0,"pct":100},"branches":{"total":0,"covered":0,"skipped":0,"pct":100}}
,"D:\\Repositories\\starci-academy-backend\\.claude\\examples\\todo-app-backend\\src\\features\\todo\\graphql\\queries\\recur\\upcoming-occurrences\\upcoming-occurrences.module.ts": {"lines":{"total":14,"covered":13,"skipped":0,"pct":92.85},"functions":{"total":1,"covered":1,"skipped":0,"pct":100},"statements":{"total":19,"covered":15,"skipped":0,"pct":78.94},"branches":{"total":22,"covered":8,"skipped":0,"pct":36.36}}
,"D:\\Repositories\\starci-academy-backend\\.claude\\examples\\todo-app-backend\\src\\features\\todo\\graphql\\queries\\recur\\upcoming-occurrences\\upcoming-occurrences.resolver.ts": {"lines":{"total":28,"covered":27,"skipped":0,"pct":96.42},"functions":{"total":9,"covered":9,"skipped":0,"pct":100},"statements":{"total":36,"covered":32,"skipped":0,"pct":88.88},"branches":{"total":32,"covered":21,"skipped":0,"pct":65.62}}
,"D:\\Repositories\\starci-academy-backend\\.claude\\examples\\todo-app-backend\\src\\features\\todo\\graphql\\queries\\recur\\upcoming-occurrences\\graphql-types\\response.ts": {"lines":{"total":34,"covered":33,"skipped":0,"pct":97.05},"functions":{"total":8,"covered":8,"skipped":0,"pct":100},"statements":{"total":40,"covered":36,"skipped":0,"pct":90},"branches":{"total":29,"covered":17,"skipped":0,"pct":58.62}}
,"D:\\Repositories\\starci-academy-backend\\.claude\\examples\\todo-app-backend\\src\\features\\todo\\graphql\\queries\\share\\collaborators\\collaborators.module-definition.ts": {"lines":{"total":4,"covered":4,"skipped":0,"pct":100},"functions":{"total":1,"covered":1,"skipped":0,"pct":100},"statements":{"total":5,"covered":5,"skipped":0,"pct":100},"branches":{"total":0,"covered":0,"skipped":0,"pct":100}}
,"D:\\Repositories\\starci-academy-backend\\.claude\\examples\\todo-app-backend\\src\\features\\todo\\graphql\\queries\\share\\collaborators\\collaborators.module.ts": {"lines":{"total":14,"covered":13,"skipped":0,"pct":92.85},"functions":{"total":1,"covered":1,"skipped":0,"pct":100},"statements":{"total":19,"covered":15,"skipped":0,"pct":78.94},"branches":{"total":22,"covered":8,"skipped":0,"pct":36.36}}
,"D:\\Repositories\\starci-academy-backend\\.claude\\examples\\todo-app-backend\\src\\features\\todo\\graphql\\queries\\share\\collaborators\\collaborators.resolver.ts": {"lines":{"total":28,"covered":27,"skipped":0,"pct":96.42},"functions":{"total":9,"covered":9,"skipped":0,"pct":100},"statements":{"total":36,"covered":32,"skipped":0,"pct":88.88},"branches":{"total":32,"covered":21,"skipped":0,"pct":65.62}}
,"D:\\Repositories\\starci-academy-backend\\.claude\\examples\\todo-app-backend\\src\\features\\todo\\graphql\\queries\\share\\collaborators\\graphql-types\\response.ts": {"lines":{"total":22,"covered":21,"skipped":0,"pct":95.45},"functions":{"total":4,"covered":4,"skipped":0,"pct":100},"statements":{"total":28,"covered":24,"skipped":0,"pct":85.71},"branches":{"total":29,"covered":17,"skipped":0,"pct":58.62}}
,"D:\\Repositories\\starci-academy-backend\\.claude\\examples\\todo-app-backend\\src\\features\\todo\\graphql\\queries\\task\\list-tasks\\list-tasks.module-definition.ts": {"lines":{"total":4,"covered":4,"skipped":0,"pct":100},"functions":{"total":1,"covered":1,"skipped":0,"pct":100},"statements":{"total":5,"covered":5,"skipped":0,"pct":100},"branches":{"total":0,"covered":0,"skipped":0,"pct":100}}
,"D:\\Repositories\\starci-academy-backend\\.claude\\examples\\todo-app-backend\\src\\features\\todo\\graphql\\queries\\task\\list-tasks\\list-tasks.module.ts": {"lines":{"total":14,"covered":13,"skipped":0,"pct":92.85},"functions":{"total":1,"covered":1,"skipped":0,"pct":100},"statements":{"total":19,"covered":15,"skipped":0,"pct":78.94},"branches":{"total":22,"covered":8,"skipped":0,"pct":36.36}}
,"D:\\Repositories\\starci-academy-backend\\.claude\\examples\\todo-app-backend\\src\\features\\todo\\graphql\\queries\\task\\list-tasks\\list-tasks.resolver.ts": {"lines":{"total":27,"covered":26,"skipped":0,"pct":96.29},"functions":{"total":8,"covered":8,"skipped":0,"pct":100},"statements":{"total":35,"covered":31,"skipped":0,"pct":88.57},"branches":{"total":32,"covered":21,"skipped":0,"pct":65.62}}
,"D:\\Repositories\\starci-academy-backend\\.claude\\examples\\todo-app-backend\\src\\features\\todo\\graphql\\queries\\task\\list-tasks\\graphql-types\\response.ts": {"lines":{"total":20,"covered":19,"skipped":0,"pct":95},"functions":{"total":4,"covered":4,"skipped":0,"pct":100},"statements":{"total":26,"covered":22,"skipped":0,"pct":84.61},"branches":{"total":29,"covered":17,"skipped":0,"pct":58.62}}
,"D:\\Repositories\\starci-academy-backend\\.claude\\examples\\todo-app-backend\\src\\features\\todo\\graphql\\queries\\task\\task-counts\\task-counts.module-definition.ts": {"lines":{"total":4,"covered":4,"skipped":0,"pct":100},"functions":{"total":1,"covered":1,"skipped":0,"pct":100},"statements":{"total":5,"covered":5,"skipped":0,"pct":100},"branches":{"total":0,"covered":0,"skipped":0,"pct":100}}
,"D:\\Repositories\\starci-academy-backend\\.claude\\examples\\todo-app-backend\\src\\features\\todo\\graphql\\queries\\task\\task-counts\\task-counts.module.ts": {"lines":{"total":14,"covered":13,"skipped":0,"pct":92.85},"functions":{"total":1,"covered":1,"skipped":0,"pct":100},"statements":{"total":19,"covered":15,"skipped":0,"pct":78.94},"branches":{"total":22,"covered":8,"skipped":0,"pct":36.36}}
,"D:\\Repositories\\starci-academy-backend\\.claude\\examples\\todo-app-backend\\src\\features\\todo\\graphql\\queries\\task\\task-counts\\task-counts.resolver.ts": {"lines":{"total":27,"covered":26,"skipped":0,"pct":96.29},"functions":{"total":7,"covered":7,"skipped":0,"pct":100},"statements":{"total":34,"covered":30,"skipped":0,"pct":88.23},"branches":{"total":32,"covered":21,"skipped":0,"pct":65.62}}
,"D:\\Repositories\\starci-academy-backend\\.claude\\examples\\todo-app-backend\\src\\features\\todo\\graphql\\queries\\task\\task-counts\\graphql-types\\response.ts": {"lines":{"total":19,"covered":18,"skipped":0,"pct":94.73},"functions":{"total":5,"covered":5,"skipped":0,"pct":100},"statements":{"total":25,"covered":21,"skipped":0,"pct":84},"branches":{"total":29,"covered":17,"skipped":0,"pct":58.62}}
,"D:\\Repositories\\starci-academy-backend\\.claude\\examples\\todo-app-backend\\src\\features\\todo\\http\\health\\health.controller.ts": {"lines":{"total":20,"covered":0,"skipped":0,"pct":0},"functions":{"total":4,"covered":0,"skipped":0,"pct":0},"statements":{"total":26,"covered":0,"skipped":0,"pct":0},"branches":{"total":29,"covered":0,"skipped":0,"pct":0}}
,"D:\\Repositories\\starci-academy-backend\\.claude\\examples\\todo-app-backend\\src\\features\\todo\\http\\health\\health.module-definition.ts": {"lines":{"total":4,"covered":0,"skipped":0,"pct":0},"functions":{"total":1,"covered":0,"skipped":0,"pct":0},"statements":{"total":5,"covered":0,"skipped":0,"pct":0},"branches":{"total":0,"covered":0,"skipped":0,"pct":100}}
,"D:\\Repositories\\starci-academy-backend\\.claude\\examples\\todo-app-backend\\src\\features\\todo\\http\\health\\health.module.ts": {"lines":{"total":16,"covered":0,"skipped":0,"pct":0},"functions":{"total":2,"covered":0,"skipped":0,"pct":0},"statements":{"total":21,"covered":0,"skipped":0,"pct":0},"branches":{"total":23,"covered":0,"skipped":0,"pct":0}}
,"D:\\Repositories\\starci-academy-backend\\.claude\\examples\\todo-app-backend\\src\\features\\todo\\http\\webhooks\\sepay\\sepay-webhook.controller.ts": {"lines":{"total":28,"covered":0,"skipped":0,"pct":0},"functions":{"total":6,"covered":0,"skipped":0,"pct":0},"statements":{"total":35,"covered":0,"skipped":0,"pct":0},"branches":{"total":36,"covered":0,"skipped":0,"pct":0}}
,"D:\\Repositories\\starci-academy-backend\\.claude\\examples\\todo-app-backend\\src\\features\\todo\\http\\webhooks\\sepay\\sepay-webhook.module-definition.ts": {"lines":{"total":4,"covered":0,"skipped":0,"pct":0},"functions":{"total":1,"covered":0,"skipped":0,"pct":0},"statements":{"total":5,"covered":0,"skipped":0,"pct":0},"branches":{"total":0,"covered":0,"skipped":0,"pct":100}}
,"D:\\Repositories\\starci-academy-backend\\.claude\\examples\\todo-app-backend\\src\\features\\todo\\http\\webhooks\\sepay\\sepay-webhook.module.ts": {"lines":{"total":17,"covered":0,"skipped":0,"pct":0},"functions":{"total":2,"covered":0,"skipped":0,"pct":0},"statements":{"total":22,"covered":0,"skipped":0,"pct":0},"branches":{"total":23,"covered":0,"skipped":0,"pct":0}}
,"D:\\Repositories\\starci-academy-backend\\.claude\\examples\\todo-app-backend\\src\\modules\\bussiness\\audit\\append-log-line.command.ts": {"lines":{"total":4,"covered":4,"skipped":0,"pct":100},"functions":{"total":1,"covered":1,"skipped":0,"pct":100},"statements":{"total":4,"covered":4,"skipped":0,"pct":100},"branches":{"total":0,"covered":0,"skipped":0,"pct":100}}
,"D:\\Repositories\\starci-academy-backend\\.claude\\examples\\todo-app-backend\\src\\modules\\bussiness\\audit\\append-log-line.handler.ts": {"lines":{"total":20,"covered":19,"skipped":0,"pct":95},"functions":{"total":4,"covered":4,"skipped":0,"pct":100},"statements":{"total":26,"covered":22,"skipped":0,"pct":84.61},"branches":{"total":31,"covered":16,"skipped":0,"pct":51.61}}
,"D:\\Repositories\\starci-academy-backend\\.claude\\examples\\todo-app-backend\\src\\modules\\bussiness\\audit\\audit-erasure.service.ts": {"lines":{"total":75,"covered":72,"skipped":0,"pct":96},"functions":{"total":15,"covered":15,"skipped":0,"pct":100},"statements":{"total":82,"covered":76,"skipped":0,"pct":92.68},"branches":{"total":52,"covered":33,"skipped":0,"pct":63.46}}
,"D:\\Repositories\\starci-academy-backend\\.claude\\examples\\todo-app-backend\\src\\modules\\bussiness\\audit\\audit-event.subscriber.ts": {"lines":{"total":48,"covered":46,"skipped":0,"pct":95.83},"functions":{"total":7,"covered":7,"skipped":0,"pct":100},"statements":{"total":54,"covered":49,"skipped":0,"pct":90.74},"branches":{"total":43,"covered":26,"skipped":0,"pct":60.46}}
,"D:\\Repositories\\starci-academy-backend\\.claude\\examples\\todo-app-backend\\src\\modules\\bussiness\\audit\\audit-keystore.service.ts": {"lines":{"total":47,"covered":46,"skipped":0,"pct":97.87},"functions":{"total":11,"covered":11,"skipped":0,"pct":100},"statements":{"total":54,"covered":50,"skipped":0,"pct":92.59},"branches":{"total":43,"covered":28,"skipped":0,"pct":65.11}}
,"D:\\Repositories\\starci-academy-backend\\.claude\\examples\\todo-app-backend\\src\\modules\\bussiness\\audit\\audit-log.handler.ts": {"lines":{"total":27,"covered":26,"skipped":0,"pct":96.29},"functions":{"total":5,"covered":5,"skipped":0,"pct":100},"statements":{"total":34,"covered":30,"skipped":0,"pct":88.23},"branches":{"total":33,"covered":18,"skipped":0,"pct":54.54}}
,"D:\\Repositories\\starci-academy-backend\\.claude\\examples\\todo-app-backend\\src\\modules\\bussiness\\audit\\audit-log.query.ts": {"lines":{"total":9,"covered":9,"skipped":0,"pct":100},"functions":{"total":2,"covered":2,"skipped":0,"pct":100},"statements":{"total":9,"covered":9,"skipped":0,"pct":100},"branches":{"total":2,"covered":2,"skipped":0,"pct":100}}
,"D:\\Repositories\\starci-academy-backend\\.claude\\examples\\todo-app-backend\\src\\modules\\bussiness\\audit\\audit-log.service.ts": {"lines":{"total":62,"covered":60,"skipped":0,"pct":96.77},"functions":{"total":17,"covered":17,"skipped":0,"pct":100},"statements":{"total":74,"covered":69,"skipped":0,"pct":93.24},"branches":{"total":49,"covered":32,"skipped":0,"pct":65.3}}
,"D:\\Repositories\\starci-academy-backend\\.claude\\examples\\todo-app-backend\\src\\modules\\bussiness\\audit\\audit-operator-read.ts": {"lines":{"total":14,"covered":14,"skipped":0,"pct":100},"functions":{"total":5,"covered":5,"skipped":0,"pct":100},"statements":{"total":15,"covered":15,"skipped":0,"pct":100},"branches":{"total":8,"covered":8,"skipped":0,"pct":100}}
,"D:\\Repositories\\starci-academy-backend\\.claude\\examples\\todo-app-backend\\src\\modules\\bussiness\\audit\\audit-operator-role.guard.ts": {"lines":{"total":5,"covered":5,"skipped":0,"pct":100},"functions":{"total":1,"covered":1,"skipped":0,"pct":100},"statements":{"total":5,"covered":5,"skipped":0,"pct":100},"branches":{"total":1,"covered":0,"skipped":0,"pct":0}}
,"D:\\Repositories\\starci-academy-backend\\.claude\\examples\\todo-app-backend\\src\\modules\\bussiness\\audit\\audit-operator.guard.ts": {"lines":{"total":21,"covered":20,"skipped":0,"pct":95.23},"functions":{"total":6,"covered":4,"skipped":0,"pct":66.66},"statements":{"total":28,"covered":22,"skipped":0,"pct":78.57},"branches":{"total":24,"covered":10,"skipped":0,"pct":41.66}}
,"D:\\Repositories\\starci-academy-backend\\.claude\\examples\\todo-app-backend\\src\\modules\\bussiness\\audit\\audit-operator.service.ts": {"lines":{"total":22,"covered":21,"skipped":0,"pct":95.45},"functions":{"total":9,"covered":9,"skipped":0,"pct":100},"statements":{"total":29,"covered":25,"skipped":0,"pct":86.2},"branches":{"total":38,"covered":23,"skipped":0,"pct":60.52}}
,"D:\\Repositories\\starci-academy-backend\\.claude\\examples\\todo-app-backend\\src\\modules\\bussiness\\audit\\audit.module-definition.ts": {"lines":{"total":4,"covered":4,"skipped":0,"pct":100},"functions":{"total":1,"covered":0,"skipped":0,"pct":0},"statements":{"total":5,"covered":4,"skipped":0,"pct":80},"branches":{"total":0,"covered":0,"skipped":0,"pct":100}}
,"D:\\Repositories\\starci-academy-backend\\.claude\\examples\\todo-app-backend\\src\\modules\\bussiness\\audit\\audit.module.ts": {"lines":{"total":26,"covered":23,"skipped":0,"pct":88.46},"functions":{"total":2,"covered":1,"skipped":0,"pct":50},"statements":{"total":31,"covered":25,"skipped":0,"pct":80.64},"branches":{"total":25,"covered":8,"skipped":0,"pct":32}}
,"D:\\Repositories\\starci-academy-backend\\.claude\\examples\\todo-app-backend\\src\\modules\\bussiness\\audit\\complete-erasure.command.ts": {"lines":{"total":4,"covered":4,"skipped":0,"pct":100},"functions":{"total":1,"covered":1,"skipped":0,"pct":100},"statements":{"total":4,"covered":4,"skipped":0,"pct":100},"branches":{"total":0,"covered":0,"skipped":0,"pct":100}}
,"D:\\Repositories\\starci-academy-backend\\.claude\\examples\\todo-app-backend\\src\\modules\\bussiness\\audit\\complete-erasure.handler.ts": {"lines":{"total":20,"covered":19,"skipped":0,"pct":95},"functions":{"total":4,"covered":4,"skipped":0,"pct":100},"statements":{"total":26,"covered":22,"skipped":0,"pct":84.61},"branches":{"total":29,"covered":14,"skipped":0,"pct":48.27}}
,"D:\\Repositories\\starci-academy-backend\\.claude\\examples\\todo-app-backend\\src\\modules\\bussiness\\audit\\export-my-data.handler.ts": {"lines":{"total":20,"covered":19,"skipped":0,"pct":95},"functions":{"total":5,"covered":5,"skipped":0,"pct":100},"statements":{"total":27,"covered":23,"skipped":0,"pct":85.18},"branches":{"total":29,"covered":14,"skipped":0,"pct":48.27}}
,"D:\\Repositories\\starci-academy-backend\\.claude\\examples\\todo-app-backend\\src\\modules\\bussiness\\audit\\export-my-data.query.ts": {"lines":{"total":4,"covered":4,"skipped":0,"pct":100},"functions":{"total":1,"covered":1,"skipped":0,"pct":100},"statements":{"total":4,"covered":4,"skipped":0,"pct":100},"branches":{"total":0,"covered":0,"skipped":0,"pct":100}}
,"D:\\Repositories\\starci-academy-backend\\.claude\\examples\\todo-app-backend\\src\\modules\\bussiness\\audit\\index.ts": {"lines":{"total":54,"covered":54,"skipped":0,"pct":100},"functions":{"total":30,"covered":5,"skipped":0,"pct":16.66},"statements":{"total":84,"covered":59,"skipped":0,"pct":70.23},"branches":{"total":0,"covered":0,"skipped":0,"pct":100}}
,"D:\\Repositories\\starci-academy-backend\\.claude\\examples\\todo-app-backend\\src\\modules\\bussiness\\audit\\request-erasure.command.ts": {"lines":{"total":4,"covered":4,"skipped":0,"pct":100},"functions":{"total":1,"covered":1,"skipped":0,"pct":100},"statements":{"total":4,"covered":4,"skipped":0,"pct":100},"branches":{"total":0,"covered":0,"skipped":0,"pct":100}}
,"D:\\Repositories\\starci-academy-backend\\.claude\\examples\\todo-app-backend\\src\\modules\\bussiness\\audit\\request-erasure.handler.ts": {"lines":{"total":19,"covered":18,"skipped":0,"pct":94.73},"functions":{"total":4,"covered":4,"skipped":0,"pct":100},"statements":{"total":25,"covered":21,"skipped":0,"pct":84},"branches":{"total":29,"covered":14,"skipped":0,"pct":48.27}}
,"D:\\Repositories\\starci-academy-backend\\.claude\\examples\\todo-app-backend\\src\\modules\\bussiness\\audit\\testing\\fake-audit-entity-manager.ts": {"lines":{"total":42,"covered":42,"skipped":0,"pct":100},"functions":{"total":14,"covered":14,"skipped":0,"pct":100},"statements":{"total":48,"covered":48,"skipped":0,"pct":100},"branches":{"total":21,"covered":21,"skipped":0,"pct":100}}
,"D:\\Repositories\\starci-academy-backend\\.claude\\examples\\todo-app-backend\\src\\modules\\bussiness\\audit\\types\\audit-erasure-request-record.ts": {"lines":{"total":11,"covered":11,"skipped":0,"pct":100},"functions":{"total":1,"covered":1,"skipped":0,"pct":100},"statements":{"total":11,"covered":11,"skipped":0,"pct":100},"branches":{"total":0,"covered":0,"skipped":0,"pct":100}}
,"D:\\Repositories\\starci-academy-backend\\.claude\\examples\\todo-app-backend\\src\\modules\\bussiness\\audit\\types\\audit-log-line-record.ts": {"lines":{"total":9,"covered":9,"skipped":0,"pct":100},"functions":{"total":1,"covered":1,"skipped":0,"pct":100},"statements":{"total":9,"covered":9,"skipped":0,"pct":100},"branches":{"total":0,"covered":0,"skipped":0,"pct":100}}
,"D:\\Repositories\\starci-academy-backend\\.claude\\examples\\todo-app-backend\\src\\modules\\bussiness\\audit\\types\\resolved-audit-line.ts": {"lines":{"total":1,"covered":0,"skipped":0,"pct":0},"functions":{"total":0,"covered":0,"skipped":0,"pct":100},"statements":{"total":1,"covered":0,"skipped":0,"pct":0},"branches":{"total":0,"covered":0,"skipped":0,"pct":100}}
,"D:\\Repositories\\starci-academy-backend\\.claude\\examples\\todo-app-backend\\src\\modules\\bussiness\\notify\\dedupe.service.ts": {"lines":{"total":37,"covered":36,"skipped":0,"pct":97.29},"functions":{"total":12,"covered":12,"skipped":0,"pct":100},"statements":{"total":45,"covered":41,"skipped":0,"pct":91.11},"branches":{"total":40,"covered":24,"skipped":0,"pct":60}}
,"D:\\Repositories\\starci-academy-backend\\.claude\\examples\\todo-app-backend\\src\\modules\\bussiness\\notify\\delivery.service.ts": {"lines":{"total":78,"covered":75,"skipped":0,"pct":96.15},"functions":{"total":11,"covered":11,"skipped":0,"pct":100},"statements":{"total":87,"covered":81,"skipped":0,"pct":93.1},"branches":{"total":50,"covered":31,"skipped":0,"pct":62}}
,"D:\\Repositories\\starci-academy-backend\\.claude\\examples\\todo-app-backend\\src\\modules\\bussiness\\notify\\digest.service.ts": {"lines":{"total":35,"covered":32,"skipped":0,"pct":91.42},"functions":{"total":8,"covered":7,"skipped":0,"pct":87.5},"statements":{"total":42,"covered":36,"skipped":0,"pct":85.71},"branches":{"total":44,"covered":27,"skipped":0,"pct":61.36}}
,"D:\\Repositories\\starci-academy-backend\\.claude\\examples\\todo-app-backend\\src\\modules\\bussiness\\notify\\index.ts": {"lines":{"total":14,"covered":14,"skipped":0,"pct":100},"functions":{"total":6,"covered":3,"skipped":0,"pct":50},"statements":{"total":20,"covered":17,"skipped":0,"pct":85},"branches":{"total":0,"covered":0,"skipped":0,"pct":100}}
,"D:\\Repositories\\starci-academy-backend\\.claude\\examples\\todo-app-backend\\src\\modules\\bussiness\\notify\\notification-preferences.handler.ts": {"lines":{"total":19,"covered":18,"skipped":0,"pct":94.73},"functions":{"total":4,"covered":4,"skipped":0,"pct":100},"statements":{"total":25,"covered":21,"skipped":0,"pct":84},"branches":{"total":29,"covered":14,"skipped":0,"pct":48.27}}
,"D:\\Repositories\\starci-academy-backend\\.claude\\examples\\todo-app-backend\\src\\modules\\bussiness\\notify\\notification-preferences.query.ts": {"lines":{"total":4,"covered":4,"skipped":0,"pct":100},"functions":{"total":1,"covered":1,"skipped":0,"pct":100},"statements":{"total":4,"covered":4,"skipped":0,"pct":100},"branches":{"total":0,"covered":0,"skipped":0,"pct":100}}
,"D:\\Repositories\\starci-academy-backend\\.claude\\examples\\todo-app-backend\\src\\modules\\bussiness\\notify\\notify-event.subscriber.ts": {"lines":{"total":26,"covered":25,"skipped":0,"pct":96.15},"functions":{"total":8,"covered":8,"skipped":0,"pct":100},"statements":{"total":32,"covered":28,"skipped":0,"pct":87.5},"branches":{"total":33,"covered":17,"skipped":0,"pct":51.51}}
,"D:\\Repositories\\starci-academy-backend\\.claude\\examples\\todo-app-backend\\src\\modules\\bussiness\\notify\\notify.module-definition.ts": {"lines":{"total":4,"covered":4,"skipped":0,"pct":100},"functions":{"total":1,"covered":0,"skipped":0,"pct":0},"statements":{"total":5,"covered":4,"skipped":0,"pct":80},"branches":{"total":0,"covered":0,"skipped":0,"pct":100}}
,"D:\\Repositories\\starci-academy-backend\\.claude\\examples\\todo-app-backend\\src\\modules\\bussiness\\notify\\notify.module.ts": {"lines":{"total":27,"covered":24,"skipped":0,"pct":88.88},"functions":{"total":2,"covered":1,"skipped":0,"pct":50},"statements":{"total":32,"covered":26,"skipped":0,"pct":81.25},"branches":{"total":25,"covered":8,"skipped":0,"pct":32}}
,"D:\\Repositories\\starci-academy-backend\\.claude\\examples\\todo-app-backend\\src\\modules\\bussiness\\notify\\notify.scheduler.ts": {"lines":{"total":21,"covered":20,"skipped":0,"pct":95.23},"functions":{"total":6,"covered":6,"skipped":0,"pct":100},"statements":{"total":27,"covered":23,"skipped":0,"pct":85.18},"branches":{"total":31,"covered":16,"skipped":0,"pct":51.61}}
,"D:\\Repositories\\starci-academy-backend\\.claude\\examples\\todo-app-backend\\src\\modules\\bussiness\\notify\\notify.service.ts": {"lines":{"total":64,"covered":60,"skipped":0,"pct":93.75},"functions":{"total":11,"covered":11,"skipped":0,"pct":100},"statements":{"total":71,"covered":64,"skipped":0,"pct":90.14},"branches":{"total":57,"covered":34,"skipped":0,"pct":59.64}}
,"D:\\Repositories\\starci-academy-backend\\.claude\\examples\\todo-app-backend\\src\\modules\\bussiness\\notify\\preferences.service.ts": {"lines":{"total":29,"covered":28,"skipped":0,"pct":96.55},"functions":{"total":11,"covered":11,"skipped":0,"pct":100},"statements":{"total":36,"covered":32,"skipped":0,"pct":88.88},"branches":{"total":38,"covered":23,"skipped":0,"pct":60.52}}
,"D:\\Repositories\\starci-academy-backend\\.claude\\examples\\todo-app-backend\\src\\modules\\bussiness\\notify\\unsubscribe.command.ts": {"lines":{"total":4,"covered":4,"skipped":0,"pct":100},"functions":{"total":1,"covered":1,"skipped":0,"pct":100},"statements":{"total":4,"covered":4,"skipped":0,"pct":100},"branches":{"total":0,"covered":0,"skipped":0,"pct":100}}
,"D:\\Repositories\\starci-academy-backend\\.claude\\examples\\todo-app-backend\\src\\modules\\bussiness\\notify\\unsubscribe.handler.ts": {"lines":{"total":20,"covered":19,"skipped":0,"pct":95},"functions":{"total":4,"covered":4,"skipped":0,"pct":100},"statements":{"total":26,"covered":22,"skipped":0,"pct":84.61},"branches":{"total":29,"covered":14,"skipped":0,"pct":48.27}}
,"D:\\Repositories\\starci-academy-backend\\.claude\\examples\\todo-app-backend\\src\\modules\\bussiness\\notify\\update-notification-preferences.command.ts": {"lines":{"total":4,"covered":4,"skipped":0,"pct":100},"functions":{"total":1,"covered":1,"skipped":0,"pct":100},"statements":{"total":4,"covered":4,"skipped":0,"pct":100},"branches":{"total":0,"covered":0,"skipped":0,"pct":100}}
,"D:\\Repositories\\starci-academy-backend\\.claude\\examples\\todo-app-backend\\src\\modules\\bussiness\\notify\\update-notification-preferences.handler.ts": {"lines":{"total":20,"covered":19,"skipped":0,"pct":95},"functions":{"total":4,"covered":4,"skipped":0,"pct":100},"statements":{"total":26,"covered":22,"skipped":0,"pct":84.61},"branches":{"total":29,"covered":14,"skipped":0,"pct":48.27}}
,"D:\\Repositories\\starci-academy-backend\\.claude\\examples\\todo-app-backend\\src\\modules\\bussiness\\notify\\testing\\fake-notify-entity-manager.ts": {"lines":{"total":34,"covered":32,"skipped":0,"pct":94.11},"functions":{"total":11,"covered":10,"skipped":0,"pct":90.9},"statements":{"total":35,"covered":33,"skipped":0,"pct":94.28},"branches":{"total":19,"covered":17,"skipped":0,"pct":89.47}}
,"D:\\Repositories\\starci-academy-backend\\.claude\\examples\\todo-app-backend\\src\\modules\\bussiness\\notify\\types\\delivery-attempt-record.ts": {"lines":{"total":10,"covered":10,"skipped":0,"pct":100},"functions":{"total":1,"covered":1,"skipped":0,"pct":100},"statements":{"total":10,"covered":10,"skipped":0,"pct":100},"branches":{"total":0,"covered":0,"skipped":0,"pct":100}}
,"D:\\Repositories\\starci-academy-backend\\.claude\\examples\\todo-app-backend\\src\\modules\\bussiness\\notify\\types\\digest-window-record.ts": {"lines":{"total":9,"covered":3,"skipped":0,"pct":33.33},"functions":{"total":1,"covered":0,"skipped":0,"pct":0},"statements":{"total":9,"covered":3,"skipped":0,"pct":33.33},"branches":{"total":0,"covered":0,"skipped":0,"pct":100}}
,"D:\\Repositories\\starci-academy-backend\\.claude\\examples\\todo-app-backend\\src\\modules\\bussiness\\notify\\types\\notification-record.ts": {"lines":{"total":9,"covered":9,"skipped":0,"pct":100},"functions":{"total":1,"covered":1,"skipped":0,"pct":100},"statements":{"total":9,"covered":9,"skipped":0,"pct":100},"branches":{"total":0,"covered":0,"skipped":0,"pct":100}}
,"D:\\Repositories\\starci-academy-backend\\.claude\\examples\\todo-app-backend\\src\\modules\\bussiness\\notify\\types\\preference-record.ts": {"lines":{"total":7,"covered":7,"skipped":0,"pct":100},"functions":{"total":1,"covered":1,"skipped":0,"pct":100},"statements":{"total":7,"covered":7,"skipped":0,"pct":100},"branches":{"total":0,"covered":0,"skipped":0,"pct":100}}
,"D:\\Repositories\\starci-academy-backend\\.claude\\examples\\todo-app-backend\\src\\modules\\bussiness\\plan\\cap-guard.policy.ts": {"lines":{"total":27,"covered":26,"skipped":0,"pct":96.29},"functions":{"total":5,"covered":5,"skipped":0,"pct":100},"statements":{"total":34,"covered":30,"skipped":0,"pct":88.23},"branches":{"total":33,"covered":18,"skipped":0,"pct":54.54}}
,"D:\\Repositories\\starci-academy-backend\\.claude\\examples\\todo-app-backend\\src\\modules\\bussiness\\plan\\confirm-payment.command.ts": {"lines":{"total":4,"covered":4,"skipped":0,"pct":100},"functions":{"total":1,"covered":1,"skipped":0,"pct":100},"statements":{"total":4,"covered":4,"skipped":0,"pct":100},"branches":{"total":0,"covered":0,"skipped":0,"pct":100}}
,"D:\\Repositories\\starci-academy-backend\\.claude\\examples\\todo-app-backend\\src\\modules\\bussiness\\plan\\confirm-payment.handler.ts": {"lines":{"total":41,"covered":40,"skipped":0,"pct":97.56},"functions":{"total":6,"covered":6,"skipped":0,"pct":100},"statements":{"total":47,"covered":43,"skipped":0,"pct":91.48},"branches":{"total":41,"covered":26,"skipped":0,"pct":63.41}}
,"D:\\Repositories\\starci-academy-backend\\.claude\\examples\\todo-app-backend\\src\\modules\\bussiness\\plan\\downgrade-plan.command.ts": {"lines":{"total":4,"covered":4,"skipped":0,"pct":100},"functions":{"total":1,"covered":1,"skipped":0,"pct":100},"statements":{"total":4,"covered":4,"skipped":0,"pct":100},"branches":{"total":0,"covered":0,"skipped":0,"pct":100}}
,"D:\\Repositories\\starci-academy-backend\\.claude\\examples\\todo-app-backend\\src\\modules\\bussiness\\plan\\downgrade-plan.handler.ts": {"lines":{"total":19,"covered":18,"skipped":0,"pct":94.73},"functions":{"total":4,"covered":4,"skipped":0,"pct":100},"statements":{"total":25,"covered":21,"skipped":0,"pct":84},"branches":{"total":29,"covered":14,"skipped":0,"pct":48.27}}
,"D:\\Repositories\\starci-academy-backend\\.claude\\examples\\todo-app-backend\\src\\modules\\bussiness\\plan\\index.ts": {"lines":{"total":46,"covered":46,"skipped":0,"pct":100},"functions":{"total":26,"covered":4,"skipped":0,"pct":15.38},"statements":{"total":72,"covered":50,"skipped":0,"pct":69.44},"branches":{"total":0,"covered":0,"skipped":0,"pct":100}}
,"D:\\Repositories\\starci-academy-backend\\.claude\\examples\\todo-app-backend\\src\\modules\\bussiness\\plan\\payment.service.ts": {"lines":{"total":43,"covered":41,"skipped":0,"pct":95.34},"functions":{"total":12,"covered":12,"skipped":0,"pct":100},"statements":{"total":50,"covered":45,"skipped":0,"pct":90},"branches":{"total":40,"covered":24,"skipped":0,"pct":60}}
,"D:\\Repositories\\starci-academy-backend\\.claude\\examples\\todo-app-backend\\src\\modules\\bussiness\\plan\\plan-usage.handler.ts": {"lines":{"total":24,"covered":23,"skipped":0,"pct":95.83},"functions":{"total":5,"covered":5,"skipped":0,"pct":100},"statements":{"total":31,"covered":27,"skipped":0,"pct":87.09},"branches":{"total":31,"covered":16,"skipped":0,"pct":51.61}}
,"D:\\Repositories\\starci-academy-backend\\.claude\\examples\\todo-app-backend\\src\\modules\\bussiness\\plan\\plan-usage.query.ts": {"lines":{"total":4,"covered":4,"skipped":0,"pct":100},"functions":{"total":1,"covered":1,"skipped":0,"pct":100},"statements":{"total":4,"covered":4,"skipped":0,"pct":100},"branches":{"total":0,"covered":0,"skipped":0,"pct":100}}
,"D:\\Repositories\\starci-academy-backend\\.claude\\examples\\todo-app-backend\\src\\modules\\bussiness\\plan\\plan.module-definition.ts": {"lines":{"total":4,"covered":4,"skipped":0,"pct":100},"functions":{"total":1,"covered":0,"skipped":0,"pct":0},"statements":{"total":5,"covered":4,"skipped":0,"pct":80},"branches":{"total":0,"covered":0,"skipped":0,"pct":100}}
,"D:\\Repositories\\starci-academy-backend\\.claude\\examples\\todo-app-backend\\src\\modules\\bussiness\\plan\\plan.module.ts": {"lines":{"total":31,"covered":24,"skipped":0,"pct":77.41},"functions":{"total":5,"covered":2,"skipped":0,"pct":40},"statements":{"total":37,"covered":27,"skipped":0,"pct":72.97},"branches":{"total":32,"covered":14,"skipped":0,"pct":43.75}}
,"D:\\Repositories\\starci-academy-backend\\.claude\\examples\\todo-app-backend\\src\\modules\\bussiness\\plan\\reconcile-payment.command.ts": {"lines":{"total":4,"covered":4,"skipped":0,"pct":100},"functions":{"total":1,"covered":1,"skipped":0,"pct":100},"statements":{"total":4,"covered":4,"skipped":0,"pct":100},"branches":{"total":0,"covered":0,"skipped":0,"pct":100}}
,"D:\\Repositories\\starci-academy-backend\\.claude\\examples\\todo-app-backend\\src\\modules\\bussiness\\plan\\reconcile-payment.handler.ts": {"lines":{"total":37,"covered":36,"skipped":0,"pct":97.29},"functions":{"total":4,"covered":4,"skipped":0,"pct":100},"statements":{"total":43,"covered":39,"skipped":0,"pct":90.69},"branches":{"total":37,"covered":22,"skipped":0,"pct":59.45}}
,"D:\\Repositories\\starci-academy-backend\\.claude\\examples\\todo-app-backend\\src\\modules\\bussiness\\plan\\subscription.service.ts": {"lines":{"total":66,"covered":64,"skipped":0,"pct":96.96},"functions":{"total":18,"covered":18,"skipped":0,"pct":100},"statements":{"total":73,"covered":68,"skipped":0,"pct":93.15},"branches":{"total":44,"covered":28,"skipped":0,"pct":63.63}}
,"D:\\Repositories\\starci-academy-backend\\.claude\\examples\\todo-app-backend\\src\\modules\\bussiness\\plan\\upgrade-plan.command.ts": {"lines":{"total":4,"covered":4,"skipped":0,"pct":100},"functions":{"total":1,"covered":1,"skipped":0,"pct":100},"statements":{"total":4,"covered":4,"skipped":0,"pct":100},"branches":{"total":0,"covered":0,"skipped":0,"pct":100}}
,"D:\\Repositories\\starci-academy-backend\\.claude\\examples\\todo-app-backend\\src\\modules\\bussiness\\plan\\upgrade-plan.handler.ts": {"lines":{"total":31,"covered":30,"skipped":0,"pct":96.77},"functions":{"total":4,"covered":4,"skipped":0,"pct":100},"statements":{"total":37,"covered":33,"skipped":0,"pct":89.18},"branches":{"total":29,"covered":14,"skipped":0,"pct":48.27}}
,"D:\\Repositories\\starci-academy-backend\\.claude\\examples\\todo-app-backend\\src\\modules\\bussiness\\plan\\testing\\fake-plan-entity-manager.ts": {"lines":{"total":24,"covered":23,"skipped":0,"pct":95.83},"functions":{"total":9,"covered":8,"skipped":0,"pct":88.88},"statements":{"total":26,"covered":25,"skipped":0,"pct":96.15},"branches":{"total":10,"covered":9,"skipped":0,"pct":90}}
,"D:\\Repositories\\starci-academy-backend\\.claude\\examples\\todo-app-backend\\src\\modules\\bussiness\\plan\\types\\payment-intent-record.ts": {"lines":{"total":11,"covered":11,"skipped":0,"pct":100},"functions":{"total":1,"covered":1,"skipped":0,"pct":100},"statements":{"total":11,"covered":11,"skipped":0,"pct":100},"branches":{"total":0,"covered":0,"skipped":0,"pct":100}}
,"D:\\Repositories\\starci-academy-backend\\.claude\\examples\\todo-app-backend\\src\\modules\\bussiness\\plan\\types\\plan-catalog.ts": {"lines":{"total":8,"covered":8,"skipped":0,"pct":100},"functions":{"total":2,"covered":0,"skipped":0,"pct":0},"statements":{"total":10,"covered":8,"skipped":0,"pct":80},"branches":{"total":2,"covered":0,"skipped":0,"pct":0}}
,"D:\\Repositories\\starci-academy-backend\\.claude\\examples\\todo-app-backend\\src\\modules\\bussiness\\plan\\types\\subscription-record.ts": {"lines":{"total":9,"covered":9,"skipped":0,"pct":100},"functions":{"total":1,"covered":1,"skipped":0,"pct":100},"statements":{"total":9,"covered":9,"skipped":0,"pct":100},"branches":{"total":0,"covered":0,"skipped":0,"pct":100}}
,"D:\\Repositories\\starci-academy-backend\\.claude\\examples\\todo-app-backend\\src\\modules\\bussiness\\recur\\calendar.util.ts": {"lines":{"total":44,"covered":42,"skipped":0,"pct":95.45},"functions":{"total":8,"covered":8,"skipped":0,"pct":100},"statements":{"total":44,"covered":42,"skipped":0,"pct":95.45},"branches":{"total":20,"covered":16,"skipped":0,"pct":80}}
,"D:\\Repositories\\starci-academy-backend\\.claude\\examples\\todo-app-backend\\src\\modules\\bussiness\\recur\\complete-occurrence.command.ts": {"lines":{"total":4,"covered":4,"skipped":0,"pct":100},"functions":{"total":1,"covered":1,"skipped":0,"pct":100},"statements":{"total":4,"covered":4,"skipped":0,"pct":100},"branches":{"total":0,"covered":0,"skipped":0,"pct":100}}
,"D:\\Repositories\\starci-academy-backend\\.claude\\examples\\todo-app-backend\\src\\modules\\bussiness\\recur\\complete-occurrence.handler.ts": {"lines":{"total":20,"covered":19,"skipped":0,"pct":95},"functions":{"total":4,"covered":4,"skipped":0,"pct":100},"statements":{"total":26,"covered":22,"skipped":0,"pct":84.61},"branches":{"total":29,"covered":14,"skipped":0,"pct":48.27}}
[...]
,"D:\\Repositories\\starci-academy-backend\\.claude\\examples\\todo-app-backend\\src\\modules\\platform\\databases\\postgresql\\primary\\entities\\subscription.entity.ts": {"lines":{"total":19,"covered":18,"skipped":0,"pct":94.73},"functions":{"total":2,"covered":2,"skipped":0,"pct":100},"statements":{"total":25,"covered":21,"skipped":0,"pct":84},"branches":{"total":29,"covered":17,"skipped":0,"pct":58.62}}
,"D:\\Repositories\\starci-academy-backend\\.claude\\examples\\todo-app-backend\\src\\modules\\platform\\databases\\postgresql\\primary\\entities\\task.entity.ts": {"lines":{"total":18,"covered":17,"skipped":0,"pct":94.44},"functions":{"total":2,"covered":2,"skipped":0,"pct":100},"statements":{"total":24,"covered":20,"skipped":0,"pct":83.33},"branches":{"total":29,"covered":17,"skipped":0,"pct":58.62}}
,"D:\\Repositories\\starci-academy-backend\\.claude\\examples\\todo-app-backend\\src\\modules\\platform\\databases\\postgresql\\primary\\migrations\\1758160000000-create-sessions-table.ts": {"lines":{"total":7,"covered":7,"skipped":0,"pct":100},"functions":{"total":3,"covered":3,"skipped":0,"pct":100},"statements":{"total":7,"covered":7,"skipped":0,"pct":100},"branches":{"total":0,"covered":0,"skipped":0,"pct":100}}
,"D:\\Repositories\\starci-academy-backend\\.claude\\examples\\todo-app-backend\\src\\modules\\platform\\databases\\postgresql\\primary\\migrations\\1758160000001-create-tasks-table.ts": {"lines":{"total":8,"covered":8,"skipped":0,"pct":100},"functions":{"total":3,"covered":3,"skipped":0,"pct":100},"statements":{"total":8,"covered":8,"skipped":0,"pct":100},"branches":{"total":0,"covered":0,"skipped":0,"pct":100}}
,"D:\\Repositories\\starci-academy-backend\\.claude\\examples\\todo-app-backend\\src\\modules\\platform\\databases\\postgresql\\primary\\migrations\\1758160000002-create-invitations-table.ts": {"lines":{"total":9,"covered":9,"skipped":0,"pct":100},"functions":{"total":3,"covered":3,"skipped":0,"pct":100},"statements":{"total":9,"covered":9,"skipped":0,"pct":100},"branches":{"total":0,"covered":0,"skipped":0,"pct":100}}
,"D:\\Repositories\\starci-academy-backend\\.claude\\examples\\todo-app-backend\\src\\modules\\platform\\databases\\postgresql\\primary\\migrations\\1758160000002-create-plan-tables.ts": {"lines":{"total":11,"covered":11,"skipped":0,"pct":100},"functions":{"total":3,"covered":3,"skipped":0,"pct":100},"statements":{"total":11,"covered":11,"skipped":0,"pct":100},"branches":{"total":0,"covered":0,"skipped":0,"pct":100}}
,"D:\\Repositories\\starci-academy-backend\\.claude\\examples\\todo-app-backend\\src\\modules\\platform\\databases\\postgresql\\primary\\migrations\\1758210000000-create-notify-tables.ts": {"lines":{"total":16,"covered":16,"skipped":0,"pct":100},"functions":{"total":3,"covered":3,"skipped":0,"pct":100},"statements":{"total":16,"covered":16,"skipped":0,"pct":100},"branches":{"total":0,"covered":0,"skipped":0,"pct":100}}
,"D:\\Repositories\\starci-academy-backend\\.claude\\examples\\todo-app-backend\\src\\modules\\platform\\databases\\postgresql\\primary\\migrations\\1758246000000-create-audit-tables.ts": {"lines":{"total":11,"covered":11,"skipped":0,"pct":100},"functions":{"total":3,"covered":3,"skipped":0,"pct":100},"statements":{"total":11,"covered":11,"skipped":0,"pct":100},"branches":{"total":0,"covered":0,"skipped":0,"pct":100}}
,"D:\\Repositories\\starci-academy-backend\\.claude\\examples\\todo-app-backend\\src\\modules\\platform\\databases\\postgresql\\primary\\migrations\\1758246000000-create-recur-tables.ts": {"lines":{"total":11,"covered":11,"skipped":0,"pct":100},"functions":{"total":3,"covered":3,"skipped":0,"pct":100},"statements":{"total":11,"covered":11,"skipped":0,"pct":100},"branches":{"total":0,"covered":0,"skipped":0,"pct":100}}
,"D:\\Repositories\\starci-academy-backend\\.claude\\examples\\todo-app-backend\\src\\modules\\platform\\databases\\postgresql\\primary\\testing\\fake-entity-manager.ts": {"lines":{"total":36,"covered":36,"skipped":0,"pct":100},"functions":{"total":10,"covered":10,"skipped":0,"pct":100},"statements":{"total":37,"covered":37,"skipped":0,"pct":100},"branches":{"total":24,"covered":24,"skipped":0,"pct":100}}
,"D:\\Repositories\\starci-academy-backend\\.claude\\examples\\todo-app-backend\\src\\modules\\platform\\events\\event-bus.providers.ts": {"lines":{"total":15,"covered":14,"skipped":0,"pct":93.33},"functions":{"total":4,"covered":4,"skipped":0,"pct":100},"statements":{"total":20,"covered":16,"skipped":0,"pct":80},"branches":{"total":22,"covered":8,"skipped":0,"pct":36.36}}
,"D:\\Repositories\\starci-academy-backend\\.claude\\examples\\todo-app-backend\\src\\modules\\platform\\events\\events.module-definition.ts": {"lines":{"total":4,"covered":4,"skipped":0,"pct":100},"functions":{"total":1,"covered":1,"skipped":0,"pct":100},"statements":{"total":5,"covered":5,"skipped":0,"pct":100},"branches":{"total":0,"covered":0,"skipped":0,"pct":100}}
,"D:\\Repositories\\starci-academy-backend\\.claude\\examples\\todo-app-backend\\src\\modules\\platform\\events\\events.module.ts": {"lines":{"total":15,"covered":14,"skipped":0,"pct":93.33},"functions":{"total":2,"covered":2,"skipped":0,"pct":100},"statements":{"total":20,"covered":16,"skipped":0,"pct":80},"branches":{"total":25,"covered":10,"skipped":0,"pct":40}}
,"D:\\Repositories\\starci-academy-backend\\.claude\\examples\\todo-app-backend\\src\\modules\\platform\\events\\events.types.ts": {"lines":{"total":36,"covered":36,"skipped":0,"pct":100},"functions":{"total":6,"covered":6,"skipped":0,"pct":100},"statements":{"total":36,"covered":36,"skipped":0,"pct":100},"branches":{"total":0,"covered":0,"skipped":0,"pct":100}}
,"D:\\Repositories\\starci-academy-backend\\.claude\\examples\\todo-app-backend\\src\\modules\\platform\\events\\index.ts": {"lines":{"total":13,"covered":13,"skipped":0,"pct":100},"functions":{"total":8,"covered":8,"skipped":0,"pct":100},"statements":{"total":21,"covered":21,"skipped":0,"pct":100},"branches":{"total":0,"covered":0,"skipped":0,"pct":100}}
,"D:\\Repositories\\starci-academy-backend\\.claude\\examples\\todo-app-backend\\src\\modules\\shared\\exceptions\\index.ts": {"lines":{"total":72,"covered":72,"skipped":0,"pct":100},"functions":{"total":35,"covered":35,"skipped":0,"pct":100},"statements":{"total":107,"covered":107,"skipped":0,"pct":100},"branches":{"total":0,"covered":0,"skipped":0,"pct":100}}
,"D:\\Repositories\\starci-academy-backend\\.claude\\examples\\todo-app-backend\\src\\modules\\shared\\exceptions\\errors\\abstract.ts": {"lines":{"total":9,"covered":9,"skipped":0,"pct":100},"functions":{"total":3,"covered":3,"skipped":0,"pct":100},"statements":{"total":9,"covered":9,"skipped":0,"pct":100},"branches":{"total":0,"covered":0,"skipped":0,"pct":100}}
,"D:\\Repositories\\starci-academy-backend\\.claude\\examples\\todo-app-backend\\src\\modules\\shared\\exceptions\\errors\\audit\\erasure-not-confirmed.ts": {"lines":{"total":5,"covered":5,"skipped":0,"pct":100},"functions":{"total":1,"covered":1,"skipped":0,"pct":100},"statements":{"total":5,"covered":5,"skipped":0,"pct":100},"branches":{"total":1,"covered":0,"skipped":0,"pct":0}}
,"D:\\Repositories\\starci-academy-backend\\.claude\\examples\\todo-app-backend\\src\\modules\\shared\\exceptions\\errors\\audit\\erasure-request-forbidden.ts": {"lines":{"total":5,"covered":5,"skipped":0,"pct":100},"functions":{"total":1,"covered":1,"skipped":0,"pct":100},"statements":{"total":5,"covered":5,"skipped":0,"pct":100},"branches":{"total":1,"covered":1,"skipped":0,"pct":100}}
,"D:\\Repositories\\starci-academy-backend\\.claude\\examples\\todo-app-backend\\src\\modules\\shared\\exceptions\\errors\\audit\\erasure-request-invalid-state.ts": {"lines":{"total":5,"covered":5,"skipped":0,"pct":100},"functions":{"total":1,"covered":1,"skipped":0,"pct":100},"statements":{"total":5,"covered":5,"skipped":0,"pct":100},"branches":{"total":1,"covered":0,"skipped":0,"pct":0}}
,"D:\\Repositories\\starci-academy-backend\\.claude\\examples\\todo-app-backend\\src\\modules\\shared\\exceptions\\errors\\audit\\erasure-request-not-found.ts": {"lines":{"total":5,"covered":5,"skipped":0,"pct":100},"functions":{"total":1,"covered":1,"skipped":0,"pct":100},"statements":{"total":5,"covered":5,"skipped":0,"pct":100},"branches":{"total":1,"covered":0,"skipped":0,"pct":0}}
,"D:\\Repositories\\starci-academy-backend\\.claude\\examples\\todo-app-backend\\src\\modules\\shared\\exceptions\\errors\\keycloak\\keycloak-invalid-credentials.ts": {"lines":{"total":5,"covered":5,"skipped":0,"pct":100},"functions":{"total":1,"covered":1,"skipped":0,"pct":100},"statements":{"total":5,"covered":5,"skipped":0,"pct":100},"branches":{"total":1,"covered":1,"skipped":0,"pct":100}}
,"D:\\Repositories\\starci-academy-backend\\.claude\\examples\\todo-app-backend\\src\\modules\\shared\\exceptions\\errors\\keycloak\\keycloak-unavailable.ts": {"lines":{"total":5,"covered":5,"skipped":0,"pct":100},"functions":{"total":1,"covered":1,"skipped":0,"pct":100},"statements":{"total":5,"covered":5,"skipped":0,"pct":100},"branches":{"total":0,"covered":0,"skipped":0,"pct":100}}
,"D:\\Repositories\\starci-academy-backend\\.claude\\examples\\todo-app-backend\\src\\modules\\shared\\exceptions\\errors\\notify\\notify-smtp-permanent-rejection.ts": {"lines":{"total":5,"covered":5,"skipped":0,"pct":100},"functions":{"total":1,"covered":1,"skipped":0,"pct":100},"statements":{"total":5,"covered":5,"skipped":0,"pct":100},"branches":{"total":1,"covered":0,"skipped":0,"pct":0}}
,"D:\\Repositories\\starci-academy-backend\\.claude\\examples\\todo-app-backend\\src\\modules\\shared\\exceptions\\errors\\notify\\notify-smtp-transient-failure.ts": {"lines":{"total":5,"covered":5,"skipped":0,"pct":100},"functions":{"total":1,"covered":1,"skipped":0,"pct":100},"statements":{"total":5,"covered":5,"skipped":0,"pct":100},"branches":{"total":1,"covered":0,"skipped":0,"pct":0}}
,"D:\\Repositories\\starci-academy-backend\\.claude\\examples\\todo-app-backend\\src\\modules\\shared\\exceptions\\errors\\plan\\plan-cap-exceeded.ts": {"lines":{"total":5,"covered":5,"skipped":0,"pct":100},"functions":{"total":1,"covered":1,"skipped":0,"pct":100},"statements":{"total":5,"covered":5,"skipped":0,"pct":100},"branches":{"total":5,"covered":5,"skipped":0,"pct":100}}
,"D:\\Repositories\\starci-academy-backend\\.claude\\examples\\todo-app-backend\\src\\modules\\shared\\exceptions\\errors\\plan\\plan-forbidden.ts": {"lines":{"total":5,"covered":5,"skipped":0,"pct":100},"functions":{"total":1,"covered":1,"skipped":0,"pct":100},"statements":{"total":5,"covered":5,"skipped":0,"pct":100},"branches":{"total":1,"covered":0,"skipped":0,"pct":0}}
,"D:\\Repositories\\starci-academy-backend\\.claude\\examples\\todo-app-backend\\src\\modules\\shared\\exceptions\\errors\\plan\\plan-payment-intent-not-found.ts": {"lines":{"total":5,"covered":5,"skipped":0,"pct":100},"functions":{"total":1,"covered":1,"skipped":0,"pct":100},"statements":{"total":5,"covered":5,"skipped":0,"pct":100},"branches":{"total":1,"covered":0,"skipped":0,"pct":0}}
,"D:\\Repositories\\starci-academy-backend\\.claude\\examples\\todo-app-backend\\src\\modules\\shared\\exceptions\\errors\\plan\\plan-subscription-not-found.ts": {"lines":{"total":5,"covered":5,"skipped":0,"pct":100},"functions":{"total":1,"covered":1,"skipped":0,"pct":100},"statements":{"total":5,"covered":5,"skipped":0,"pct":100},"branches":{"total":1,"covered":1,"skipped":0,"pct":100}}
,"D:\\Repositories\\starci-academy-backend\\.claude\\examples\\todo-app-backend\\src\\modules\\shared\\exceptions\\errors\\plan\\plan-webhook-unauthorized.ts": {"lines":{"total":5,"covered":5,"skipped":0,"pct":100},"functions":{"total":1,"covered":1,"skipped":0,"pct":100},"statements":{"total":5,"covered":5,"skipped":0,"pct":100},"branches":{"total":1,"covered":1,"skipped":0,"pct":100}}
,"D:\\Repositories\\starci-academy-backend\\.claude\\examples\\todo-app-backend\\src\\modules\\shared\\exceptions\\errors\\postgres\\postgres-primary-unavailable.ts": {"lines":{"total":5,"covered":5,"skipped":0,"pct":100},"functions":{"total":1,"covered":1,"skipped":0,"pct":100},"statements":{"total":5,"covered":5,"skipped":0,"pct":100},"branches":{"total":0,"covered":0,"skipped":0,"pct":100}}
,"D:\\Repositories\\starci-academy-backend\\.claude\\examples\\todo-app-backend\\src\\modules\\shared\\exceptions\\errors\\recur\\occurrence-forbidden.ts": {"lines":{"total":5,"covered":5,"skipped":0,"pct":100},"functions":{"total":1,"covered":1,"skipped":0,"pct":100},"statements":{"total":5,"covered":5,"skipped":0,"pct":100},"branches":{"total":1,"covered":0,"skipped":0,"pct":0}}
,"D:\\Repositories\\starci-academy-backend\\.claude\\examples\\todo-app-backend\\src\\modules\\shared\\exceptions\\errors\\recur\\occurrence-not-found.ts": {"lines":{"total":5,"covered":5,"skipped":0,"pct":100},"functions":{"total":1,"covered":1,"skipped":0,"pct":100},"statements":{"total":5,"covered":5,"skipped":0,"pct":100},"branches":{"total":1,"covered":0,"skipped":0,"pct":0}}
,"D:\\Repositories\\starci-academy-backend\\.claude\\examples\\todo-app-backend\\src\\modules\\shared\\exceptions\\errors\\recur\\rule-forbidden.ts": {"lines":{"total":5,"covered":5,"skipped":0,"pct":100},"functions":{"total":1,"covered":1,"skipped":0,"pct":100},"statements":{"total":5,"covered":5,"skipped":0,"pct":100},"branches":{"total":1,"covered":1,"skipped":0,"pct":100}}
,"D:\\Repositories\\starci-academy-backend\\.claude\\examples\\todo-app-backend\\src\\modules\\shared\\exceptions\\errors\\recur\\rule-invalid.ts": {"lines":{"total":5,"covered":5,"skipped":0,"pct":100},"functions":{"total":1,"covered":1,"skipped":0,"pct":100},"statements":{"total":5,"covered":5,"skipped":0,"pct":100},"branches":{"total":1,"covered":0,"skipped":0,"pct":0}}
,"D:\\Repositories\\starci-academy-backend\\.claude\\examples\\todo-app-backend\\src\\modules\\shared\\exceptions\\errors\\recur\\rule-not-found.ts": {"lines":{"total":5,"covered":5,"skipped":0,"pct":100},"functions":{"total":1,"covered":1,"skipped":0,"pct":100},"statements":{"total":5,"covered":5,"skipped":0,"pct":100},"branches":{"total":1,"covered":1,"skipped":0,"pct":100}}
,"D:\\Repositories\\starci-academy-backend\\.claude\\examples\\todo-app-backend\\src\\modules\\shared\\exceptions\\errors\\session\\invalid-credentials.ts": {"lines":{"total":5,"covered":5,"skipped":0,"pct":100},"functions":{"total":1,"covered":1,"skipped":0,"pct":100},"statements":{"total":5,"covered":5,"skipped":0,"pct":100},"branches":{"total":1,"covered":1,"skipped":0,"pct":100}}
,"D:\\Repositories\\starci-academy-backend\\.claude\\examples\\todo-app-backend\\src\\modules\\shared\\exceptions\\errors\\session\\session-expired.ts": {"lines":{"total":5,"covered":5,"skipped":0,"pct":100},"functions":{"total":1,"covered":1,"skipped":0,"pct":100},"statements":{"total":5,"covered":5,"skipped":0,"pct":100},"branches":{"total":1,"covered":1,"skipped":0,"pct":100}}
,"D:\\Repositories\\starci-academy-backend\\.claude\\examples\\todo-app-backend\\src\\modules\\shared\\exceptions\\errors\\session\\session-not-found.ts": {"lines":{"total":5,"covered":5,"skipped":0,"pct":100},"functions":{"total":1,"covered":1,"skipped":0,"pct":100},"statements":{"total":5,"covered":5,"skipped":0,"pct":100},"branches":{"total":1,"covered":1,"skipped":0,"pct":100}}
,"D:\\Repositories\\starci-academy-backend\\.claude\\examples\\todo-app-backend\\src\\modules\\shared\\exceptions\\errors\\share\\email-mismatch.ts": {"lines":{"total":5,"covered":5,"skipped":0,"pct":100},"functions":{"total":1,"covered":1,"skipped":0,"pct":100},"statements":{"total":5,"covered":5,"skipped":0,"pct":100},"branches":{"total":1,"covered":0,"skipped":0,"pct":0}}
,"D:\\Repositories\\starci-academy-backend\\.claude\\examples\\todo-app-backend\\src\\modules\\shared\\exceptions\\errors\\share\\forbidden.ts": {"lines":{"total":5,"covered":5,"skipped":0,"pct":100},"functions":{"total":1,"covered":1,"skipped":0,"pct":100},"statements":{"total":5,"covered":5,"skipped":0,"pct":100},"branches":{"total":1,"covered":1,"skipped":0,"pct":100}}
,"D:\\Repositories\\starci-academy-backend\\.claude\\examples\\todo-app-backend\\src\\modules\\shared\\exceptions\\errors\\share\\invalid-email.ts": {"lines":{"total":5,"covered":5,"skipped":0,"pct":100},"functions":{"total":1,"covered":1,"skipped":0,"pct":100},"statements":{"total":5,"covered":5,"skipped":0,"pct":100},"branches":{"total":1,"covered":0,"skipped":0,"pct":0}}
,"D:\\Repositories\\starci-academy-backend\\.claude\\examples\\todo-app-backend\\src\\modules\\shared\\exceptions\\errors\\share\\invalid-role.ts": {"lines":{"total":5,"covered":5,"skipped":0,"pct":100},"functions":{"total":1,"covered":1,"skipped":0,"pct":100},"statements":{"total":5,"covered":5,"skipped":0,"pct":100},"branches":{"total":1,"covered":0,"skipped":0,"pct":0}}
,"D:\\Repositories\\starci-academy-backend\\.claude\\examples\\todo-app-backend\\src\\modules\\shared\\exceptions\\errors\\share\\invitation-already-closed.ts": {"lines":{"total":5,"covered":5,"skipped":0,"pct":100},"functions":{"total":1,"covered":1,"skipped":0,"pct":100},"statements":{"total":5,"covered":5,"skipped":0,"pct":100},"branches":{"total":1,"covered":0,"skipped":0,"pct":0}}
,"D:\\Repositories\\starci-academy-backend\\.claude\\examples\\todo-app-backend\\src\\modules\\shared\\exceptions\\errors\\share\\invitation-already-exists.ts": {"lines":{"total":5,"covered":5,"skipped":0,"pct":100},"functions":{"total":1,"covered":1,"skipped":0,"pct":100},"statements":{"total":5,"covered":5,"skipped":0,"pct":100},"branches":{"total":1,"covered":0,"skipped":0,"pct":0}}
,"D:\\Repositories\\starci-academy-backend\\.claude\\examples\\todo-app-backend\\src\\modules\\shared\\exceptions\\errors\\share\\invitation-expired.ts": {"lines":{"total":5,"covered":5,"skipped":0,"pct":100},"functions":{"total":1,"covered":1,"skipped":0,"pct":100},"statements":{"total":5,"covered":5,"skipped":0,"pct":100},"branches":{"total":1,"covered":0,"skipped":0,"pct":0}}
,"D:\\Repositories\\starci-academy-backend\\.claude\\examples\\todo-app-backend\\src\\modules\\shared\\exceptions\\errors\\share\\invitation-not-found.ts": {"lines":{"total":5,"covered":5,"skipped":0,"pct":100},"functions":{"total":1,"covered":1,"skipped":0,"pct":100},"statements":{"total":5,"covered":5,"skipped":0,"pct":100},"branches":{"total":1,"covered":0,"skipped":0,"pct":0}}
,"D:\\Repositories\\starci-academy-backend\\.claude\\examples\\todo-app-backend\\src\\modules\\shared\\exceptions\\errors\\share\\invitation-revoked.ts": {"lines":{"total":5,"covered":5,"skipped":0,"pct":100},"functions":{"total":1,"covered":1,"skipped":0,"pct":100},"statements":{"total":5,"covered":5,"skipped":0,"pct":100},"branches":{"total":1,"covered":0,"skipped":0,"pct":0}}
,"D:\\Repositories\\starci-academy-backend\\.claude\\examples\\todo-app-backend\\src\\modules\\shared\\exceptions\\errors\\task\\task-forbidden.ts": {"lines":{"total":5,"covered":5,"skipped":0,"pct":100},"functions":{"total":1,"covered":1,"skipped":0,"pct":100},"statements":{"total":5,"covered":5,"skipped":0,"pct":100},"branches":{"total":1,"covered":1,"skipped":0,"pct":100}}
,"D:\\Repositories\\starci-academy-backend\\.claude\\examples\\todo-app-backend\\src\\modules\\shared\\exceptions\\errors\\task\\task-not-found.ts": {"lines":{"total":5,"covered":5,"skipped":0,"pct":100},"functions":{"total":1,"covered":1,"skipped":0,"pct":100},"statements":{"total":5,"covered":5,"skipped":0,"pct":100},"branches":{"total":1,"covered":1,"skipped":0,"pct":100}}
,"D:\\Repositories\\starci-academy-backend\\.claude\\examples\\todo-app-backend\\src\\modules\\shared\\exceptions\\errors\\task\\task-title-required.ts": {"lines":{"total":5,"covered":5,"skipped":0,"pct":100},"functions":{"total":1,"covered":1,"skipped":0,"pct":100},"statements":{"total":5,"covered":5,"skipped":0,"pct":100},"branches":{"total":1,"covered":1,"skipped":0,"pct":100}}
}
