{"total": {"lines":{"total":16731,"covered":14526,"skipped":0,"pct":86.82},"statements":{"total":16731,"covered":14526,"skipped":0,"pct":86.82},"functions":{"total":1247,"covered":1201,"skipped":0,"pct":96.31},"branches":{"total":3167,"covered":2497,"skipped":0,"pct":78.84},"branchesTrue":{"total":0,"covered":0,"skipped":0,"pct":100}}
,"D:\\Repositories\\starci-academy-backend\\.claude\\examples\\todo-app-backend\\src\\app.module.ts": {"lines":{"total":127,"covered":0,"skipped":0,"pct":0},"functions":{"total":1,"covered":0,"skipped":0,"pct":0},"statements":{"total":127,"covered":0,"skipped":0,"pct":0},"branches":{"total":1,"covered":0,"skipped":0,"pct":0}}
,"D:\\Repositories\\starci-academy-backend\\.claude\\examples\\todo-app-backend\\src\\features\\todo\\graphql\\graphql.module.ts": {"lines":{"total":69,"covered":59,"skipped":0,"pct":85.5},"functions":{"total":4,"covered":4,"skipped":0,"pct":100},"statements":{"total":69,"covered":59,"skipped":0,"pct":85.5},"branches":{"total":10,"covered":5,"skipped":0,"pct":50}}
,"D:\\Repositories\\starci-academy-backend\\.claude\\examples\\todo-app-backend\\src\\features\\todo\\graphql\\session-actor.adapter.ts": {"lines":{"total":42,"covered":42,"skipped":0,"pct":100},"functions":{"total":3,"covered":3,"skipped":0,"pct":100},"statements":{"total":42,"covered":42,"skipped":0,"pct":100},"branches":{"total":12,"covered":12,"skipped":0,"pct":100}}
,"D:\\Repositories\\starci-academy-backend\\.claude\\examples\\todo-app-backend\\src\\features\\todo\\graphql\\mutations\\index.ts": {"lines":{"total":103,"covered":103,"skipped":0,"pct":100},"functions":{"total":1,"covered":1,"skipped":0,"pct":100},"statements":{"total":103,"covered":103,"skipped":0,"pct":100},"branches":{"total":2,"covered":2,"skipped":0,"pct":100}}
,"D:\\Repositories\\starci-academy-backend\\.claude\\examples\\todo-app-backend\\src\\features\\todo\\graphql\\mutations\\audit\\complete-erasure\\complete-erasure.module-definition.ts": {"lines":{"total":12,"covered":12,"skipped":0,"pct":100},"functions":{"total":1,"covered":1,"skipped":0,"pct":100},"statements":{"total":12,"covered":12,"skipped":0,"pct":100},"branches":{"total":3,"covered":3,"skipped":0,"pct":100}}
,"D:\\Repositories\\starci-academy-backend\\.claude\\examples\\todo-app-backend\\src\\features\\todo\\graphql\\mutations\\audit\\complete-erasure\\complete-erasure.module.ts": {"lines":{"total":19,"covered":17,"skipped":0,"pct":89.47},"functions":{"total":2,"covered":2,"skipped":0,"pct":100},"statements":{"total":19,"covered":17,"skipped":0,"pct":89.47},"branches":{"total":7,"covered":3,"skipped":0,"pct":42.85}}
,"D:\\Repositories\\starci-academy-backend\\.claude\\examples\\todo-app-backend\\src\\features\\todo\\graphql\\mutations\\audit\\complete-erasure\\complete-erasure.resolver.ts": {"lines":{"total":58,"covered":53,"skipped":0,"pct":91.37},"functions":{"total":6,"covered":6,"skipped":0,"pct":100},"statements":{"total":58,"covered":53,"skipped":0,"pct":91.37},"branches":{"total":14,"covered":12,"skipped":0,"pct":85.71}}
,"D:\\Repositories\\starci-academy-backend\\.claude\\examples\\todo-app-backend\\src\\features\\todo\\graphql\\mutations\\audit\\complete-erasure\\graphql-types\\response.ts": {"lines":{"total":18,"covered":15,"skipped":0,"pct":83.33},"functions":{"total":2,"covered":2,"skipped":0,"pct":100},"statements":{"total":18,"covered":15,"skipped":0,"pct":83.33},"branches":{"total":7,"covered":5,"skipped":0,"pct":71.42}}
,"D:\\Repositories\\starci-academy-backend\\.claude\\examples\\todo-app-backend\\src\\features\\todo\\graphql\\mutations\\audit\\request-erasure\\request-erasure.module-definition.ts": {"lines":{"total":12,"covered":12,"skipped":0,"pct":100},"functions":{"total":1,"covered":1,"skipped":0,"pct":100},"statements":{"total":12,"covered":12,"skipped":0,"pct":100},"branches":{"total":3,"covered":3,"skipped":0,"pct":100}}
,"D:\\Repositories\\starci-academy-backend\\.claude\\examples\\todo-app-backend\\src\\features\\todo\\graphql\\mutations\\audit\\request-erasure\\request-erasure.module.ts": {"lines":{"total":21,"covered":15,"skipped":0,"pct":71.42},"functions":{"total":2,"covered":2,"skipped":0,"pct":100},"statements":{"total":21,"covered":15,"skipped":0,"pct":71.42},"branches":{"total":7,"covered":3,"skipped":0,"pct":42.85}}
,"D:\\Repositories\\starci-academy-backend\\.claude\\examples\\todo-app-backend\\src\\features\\todo\\graphql\\mutations\\audit\\request-erasure\\request-erasure.resolver.ts": {"lines":{"total":51,"covered":46,"skipped":0,"pct":90.19},"functions":{"total":5,"covered":5,"skipped":0,"pct":100},"statements":{"total":51,"covered":46,"skipped":0,"pct":90.19},"branches":{"total":13,"covered":11,"skipped":0,"pct":84.61}}
,"D:\\Repositories\\starci-academy-backend\\.claude\\examples\\todo-app-backend\\src\\features\\todo\\graphql\\mutations\\audit\\request-erasure\\graphql-types\\response.ts": {"lines":{"total":18,"covered":15,"skipped":0,"pct":83.33},"functions":{"total":2,"covered":2,"skipped":0,"pct":100},"statements":{"total":18,"covered":15,"skipped":0,"pct":83.33},"branches":{"total":7,"covered":5,"skipped":0,"pct":71.42}}
,"D:\\Repositories\\starci-academy-backend\\.claude\\examples\\todo-app-backend\\src\\features\\todo\\graphql\\mutations\\notify\\unsubscribe\\unsubscribe.module-definition.ts": {"lines":{"total":12,"covered":12,"skipped":0,"pct":100},"functions":{"total":1,"covered":1,"skipped":0,"pct":100},"statements":{"total":12,"covered":12,"skipped":0,"pct":100},"branches":{"total":3,"covered":3,"skipped":0,"pct":100}}
,"D:\\Repositories\\starci-academy-backend\\.claude\\examples\\todo-app-backend\\src\\features\\todo\\graphql\\mutations\\notify\\unsubscribe\\unsubscribe.module.ts": {"lines":{"total":19,"covered":16,"skipped":0,"pct":84.21},"functions":{"total":2,"covered":2,"skipped":0,"pct":100},"statements":{"total":19,"covered":16,"skipped":0,"pct":84.21},"branches":{"total":5,"covered":3,"skipped":0,"pct":60}}
,"D:\\Repositories\\starci-academy-backend\\.claude\\examples\\todo-app-backend\\src\\features\\todo\\graphql\\mutations\\notify\\unsubscribe\\unsubscribe.resolver.ts": {"lines":{"total":54,"covered":48,"skipped":0,"pct":88.88},"functions":{"total":6,"covered":6,"skipped":0,"pct":100},"statements":{"total":54,"covered":48,"skipped":0,"pct":88.88},"branches":{"total":14,"covered":12,"skipped":0,"pct":85.71}}
,"D:\\Repositories\\starci-academy-backend\\.claude\\examples\\todo-app-backend\\src\\features\\todo\\graphql\\mutations\\notify\\unsubscribe\\graphql-types\\input.ts": {"lines":{"total":17,"covered":17,"skipped":0,"pct":100},"functions":{"total":2,"covered":2,"skipped":0,"pct":100},"statements":{"total":17,"covered":17,"skipped":0,"pct":100},"branches":{"total":6,"covered":5,"skipped":0,"pct":83.33}}
,"D:\\Repositories\\starci-academy-backend\\.claude\\examples\\todo-app-backend\\src\\features\\todo\\graphql\\mutations\\notify\\unsubscribe\\graphql-types\\response.ts": {"lines":{"total":18,"covered":13,"skipped":0,"pct":72.22},"functions":{"total":2,"covered":2,"skipped":0,"pct":100},"statements":{"total":18,"covered":13,"skipped":0,"pct":72.22},"branches":{"total":7,"covered":5,"skipped":0,"pct":71.42}}
,"D:\\Repositories\\starci-academy-backend\\.claude\\examples\\todo-app-backend\\src\\features\\todo\\graphql\\mutations\\notify\\update-notification-preferences\\update-notification-preferences.module-definition.ts": {"lines":{"total":12,"covered":12,"skipped":0,"pct":100},"functions":{"total":1,"covered":1,"skipped":0,"pct":100},"statements":{"total":12,"covered":12,"skipped":0,"pct":100},"branches":{"total":3,"covered":3,"skipped":0,"pct":100}}
,"D:\\Repositories\\starci-academy-backend\\.claude\\examples\\todo-app-backend\\src\\features\\todo\\graphql\\mutations\\notify\\update-notification-preferences\\update-notification-preferences.module.ts": {"lines":{"total":21,"covered":18,"skipped":0,"pct":85.71},"functions":{"total":2,"covered":2,"skipped":0,"pct":100},"statements":{"total":21,"covered":18,"skipped":0,"pct":85.71},"branches":{"total":7,"covered":3,"skipped":0,"pct":42.85}}
,"D:\\Repositories\\starci-academy-backend\\.claude\\examples\\todo-app-backend\\src\\features\\todo\\graphql\\mutations\\notify\\update-notification-preferences\\update-notification-preferences.resolver.ts": {"lines":{"total":59,"covered":53,"skipped":0,"pct":89.83},"functions":{"total":6,"covered":6,"skipped":0,"pct":100},"statements":{"total":59,"covered":53,"skipped":0,"pct":89.83},"branches":{"total":15,"covered":13,"skipped":0,"pct":86.66}}
,"D:\\Repositories\\starci-academy-backend\\.claude\\examples\\todo-app-backend\\src\\features\\todo\\graphql\\mutations\\notify\\update-notification-preferences\\graphql-types\\input.ts": {"lines":{"total":33,"covered":22,"skipped":0,"pct":66.66},"functions":{"total":3,"covered":3,"skipped":0,"pct":100},"statements":{"total":33,"covered":22,"skipped":0,"pct":66.66},"branches":{"total":10,"covered":7,"skipped":0,"pct":70}}
,"D:\\Repositories\\starci-academy-backend\\.claude\\examples\\todo-app-backend\\src\\features\\todo\\graphql\\mutations\\notify\\update-notification-preferences\\graphql-types\\response.ts": {"lines":{"total":25,"covered":23,"skipped":0,"pct":92},"functions":{"total":2,"covered":2,"skipped":0,"pct":100},"statements":{"total":25,"covered":23,"skipped":0,"pct":92},"branches":{"total":9,"covered":6,"skipped":0,"pct":66.66}}
,"D:\\Repositories\\starci-academy-backend\\.claude\\examples\\todo-app-backend\\src\\features\\todo\\graphql\\mutations\\plan\\downgrade-plan\\downgrade-plan.module-definition.ts": {"lines":{"total":12,"covered":12,"skipped":0,"pct":100},"functions":{"total":1,"covered":1,"skipped":0,"pct":100},"statements":{"total":12,"covered":12,"skipped":0,"pct":100},"branches":{"total":3,"covered":3,"skipped":0,"pct":100}}
,"D:\\Repositories\\starci-academy-backend\\.claude\\examples\\todo-app-backend\\src\\features\\todo\\graphql\\mutations\\plan\\downgrade-plan\\downgrade-plan.module.ts": {"lines":{"total":20,"covered":17,"skipped":0,"pct":85},"functions":{"total":2,"covered":2,"skipped":0,"pct":100},"statements":{"total":20,"covered":17,"skipped":0,"pct":85},"branches":{"total":7,"covered":3,"skipped":0,"pct":42.85}}
,"D:\\Repositories\\starci-academy-backend\\.claude\\examples\\todo-app-backend\\src\\features\\todo\\graphql\\mutations\\plan\\downgrade-plan\\downgrade-plan.resolver.ts": {"lines":{"total":49,"covered":44,"skipped":0,"pct":89.79},"functions":{"total":5,"covered":5,"skipped":0,"pct":100},"statements":{"total":49,"covered":44,"skipped":0,"pct":89.79},"branches":{"total":13,"covered":11,"skipped":0,"pct":84.61}}
,"D:\\Repositories\\starci-academy-backend\\.claude\\examples\\todo-app-backend\\src\\features\\todo\\graphql\\mutations\\plan\\downgrade-plan\\graphql-types\\response.ts": {"lines":{"total":22,"covered":16,"skipped":0,"pct":72.72},"functions":{"total":2,"covered":2,"skipped":0,"pct":100},"statements":{"total":22,"covered":16,"skipped":0,"pct":72.72},"branches":{"total":7,"covered":5,"skipped":0,"pct":71.42}}
,"D:\\Repositories\\starci-academy-backend\\.claude\\examples\\todo-app-backend\\src\\features\\todo\\graphql\\mutations\\plan\\reconcile-payment\\reconcile-payment.module-definition.ts": {"lines":{"total":12,"covered":12,"skipped":0,"pct":100},"functions":{"total":1,"covered":1,"skipped":0,"pct":100},"statements":{"total":12,"covered":12,"skipped":0,"pct":100},"branches":{"total":3,"covered":3,"skipped":0,"pct":100}}
,"D:\\Repositories\\starci-academy-backend\\.claude\\examples\\todo-app-backend\\src\\features\\todo\\graphql\\mutations\\plan\\reconcile-payment\\reconcile-payment.module.ts": {"lines":{"total":20,"covered":16,"skipped":0,"pct":80},"functions":{"total":2,"covered":2,"skipped":0,"pct":100},"statements":{"total":20,"covered":16,"skipped":0,"pct":80},"branches":{"total":7,"covered":3,"skipped":0,"pct":42.85}}
,"D:\\Repositories\\starci-academy-backend\\.claude\\examples\\todo-app-backend\\src\\features\\todo\\graphql\\mutations\\plan\\reconcile-payment\\reconcile-payment.resolver.ts": {"lines":{"total":58,"covered":53,"skipped":0,"pct":91.37},"functions":{"total":6,"covered":6,"skipped":0,"pct":100},"statements":{"total":58,"covered":53,"skipped":0,"pct":91.37},"branches":{"total":15,"covered":13,"skipped":0,"pct":86.66}}
,"D:\\Repositories\\starci-academy-backend\\.claude\\examples\\todo-app-backend\\src\\features\\todo\\graphql\\mutations\\plan\\reconcile-payment\\graphql-types\\input.ts": {"lines":{"total":15,"covered":15,"skipped":0,"pct":100},"functions":{"total":2,"covered":2,"skipped":0,"pct":100},"statements":{"total":15,"covered":15,"skipped":0,"pct":100},"branches":{"total":6,"covered":5,"skipped":0,"pct":83.33}}
,"D:\\Repositories\\starci-academy-backend\\.claude\\examples\\todo-app-backend\\src\\features\\todo\\graphql\\mutations\\plan\\reconcile-payment\\graphql-types\\response.ts": {"lines":{"total":22,"covered":18,"skipped":0,"pct":81.81},"functions":{"total":2,"covered":2,"skipped":0,"pct":100},"statements":{"total":22,"covered":18,"skipped":0,"pct":81.81},"branches":{"total":9,"covered":6,"skipped":0,"pct":66.66}}
,"D:\\Repositories\\starci-academy-backend\\.claude\\examples\\todo-app-backend\\src\\features\\todo\\graphql\\mutations\\plan\\upgrade-plan\\upgrade-plan.module-definition.ts": {"lines":{"total":12,"covered":12,"skipped":0,"pct":100},"functions":{"total":1,"covered":1,"skipped":0,"pct":100},"statements":{"total":12,"covered":12,"skipped":0,"pct":100},"branches":{"total":3,"covered":3,"skipped":0,"pct":100}}
,"D:\\Repositories\\starci-academy-backend\\.claude\\examples\\todo-app-backend\\src\\features\\todo\\graphql\\mutations\\plan\\upgrade-plan\\upgrade-plan.module.ts": {"lines":{"total":22,"covered":19,"skipped":0,"pct":86.36},"functions":{"total":2,"covered":2,"skipped":0,"pct":100},"statements":{"total":22,"covered":19,"skipped":0,"pct":86.36},"branches":{"total":7,"covered":3,"skipped":0,"pct":42.85}}
,"D:\\Repositories\\starci-academy-backend\\.claude\\examples\\todo-app-backend\\src\\features\\todo\\graphql\\mutations\\plan\\upgrade-plan\\upgrade-plan.resolver.ts": {"lines":{"total":50,"covered":44,"skipped":0,"pct":88},"functions":{"total":5,"covered":5,"skipped":0,"pct":100},"statements":{"total":50,"covered":44,"skipped":0,"pct":88},"branches":{"total":13,"covered":11,"skipped":0,"pct":84.61}}
,"D:\\Repositories\\starci-academy-backend\\.claude\\examples\\todo-app-backend\\src\\features\\todo\\graphql\\mutations\\plan\\upgrade-plan\\graphql-types\\response.ts": {"lines":{"total":26,"covered":22,"skipped":0,"pct":84.61},"functions":{"total":3,"covered":3,"skipped":0,"pct":100},"statements":{"total":26,"covered":22,"skipped":0,"pct":84.61},"branches":{"total":10,"covered":7,"skipped":0,"pct":70}}
,"D:\\Repositories\\starci-academy-backend\\.claude\\examples\\todo-app-backend\\src\\features\\todo\\graphql\\mutations\\recur\\edit-recurrence\\edit-recurrence.module-definition.ts": {"lines":{"total":12,"covered":12,"skipped":0,"pct":100},"functions":{"total":1,"covered":1,"skipped":0,"pct":100},"statements":{"total":12,"covered":12,"skipped":0,"pct":100},"branches":{"total":3,"covered":3,"skipped":0,"pct":100}}
,"D:\\Repositories\\starci-academy-backend\\.claude\\examples\\todo-app-backend\\src\\features\\todo\\graphql\\mutations\\recur\\edit-recurrence\\edit-recurrence.module.ts": {"lines":{"total":19,"covered":17,"skipped":0,"pct":89.47},"functions":{"total":2,"covered":2,"skipped":0,"pct":100},"statements":{"total":19,"covered":17,"skipped":0,"pct":89.47},"branches":{"total":6,"covered":3,"skipped":0,"pct":50}}
,"D:\\Repositories\\starci-academy-backend\\.claude\\examples\\todo-app-backend\\src\\features\\todo\\graphql\\mutations\\recur\\edit-recurrence\\edit-recurrence.resolver.ts": {"lines":{"total":63,"covered":58,"skipped":0,"pct":92.06},"functions":{"total":6,"covered":6,"skipped":0,"pct":100},"statements":{"total":63,"covered":58,"skipped":0,"pct":92.06},"branches":{"total":15,"covered":13,"skipped":0,"pct":86.66}}
,"D:\\Repositories\\starci-academy-backend\\.claude\\examples\\todo-app-backend\\src\\features\\todo\\graphql\\mutations\\recur\\edit-recurrence\\graphql-types\\input.ts": {"lines":{"total":56,"covered":48,"skipped":0,"pct":85.71},"functions":{"total":3,"covered":3,"skipped":0,"pct":100},"statements":{"total":56,"covered":48,"skipped":0,"pct":85.71},"branches":{"total":11,"covered":8,"skipped":0,"pct":72.72}}
,"D:\\Repositories\\starci-academy-backend\\.claude\\examples\\todo-app-backend\\src\\features\\todo\\graphql\\mutations\\recur\\edit-recurrence\\graphql-types\\response.ts": {"lines":{"total":26,"covered":21,"skipped":0,"pct":80.76},"functions":{"total":2,"covered":2,"skipped":0,"pct":100},"statements":{"total":26,"covered":21,"skipped":0,"pct":80.76},"branches":{"total":9,"covered":6,"skipped":0,"pct":66.66}}
,"D:\\Repositories\\starci-academy-backend\\.claude\\examples\\todo-app-backend\\src\\features\\todo\\graphql\\mutations\\recur\\end-recurrence\\end-recurrence.module-definition.ts": {"lines":{"total":12,"covered":12,"skipped":0,"pct":100},"functions":{"total":1,"covered":1,"skipped":0,"pct":100},"statements":{"total":12,"covered":12,"skipped":0,"pct":100},"branches":{"total":3,"covered":3,"skipped":0,"pct":100}}
,"D:\\Repositories\\starci-academy-backend\\.claude\\examples\\todo-app-backend\\src\\features\\todo\\graphql\\mutations\\recur\\end-recurrence\\end-recurrence.module.ts": {"lines":{"total":19,"covered":17,"skipped":0,"pct":89.47},"functions":{"total":2,"covered":2,"skipped":0,"pct":100},"statements":{"total":19,"covered":17,"skipped":0,"pct":89.47},"branches":{"total":5,"covered":3,"skipped":0,"pct":60}}
,"D:\\Repositories\\starci-academy-backend\\.claude\\examples\\todo-app-backend\\src\\features\\todo\\graphql\\mutations\\recur\\end-recurrence\\end-recurrence.resolver.ts": {"lines":{"total":56,"covered":51,"skipped":0,"pct":91.07},"functions":{"total":6,"covered":6,"skipped":0,"pct":100},"statements":{"total":56,"covered":51,"skipped":0,"pct":91.07},"branches":{"total":14,"covered":12,"skipped":0,"pct":85.71}}
,"D:\\Repositories\\starci-academy-backend\\.claude\\examples\\todo-app-backend\\src\\features\\todo\\graphql\\mutations\\recur\\end-recurrence\\graphql-types\\input.ts": {"lines":{"total":20,"covered":16,"skipped":0,"pct":80},"functions":{"total":2,"covered":2,"skipped":0,"pct":100},"statements":{"total":20,"covered":16,"skipped":0,"pct":80},"branches":{"total":7,"covered":5,"skipped":0,"pct":71.42}}
,"D:\\Repositories\\starci-academy-backend\\.claude\\examples\\todo-app-backend\\src\\features\\todo\\graphql\\mutations\\recur\\end-recurrence\\graphql-types\\response.ts": {"lines":{"total":25,"covered":21,"skipped":0,"pct":84},"functions":{"total":2,"covered":2,"skipped":0,"pct":100},"statements":{"total":25,"covered":21,"skipped":0,"pct":84},"branches":{"total":9,"covered":6,"skipped":0,"pct":66.66}}
,"D:\\Repositories\\starci-academy-backend\\.claude\\examples\\todo-app-backend\\src\\features\\todo\\graphql\\mutations\\recur\\make-recurring\\make-recurring.module-definition.ts": {"lines":{"total":12,"covered":12,"skipped":0,"pct":100},"functions":{"total":1,"covered":1,"skipped":0,"pct":100},"statements":{"total":12,"covered":12,"skipped":0,"pct":100},"branches":{"total":3,"covered":3,"skipped":0,"pct":100}}
,"D:\\Repositories\\starci-academy-backend\\.claude\\examples\\todo-app-backend\\src\\features\\todo\\graphql\\mutations\\recur\\make-recurring\\make-recurring.module.ts": {"lines":{"total":21,"covered":15,"skipped":0,"pct":71.42},"functions":{"total":2,"covered":2,"skipped":0,"pct":100},"statements":{"total":21,"covered":15,"skipped":0,"pct":71.42},"branches":{"total":7,"covered":3,"skipped":0,"pct":42.85}}
,"D:\\Repositories\\starci-academy-backend\\.claude\\examples\\todo-app-backend\\src\\features\\todo\\graphql\\mutations\\recur\\make-recurring\\make-recurring.resolver.ts": {"lines":{"total":66,"covered":61,"skipped":0,"pct":92.42},"functions":{"total":6,"covered":6,"skipped":0,"pct":100},"statements":{"total":66,"covered":61,"skipped":0,"pct":92.42},"branches":{"total":16,"covered":14,"skipped":0,"pct":87.5}}
,"D:\\Repositories\\starci-academy-backend\\.claude\\examples\\todo-app-backend\\src\\features\\todo\\graphql\\mutations\\recur\\make-recurring\\graphql-types\\input.ts": {"lines":{"total":72,"covered":69,"skipped":0,"pct":95.83},"functions":{"total":3,"covered":3,"skipped":0,"pct":100},"statements":{"total":72,"covered":69,"skipped":0,"pct":95.83},"branches":{"total":11,"covered":8,"skipped":0,"pct":72.72}}
,"D:\\Repositories\\starci-academy-backend\\.claude\\examples\\todo-app-backend\\src\\features\\todo\\graphql\\mutations\\recur\\make-recurring\\graphql-types\\response.ts": {"lines":{"total":34,"covered":27,"skipped":0,"pct":79.41},"functions":{"total":3,"covered":3,"skipped":0,"pct":100},"statements":{"total":34,"covered":27,"skipped":0,"pct":79.41},"branches":{"total":10,"covered":7,"skipped":0,"pct":70}}
,"D:\\Repositories\\starci-academy-backend\\.claude\\examples\\todo-app-backend\\src\\features\\todo\\graphql\\mutations\\session\\sign-in\\sign-in.module-definition.ts": {"lines":{"total":12,"covered":12,"skipped":0,"pct":100},"functions":{"total":1,"covered":1,"skipped":0,"pct":100},"statements":{"total":12,"covered":12,"skipped":0,"pct":100},"branches":{"total":3,"covered":3,"skipped":0,"pct":100}}
,"D:\\Repositories\\starci-academy-backend\\.claude\\examples\\todo-app-backend\\src\\features\\todo\\graphql\\mutations\\session\\sign-in\\sign-in.module.ts": {"lines":{"total":21,"covered":13,"skipped":0,"pct":61.9},"functions":{"total":2,"covered":2,"skipped":0,"pct":100},"statements":{"total":21,"covered":13,"skipped":0,"pct":61.9},"branches":{"total":7,"covered":3,"skipped":0,"pct":42.85}}
,"D:\\Repositories\\starci-academy-backend\\.claude\\examples\\todo-app-backend\\src\\features\\todo\\graphql\\mutations\\session\\sign-in\\sign-in.resolver.ts": {"lines":{"total":45,"covered":41,"skipped":0,"pct":91.11},"functions":{"total":4,"covered":4,"skipped":0,"pct":100},"statements":{"total":45,"covered":41,"skipped":0,"pct":91.11},"branches":{"total":12,"covered":10,"skipped":0,"pct":83.33}}
,"D:\\Repositories\\starci-academy-backend\\.claude\\examples\\todo-app-backend\\src\\features\\todo\\graphql\\mutations\\session\\sign-in\\graphql-types\\input.ts": {"lines":{"total":21,"covered":14,"skipped":0,"pct":66.66},"functions":{"total":2,"covered":2,"skipped":0,"pct":100},"statements":{"total":21,"covered":14,"skipped":0,"pct":66.66},"branches":{"total":9,"covered":6,"skipped":0,"pct":66.66}}
,"D:\\Repositories\\starci-academy-backend\\.claude\\examples\\todo-app-backend\\src\\features\\todo\\graphql\\mutations\\session\\sign-in\\graphql-types\\response.ts": {"lines":{"total":18,"covered":14,"skipped":0,"pct":77.77},"functions":{"total":2,"covered":2,"skipped":0,"pct":100},"statements":{"total":18,"covered":14,"skipped":0,"pct":77.77},"branches":{"total":7,"covered":5,"skipped":0,"pct":71.42}}
,"D:\\Repositories\\starci-academy-backend\\.claude\\examples\\todo-app-backend\\src\\features\\todo\\graphql\\mutations\\session\\sign-out\\sign-out.module-definition.ts": {"lines":{"total":12,"covered":12,"skipped":0,"pct":100},"functions":{"total":1,"covered":1,"skipped":0,"pct":100},"statements":{"total":12,"covered":12,"skipped":0,"pct":100},"branches":{"total":3,"covered":3,"skipped":0,"pct":100}}
,"D:\\Repositories\\starci-academy-backend\\.claude\\examples\\todo-app-backend\\src\\features\\todo\\graphql\\mutations\\session\\sign-out\\sign-out.module.ts": {"lines":{"total":19,"covered":14,"skipped":0,"pct":73.68},"functions":{"total":2,"covered":2,"skipped":0,"pct":100},"statements":{"total":19,"covered":14,"skipped":0,"pct":73.68},"branches":{"total":5,"covered":3,"skipped":0,"pct":60}}
,"D:\\Repositories\\starci-academy-backend\\.claude\\examples\\todo-app-backend\\src\\features\\todo\\graphql\\mutations\\session\\sign-out\\sign-out.resolver.ts": {"lines":{"total":41,"covered":38,"skipped":0,"pct":92.68},"functions":{"total":4,"covered":4,"skipped":0,"pct":100},"statements":{"total":41,"covered":38,"skipped":0,"pct":92.68},"branches":{"total":12,"covered":10,"skipped":0,"pct":83.33}}
,"D:\\Repositories\\starci-academy-backend\\.claude\\examples\\todo-app-backend\\src\\features\\todo\\graphql\\mutations\\session\\sign-out\\graphql-types\\input.ts": {"lines":{"total":15,"covered":15,"skipped":0,"pct":100},"functions":{"total":2,"covered":2,"skipped":0,"pct":100},"statements":{"total":15,"covered":15,"skipped":0,"pct":100},"branches":{"total":6,"covered":5,"skipped":0,"pct":83.33}}
,"D:\\Repositories\\starci-academy-backend\\.claude\\examples\\todo-app-backend\\src\\features\\todo\\graphql\\mutations\\session\\sign-out\\graphql-types\\response.ts": {"lines":{"total":14,"covered":11,"skipped":0,"pct":78.57},"functions":{"total":2,"covered":2,"skipped":0,"pct":100},"statements":{"total":14,"covered":11,"skipped":0,"pct":78.57},"branches":{"total":6,"covered":5,"skipped":0,"pct":83.33}}
,"D:\\Repositories\\starci-academy-backend\\.claude\\examples\\todo-app-backend\\src\\features\\todo\\graphql\\mutations\\share\\accept-invitation\\accept-invitation.module-definition.ts": {"lines":{"total":12,"covered":12,"skipped":0,"pct":100},"functions":{"total":1,"covered":1,"skipped":0,"pct":100},"statements":{"total":12,"covered":12,"skipped":0,"pct":100},"branches":{"total":3,"covered":3,"skipped":0,"pct":100}}
,"D:\\Repositories\\starci-academy-backend\\.claude\\examples\\todo-app-backend\\src\\features\\todo\\graphql\\mutations\\share\\accept-invitation\\accept-invitation.module.ts": {"lines":{"total":19,"covered":17,"skipped":0,"pct":89.47},"functions":{"total":2,"covered":2,"skipped":0,"pct":100},"statements":{"total":19,"covered":17,"skipped":0,"pct":89.47},"branches":{"total":7,"covered":3,"skipped":0,"pct":42.85}}
,"D:\\Repositories\\starci-academy-backend\\.claude\\examples\\todo-app-backend\\src\\features\\todo\\graphql\\mutations\\share\\accept-invitation\\accept-invitation.resolver.ts": {"lines":{"total":55,"covered":50,"skipped":0,"pct":90.9},"functions":{"total":6,"covered":6,"skipped":0,"pct":100},"statements":{"total":55,"covered":50,"skipped":0,"pct":90.9},"branches":{"total":14,"covered":12,"skipped":0,"pct":85.71}}
,"D:\\Repositories\\starci-academy-backend\\.claude\\examples\\todo-app-backend\\src\\features\\todo\\graphql\\mutations\\share\\accept-invitation\\graphql-types\\input.ts": {"lines":{"total":19,"covered":15,"skipped":0,"pct":78.94},"functions":{"total":2,"covered":2,"skipped":0,"pct":100},"statements":{"total":19,"covered":15,"skipped":0,"pct":78.94},"branches":{"total":7,"covered":5,"skipped":0,"pct":71.42}}
,"D:\\Repositories\\starci-academy-backend\\.claude\\examples\\todo-app-backend\\src\\features\\todo\\graphql\\mutations\\share\\accept-invitation\\graphql-types\\response.ts": {"lines":{"total":22,"covered":17,"skipped":0,"pct":77.27},"functions":{"total":2,"covered":2,"skipped":0,"pct":100},"statements":{"total":22,"covered":17,"skipped":0,"pct":77.27},"branches":{"total":7,"covered":5,"skipped":0,"pct":71.42}}
,"D:\\Repositories\\starci-academy-backend\\.claude\\examples\\todo-app-backend\\src\\features\\todo\\graphql\\mutations\\share\\invite\\invite.module-definition.ts": {"lines":{"total":12,"covered":12,"skipped":0,"pct":100},"functions":{"total":1,"covered":1,"skipped":0,"pct":100},"statements":{"total":12,"covered":12,"skipped":0,"pct":100},"branches":{"total":3,"covered":3,"skipped":0,"pct":100}}
,"D:\\Repositories\\starci-academy-backend\\.claude\\examples\\todo-app-backend\\src\\features\\todo\\graphql\\mutations\\share\\invite\\invite.module.ts": {"lines":{"total":21,"covered":13,"skipped":0,"pct":61.9},"functions":{"total":2,"covered":2,"skipped":0,"pct":100},"statements":{"total":21,"covered":13,"skipped":0,"pct":61.9},"branches":{"total":7,"covered":3,"skipped":0,"pct":42.85}}
,"D:\\Repositories\\starci-academy-backend\\.claude\\examples\\todo-app-backend\\src\\features\\todo\\graphql\\mutations\\share\\invite\\invite.resolver.ts": {"lines":{"total":60,"covered":54,"skipped":0,"pct":90},"functions":{"total":6,"covered":6,"skipped":0,"pct":100},"statements":{"total":60,"covered":54,"skipped":0,"pct":90},"branches":{"total":14,"covered":12,"skipped":0,"pct":85.71}}
,"D:\\Repositories\\starci-academy-backend\\.claude\\examples\\todo-app-backend\\src\\features\\todo\\graphql\\mutations\\share\\invite\\graphql-types\\input.ts": {"lines":{"total":27,"covered":25,"skipped":0,"pct":92.59},"functions":{"total":3,"covered":3,"skipped":0,"pct":100},"statements":{"total":27,"covered":25,"skipped":0,"pct":92.59},"branches":{"total":10,"covered":7,"skipped":0,"pct":70}}
,"D:\\Repositories\\starci-academy-backend\\.claude\\examples\\todo-app-backend\\src\\features\\todo\\graphql\\mutations\\share\\invite\\graphql-types\\response.ts": {"lines":{"total":30,"covered":26,"skipped":0,"pct":86.66},"functions":{"total":2,"covered":2,"skipped":0,"pct":100},"statements":{"total":30,"covered":26,"skipped":0,"pct":86.66},"branches":{"total":9,"covered":6,"skipped":0,"pct":66.66}}
,"D:\\Repositories\\starci-academy-backend\\.claude\\examples\\todo-app-backend\\src\\features\\todo\\graphql\\mutations\\share\\revoke-collaborator\\revoke-collaborator.module-definition.ts": {"lines":{"total":12,"covered":12,"skipped":0,"pct":100},"functions":{"total":1,"covered":1,"skipped":0,"pct":100},"statements":{"total":12,"covered":12,"skipped":0,"pct":100},"branches":{"total":3,"covered":3,"skipped":0,"pct":100}}
,"D:\\Repositories\\starci-academy-backend\\.claude\\examples\\todo-app-backend\\src\\features\\todo\\graphql\\mutations\\share\\revoke-collaborator\\revoke-collaborator.module.ts": {"lines":{"total":19,"covered":17,"skipped":0,"pct":89.47},"functions":{"total":2,"covered":2,"skipped":0,"pct":100},"statements":{"total":19,"covered":17,"skipped":0,"pct":89.47},"branches":{"total":7,"covered":3,"skipped":0,"pct":42.85}}
,"D:\\Repositories\\starci-academy-backend\\.claude\\examples\\todo-app-backend\\src\\features\\todo\\graphql\\mutations\\share\\revoke-collaborator\\revoke-collaborator.resolver.ts": {"lines":{"total":54,"covered":49,"skipped":0,"pct":90.74},"functions":{"total":6,"covered":6,"skipped":0,"pct":100},"statements":{"total":54,"covered":49,"skipped":0,"pct":90.74},"branches":{"total":14,"covered":12,"skipped":0,"pct":85.71}}
,"D:\\Repositories\\starci-academy-backend\\.claude\\examples\\todo-app-backend\\src\\features\\todo\\graphql\\mutations\\share\\revoke-collaborator\\graphql-types\\input.ts": {"lines":{"total":14,"covered":14,"skipped":0,"pct":100},"functions":{"total":2,"covered":2,"skipped":0,"pct":100},"statements":{"total":14,"covered":14,"skipped":0,"pct":100},"branches":{"total":6,"covered":5,"skipped":0,"pct":83.33}}
,"D:\\Repositories\\starci-academy-backend\\.claude\\examples\\todo-app-backend\\src\\features\\todo\\graphql\\mutations\\share\\revoke-collaborator\\graphql-types\\response.ts": {"lines":{"total":18,"covered":15,"skipped":0,"pct":83.33},"functions":{"total":2,"covered":2,"skipped":0,"pct":100},"statements":{"total":18,"covered":15,"skipped":0,"pct":83.33},"branches":{"total":7,"covered":5,"skipped":0,"pct":71.42}}
,"D:\\Repositories\\starci-academy-backend\\.claude\\examples\\todo-app-backend\\src\\features\\todo\\graphql\\mutations\\task\\complete-task\\complete-task.module-definition.ts": {"lines":{"total":12,"covered":12,"skipped":0,"pct":100},"functions":{"total":1,"covered":1,"skipped":0,"pct":100},"statements":{"total":12,"covered":12,"skipped":0,"pct":100},"branches":{"total":3,"covered":3,"skipped":0,"pct":100}}
,"D:\\Repositories\\starci-academy-backend\\.claude\\examples\\todo-app-backend\\src\\features\\todo\\graphql\\mutations\\task\\complete-task\\complete-task.module.ts": {"lines":{"total":21,"covered":15,"skipped":0,"pct":71.42},"functions":{"total":2,"covered":2,"skipped":0,"pct":100},"statements":{"total":21,"covered":15,"skipped":0,"pct":71.42},"branches":{"total":7,"covered":3,"skipped":0,"pct":42.85}}
,"D:\\Repositories\\starci-academy-backend\\.claude\\examples\\todo-app-backend\\src\\features\\todo\\graphql\\mutations\\task\\complete-task\\complete-task.resolver.ts": {"lines":{"total":54,"covered":49,"skipped":0,"pct":90.74},"functions":{"total":5,"covered":5,"skipped":0,"pct":100},"statements":{"total":54,"covered":49,"skipped":0,"pct":90.74},"branches":{"total":13,"covered":11,"skipped":0,"pct":84.61}}
,"D:\\Repositories\\starci-academy-backend\\.claude\\examples\\todo-app-backend\\src\\features\\todo\\graphql\\mutations\\task\\complete-task\\graphql-types\\response.ts": {"lines":{"total":18,"covered":15,"skipped":0,"pct":83.33},"functions":{"total":2,"covered":2,"skipped":0,"pct":100},"statements":{"total":18,"covered":15,"skipped":0,"pct":83.33},"branches":{"total":7,"covered":5,"skipped":0,"pct":71.42}}
,"D:\\Repositories\\starci-academy-backend\\.claude\\examples\\todo-app-backend\\src\\features\\todo\\graphql\\mutations\\task\\create-task\\create-task.module-definition.ts": {"lines":{"total":12,"covered":12,"skipped":0,"pct":100},"functions":{"total":1,"covered":1,"skipped":0,"pct":100},"statements":{"total":12,"covered":12,"skipped":0,"pct":100},"branches":{"total":3,"covered":3,"skipped":0,"pct":100}}
,"D:\\Repositories\\starci-academy-backend\\.claude\\examples\\todo-app-backend\\src\\features\\todo\\graphql\\mutations\\task\\create-task\\create-task.module.ts": {"lines":{"total":29,"covered":27,"skipped":0,"pct":93.1},"functions":{"total":2,"covered":2,"skipped":0,"pct":100},"statements":{"total":29,"covered":27,"skipped":0,"pct":93.1},"branches":{"total":7,"covered":3,"skipped":0,"pct":42.85}}
,"D:\\Repositories\\starci-academy-backend\\.claude\\examples\\todo-app-backend\\src\\features\\todo\\graphql\\mutations\\task\\create-task\\create-task.resolver.ts": {"lines":{"total":54,"covered":48,"skipped":0,"pct":88.88},"functions":{"total":5,"covered":5,"skipped":0,"pct":100},"statements":{"total":54,"covered":48,"skipped":0,"pct":88.88},"branches":{"total":13,"covered":11,"skipped":0,"pct":84.61}}
,"D:\\Repositories\\starci-academy-backend\\.claude\\examples\\todo-app-backend\\src\\features\\todo\\graphql\\mutations\\task\\create-task\\graphql-types\\input.ts": {"lines":{"total":15,"covered":15,"skipped":0,"pct":100},"functions":{"total":2,"covered":2,"skipped":0,"pct":100},"statements":{"total":15,"covered":15,"skipped":0,"pct":100},"branches":{"total":6,"covered":5,"skipped":0,"pct":83.33}}
,"D:\\Repositories\\starci-academy-backend\\.claude\\examples\\todo-app-backend\\src\\features\\todo\\graphql\\mutations\\task\\create-task\\graphql-types\\response.ts": {"lines":{"total":18,"covered":15,"skipped":0,"pct":83.33},"functions":{"total":2,"covered":2,"skipped":0,"pct":100},"statements":{"total":18,"covered":15,"skipped":0,"pct":83.33},"branches":{"total":6,"covered":5,"skipped":0,"pct":83.33}}
,"D:\\Repositories\\starci-academy-backend\\.claude\\examples\\todo-app-backend\\src\\features\\todo\\graphql\\mutations\\task\\delete-task\\delete-task.module-definition.ts": {"lines":{"total":12,"covered":12,"skipped":0,"pct":100},"functions":{"total":1,"covered":1,"skipped":0,"pct":100},"statements":{"total":12,"covered":12,"skipped":0,"pct":100},"branches":{"total":3,"covered":3,"skipped":0,"pct":100}}
,"D:\\Repositories\\starci-academy-backend\\.claude\\examples\\todo-app-backend\\src\\features\\todo\\graphql\\mutations\\task\\delete-task\\delete-task.module.ts": {"lines":{"total":19,"covered":16,"skipped":0,"pct":84.21},"functions":{"total":2,"covered":2,"skipped":0,"pct":100},"statements":{"total":19,"covered":16,"skipped":0,"pct":84.21},"branches":{"total":5,"covered":3,"skipped":0,"pct":60}}
,"D:\\Repositories\\starci-academy-backend\\.claude\\examples\\todo-app-backend\\src\\features\\todo\\graphql\\mutations\\task\\delete-task\\delete-task.resolver.ts": {"lines":{"total":53,"covered":47,"skipped":0,"pct":88.67},"functions":{"total":4,"covered":4,"skipped":0,"pct":100},"statements":{"total":53,"covered":47,"skipped":0,"pct":88.67},"branches":{"total":12,"covered":10,"skipped":0,"pct":83.33}}
,"D:\\Repositories\\starci-academy-backend\\.claude\\examples\\todo-app-backend\\src\\features\\todo\\graphql\\mutations\\task\\delete-task\\graphql-types\\response.ts": {"lines":{"total":14,"covered":11,"skipped":0,"pct":78.57},"functions":{"total":2,"covered":2,"skipped":0,"pct":100},"statements":{"total":14,"covered":11,"skipped":0,"pct":78.57},"branches":{"total":6,"covered":5,"skipped":0,"pct":83.33}}
,"D:\\Repositories\\starci-academy-backend\\.claude\\examples\\todo-app-backend\\src\\features\\todo\\graphql\\mutations\\task\\reopen-task\\reopen-task.module-definition.ts": {"lines":{"total":12,"covered":12,"skipped":0,"pct":100},"functions":{"total":1,"covered":1,"skipped":0,"pct":100},"statements":{"total":12,"covered":12,"skipped":0,"pct":100},"branches":{"total":3,"covered":3,"skipped":0,"pct":100}}
,"D:\\Repositories\\starci-academy-backend\\.claude\\examples\\todo-app-backend\\src\\features\\todo\\graphql\\mutations\\task\\reopen-task\\reopen-task.module.ts": {"lines":{"total":19,"covered":16,"skipped":0,"pct":84.21},"functions":{"total":2,"covered":2,"skipped":0,"pct":100},"statements":{"total":19,"covered":16,"skipped":0,"pct":84.21},"branches":{"total":5,"covered":3,"skipped":0,"pct":60}}
,"D:\\Repositories\\starci-academy-backend\\.claude\\examples\\todo-app-backend\\src\\features\\todo\\graphql\\mutations\\task\\reopen-task\\reopen-task.resolver.ts": {"lines":{"total":54,"covered":48,"skipped":0,"pct":88.88},"functions":{"total":5,"covered":5,"skipped":0,"pct":100},"statements":{"total":54,"covered":48,"skipped":0,"pct":88.88},"branches":{"total":13,"covered":11,"skipped":0,"pct":84.61}}
,"D:\\Repositories\\starci-academy-backend\\.claude\\examples\\todo-app-backend\\src\\features\\todo\\graphql\\mutations\\task\\reopen-task\\graphql-types\\response.ts": {"lines":{"total":18,"covered":15,"skipped":0,"pct":83.33},"functions":{"total":2,"covered":2,"skipped":0,"pct":100},"statements":{"total":18,"covered":15,"skipped":0,"pct":83.33},"branches":{"total":7,"covered":5,"skipped":0,"pct":71.42}}
,"D:\\Repositories\\starci-academy-backend\\.claude\\examples\\todo-app-backend\\src\\features\\todo\\graphql\\queries\\index.ts": {"lines":{"total":48,"covered":48,"skipped":0,"pct":100},"functions":{"total":1,"covered":1,"skipped":0,"pct":100},"statements":{"total":48,"covered":48,"skipped":0,"pct":100},"branches":{"total":2,"covered":2,"skipped":0,"pct":100}}
,"D:\\Repositories\\starci-academy-backend\\.claude\\examples\\todo-app-backend\\src\\features\\todo\\graphql\\queries\\audit\\audit-log\\audit-log.module-definition.ts": {"lines":{"total":12,"covered":12,"skipped":0,"pct":100},"functions":{"total":1,"covered":1,"skipped":0,"pct":100},"statements":{"total":12,"covered":12,"skipped":0,"pct":100},"branches":{"total":3,"covered":3,"skipped":0,"pct":100}}
,"D:\\Repositories\\starci-academy-backend\\.claude\\examples\\todo-app-backend\\src\\features\\todo\\graphql\\queries\\audit\\audit-log\\audit-log.module.ts": {"lines":{"total":19,"covered":16,"skipped":0,"pct":84.21},"functions":{"total":2,"covered":2,"skipped":0,"pct":100},"statements":{"total":19,"covered":16,"skipped":0,"pct":84.21},"branches":{"total":5,"covered":3,"skipped":0,"pct":60}}
,"D:\\Repositories\\starci-academy-backend\\.claude\\examples\\todo-app-backend\\src\\features\\todo\\graphql\\queries\\audit\\audit-log\\audit-log.resolver.ts": {"lines":{"total":56,"covered":52,"skipped":0,"pct":92.85},"functions":{"total":4,"covered":4,"skipped":0,"pct":100},"statements":{"total":56,"covered":52,"skipped":0,"pct":92.85},"branches":{"total":12,"covered":10,"skipped":0,"pct":83.33}}
,"D:\\Repositories\\starci-academy-backend\\.claude\\examples\\todo-app-backend\\src\\features\\todo\\graphql\\queries\\audit\\audit-log\\graphql-types\\response.ts": {"lines":{"total":25,"covered":17,"skipped":0,"pct":68},"functions":{"total":2,"covered":2,"skipped":0,"pct":100},"statements":{"total":25,"covered":17,"skipped":0,"pct":68},"branches":{"total":7,"covered":5,"skipped":0,"pct":71.42}}
,"D:\\Repositories\\starci-academy-backend\\.claude\\examples\\todo-app-backend\\src\\features\\todo\\graphql\\queries\\audit\\export-my-data\\export-my-data.module-definition.ts": {"lines":{"total":12,"covered":12,"skipped":0,"pct":100},"functions":{"total":1,"covered":1,"skipped":0,"pct":100},"statements":{"total":12,"covered":12,"skipped":0,"pct":100},"branches":{"total":3,"covered":3,"skipped":0,"pct":100}}
,"D:\\Repositories\\starci-academy-backend\\.claude\\examples\\todo-app-backend\\src\\features\\todo\\graphql\\queries\\audit\\export-my-data\\export-my-data.module.ts": {"lines":{"total":19,"covered":17,"skipped":0,"pct":89.47},"functions":{"total":2,"covered":2,"skipped":0,"pct":100},"statements":{"total":19,"covered":17,"skipped":0,"pct":89.47},"branches":{"total":5,"covered":3,"skipped":0,"pct":60}}
,"D:\\Repositories\\starci-academy-backend\\.claude\\examples\\todo-app-backend\\src\\features\\todo\\graphql\\queries\\audit\\export-my-data\\export-my-data.resolver.ts": {"lines":{"total":50,"covered":44,"skipped":0,"pct":88},"functions":{"total":5,"covered":5,"skipped":0,"pct":100},"statements":{"total":50,"covered":44,"skipped":0,"pct":88},"branches":{"total":13,"covered":11,"skipped":0,"pct":84.61}}
,"D:\\Repositories\\starci-academy-backend\\.claude\\examples\\todo-app-backend\\src\\features\\todo\\graphql\\queries\\audit\\export-my-data\\graphql-types\\response.ts": {"lines":{"total":25,"covered":19,"skipped":0,"pct":76},"functions":{"total":2,"covered":2,"skipped":0,"pct":100},"statements":{"total":25,"covered":19,"skipped":0,"pct":76},"branches":{"total":7,"covered":5,"skipped":0,"pct":71.42}}
,"D:\\Repositories\\starci-academy-backend\\.claude\\examples\\todo-app-backend\\src\\features\\todo\\graphql\\queries\\notify\\notification-preferences\\notification-preferences.module-definition.ts": {"lines":{"total":12,"covered":12,"skipped":0,"pct":100},"functions":{"total":1,"covered":1,"skipped":0,"pct":100},"statements":{"total":12,"covered":12,"skipped":0,"pct":100},"branches":{"total":3,"covered":3,"skipped":0,"pct":100}}
,"D:\\Repositories\\starci-academy-backend\\.claude\\examples\\todo-app-backend\\src\\features\\todo\\graphql\\queries\\notify\\notification-preferences\\notification-preferences.module.ts": {"lines":{"total":19,"covered":17,"skipped":0,"pct":89.47},"functions":{"total":2,"covered":2,"skipped":0,"pct":100},"statements":{"total":19,"covered":17,"skipped":0,"pct":89.47},"branches":{"total":7,"covered":3,"skipped":0,"pct":42.85}}
,"D:\\Repositories\\starci-academy-backend\\.claude\\examples\\todo-app-backend\\src\\features\\todo\\graphql\\queries\\notify\\notification-preferences\\notification-preferences.resolver.ts": {"lines":{"total":57,"covered":53,"skipped":0,"pct":92.98},"functions":{"total":6,"covered":6,"skipped":0,"pct":100},"statements":{"total":57,"covered":53,"skipped":0,"pct":92.98},"branches":{"total":15,"covered":13,"skipped":0,"pct":86.66}}
,"D:\\Repositories\\starci-academy-backend\\.claude\\examples\\todo-app-backend\\src\\features\\todo\\graphql\\queries\\notify\\notification-preferences\\graphql-types\\response.ts": {"lines":{"total":25,"covered":21,"skipped":0,"pct":84},"functions":{"total":2,"covered":2,"skipped":0,"pct":100},"statements":{"total":25,"covered":21,"skipped":0,"pct":84},"branches":{"total":9,"covered":6,"skipped":0,"pct":66.66}}
,"D:\\Repositories\\starci-academy-backend\\.claude\\examples\\todo-app-backend\\src\\features\\todo\\graphql\\queries\\plan\\plan-usage\\plan-usage.module-definition.ts": {"lines":{"total":12,"covered":12,"skipped":0,"pct":100},"functions":{"total":1,"covered":1,"skipped":0,"pct":100},"statements":{"total":12,"covered":12,"skipped":0,"pct":100},"branches":{"total":3,"covered":3,"skipped":0,"pct":100}}
,"D:\\Repositories\\starci-academy-backend\\.claude\\examples\\todo-app-backend\\src\\features\\todo\\graphql\\queries\\plan\\plan-usage\\plan-usage.module.ts": {"lines":{"total":24,"covered":22,"skipped":0,"pct":91.66},"functions":{"total":2,"covered":2,"skipped":0,"pct":100},"statements":{"total":24,"covered":22,"skipped":0,"pct":91.66},"branches":{"total":7,"covered":3,"skipped":0,"pct":42.85}}
,"D:\\Repositories\\starci-academy-backend\\.claude\\examples\\todo-app-backend\\src\\features\\todo\\graphql\\queries\\plan\\plan-usage\\plan-usage.resolver.ts": {"lines":{"total":49,"covered":45,"skipped":0,"pct":91.83},"functions":{"total":4,"covered":4,"skipped":0,"pct":100},"statements":{"total":49,"covered":45,"skipped":0,"pct":91.83},"branches":{"total":12,"covered":10,"skipped":0,"pct":83.33}}
,"D:\\Repositories\\starci-academy-backend\\.claude\\examples\\todo-app-backend\\src\\features\\todo\\graphql\\queries\\plan\\plan-usage\\graphql-types\\response.ts": {"lines":{"total":25,"covered":17,"skipped":0,"pct":68},"functions":{"total":2,"covered":2,"skipped":0,"pct":100},"statements":{"total":25,"covered":17,"skipped":0,"pct":68},"branches":{"total":9,"covered":6,"skipped":0,"pct":66.66}}
,"D:\\Repositories\\starci-academy-backend\\.claude\\examples\\todo-app-backend\\src\\features\\todo\\graphql\\queries\\recur\\upcoming-occurrences\\upcoming-occurrences.module-definition.ts": {"lines":{"total":12,"covered":12,"skipped":0,"pct":100},"functions":{"total":1,"covered":1,"skipped":0,"pct":100},"statements":{"total":12,"covered":12,"skipped":0,"pct":100},"branches":{"total":3,"covered":3,"skipped":0,"pct":100}}
,"D:\\Repositories\\starci-academy-backend\\.claude\\examples\\todo-app-backend\\src\\features\\todo\\graphql\\queries\\recur\\upcoming-occurrences\\upcoming-occurrences.module.ts": {"lines":{"total":19,"covered":17,"skipped":0,"pct":89.47},"functions":{"total":2,"covered":2,"skipped":0,"pct":100},"statements":{"total":19,"covered":17,"skipped":0,"pct":89.47},"branches":{"total":7,"covered":3,"skipped":0,"pct":42.85}}
,"D:\\Repositories\\starci-academy-backend\\.claude\\examples\\todo-app-backend\\src\\features\\todo\\graphql\\queries\\recur\\upcoming-occurrences\\upcoming-occurrences.resolver.ts": {"lines":{"total":65,"covered":60,"skipped":0,"pct":92.3},"functions":{"total":6,"covered":6,"skipped":0,"pct":100},"statements":{"total":65,"covered":60,"skipped":0,"pct":92.3},"branches":{"total":17,"covered":15,"skipped":0,"pct":88.23}}
,"D:\\Repositories\\starci-academy-backend\\.claude\\examples\\todo-app-backend\\src\\features\\todo\\graphql\\queries\\recur\\upcoming-occurrences\\graphql-types\\response.ts": {"lines":{"total":48,"covered":44,"skipped":0,"pct":91.66},"functions":{"total":4,"covered":4,"skipped":0,"pct":100},"statements":{"total":48,"covered":44,"skipped":0,"pct":91.66},"branches":{"total":11,"covered":8,"skipped":0,"pct":72.72}}
,"D:\\Repositories\\starci-academy-backend\\.claude\\examples\\todo-app-backend\\src\\features\\todo\\graphql\\queries\\share\\collaborators\\collaborators.module-definition.ts": {"lines":{"total":12,"covered":12,"skipped":0,"pct":100},"functions":{"total":1,"covered":1,"skipped":0,"pct":100},"statements":{"total":12,"covered":12,"skipped":0,"pct":100},"branches":{"total":3,"covered":3,"skipped":0,"pct":100}}
,"D:\\Repositories\\starci-academy-backend\\.claude\\examples\\todo-app-backend\\src\\features\\todo\\graphql\\queries\\share\\collaborators\\collaborators.module.ts": {"lines":{"total":19,"covered":17,"skipped":0,"pct":89.47},"functions":{"total":2,"covered":2,"skipped":0,"pct":100},"statements":{"total":19,"covered":17,"skipped":0,"pct":89.47},"branches":{"total":5,"covered":3,"skipped":0,"pct":60}}
,"D:\\Repositories\\starci-academy-backend\\.claude\\examples\\todo-app-backend\\src\\features\\todo\\graphql\\queries\\share\\collaborators\\collaborators.resolver.ts": {"lines":{"total":58,"covered":53,"skipped":0,"pct":91.37},"functions":{"total":6,"covered":6,"skipped":0,"pct":100},"statements":{"total":58,"covered":53,"skipped":0,"pct":91.37},"branches":{"total":14,"covered":12,"skipped":0,"pct":85.71}}
,"D:\\Repositories\\starci-academy-backend\\.claude\\examples\\todo-app-backend\\src\\features\\todo\\graphql\\queries\\share\\collaborators\\graphql-types\\response.ts": {"lines":{"total":26,"covered":19,"skipped":0,"pct":73.07},"functions":{"total":2,"covered":2,"skipped":0,"pct":100},"statements":{"total":26,"covered":19,"skipped":0,"pct":73.07},"branches":{"total":7,"covered":5,"skipped":0,"pct":71.42}}
,"D:\\Repositories\\starci-academy-backend\\.claude\\examples\\todo-app-backend\\src\\features\\todo\\graphql\\queries\\task\\list-tasks\\list-tasks.module-definition.ts": {"lines":{"total":12,"covered":12,"skipped":0,"pct":100},"functions":{"total":1,"covered":1,"skipped":0,"pct":100},"statements":{"total":12,"covered":12,"skipped":0,"pct":100},"branches":{"total":3,"covered":3,"skipped":0,"pct":100}}
,"D:\\Repositories\\starci-academy-backend\\.claude\\examples\\todo-app-backend\\src\\features\\todo\\graphql\\queries\\task\\list-tasks\\list-tasks.module.ts": {"lines":{"total":19,"covered":16,"skipped":0,"pct":84.21},"functions":{"total":2,"covered":2,"skipped":0,"pct":100},"statements":{"total":19,"covered":16,"skipped":0,"pct":84.21},"branches":{"total":5,"covered":3,"skipped":0,"pct":60}}
,"D:\\Repositories\\starci-academy-backend\\.claude\\examples\\todo-app-backend\\src\\features\\todo\\graphql\\queries\\task\\list-tasks\\list-tasks.resolver.ts": {"lines":{"total":51,"covered":47,"skipped":0,"pct":92.15},"functions":{"total":4,"covered":4,"skipped":0,"pct":100},"statements":{"total":51,"covered":47,"skipped":0,"pct":92.15},"branches":{"total":12,"covered":10,"skipped":0,"pct":83.33}}
,"D:\\Repositories\\starci-academy-backend\\.claude\\examples\\todo-app-backend\\src\\features\\todo\\graphql\\queries\\task\\list-tasks\\graphql-types\\response.ts": {"lines":{"total":22,"covered":15,"skipped":0,"pct":68.18},"functions":{"total":2,"covered":2,"skipped":0,"pct":100},"statements":{"total":22,"covered":15,"skipped":0,"pct":68.18},"branches":{"total":7,"covered":5,"skipped":0,"pct":71.42}}
,"D:\\Repositories\\starci-academy-backend\\.claude\\examples\\todo-app-backend\\src\\features\\todo\\graphql\\queries\\task\\task-counts\\task-counts.module-definition.ts": {"lines":{"total":12,"covered":12,"skipped":0,"pct":100},"functions":{"total":1,"covered":1,"skipped":0,"pct":100},"statements":{"total":12,"covered":12,"skipped":0,"pct":100},"branches":{"total":3,"covered":3,"skipped":0,"pct":100}}
,"D:\\Repositories\\starci-academy-backend\\.claude\\examples\\todo-app-backend\\src\\features\\todo\\graphql\\queries\\task\\task-counts\\task-counts.module.ts": {"lines":{"total":19,"covered":16,"skipped":0,"pct":84.21},"functions":{"total":2,"covered":2,"skipped":0,"pct":100},"statements":{"total":19,"covered":16,"skipped":0,"pct":84.21},"branches":{"total":5,"covered":3,"skipped":0,"pct":60}}
,"D:\\Repositories\\starci-academy-backend\\.claude\\examples\\todo-app-backend\\src\\features\\todo\\graphql\\queries\\task\\task-counts\\task-counts.resolver.ts": {"lines":{"total":53,"covered":48,"skipped":0,"pct":90.56},"functions":{"total":4,"covered":4,"skipped":0,"pct":100},"statements":{"total":53,"covered":48,"skipped":0,"pct":90.56},"branches":{"total":12,"covered":10,"skipped":0,"pct":83.33}}
,"D:\\Repositories\\starci-academy-backend\\.claude\\examples\\todo-app-backend\\src\\features\\todo\\graphql\\queries\\task\\task-counts\\graphql-types\\response.ts": {"lines":{"total":21,"covered":17,"skipped":0,"pct":80.95},"functions":{"total":3,"covered":3,"skipped":0,"pct":100},"statements":{"total":21,"covered":17,"skipped":0,"pct":80.95},"branches":{"total":10,"covered":7,"skipped":0,"pct":70}}
,"D:\\Repositories\\starci-academy-backend\\.claude\\examples\\todo-app-backend\\src\\features\\todo\\http\\health\\health.controller.ts": {"lines":{"total":34,"covered":33,"skipped":0,"pct":97.05},"functions":{"total":3,"covered":3,"skipped":0,"pct":100},"statements":{"total":34,"covered":33,"skipped":0,"pct":97.05},"branches":{"total":10,"covered":8,"skipped":0,"pct":80}}
,"D:\\Repositories\\starci-academy-backend\\.claude\\examples\\todo-app-backend\\src\\features\\todo\\http\\health\\health.module-definition.ts": {"lines":{"total":12,"covered":0,"skipped":0,"pct":0},"functions":{"total":1,"covered":0,"skipped":0,"pct":0},"statements":{"total":12,"covered":0,"skipped":0,"pct":0},"branches":{"total":1,"covered":0,"skipped":0,"pct":0}}
,"D:\\Repositories\\starci-academy-backend\\.claude\\examples\\todo-app-backend\\src\\features\\todo\\http\\health\\health.module.ts": {"lines":{"total":22,"covered":0,"skipped":0,"pct":0},"functions":{"total":1,"covered":0,"skipped":0,"pct":0},"statements":{"total":22,"covered":0,"skipped":0,"pct":0},"branches":{"total":1,"covered":0,"skipped":0,"pct":0}}
,"D:\\Repositories\\starci-academy-backend\\.claude\\examples\\todo-app-backend\\src\\features\\todo\\http\\health\\probes\\probes-exception.filter.ts": {"lines":{"total":34,"covered":29,"skipped":0,"pct":85.29},"functions":{"total":3,"covered":2,"skipped":0,"pct":66.66},"statements":{"total":34,"covered":29,"skipped":0,"pct":85.29},"branches":{"total":7,"covered":3,"skipped":0,"pct":42.85}}
,"D:\\Repositories\\starci-academy-backend\\.claude\\examples\\todo-app-backend\\src\\features\\todo\\http\\health\\probes\\probes.controller.ts": {"lines":{"total":58,"covered":53,"skipped":0,"pct":91.37},"functions":{"total":3,"covered":3,"skipped":0,"pct":100},"statements":{"total":58,"covered":53,"skipped":0,"pct":91.37},"branches":{"total":10,"covered":8,"skipped":0,"pct":80}}
,"D:\\Repositories\\starci-academy-backend\\.claude\\examples\\todo-app-backend\\src\\features\\todo\\http\\health\\probes\\probes.module-definition.ts": {"lines":{"total":12,"covered":0,"skipped":0,"pct":0},"functions":{"total":1,"covered":0,"skipped":0,"pct":0},"statements":{"total":12,"covered":0,"skipped":0,"pct":0},"branches":{"total":1,"covered":0,"skipped":0,"pct":0}}
,"D:\\Repositories\\starci-academy-backend\\.claude\\examples\\todo-app-backend\\src\\features\\todo\\http\\health\\probes\\probes.module.ts": {"lines":{"total":22,"covered":0,"skipped":0,"pct":0},"functions":{"total":1,"covered":0,"skipped":0,"pct":0},"statements":{"total":22,"covered":0,"skipped":0,"pct":0},"branches":{"total":1,"covered":0,"skipped":0,"pct":0}}
,"D:\\Repositories\\starci-academy-backend\\.claude\\examples\\todo-app-backend\\src\\features\\todo\\http\\upload\\upload-exception.filter.ts": {"lines":{"total":45,"covered":0,"skipped":0,"pct":0},"functions":{"total":1,"covered":0,"skipped":0,"pct":0},"statements":{"total":45,"covered":0,"skipped":0,"pct":0},"branches":{"total":1,"covered":0,"skipped":0,"pct":0}}
,"D:\\Repositories\\starci-academy-backend\\.claude\\examples\\todo-app-backend\\src\\features\\todo\\http\\upload\\upload.controller.ts": {"lines":{"total":183,"covered":0,"skipped":0,"pct":0},"functions":{"total":1,"covered":0,"skipped":0,"pct":0},"statements":{"total":183,"covered":0,"skipped":0,"pct":0},"branches":{"total":1,"covered":0,"skipped":0,"pct":0}}
,"D:\\Repositories\\starci-academy-backend\\.claude\\examples\\todo-app-backend\\src\\features\\todo\\http\\upload\\upload.module-definition.ts": {"lines":{"total":12,"covered":0,"skipped":0,"pct":0},"functions":{"total":1,"covered":0,"skipped":0,"pct":0},"statements":{"total":12,"covered":0,"skipped":0,"pct":0},"branches":{"total":1,"covered":0,"skipped":0,"pct":0}}
,"D:\\Repositories\\starci-academy-backend\\.claude\\examples\\todo-app-backend\\src\\features\\todo\\http\\upload\\upload.module.ts": {"lines":{"total":57,"covered":0,"skipped":0,"pct":0},"functions":{"total":1,"covered":0,"skipped":0,"pct":0},"statements":{"total":57,"covered":0,"skipped":0,"pct":0},"branches":{"total":1,"covered":0,"skipped":0,"pct":0}}
,"D:\\Repositories\\starci-academy-backend\\.claude\\examples\\todo-app-backend\\src\\features\\todo\\http\\webhooks\\sepay\\sepay-webhook.controller.ts": {"lines":{"total":72,"covered":69,"skipped":0,"pct":95.83},"functions":{"total":6,"covered":6,"skipped":0,"pct":100},"statements":{"total":72,"covered":69,"skipped":0,"pct":95.83},"branches":{"total":16,"covered":14,"skipped":0,"pct":87.5}}
,"D:\\Repositories\\starci-academy-backend\\.claude\\examples\\todo-app-backend\\src\\features\\todo\\http\\webhooks\\sepay\\sepay-webhook.module-definition.ts": {"lines":{"total":12,"covered":0,"skipped":0,"pct":0},"functions":{"total":1,"covered":0,"skipped":0,"pct":0},"statements":{"total":12,"covered":0,"skipped":0,"pct":0},"branches":{"total":1,"covered":0,"skipped":0,"pct":0}}
,"D:\\Repositories\\starci-academy-backend\\.claude\\examples\\todo-app-backend\\src\\features\\todo\\http\\webhooks\\sepay\\sepay-webhook.module.ts": {"lines":{"total":36,"covered":0,"skipped":0,"pct":0},"functions":{"total":1,"covered":0,"skipped":0,"pct":0},"statements":{"total":36,"covered":0,"skipped":0,"pct":0},"branches":{"total":1,"covered":0,"skipped":0,"pct":0}}
,"D:\\Repositories\\starci-academy-backend\\.claude\\examples\\todo-app-backend\\src\\modules\\bussiness\\audit\\append-log-line.command.ts": {"lines":{"total":17,"covered":17,"skipped":0,"pct":100},"functions":{"total":2,"covered":2,"skipped":0,"pct":100},"statements":{"total":17,"covered":17,"skipped":0,"pct":100},"branches":{"total":3,"covered":3,"skipped":0,"pct":100}}
,"D:\\Repositories\\starci-academy-backend\\.claude\\examples\\todo-app-backend\\src\\modules\\bussiness\\audit\\append-log-line.handler.ts": {"lines":{"total":37,"covered":33,"skipped":0,"pct":89.18},"functions":{"total":3,"covered":3,"skipped":0,"pct":100},"statements":{"total":37,"covered":33,"skipped":0,"pct":89.18},"branches":{"total":8,"covered":4,"skipped":0,"pct":50}}
,"D:\\Repositories\\starci-academy-backend\\.claude\\examples\\todo-app-backend\\src\\modules\\bussiness\\audit\\audit-erasure.service.ts": {"lines":{"total":210,"covered":203,"skipped":0,"pct":96.66},"functions":{"total":14,"covered":14,"skipped":0,"pct":100},"statements":{"total":210,"covered":203,"skipped":0,"pct":96.66},"branches":{"total":40,"covered":33,"skipped":0,"pct":82.5}}
,"D:\\Repositories\\starci-academy-backend\\.claude\\examples\\todo-app-backend\\src\\modules\\bussiness\\audit\\audit-event.subscriber.ts": {"lines":{"total":79,"covered":69,"skipped":0,"pct":87.34},"functions":{"total":8,"covered":8,"skipped":0,"pct":100},"statements":{"total":79,"covered":69,"skipped":0,"pct":87.34},"branches":{"total":18,"covered":14,"skipped":0,"pct":77.77}}
,"D:\\Repositories\\starci-academy-backend\\.claude\\examples\\todo-app-backend\\src\\modules\\bussiness\\audit\\audit-keystore.service.ts": {"lines":{"total":132,"covered":124,"skipped":0,"pct":93.93},"functions":{"total":11,"covered":11,"skipped":0,"pct":100},"statements":{"total":132,"covered":124,"skipped":0,"pct":93.93},"branches":{"total":23,"covered":19,"skipped":0,"pct":82.6}}
,"D:\\Repositories\\starci-academy-backend\\.claude\\examples\\todo-app-backend\\src\\modules\\bussiness\\audit\\audit-log.handler.ts": {"lines":{"total":58,"covered":53,"skipped":0,"pct":91.37},"functions":{"total":5,"covered":5,"skipped":0,"pct":100},"statements":{"total":58,"covered":53,"skipped":0,"pct":91.37},"branches":{"total":10,"covered":6,"skipped":0,"pct":60}}
,"D:\\Repositories\\starci-academy-backend\\.claude\\examples\\todo-app-backend\\src\\modules\\bussiness\\audit\\audit-log.query.ts": {"lines":{"total":57,"covered":57,"skipped":0,"pct":100},"functions":{"total":3,"covered":3,"skipped":0,"pct":100},"statements":{"total":57,"covered":57,"skipped":0,"pct":100},"branches":{"total":5,"covered":5,"skipped":0,"pct":100}}
,"D:\\Repositories\\starci-academy-backend\\.claude\\examples\\todo-app-backend\\src\\modules\\bussiness\\audit\\audit-log.service.ts": {"lines":{"total":232,"covered":224,"skipped":0,"pct":96.55},"functions":{"total":15,"covered":15,"skipped":0,"pct":100},"statements":{"total":232,"covered":224,"skipped":0,"pct":96.55},"branches":{"total":41,"covered":37,"skipped":0,"pct":90.24}}
,"D:\\Repositories\\starci-academy-backend\\.claude\\examples\\todo-app-backend\\src\\modules\\bussiness\\audit\\audit-operator-read.ts": {"lines":{"total":90,"covered":90,"skipped":0,"pct":100},"functions":{"total":6,"covered":6,"skipped":0,"pct":100},"statements":{"total":90,"covered":90,"skipped":0,"pct":100},"branches":{"total":12,"covered":12,"skipped":0,"pct":100}}
,"D:\\Repositories\\starci-academy-backend\\.claude\\examples\\todo-app-backend\\src\\modules\\bussiness\\audit\\audit-operator.guard.ts": {"lines":{"total":47,"covered":45,"skipped":0,"pct":95.74},"functions":{"total":4,"covered":2,"skipped":0,"pct":50},"statements":{"total":47,"covered":45,"skipped":0,"pct":95.74},"branches":{"total":7,"covered":3,"skipped":0,"pct":42.85}}
,"D:\\Repositories\\starci-academy-backend\\.claude\\examples\\todo-app-backend\\src\\modules\\bussiness\\audit\\audit-operator.service.ts": {"lines":{"total":62,"covered":62,"skipped":0,"pct":100},"functions":{"total":6,"covered":6,"skipped":0,"pct":100},"statements":{"total":62,"covered":62,"skipped":0,"pct":100},"branches":{"total":13,"covered":9,"skipped":0,"pct":69.23}}
,"D:\\Repositories\\starci-academy-backend\\.claude\\examples\\todo-app-backend\\src\\modules\\bussiness\\audit\\audit.module-definition.ts": {"lines":{"total":13,"covered":0,"skipped":0,"pct":0},"functions":{"total":1,"covered":0,"skipped":0,"pct":0},"statements":{"total":13,"covered":0,"skipped":0,"pct":0},"branches":{"total":1,"covered":0,"skipped":0,"pct":0}}
,"D:\\Repositories\\starci-academy-backend\\.claude\\examples\\todo-app-backend\\src\\modules\\bussiness\\audit\\audit.module.ts": {"lines":{"total":85,"covered":0,"skipped":0,"pct":0},"functions":{"total":1,"covered":0,"skipped":0,"pct":0},"statements":{"total":85,"covered":0,"skipped":0,"pct":0},"branches":{"total":1,"covered":0,"skipped":0,"pct":0}}
,"D:\\Repositories\\starci-academy-backend\\.claude\\examples\\todo-app-backend\\src\\modules\\bussiness\\audit\\complete-erasure.command.ts": {"lines":{"total":18,"covered":18,"skipped":0,"pct":100},"functions":{"total":2,"covered":2,"skipped":0,"pct":100},"statements":{"total":18,"covered":18,"skipped":0,"pct":100},"branches":{"total":3,"covered":3,"skipped":0,"pct":100}}
,"D:\\Repositories\\starci-academy-backend\\.claude\\examples\\todo-app-backend\\src\\modules\\bussiness\\audit\\complete-erasure.handler.ts": {"lines":{"total":36,"covered":32,"skipped":0,"pct":88.88},"functions":{"total":3,"covered":3,"skipped":0,"pct":100},"statements":{"total":36,"covered":32,"skipped":0,"pct":88.88},"branches":{"total":8,"covered":4,"skipped":0,"pct":50}}
,"D:\\Repositories\\starci-academy-backend\\.claude\\examples\\todo-app-backend\\src\\modules\\bussiness\\audit\\export-my-data.handler.ts": {"lines":{"total":39,"covered":35,"skipped":0,"pct":89.74},"functions":{"total":3,"covered":3,"skipped":0,"pct":100},"statements":{"total":39,"covered":35,"skipped":0,"pct":89.74},"branches":{"total":8,"covered":4,"skipped":0,"pct":50}}
,"D:\\Repositories\\starci-academy-backend\\.claude\\examples\\todo-app-backend\\src\\modules\\bussiness\\audit\\export-my-data.query.ts": {"lines":{"total":25,"covered":25,"skipped":0,"pct":100},"functions":{"total":2,"covered":2,"skipped":0,"pct":100},"statements":{"total":25,"covered":25,"skipped":0,"pct":100},"branches":{"total":3,"covered":3,"skipped":0,"pct":100}}
,"D:\\Repositories\\starci-academy-backend\\.claude\\examples\\todo-app-backend\\src\\modules\\bussiness\\audit\\request-erasure.command.ts": {"lines":{"total":15,"covered":15,"skipped":0,"pct":100},"functions":{"total":2,"covered":2,"skipped":0,"pct":100},"statements":{"total":15,"covered":15,"skipped":0,"pct":100},"branches":{"total":3,"covered":3,"skipped":0,"pct":100}}
,"D:\\Repositories\\starci-academy-backend\\.claude\\examples\\todo-app-backend\\src\\modules\\bussiness\\audit\\request-erasure.handler.ts": {"lines":{"total":34,"covered":30,"skipped":0,"pct":88.23},"functions":{"total":3,"covered":3,"skipped":0,"pct":100},"statements":{"total":34,"covered":30,"skipped":0,"pct":88.23},"branches":{"total":8,"covered":4,"skipped":0,"pct":50}}
,"D:\\Repositories\\starci-academy-backend\\.claude\\examples\\todo-app-backend\\src\\modules\\bussiness\\audit\\testing\\fake-audit-entity-manager.ts": {"lines":{"total":100,"covered":100,"skipped":0,"pct":100},"functions":{"total":9,"covered":9,"skipped":0,"pct":100},"statements":{"total":100,"covered":100,"skipped":0,"pct":100},"branches":{"total":28,"covered":28,"skipped":0,"pct":100}}
,"D:\\Repositories\\starci-academy-backend\\.claude\\examples\\todo-app-backend\\src\\modules\\bussiness\\audit\\types\\audit-erasure-request-record.ts": {"lines":{"total":14,"covered":14,"skipped":0,"pct":100},"functions":{"total":2,"covered":2,"skipped":0,"pct":100},"statements":{"total":14,"covered":14,"skipped":0,"pct":100},"branches":{"total":3,"covered":3,"skipped":0,"pct":100}}
,"D:\\Repositories\\starci-academy-backend\\.claude\\examples\\todo-app-backend\\src\\modules\\bussiness\\audit\\types\\audit-log-line-record.ts": {"lines":{"total":17,"covered":17,"skipped":0,"pct":100},"functions":{"total":2,"covered":2,"skipped":0,"pct":100},"statements":{"total":17,"covered":17,"skipped":0,"pct":100},"branches":{"total":3,"covered":3,"skipped":0,"pct":100}}
,"D:\\Repositories\\starci-academy-backend\\.claude\\examples\\todo-app-backend\\src\\modules\\bussiness\\audit\\types\\resolved-audit-line.ts": {"lines":{"total":8,"covered":0,"skipped":0,"pct":0},"functions":{"total":1,"covered":0,"skipped":0,"pct":0},"statements":{"total":8,"covered":0,"skipped":0,"pct":0},"branches":{"total":1,"covered":0,"skipped":0,"pct":0}}
,"D:\\Repositories\\starci-academy-backend\\.claude\\examples\\todo-app-backend\\src\\modules\\bussiness\\notify\\dedupe.service.ts": {"lines":{"total":123,"covered":118,"skipped":0,"pct":95.93},"functions":{"total":10,"covered":10,"skipped":0,"pct":100},"statements":{"total":123,"covered":118,"skipped":0,"pct":95.93},"branches":{"total":23,"covered":19,"skipped":0,"pct":82.6}}
,"D:\\Repositories\\starci-academy-backend\\.claude\\examples\\todo-app-backend\\src\\modules\\bussiness\\notify\\delivery.service.ts": {"lines":{"total":210,"covered":207,"skipped":0,"pct":98.57},"functions":{"total":8,"covered":8,"skipped":0,"pct":100},"statements":{"total":210,"covered":207,"skipped":0,"pct":98.57},"branches":{"total":37,"covered":32,"skipped":0,"pct":86.48}}
,"D:\\Repositories\\starci-academy-backend\\.claude\\examples\\todo-app-backend\\src\\modules\\bussiness\\notify\\digest.service.ts": {"lines":{"total":120,"covered":104,"skipped":0,"pct":86.66},"functions":{"total":8,"covered":7,"skipped":0,"pct":87.5},"statements":{"total":120,"covered":104,"skipped":0,"pct":86.66},"branches":{"total":20,"covered":16,"skipped":0,"pct":80}}
,"D:\\Repositories\\starci-academy-backend\\.claude\\examples\\todo-app-backend\\src\\modules\\bussiness\\notify\\notification-preferences.handler.ts": {"lines":{"total":36,"covered":31,"skipped":0,"pct":86.11},"functions":{"total":3,"covered":3,"skipped":0,"pct":100},"statements":{"total":36,"covered":31,"skipped":0,"pct":86.11},"branches":{"total":8,"covered":4,"skipped":0,"pct":50}}
,"D:\\Repositories\\starci-academy-backend\\.claude\\examples\\todo-app-backend\\src\\modules\\bussiness\\notify\\notification-preferences.query.ts": {"lines":{"total":18,"covered":18,"skipped":0,"pct":100},"functions":{"total":2,"covered":2,"skipped":0,"pct":100},"statements":{"total":18,"covered":18,"skipped":0,"pct":100},"branches":{"total":3,"covered":3,"skipped":0,"pct":100}}
,"D:\\Repositories\\starci-academy-backend\\.claude\\examples\\todo-app-backend\\src\\modules\\bussiness\\notify\\notify-event.subscriber.ts": {"lines":{"total":76,"covered":71,"skipped":0,"pct":93.42},"functions":{"total":7,"covered":7,"skipped":0,"pct":100},"statements":{"total":76,"covered":71,"skipped":0,"pct":93.42},"branches":{"total":15,"covered":11,"skipped":0,"pct":73.33}}
,"D:\\Repositories\\starci-academy-backend\\.claude\\examples\\todo-app-backend\\src\\modules\\bussiness\\notify\\notify.module-definition.ts": {"lines":{"total":13,"covered":0,"skipped":0,"pct":0},"functions":{"total":1,"covered":0,"skipped":0,"pct":0},"statements":{"total":13,"covered":0,"skipped":0,"pct":0},"branches":{"total":1,"covered":0,"skipped":0,"pct":0}}
,"D:\\Repositories\\starci-academy-backend\\.claude\\examples\\todo-app-backend\\src\\modules\\bussiness\\notify\\notify.module.ts": {"lines":{"total":88,"covered":0,"skipped":0,"pct":0},"functions":{"total":1,"covered":0,"skipped":0,"pct":0},"statements":{"total":88,"covered":0,"skipped":0,"pct":0},"branches":{"total":1,"covered":0,"skipped":0,"pct":0}}
,"D:\\Repositories\\starci-academy-backend\\.claude\\examples\\todo-app-backend\\src\\modules\\bussiness\\notify\\notify.scheduler.ts": {"lines":{"total":54,"covered":51,"skipped":0,"pct":94.44},"functions":{"total":5,"covered":5,"skipped":0,"pct":100},"statements":{"total":54,"covered":51,"skipped":0,"pct":94.44},"branches":{"total":11,"covered":7,"skipped":0,"pct":63.63}}
,"D:\\Repositories\\starci-academy-backend\\.claude\\examples\\todo-app-backend\\src\\modules\\bussiness\\notify\\notify.service.ts": {"lines":{"total":180,"covered":172,"skipped":0,"pct":95.55},"functions":{"total":11,"covered":11,"skipped":0,"pct":100},"statements":{"total":180,"covered":172,"skipped":0,"pct":95.55},"branches":{"total":37,"covered":31,"skipped":0,"pct":83.78}}
,"D:\\Repositories\\starci-academy-backend\\.claude\\examples\\todo-app-backend\\src\\modules\\bussiness\\notify\\preferences.service.ts": {"lines":{"total":95,"covered":88,"skipped":0,"pct":92.63},"functions":{"total":10,"covered":10,"skipped":0,"pct":100},"statements":{"total":95,"covered":88,"skipped":0,"pct":92.63},"branches":{"total":19,"covered":15,"skipped":0,"pct":78.94}}
,"D:\\Repositories\\starci-academy-backend\\.claude\\examples\\todo-app-backend\\src\\modules\\bussiness\\notify\\unsubscribe.command.ts": {"lines":{"total":19,"covered":19,"skipped":0,"pct":100},"functions":{"total":2,"covered":2,"skipped":0,"pct":100},"statements":{"total":19,"covered":19,"skipped":0,"pct":100},"branches":{"total":3,"covered":3,"skipped":0,"pct":100}}
,"D:\\Repositories\\starci-academy-backend\\.claude\\examples\\todo-app-backend\\src\\modules\\bussiness\\notify\\unsubscribe.handler.ts": {"lines":{"total":39,"covered":37,"skipped":0,"pct":94.87},"functions":{"total":3,"covered":3,"skipped":0,"pct":100},"statements":{"total":39,"covered":37,"skipped":0,"pct":94.87},"branches":{"total":8,"covered":4,"skipped":0,"pct":50}}
,"D:\\Repositories\\starci-academy-backend\\.claude\\examples\\todo-app-backend\\src\\modules\\bussiness\\notify\\update-notification-preferences.command.ts": {"lines":{"total":20,"covered":20,"skipped":0,"pct":100},"functions":{"total":2,"covered":2,"skipped":0,"pct":100},"statements":{"total":20,"covered":20,"skipped":0,"pct":100},"branches":{"total":3,"covered":3,"skipped":0,"pct":100}}
,"D:\\Repositories\\starci-academy-backend\\.claude\\examples\\todo-app-backend\\src\\modules\\bussiness\\notify\\update-notification-preferences.handler.ts": {"lines":{"total":42,"covered":37,"skipped":0,"pct":88.09},"functions":{"total":5,"covered":5,"skipped":0,"pct":100},"statements":{"total":42,"covered":37,"skipped":0,"pct":88.09},"branches":{"total":10,"covered":6,"skipped":0,"pct":60}}
,"D:\\Repositories\\starci-academy-backend\\.claude\\examples\\todo-app-backend\\src\\modules\\bussiness\\notify\\testing\\fake-notify-entity-manager.ts": {"lines":{"total":84,"covered":84,"skipped":0,"pct":100},"functions":{"total":10,"covered":10,"skipped":0,"pct":100},"statements":{"total":84,"covered":84,"skipped":0,"pct":100},"branches":{"total":33,"covered":31,"skipped":0,"pct":93.93}}
,"D:\\Repositories\\starci-academy-backend\\.claude\\examples\\todo-app-backend\\src\\modules\\bussiness\\notify\\types\\delivery-attempt-record.ts": {"lines":{"total":24,"covered":24,"skipped":0,"pct":100},"functions":{"total":2,"covered":2,"skipped":0,"pct":100},"statements":{"total":24,"covered":24,"skipped":0,"pct":100},"branches":{"total":3,"covered":3,"skipped":0,"pct":100}}
,"D:\\Repositories\\starci-academy-backend\\.claude\\examples\\todo-app-backend\\src\\modules\\bussiness\\notify\\types\\digest-window-record.ts": {"lines":{"total":12,"covered":8,"skipped":0,"pct":66.66},"functions":{"total":2,"covered":1,"skipped":0,"pct":50},"statements":{"total":12,"covered":8,"skipped":0,"pct":66.66},"branches":{"total":2,"covered":2,"skipped":0,"pct":100}}
,"D:\\Repositories\\starci-academy-backend\\.claude\\examples\\todo-app-backend\\src\\modules\\bussiness\\notify\\types\\notification-record.ts": {"lines":{"total":11,"covered":11,"skipped":0,"pct":100},"functions":{"total":2,"covered":2,"skipped":0,"pct":100},"statements":{"total":11,"covered":11,"skipped":0,"pct":100},"branches":{"total":3,"covered":3,"skipped":0,"pct":100}}
,"D:\\Repositories\\starci-academy-backend\\.claude\\examples\\todo-app-backend\\src\\modules\\bussiness\\notify\\types\\preference-patch.ts": {"lines":{"total":9,"covered":0,"skipped":0,"pct":0},"functions":{"total":1,"covered":0,"skipped":0,"pct":0},"statements":{"total":9,"covered":0,"skipped":0,"pct":0},"branches":{"total":1,"covered":0,"skipped":0,"pct":0}}
,"D:\\Repositories\\starci-academy-backend\\.claude\\examples\\todo-app-backend\\src\\modules\\bussiness\\notify\\types\\preference-record.ts": {"lines":{"total":9,"covered":9,"skipped":0,"pct":100},"functions":{"total":2,"covered":2,"skipped":0,"pct":100},"statements":{"total":9,"covered":9,"skipped":0,"pct":100},"branches":{"total":3,"covered":3,"skipped":0,"pct":100}}
,"D:\\Repositories\\starci-academy-backend\\.claude\\examples\\todo-app-backend\\src\\modules\\bussiness\\plan\\cap-guard.policy.ts": {"lines":{"total":64,"covered":62,"skipped":0,"pct":96.87},"functions":{"total":5,"covered":5,"skipped":0,"pct":100},"statements":{"total":64,"covered":62,"skipped":0,"pct":96.87},"branches":{"total":14,"covered":10,"skipped":0,"pct":71.42}}
,"D:\\Repositories\\starci-academy-backend\\.claude\\examples\\todo-app-backend\\src\\modules\\bussiness\\plan\\confirm-payment.command.ts": {"lines":{"total":24,"covered":24,"skipped":0,"pct":100},"functions":{"total":2,"covered":2,"skipped":0,"pct":100},"statements":{"total":24,"covered":24,"skipped":0,"pct":100},"branches":{"total":3,"covered":3,"skipped":0,"pct":100}}
,"D:\\Repositories\\starci-academy-backend\\.claude\\examples\\todo-app-backend\\src\\modules\\bussiness\\plan\\confirm-payment.handler.ts": {"lines":{"total":100,"covered":93,"skipped":0,"pct":93},"functions":{"total":7,"covered":7,"skipped":0,"pct":100},"statements":{"total":100,"covered":93,"skipped":0,"pct":93},"branches":{"total":21,"covered":17,"skipped":0,"pct":80.95}}
,"D:\\Repositories\\starci-academy-backend\\.claude\\examples\\todo-app-backend\\src\\modules\\bussiness\\plan\\downgrade-plan.command.ts": {"lines":{"total":17,"covered":17,"skipped":0,"pct":100},"functions":{"total":2,"covered":2,"skipped":0,"pct":100},"statements":{"total":17,"covered":17,"skipped":0,"pct":100},"branches":{"total":3,"covered":3,"skipped":0,"pct":100}}
,"D:\\Repositories\\starci-academy-backend\\.claude\\examples\\todo-app-backend\\src\\modules\\bussiness\\plan\\downgrade-plan.handler.ts": {"lines":{"total":40,"covered":38,"skipped":0,"pct":95},"functions":{"total":3,"covered":3,"skipped":0,"pct":100},"statements":{"total":40,"covered":38,"skipped":0,"pct":95},"branches":{"total":8,"covered":4,"skipped":0,"pct":50}}
,"D:\\Repositories\\starci-academy-backend\\.claude\\examples\\todo-app-backend\\src\\modules\\bussiness\\plan\\payment.service.ts": {"lines":{"total":120,"covered":115,"skipped":0,"pct":95.83},"functions":{"total":11,"covered":11,"skipped":0,"pct":100},"statements":{"total":120,"covered":115,"skipped":0,"pct":95.83},"branches":{"total":23,"covered":19,"skipped":0,"pct":82.6}}
,"D:\\Repositories\\starci-academy-backend\\.claude\\examples\\todo-app-backend\\src\\modules\\bussiness\\plan\\plan-usage.handler.ts": {"lines":{"total":46,"covered":41,"skipped":0,"pct":89.13},"functions":{"total":3,"covered":3,"skipped":0,"pct":100},"statements":{"total":46,"covered":41,"skipped":0,"pct":89.13},"branches":{"total":8,"covered":4,"skipped":0,"pct":50}}
,"D:\\Repositories\\starci-academy-backend\\.claude\\examples\\todo-app-backend\\src\\modules\\bussiness\\plan\\plan-usage.query.ts": {"lines":{"total":17,"covered":17,"skipped":0,"pct":100},"functions":{"total":2,"covered":2,"skipped":0,"pct":100},"statements":{"total":17,"covered":17,"skipped":0,"pct":100},"branches":{"total":3,"covered":3,"skipped":0,"pct":100}}
,"D:\\Repositories\\starci-academy-backend\\.claude\\examples\\todo-app-backend\\src\\modules\\bussiness\\plan\\plan.module-definition.ts": {"lines":{"total":13,"covered":0,"skipped":0,"pct":0},"functions":{"total":1,"covered":0,"skipped":0,"pct":0},"statements":{"total":13,"covered":0,"skipped":0,"pct":0},"branches":{"total":1,"covered":0,"skipped":0,"pct":0}}
,"D:\\Repositories\\starci-academy-backend\\.claude\\examples\\todo-app-backend\\src\\modules\\bussiness\\plan\\plan.module.ts": {"lines":{"total":98,"covered":0,"skipped":0,"pct":0},"functions":{"total":1,"covered":0,"skipped":0,"pct":0},"statements":{"total":98,"covered":0,"skipped":0,"pct":0},"branches":{"total":1,"covered":0,"skipped":0,"pct":0}}
,"D:\\Repositories\\starci-academy-backend\\.claude\\examples\\todo-app-backend\\src\\modules\\bussiness\\plan\\reconcile-payment.command.ts": {"lines":{"total":24,"covered":24,"skipped":0,"pct":100},"functions":{"total":2,"covered":2,"skipped":0,"pct":100},"statements":{"total":24,"covered":24,"skipped":0,"pct":100},"branches":{"total":3,"covered":3,"skipped":0,"pct":100}}
,"D:\\Repositories\\starci-academy-backend\\.claude\\examples\\todo-app-backend\\src\\modules\\bussiness\\plan\\reconcile-payment.handler.ts": {"lines":{"total":92,"covered":83,"skipped":0,"pct":90.21},"functions":{"total":5,"covered":5,"skipped":0,"pct":100},"statements":{"total":92,"covered":83,"skipped":0,"pct":90.21},"branches":{"total":16,"covered":12,"skipped":0,"pct":75}}
,"D:\\Repositories\\starci-academy-backend\\.claude\\examples\\todo-app-backend\\src\\modules\\bussiness\\plan\\subscription.service.ts": {"lines":{"total":180,"covered":174,"skipped":0,"pct":96.66},"functions":{"total":17,"covered":17,"skipped":0,"pct":100},"statements":{"total":180,"covered":174,"skipped":0,"pct":96.66},"branches":{"total":32,"covered":28,"skipped":0,"pct":87.5}}
,"D:\\Repositories\\starci-academy-backend\\.claude\\examples\\todo-app-backend\\src\\modules\\bussiness\\plan\\upgrade-plan.command.ts": {"lines":{"total":18,"covered":18,"skipped":0,"pct":100},"functions":{"total":2,"covered":2,"skipped":0,"pct":100},"statements":{"total":18,"covered":18,"skipped":0,"pct":100},"branches":{"total":3,"covered":3,"skipped":0,"pct":100}}
,"D:\\Repositories\\starci-academy-backend\\.claude\\examples\\todo-app-backend\\src\\modules\\bussiness\\plan\\upgrade-plan.handler.ts": {"lines":{"total":74,"covered":65,"skipped":0,"pct":87.83},"functions":{"total":5,"covered":5,"skipped":0,"pct":100},"statements":{"total":74,"covered":65,"skipped":0,"pct":87.83},"branches":{"total":10,"covered":6,"skipped":0,"pct":60}}
,"D:\\Repositories\\starci-academy-backend\\.claude\\examples\\todo-app-backend\\src\\modules\\bussiness\\plan\\testing\\fake-plan-entity-manager.ts": {"lines":{"total":53,"covered":52,"skipped":0,"pct":98.11},"functions":{"total":8,"covered":7,"skipped":0,"pct":87.5},"statements":{"total":53,"covered":52,"skipped":0,"pct":98.11},"branches":{"total":19,"covered":18,"skipped":0,"pct":94.73}}
,"D:\\Repositories\\starci-academy-backend\\.claude\\examples\\todo-app-backend\\src\\modules\\bussiness\\plan\\types\\payment-intent-record.ts": {"lines":{"total":19,"covered":19,"skipped":0,"pct":100},"functions":{"total":2,"covered":2,"skipped":0,"pct":100},"statements":{"total":19,"covered":19,"skipped":0,"pct":100},"branches":{"total":3,"covered":3,"skipped":0,"pct":100}}
[...]
,"D:\\Repositories\\starci-academy-backend\\.claude\\examples\\todo-app-backend\\src\\modules\\platform\\observability\\metrics.service.ts": {"lines":{"total":76,"covered":74,"skipped":0,"pct":97.36},"functions":{"total":6,"covered":6,"skipped":0,"pct":100},"statements":{"total":76,"covered":74,"skipped":0,"pct":97.36},"branches":{"total":15,"covered":11,"skipped":0,"pct":73.33}}
,"D:\\Repositories\\starci-academy-backend\\.claude\\examples\\todo-app-backend\\src\\modules\\platform\\observability\\observability.middleware.ts": {"lines":{"total":82,"covered":74,"skipped":0,"pct":90.24},"functions":{"total":5,"covered":5,"skipped":0,"pct":100},"statements":{"total":82,"covered":74,"skipped":0,"pct":90.24},"branches":{"total":13,"covered":8,"skipped":0,"pct":61.53}}
,"D:\\Repositories\\starci-academy-backend\\.claude\\examples\\todo-app-backend\\src\\modules\\platform\\observability\\observability.module-definition.ts": {"lines":{"total":12,"covered":0,"skipped":0,"pct":0},"functions":{"total":1,"covered":0,"skipped":0,"pct":0},"statements":{"total":12,"covered":0,"skipped":0,"pct":0},"branches":{"total":1,"covered":0,"skipped":0,"pct":0}}
,"D:\\Repositories\\starci-academy-backend\\.claude\\examples\\todo-app-backend\\src\\modules\\platform\\observability\\observability.module.ts": {"lines":{"total":48,"covered":0,"skipped":0,"pct":0},"functions":{"total":1,"covered":0,"skipped":0,"pct":0},"statements":{"total":48,"covered":0,"skipped":0,"pct":0},"branches":{"total":1,"covered":0,"skipped":0,"pct":0}}
,"D:\\Repositories\\starci-academy-backend\\.claude\\examples\\todo-app-backend\\src\\modules\\platform\\observability\\request-context.ts": {"lines":{"total":29,"covered":29,"skipped":0,"pct":100},"functions":{"total":3,"covered":3,"skipped":0,"pct":100},"statements":{"total":29,"covered":29,"skipped":0,"pct":100},"branches":{"total":5,"covered":5,"skipped":0,"pct":100}}
,"D:\\Repositories\\starci-academy-backend\\.claude\\examples\\todo-app-backend\\src\\modules\\shared\\exceptions\\errors\\abstract.ts": {"lines":{"total":54,"covered":54,"skipped":0,"pct":100},"functions":{"total":4,"covered":4,"skipped":0,"pct":100},"statements":{"total":54,"covered":54,"skipped":0,"pct":100},"branches":{"total":5,"covered":5,"skipped":0,"pct":100}}
,"D:\\Repositories\\starci-academy-backend\\.claude\\examples\\todo-app-backend\\src\\modules\\shared\\exceptions\\errors\\audit\\audit-operator-role-not-authorized.ts": {"lines":{"total":24,"covered":24,"skipped":0,"pct":100},"functions":{"total":2,"covered":2,"skipped":0,"pct":100},"statements":{"total":24,"covered":24,"skipped":0,"pct":100},"branches":{"total":3,"covered":3,"skipped":0,"pct":100}}
,"D:\\Repositories\\starci-academy-backend\\.claude\\examples\\todo-app-backend\\src\\modules\\shared\\exceptions\\errors\\audit\\erasure-not-confirmed.ts": {"lines":{"total":29,"covered":29,"skipped":0,"pct":100},"functions":{"total":2,"covered":2,"skipped":0,"pct":100},"statements":{"total":29,"covered":29,"skipped":0,"pct":100},"branches":{"total":3,"covered":3,"skipped":0,"pct":100}}
,"D:\\Repositories\\starci-academy-backend\\.claude\\examples\\todo-app-backend\\src\\modules\\shared\\exceptions\\errors\\audit\\erasure-request-forbidden.ts": {"lines":{"total":23,"covered":23,"skipped":0,"pct":100},"functions":{"total":2,"covered":2,"skipped":0,"pct":100},"statements":{"total":23,"covered":23,"skipped":0,"pct":100},"branches":{"total":3,"covered":3,"skipped":0,"pct":100}}
,"D:\\Repositories\\starci-academy-backend\\.claude\\examples\\todo-app-backend\\src\\modules\\shared\\exceptions\\errors\\audit\\erasure-request-invalid-state.ts": {"lines":{"total":32,"covered":32,"skipped":0,"pct":100},"functions":{"total":2,"covered":2,"skipped":0,"pct":100},"statements":{"total":32,"covered":32,"skipped":0,"pct":100},"branches":{"total":3,"covered":3,"skipped":0,"pct":100}}
,"D:\\Repositories\\starci-academy-backend\\.claude\\examples\\todo-app-backend\\src\\modules\\shared\\exceptions\\errors\\audit\\erasure-request-not-found.ts": {"lines":{"total":24,"covered":24,"skipped":0,"pct":100},"functions":{"total":2,"covered":2,"skipped":0,"pct":100},"statements":{"total":24,"covered":24,"skipped":0,"pct":100},"branches":{"total":3,"covered":3,"skipped":0,"pct":100}}
,"D:\\Repositories\\starci-academy-backend\\.claude\\examples\\todo-app-backend\\src\\modules\\shared\\exceptions\\errors\\keycloak\\keycloak-invalid-credentials.ts": {"lines":{"total":24,"covered":24,"skipped":0,"pct":100},"functions":{"total":2,"covered":2,"skipped":0,"pct":100},"statements":{"total":24,"covered":24,"skipped":0,"pct":100},"branches":{"total":3,"covered":3,"skipped":0,"pct":100}}
,"D:\\Repositories\\starci-academy-backend\\.claude\\examples\\todo-app-backend\\src\\modules\\shared\\exceptions\\errors\\keycloak\\keycloak-unavailable.ts": {"lines":{"total":23,"covered":23,"skipped":0,"pct":100},"functions":{"total":2,"covered":2,"skipped":0,"pct":100},"statements":{"total":23,"covered":23,"skipped":0,"pct":100},"branches":{"total":3,"covered":3,"skipped":0,"pct":100}}
,"D:\\Repositories\\starci-academy-backend\\.claude\\examples\\todo-app-backend\\src\\modules\\shared\\exceptions\\errors\\notify\\notify-queue-protocol.ts": {"lines":{"total":27,"covered":27,"skipped":0,"pct":100},"functions":{"total":2,"covered":2,"skipped":0,"pct":100},"statements":{"total":27,"covered":27,"skipped":0,"pct":100},"branches":{"total":4,"covered":3,"skipped":0,"pct":75}}
,"D:\\Repositories\\starci-academy-backend\\.claude\\examples\\todo-app-backend\\src\\modules\\shared\\exceptions\\errors\\notify\\notify-smtp-permanent-rejection.ts": {"lines":{"total":31,"covered":31,"skipped":0,"pct":100},"functions":{"total":2,"covered":2,"skipped":0,"pct":100},"statements":{"total":31,"covered":31,"skipped":0,"pct":100},"branches":{"total":3,"covered":3,"skipped":0,"pct":100}}
,"D:\\Repositories\\starci-academy-backend\\.claude\\examples\\todo-app-backend\\src\\modules\\shared\\exceptions\\errors\\notify\\notify-smtp-transient-failure.ts": {"lines":{"total":32,"covered":32,"skipped":0,"pct":100},"functions":{"total":2,"covered":2,"skipped":0,"pct":100},"statements":{"total":32,"covered":32,"skipped":0,"pct":100},"branches":{"total":3,"covered":3,"skipped":0,"pct":100}}
,"D:\\Repositories\\starci-academy-backend\\.claude\\examples\\todo-app-backend\\src\\modules\\shared\\exceptions\\errors\\plan\\plan-cap-exceeded.ts": {"lines":{"total":33,"covered":33,"skipped":0,"pct":100},"functions":{"total":2,"covered":2,"skipped":0,"pct":100},"statements":{"total":33,"covered":33,"skipped":0,"pct":100},"branches":{"total":5,"covered":5,"skipped":0,"pct":100}}
,"D:\\Repositories\\starci-academy-backend\\.claude\\examples\\todo-app-backend\\src\\modules\\shared\\exceptions\\errors\\plan\\plan-forbidden.ts": {"lines":{"total":31,"covered":31,"skipped":0,"pct":100},"functions":{"total":2,"covered":2,"skipped":0,"pct":100},"statements":{"total":31,"covered":31,"skipped":0,"pct":100},"branches":{"total":3,"covered":3,"skipped":0,"pct":100}}
,"D:\\Repositories\\starci-academy-backend\\.claude\\examples\\todo-app-backend\\src\\modules\\shared\\exceptions\\errors\\plan\\plan-payment-intent-not-found.ts": {"lines":{"total":28,"covered":28,"skipped":0,"pct":100},"functions":{"total":2,"covered":2,"skipped":0,"pct":100},"statements":{"total":28,"covered":28,"skipped":0,"pct":100},"branches":{"total":3,"covered":3,"skipped":0,"pct":100}}
,"D:\\Repositories\\starci-academy-backend\\.claude\\examples\\todo-app-backend\\src\\modules\\shared\\exceptions\\errors\\plan\\plan-subscription-not-found.ts": {"lines":{"total":28,"covered":28,"skipped":0,"pct":100},"functions":{"total":2,"covered":2,"skipped":0,"pct":100},"statements":{"total":28,"covered":28,"skipped":0,"pct":100},"branches":{"total":3,"covered":3,"skipped":0,"pct":100}}
,"D:\\Repositories\\starci-academy-backend\\.claude\\examples\\todo-app-backend\\src\\modules\\shared\\exceptions\\errors\\plan\\plan-webhook-unauthorized.ts": {"lines":{"total":26,"covered":26,"skipped":0,"pct":100},"functions":{"total":2,"covered":2,"skipped":0,"pct":100},"statements":{"total":26,"covered":26,"skipped":0,"pct":100},"branches":{"total":3,"covered":3,"skipped":0,"pct":100}}
,"D:\\Repositories\\starci-academy-backend\\.claude\\examples\\todo-app-backend\\src\\modules\\shared\\exceptions\\errors\\postgres\\postgres-primary-unavailable.ts": {"lines":{"total":23,"covered":23,"skipped":0,"pct":100},"functions":{"total":2,"covered":2,"skipped":0,"pct":100},"statements":{"total":23,"covered":23,"skipped":0,"pct":100},"branches":{"total":3,"covered":3,"skipped":0,"pct":100}}
,"D:\\Repositories\\starci-academy-backend\\.claude\\examples\\todo-app-backend\\src\\modules\\shared\\exceptions\\errors\\recur\\occurrence-forbidden.ts": {"lines":{"total":26,"covered":26,"skipped":0,"pct":100},"functions":{"total":2,"covered":2,"skipped":0,"pct":100},"statements":{"total":26,"covered":26,"skipped":0,"pct":100},"branches":{"total":3,"covered":3,"skipped":0,"pct":100}}
,"D:\\Repositories\\starci-academy-backend\\.claude\\examples\\todo-app-backend\\src\\modules\\shared\\exceptions\\errors\\recur\\occurrence-not-found.ts": {"lines":{"total":24,"covered":24,"skipped":0,"pct":100},"functions":{"total":2,"covered":2,"skipped":0,"pct":100},"statements":{"total":24,"covered":24,"skipped":0,"pct":100},"branches":{"total":3,"covered":3,"skipped":0,"pct":100}}
,"D:\\Repositories\\starci-academy-backend\\.claude\\examples\\todo-app-backend\\src\\modules\\shared\\exceptions\\errors\\recur\\rule-forbidden.ts": {"lines":{"total":26,"covered":26,"skipped":0,"pct":100},"functions":{"total":2,"covered":2,"skipped":0,"pct":100},"statements":{"total":26,"covered":26,"skipped":0,"pct":100},"branches":{"total":3,"covered":3,"skipped":0,"pct":100}}
,"D:\\Repositories\\starci-academy-backend\\.claude\\examples\\todo-app-backend\\src\\modules\\shared\\exceptions\\errors\\recur\\rule-invalid.ts": {"lines":{"total":30,"covered":30,"skipped":0,"pct":100},"functions":{"total":2,"covered":2,"skipped":0,"pct":100},"statements":{"total":30,"covered":30,"skipped":0,"pct":100},"branches":{"total":3,"covered":3,"skipped":0,"pct":100}}
,"D:\\Repositories\\starci-academy-backend\\.claude\\examples\\todo-app-backend\\src\\modules\\shared\\exceptions\\errors\\recur\\rule-not-found.ts": {"lines":{"total":24,"covered":24,"skipped":0,"pct":100},"functions":{"total":2,"covered":2,"skipped":0,"pct":100},"statements":{"total":24,"covered":24,"skipped":0,"pct":100},"branches":{"total":3,"covered":3,"skipped":0,"pct":100}}
,"D:\\Repositories\\starci-academy-backend\\.claude\\examples\\todo-app-backend\\src\\modules\\shared\\exceptions\\errors\\sepay\\sepay-request-failed.ts": {"lines":{"total":27,"covered":27,"skipped":0,"pct":100},"functions":{"total":2,"covered":2,"skipped":0,"pct":100},"statements":{"total":27,"covered":27,"skipped":0,"pct":100},"branches":{"total":4,"covered":4,"skipped":0,"pct":100}}
,"D:\\Repositories\\starci-academy-backend\\.claude\\examples\\todo-app-backend\\src\\modules\\shared\\exceptions\\errors\\session\\invalid-credentials.ts": {"lines":{"total":24,"covered":24,"skipped":0,"pct":100},"functions":{"total":2,"covered":2,"skipped":0,"pct":100},"statements":{"total":24,"covered":24,"skipped":0,"pct":100},"branches":{"total":3,"covered":3,"skipped":0,"pct":100}}
,"D:\\Repositories\\starci-academy-backend\\.claude\\examples\\todo-app-backend\\src\\modules\\shared\\exceptions\\errors\\session\\session-expired.ts": {"lines":{"total":19,"covered":19,"skipped":0,"pct":100},"functions":{"total":2,"covered":2,"skipped":0,"pct":100},"statements":{"total":19,"covered":19,"skipped":0,"pct":100},"branches":{"total":3,"covered":3,"skipped":0,"pct":100}}
,"D:\\Repositories\\starci-academy-backend\\.claude\\examples\\todo-app-backend\\src\\modules\\shared\\exceptions\\errors\\session\\session-not-found.ts": {"lines":{"total":19,"covered":19,"skipped":0,"pct":100},"functions":{"total":2,"covered":2,"skipped":0,"pct":100},"statements":{"total":19,"covered":19,"skipped":0,"pct":100},"branches":{"total":3,"covered":3,"skipped":0,"pct":100}}
,"D:\\Repositories\\starci-academy-backend\\.claude\\examples\\todo-app-backend\\src\\modules\\shared\\exceptions\\errors\\share\\email-mismatch.ts": {"lines":{"total":23,"covered":23,"skipped":0,"pct":100},"functions":{"total":2,"covered":2,"skipped":0,"pct":100},"statements":{"total":23,"covered":23,"skipped":0,"pct":100},"branches":{"total":3,"covered":3,"skipped":0,"pct":100}}
,"D:\\Repositories\\starci-academy-backend\\.claude\\examples\\todo-app-backend\\src\\modules\\shared\\exceptions\\errors\\share\\forbidden.ts": {"lines":{"total":25,"covered":25,"skipped":0,"pct":100},"functions":{"total":2,"covered":2,"skipped":0,"pct":100},"statements":{"total":25,"covered":25,"skipped":0,"pct":100},"branches":{"total":3,"covered":3,"skipped":0,"pct":100}}
,"D:\\Repositories\\starci-academy-backend\\.claude\\examples\\todo-app-backend\\src\\modules\\shared\\exceptions\\errors\\share\\invalid-email.ts": {"lines":{"total":24,"covered":24,"skipped":0,"pct":100},"functions":{"total":2,"covered":2,"skipped":0,"pct":100},"statements":{"total":24,"covered":24,"skipped":0,"pct":100},"branches":{"total":3,"covered":3,"skipped":0,"pct":100}}
,"D:\\Repositories\\starci-academy-backend\\.claude\\examples\\todo-app-backend\\src\\modules\\shared\\exceptions\\errors\\share\\invalid-role.ts": {"lines":{"total":25,"covered":25,"skipped":0,"pct":100},"functions":{"total":2,"covered":2,"skipped":0,"pct":100},"statements":{"total":25,"covered":25,"skipped":0,"pct":100},"branches":{"total":3,"covered":3,"skipped":0,"pct":100}}
,"D:\\Repositories\\starci-academy-backend\\.claude\\examples\\todo-app-backend\\src\\modules\\shared\\exceptions\\errors\\share\\invitation-already-closed.ts": {"lines":{"total":24,"covered":24,"skipped":0,"pct":100},"functions":{"total":2,"covered":2,"skipped":0,"pct":100},"statements":{"total":24,"covered":24,"skipped":0,"pct":100},"branches":{"total":3,"covered":3,"skipped":0,"pct":100}}
,"D:\\Repositories\\starci-academy-backend\\.claude\\examples\\todo-app-backend\\src\\modules\\shared\\exceptions\\errors\\share\\invitation-already-exists.ts": {"lines":{"total":28,"covered":28,"skipped":0,"pct":100},"functions":{"total":2,"covered":2,"skipped":0,"pct":100},"statements":{"total":28,"covered":28,"skipped":0,"pct":100},"branches":{"total":3,"covered":3,"skipped":0,"pct":100}}
,"D:\\Repositories\\starci-academy-backend\\.claude\\examples\\todo-app-backend\\src\\modules\\shared\\exceptions\\errors\\share\\invitation-expired.ts": {"lines":{"total":23,"covered":23,"skipped":0,"pct":100},"functions":{"total":2,"covered":2,"skipped":0,"pct":100},"statements":{"total":23,"covered":23,"skipped":0,"pct":100},"branches":{"total":3,"covered":3,"skipped":0,"pct":100}}
,"D:\\Repositories\\starci-academy-backend\\.claude\\examples\\todo-app-backend\\src\\modules\\shared\\exceptions\\errors\\share\\invitation-not-found.ts": {"lines":{"total":24,"covered":24,"skipped":0,"pct":100},"functions":{"total":2,"covered":2,"skipped":0,"pct":100},"statements":{"total":24,"covered":24,"skipped":0,"pct":100},"branches":{"total":3,"covered":3,"skipped":0,"pct":100}}
,"D:\\Repositories\\starci-academy-backend\\.claude\\examples\\todo-app-backend\\src\\modules\\shared\\exceptions\\errors\\share\\invitation-revoked.ts": {"lines":{"total":23,"covered":23,"skipped":0,"pct":100},"functions":{"total":2,"covered":2,"skipped":0,"pct":100},"statements":{"total":23,"covered":23,"skipped":0,"pct":100},"branches":{"total":3,"covered":3,"skipped":0,"pct":100}}
,"D:\\Repositories\\starci-academy-backend\\.claude\\examples\\todo-app-backend\\src\\modules\\shared\\exceptions\\errors\\task\\task-forbidden.ts": {"lines":{"total":26,"covered":26,"skipped":0,"pct":100},"functions":{"total":2,"covered":2,"skipped":0,"pct":100},"statements":{"total":26,"covered":26,"skipped":0,"pct":100},"branches":{"total":3,"covered":3,"skipped":0,"pct":100}}
,"D:\\Repositories\\starci-academy-backend\\.claude\\examples\\todo-app-backend\\src\\modules\\shared\\exceptions\\errors\\task\\task-not-found.ts": {"lines":{"total":24,"covered":24,"skipped":0,"pct":100},"functions":{"total":2,"covered":2,"skipped":0,"pct":100},"statements":{"total":24,"covered":24,"skipped":0,"pct":100},"branches":{"total":3,"covered":3,"skipped":0,"pct":100}}
,"D:\\Repositories\\starci-academy-backend\\.claude\\examples\\todo-app-backend\\src\\modules\\shared\\exceptions\\errors\\task\\task-title-required.ts": {"lines":{"total":19,"covered":19,"skipped":0,"pct":100},"functions":{"total":2,"covered":2,"skipped":0,"pct":100},"statements":{"total":19,"covered":19,"skipped":0,"pct":100},"branches":{"total":3,"covered":3,"skipped":0,"pct":100}}
,"D:\\Repositories\\starci-academy-backend\\.claude\\examples\\todo-app-backend\\src\\modules\\shared\\exceptions\\errors\\upload\\upload-forbidden.ts": {"lines":{"total":26,"covered":26,"skipped":0,"pct":100},"functions":{"total":2,"covered":2,"skipped":0,"pct":100},"statements":{"total":26,"covered":26,"skipped":0,"pct":100},"branches":{"total":3,"covered":3,"skipped":0,"pct":100}}
,"D:\\Repositories\\starci-academy-backend\\.claude\\examples\\todo-app-backend\\src\\modules\\shared\\exceptions\\errors\\upload\\upload-mime-not-allowed.ts": {"lines":{"total":24,"covered":24,"skipped":0,"pct":100},"functions":{"total":2,"covered":2,"skipped":0,"pct":100},"statements":{"total":24,"covered":24,"skipped":0,"pct":100},"branches":{"total":3,"covered":3,"skipped":0,"pct":100}}
,"D:\\Repositories\\starci-academy-backend\\.claude\\examples\\todo-app-backend\\src\\modules\\shared\\exceptions\\errors\\upload\\upload-not-found.ts": {"lines":{"total":24,"covered":24,"skipped":0,"pct":100},"functions":{"total":2,"covered":2,"skipped":0,"pct":100},"statements":{"total":24,"covered":24,"skipped":0,"pct":100},"branches":{"total":3,"covered":3,"skipped":0,"pct":100}}
,"D:\\Repositories\\starci-academy-backend\\.claude\\examples\\todo-app-backend\\src\\modules\\shared\\exceptions\\errors\\upload\\upload-not-ready.ts": {"lines":{"total":24,"covered":24,"skipped":0,"pct":100},"functions":{"total":2,"covered":2,"skipped":0,"pct":100},"statements":{"total":24,"covered":24,"skipped":0,"pct":100},"branches":{"total":3,"covered":3,"skipped":0,"pct":100}}
,"D:\\Repositories\\starci-academy-backend\\.claude\\examples\\todo-app-backend\\src\\modules\\shared\\exceptions\\errors\\upload\\upload-scan-rejected.ts": {"lines":{"total":26,"covered":26,"skipped":0,"pct":100},"functions":{"total":2,"covered":2,"skipped":0,"pct":100},"statements":{"total":26,"covered":26,"skipped":0,"pct":100},"branches":{"total":3,"covered":3,"skipped":0,"pct":100}}
,"D:\\Repositories\\starci-academy-backend\\.claude\\examples\\todo-app-backend\\src\\modules\\shared\\exceptions\\errors\\upload\\upload-storage-unavailable.ts": {"lines":{"total":23,"covered":23,"skipped":0,"pct":100},"functions":{"total":2,"covered":2,"skipped":0,"pct":100},"statements":{"total":23,"covered":23,"skipped":0,"pct":100},"branches":{"total":3,"covered":3,"skipped":0,"pct":100}}
,"D:\\Repositories\\starci-academy-backend\\.claude\\examples\\todo-app-backend\\src\\modules\\shared\\exceptions\\errors\\upload\\upload-token-invalid.ts": {"lines":{"total":26,"covered":26,"skipped":0,"pct":100},"functions":{"total":2,"covered":2,"skipped":0,"pct":100},"statements":{"total":26,"covered":26,"skipped":0,"pct":100},"branches":{"total":3,"covered":3,"skipped":0,"pct":100}}
,"D:\\Repositories\\starci-academy-backend\\.claude\\examples\\todo-app-backend\\src\\modules\\shared\\exceptions\\errors\\upload\\upload-too-large.ts": {"lines":{"total":26,"covered":26,"skipped":0,"pct":100},"functions":{"total":2,"covered":2,"skipped":0,"pct":100},"statements":{"total":26,"covered":26,"skipped":0,"pct":100},"branches":{"total":3,"covered":3,"skipped":0,"pct":100}}
}
