TN:
SF:src\app.module.ts
FN:2,(anonymous_0)
FNF:1
FNH:0
FNDA:0,(anonymous_0)
DA:2,0
DA:3,0
DA:4,0
DA:5,0
DA:6,0
DA:8,0
DA:9,0
DA:10,0
DA:11,0
DA:12,0
DA:13,0
DA:14,0
DA:15,0
DA:16,0
DA:17,0
DA:18,0
DA:19,0
DA:20,0
DA:21,0
DA:22,0
DA:23,0
DA:37,0
DA:39,0
DA:40,0
LF:24
LH:0
BRDA:2,0,0,0
BRDA:2,0,1,0
BRDA:2,0,2,0
BRDA:3,1,0,0
BRDA:3,1,1,0
BRDA:3,2,0,0
BRDA:3,2,1,0
BRDA:4,3,0,0
BRDA:4,3,1,0
BRDA:4,4,0,0
BRDA:4,4,1,0
BRDA:5,5,0,0
BRDA:5,5,1,0
BRDA:5,6,0,0
BRDA:5,6,1,0
BRDA:5,7,0,0
BRDA:5,7,1,0
BRDA:5,8,0,0
BRDA:5,8,1,0
BRDA:6,9,0,0
BRDA:6,9,1,0
BRDA:6,9,2,0
BRF:22
BRH:0
end_of_record
TN:
SF:src\features\todo\graphql\graphql.module.ts
FN:2,(anonymous_0)
FN:37,(anonymous_1)
FN:38,(anonymous_2)
FNF:3
FNH:3
FNDA:1,(anonymous_0)
FNDA:14,(anonymous_1)
FNDA:5,(anonymous_2)
DA:2,1
DA:3,1
DA:4,1
DA:5,0
DA:6,1
DA:8,1
DA:9,1
DA:10,1
DA:11,1
DA:12,1
DA:13,1
DA:14,1
DA:15,1
DA:24,1
DA:26,1
DA:27,1
DA:37,14
DA:39,5
DA:40,5
DA:41,5
DA:43,0
LF:21
LH:19
BRDA:2,0,0,1
BRDA:2,0,1,1
BRDA:2,0,2,1
BRDA:3,1,0,1
BRDA:3,1,1,0
BRDA:3,2,0,0
BRDA:3,2,1,0
BRDA:4,3,0,1
BRDA:4,3,1,0
BRDA:4,4,0,1
BRDA:4,4,1,1
BRDA:5,5,0,0
BRDA:5,5,1,0
BRDA:5,6,0,0
BRDA:5,6,1,0
BRDA:5,7,0,0
BRDA:5,7,1,0
BRDA:5,8,0,0
BRDA:5,8,1,0
BRDA:6,9,0,1
BRDA:6,9,1,0
BRDA:6,9,2,0
BRDA:40,10,0,5
BRDA:40,10,1,0
BRF:24
BRH:9
end_of_record
TN:
SF:src\features\todo\graphql\session-actor.adapter.ts
FN:5,(anonymous_0)
FN:12,(anonymous_1)
FNF:2
FNH:2
FNDA:137,(anonymous_0)
FNDA:137,(anonymous_1)
DA:2,26
DA:3,26
DA:4,26
DA:5,26
DA:6,137
DA:7,137
DA:8,20
DA:9,117
DA:10,117
DA:12,26
DA:13,137
DA:14,137
DA:15,89
DA:17,26
LF:14
LH:14
BRDA:6,0,0,1
BRDA:6,0,1,136
BRDA:7,1,0,20
BRDA:7,1,1,117
BRDA:10,2,0,115
BRDA:10,2,1,2
BRF:6
BRH:6
end_of_record
TN:
SF:src\features\todo\graphql\mutations\index.ts
FNF:0
FNH:0
DA:2,1
DA:3,1
DA:4,1
DA:5,1
DA:6,1
DA:7,1
DA:8,1
DA:9,1
DA:10,1
DA:11,1
DA:12,1
DA:13,1
DA:14,1
DA:15,1
DA:16,1
DA:17,1
DA:18,1
DA:19,1
DA:20,1
DA:21,1
DA:22,1
DA:25,1
LF:22
LH:22
BRF:0
BRH:0
end_of_record
TN:
SF:src\features\todo\graphql\mutations\audit\complete-erasure\complete-erasure.module-definition.ts
FN:6,(anonymous_0)
FNF:1
FNH:1
FNDA:1,(anonymous_0)
DA:3,1
DA:4,1
DA:5,1
DA:6,1
LF:4
LH:4
BRF:0
BRH:0
end_of_record
TN:
SF:src\features\todo\graphql\mutations\audit\complete-erasure\complete-erasure.module.ts
FN:2,(anonymous_0)
FNF:1
FNH:1
FNDA:1,(anonymous_0)
DA:2,1
DA:3,1
DA:4,1
DA:5,0
DA:6,1
DA:8,1
DA:9,1
DA:10,1
DA:11,1
DA:12,1
DA:13,1
DA:14,1
DA:16,1
DA:17,1
LF:14
LH:13
BRDA:2,0,0,1
BRDA:2,0,1,1
BRDA:2,0,2,1
BRDA:3,1,0,1
BRDA:3,1,1,0
BRDA:3,2,0,0
BRDA:3,2,1,0
BRDA:4,3,0,1
BRDA:4,3,1,0
BRDA:4,4,0,1
BRDA:4,4,1,1
BRDA:5,5,0,0
BRDA:5,5,1,0
BRDA:5,6,0,0
BRDA:5,6,1,0
BRDA:5,7,0,0
BRDA:5,7,1,0
BRDA:5,8,0,0
BRDA:5,8,1,0
BRDA:6,9,0,1
BRDA:6,9,1,0
BRDA:6,9,2,0
BRF:22
BRH:8
end_of_record
TN:
SF:src\features\todo\graphql\mutations\audit\complete-erasure\complete-erasure.resolver.ts
FN:2,(anonymous_0)
FN:8,(anonymous_1)
FN:11,(anonymous_2)
FN:12,(anonymous_3)
FN:27,(anonymous_4)
FN:31,(anonymous_5)
FN:39,(anonymous_6)
FN:41,(anonymous_7)
FNF:8
FNH:8
FNDA:4,(anonymous_0)
FNDA:8,(anonymous_1)
FNDA:4,(anonymous_2)
FNDA:4,(anonymous_3)
FNDA:6,(anonymous_4)
FNDA:6,(anonymous_5)
FNDA:2,(anonymous_6)
FNDA:1,(anonymous_7)
DA:2,2
DA:3,4
DA:4,4
DA:5,0
DA:6,4
DA:8,2
DA:9,8
DA:11,2
DA:12,4
DA:14,2
DA:15,2
DA:16,2
DA:17,2
DA:18,2
DA:19,2
DA:20,2
DA:21,2
DA:26,2
DA:28,6
DA:29,6
DA:32,6
DA:33,4
DA:34,1
DA:37,2
DA:38,2
DA:39,2
DA:41,1
DA:46,2
LF:28
LH:27
BRDA:2,0,0,2
BRDA:2,0,1,2
BRDA:2,0,2,2
BRDA:3,1,0,2
BRDA:3,1,1,2
BRDA:3,2,0,2
BRDA:3,2,1,0
BRDA:4,3,0,4
BRDA:4,3,1,0
BRDA:4,4,0,4
BRDA:4,4,1,4
BRDA:5,5,0,0
BRDA:5,5,1,0
BRDA:5,6,0,0
BRDA:5,6,1,0
BRDA:5,7,0,0
BRDA:5,7,1,0
BRDA:5,8,0,0
BRDA:5,8,1,0
BRDA:6,9,0,4
BRDA:6,9,1,2
BRDA:6,9,2,2
BRDA:8,10,0,2
BRDA:8,10,1,2
BRDA:8,10,2,2
BRDA:9,11,0,8
BRDA:9,11,1,0
BRDA:9,12,0,8
BRDA:9,12,1,8
BRDA:11,13,0,2
BRDA:11,13,1,2
BRDA:11,13,2,2
BRF:32
BRH:21
end_of_record
TN:
SF:src\features\todo\graphql\mutations\audit\complete-erasure\graphql-types\response.ts
FN:2,(anonymous_0)
FN:8,(anonymous_1)
FN:15,(anonymous_2)
FN:22,(anonymous_3)
FNF:4
FNH:4
FNDA:6,(anonymous_0)
FNDA:6,(anonymous_1)
FNDA:1,(anonymous_2)
FNDA:3,(anonymous_3)
DA:2,2
DA:3,6
DA:4,6
DA:5,0
DA:6,6
DA:8,2
DA:9,6
DA:11,2
DA:12,2
DA:13,2
DA:14,2
DA:16,1
DA:17,1
DA:20,2
DA:21,2
DA:22,3
DA:25,2
DA:29,2
LF:18
LH:17
BRDA:2,0,0,2
BRDA:2,0,1,2
BRDA:2,0,2,2
BRDA:3,1,0,2
BRDA:3,1,1,4
BRDA:3,2,0,0
BRDA:3,2,1,4
BRDA:4,3,0,6
BRDA:4,3,1,0
BRDA:4,4,0,6
BRDA:4,4,1,6
BRDA:5,5,0,0
BRDA:5,5,1,0
BRDA:5,6,0,0
BRDA:5,6,1,0
BRDA:5,7,0,0
BRDA:5,7,1,0
BRDA:5,8,0,0
BRDA:5,8,1,0
BRDA:6,9,0,6
BRDA:6,9,1,4
BRDA:6,9,2,0
BRDA:8,10,0,2
BRDA:8,10,1,2
BRDA:8,10,2,2
BRDA:9,11,0,6
BRDA:9,11,1,0
BRDA:9,12,0,6
BRDA:9,12,1,6
BRF:29
BRH:17
end_of_record
TN:
SF:src\features\todo\graphql\mutations\audit\request-erasure\request-erasure.module-definition.ts
FN:6,(anonymous_0)
FNF:1
FNH:1
FNDA:1,(anonymous_0)
DA:3,1
DA:4,1
DA:5,1
DA:6,1
LF:4
LH:4
BRF:0
BRH:0
end_of_record
TN:
SF:src\features\todo\graphql\mutations\audit\request-erasure\request-erasure.module.ts
FN:2,(anonymous_0)
FNF:1
FNH:1
FNDA:1,(anonymous_0)
DA:2,1
DA:3,1
DA:4,1
DA:5,0
DA:6,1
DA:8,1
DA:9,1
DA:10,1
DA:11,1
DA:12,1
DA:13,1
DA:16,1
DA:18,1
DA:19,1
LF:14
LH:13
BRDA:2,0,0,1
BRDA:2,0,1,1
BRDA:2,0,2,1
BRDA:3,1,0,1
BRDA:3,1,1,0
BRDA:3,2,0,0
BRDA:3,2,1,0
BRDA:4,3,0,1
BRDA:4,3,1,0
BRDA:4,4,0,1
BRDA:4,4,1,1
BRDA:5,5,0,0
BRDA:5,5,1,0
BRDA:5,6,0,0
BRDA:5,6,1,0
BRDA:5,7,0,0
BRDA:5,7,1,0
BRDA:5,8,0,0
BRDA:5,8,1,0
BRDA:6,9,0,1
BRDA:6,9,1,0
BRDA:6,9,2,0
BRF:22
BRH:8
end_of_record
TN:
SF:src\features\todo\graphql\mutations\audit\request-erasure\request-erasure.resolver.ts
FN:2,(anonymous_0)
FN:8,(anonymous_1)
FN:11,(anonymous_2)
FN:12,(anonymous_3)
FN:26,(anonymous_4)
FN:30,(anonymous_5)
FN:38,(anonymous_6)
FNF:7
FNH:7
FNDA:4,(anonymous_0)
FNDA:8,(anonymous_1)
FNDA:2,(anonymous_2)
FNDA:2,(anonymous_3)
FNDA:4,(anonymous_4)
FNDA:4,(anonymous_5)
FNDA:2,(anonymous_6)
DA:2,2
DA:3,4
DA:4,4
DA:5,0
DA:6,4
DA:8,2
DA:9,8
DA:11,2
DA:12,2
DA:14,2
DA:15,2
DA:16,2
DA:17,2
DA:18,2
DA:19,2
DA:20,2
DA:21,2
DA:25,2
DA:27,4
DA:28,4
DA:31,4
DA:32,2
DA:33,1
DA:36,2
DA:37,2
DA:38,2
DA:44,2
LF:27
LH:26
BRDA:2,0,0,2
BRDA:2,0,1,2
BRDA:2,0,2,2
BRDA:3,1,0,2
BRDA:3,1,1,2
BRDA:3,2,0,2
BRDA:3,2,1,0
BRDA:4,3,0,4
BRDA:4,3,1,0
BRDA:4,4,0,4
BRDA:4,4,1,4
BRDA:5,5,0,0
BRDA:5,5,1,0
BRDA:5,6,0,0
BRDA:5,6,1,0
BRDA:5,7,0,0
BRDA:5,7,1,0
BRDA:5,8,0,0
BRDA:5,8,1,0
BRDA:6,9,0,4
BRDA:6,9,1,2
BRDA:6,9,2,2
BRDA:8,10,0,2
BRDA:8,10,1,2
BRDA:8,10,2,2
BRDA:9,11,0,8
BRDA:9,11,1,0
BRDA:9,12,0,8
BRDA:9,12,1,8
BRDA:11,13,0,2
BRDA:11,13,1,2
BRDA:11,13,2,2
BRF:32
BRH:21
end_of_record
TN:
SF:src\features\todo\graphql\mutations\audit\request-erasure\graphql-types\response.ts
FN:2,(anonymous_0)
FN:8,(anonymous_1)
FN:15,(anonymous_2)
FN:22,(anonymous_3)
FNF:4
FNH:4
FNDA:6,(anonymous_0)
FNDA:6,(anonymous_1)
FNDA:1,(anonymous_2)
FNDA:3,(anonymous_3)
DA:2,2
DA:3,6
DA:4,6
DA:5,0
DA:6,6
DA:8,2
DA:9,6
DA:11,2
DA:12,2
DA:13,2
DA:14,2
DA:16,1
DA:17,1
DA:20,2
DA:21,2
DA:22,3
DA:25,2
DA:29,2
LF:18
LH:17
BRDA:2,0,0,2
BRDA:2,0,1,2
BRDA:2,0,2,2
BRDA:3,1,0,2
BRDA:3,1,1,4
BRDA:3,2,0,0
BRDA:3,2,1,4
BRDA:4,3,0,6
BRDA:4,3,1,0
BRDA:4,4,0,6
BRDA:4,4,1,6
BRDA:5,5,0,0
BRDA:5,5,1,0
BRDA:5,6,0,0
BRDA:5,6,1,0
BRDA:5,7,0,0
BRDA:5,7,1,0
BRDA:5,8,0,0
BRDA:5,8,1,0
BRDA:6,9,0,6
BRDA:6,9,1,4
BRDA:6,9,2,0
BRDA:8,10,0,2
BRDA:8,10,1,2
BRDA:8,10,2,2
BRDA:9,11,0,6
BRDA:9,11,1,0
BRDA:9,12,0,6
BRDA:9,12,1,6
BRF:29
BRH:17
end_of_record
TN:
SF:src\features\todo\graphql\mutations\notify\unsubscribe\unsubscribe.module-definition.ts
FN:6,(anonymous_0)
FNF:1
FNH:1
FNDA:1,(anonymous_0)
DA:3,1
DA:4,1
DA:5,1
DA:6,1
LF:4
LH:4
BRF:0
BRH:0
end_of_record
TN:
SF:src\features\todo\graphql\mutations\notify\unsubscribe\unsubscribe.module.ts
FN:2,(anonymous_0)
FNF:1
FNH:1
FNDA:1,(anonymous_0)
DA:2,1
DA:3,1
DA:4,1
DA:5,0
DA:6,1
DA:8,1
DA:9,1
DA:10,1
DA:11,1
DA:12,1
DA:13,1
DA:14,1
DA:16,1
DA:17,1
LF:14
LH:13
BRDA:2,0,0,1
BRDA:2,0,1,1
BRDA:2,0,2,1
BRDA:3,1,0,1
BRDA:3,1,1,0
BRDA:3,2,0,0
BRDA:3,2,1,0
BRDA:4,3,0,1
BRDA:4,3,1,0
BRDA:4,4,0,1
BRDA:4,4,1,1
BRDA:5,5,0,0
BRDA:5,5,1,0
BRDA:5,6,0,0
BRDA:5,6,1,0
BRDA:5,7,0,0
BRDA:5,7,1,0
BRDA:5,8,0,0
BRDA:5,8,1,0
BRDA:6,9,0,1
BRDA:6,9,1,0
BRDA:6,9,2,0
BRF:22
BRH:8
end_of_record
TN:
SF:src\features\todo\graphql\mutations\notify\unsubscribe\unsubscribe.resolver.ts
FN:2,(anonymous_0)
FN:8,(anonymous_1)
FN:11,(anonymous_2)
FN:12,(anonymous_3)
FN:24,(anonymous_4)
FN:28,(anonymous_5)
FN:36,(anonymous_6)
FNF:7
FNH:7
FNDA:4,(anonymous_0)
FNDA:8,(anonymous_1)
FNDA:4,(anonymous_2)
FNDA:4,(anonymous_3)
FNDA:4,(anonymous_4)
FNDA:4,(anonymous_5)
FNDA:2,(anonymous_6)
DA:2,2
DA:3,4
DA:4,4
DA:5,0
DA:6,4
DA:8,2
DA:9,8
DA:11,2
DA:12,4
DA:14,2
DA:15,2
DA:16,2
DA:17,2
DA:18,2
DA:19,2
DA:20,2
DA:21,2
DA:22,2
DA:23,2
DA:25,4
DA:26,4
DA:29,4
DA:30,2
DA:31,1
DA:34,2
DA:35,2
DA:36,2
DA:43,2
LF:28
LH:27
BRDA:2,0,0,2
BRDA:2,0,1,2
BRDA:2,0,2,2
BRDA:3,1,0,2
BRDA:3,1,1,2
BRDA:3,2,0,2
BRDA:3,2,1,0
BRDA:4,3,0,4
BRDA:4,3,1,0
BRDA:4,4,0,4
BRDA:4,4,1,4
BRDA:5,5,0,0
BRDA:5,5,1,0
BRDA:5,6,0,0
BRDA:5,6,1,0
BRDA:5,7,0,0
BRDA:5,7,1,0
BRDA:5,8,0,0
BRDA:5,8,1,0
BRDA:6,9,0,4
BRDA:6,9,1,2
BRDA:6,9,2,2
BRDA:8,10,0,2
BRDA:8,10,1,2
BRDA:8,10,2,2
BRDA:9,11,0,8
BRDA:9,11,1,0
BRDA:9,12,0,8
BRDA:9,12,1,8
BRDA:11,13,0,2
BRDA:11,13,1,2
BRDA:11,13,2,2
BRF:32
BRH:21
end_of_record
TN:
SF:src\features\todo\graphql\mutations\notify\unsubscribe\graphql-types\input.ts
FN:2,(anonymous_0)
FN:8,(anonymous_1)
FNF:2
FNH:2
FNDA:4,(anonymous_0)
FNDA:2,(anonymous_1)
DA:2,2
DA:3,4
DA:4,4
DA:5,0
DA:6,4
DA:8,2
DA:9,2
DA:11,2
DA:12,2
DA:13,2
DA:14,2
DA:15,2
DA:17,2
DA:18,2
DA:24,2
LF:15
LH:14
BRDA:2,0,0,2
BRDA:2,0,1,2
BRDA:2,0,2,2
BRDA:3,1,0,2
BRDA:3,1,1,2
BRDA:3,2,0,0
BRDA:3,2,1,2
BRDA:4,3,0,4
BRDA:4,3,1,0
BRDA:4,4,0,4
BRDA:4,4,1,4
BRDA:5,5,0,0
BRDA:5,5,1,0
BRDA:5,6,0,0
BRDA:5,6,1,0
BRDA:5,7,0,0
BRDA:5,7,1,0
BRDA:5,8,0,0
BRDA:5,8,1,0
BRDA:6,9,0,4
BRDA:6,9,1,2
BRDA:6,9,2,0
BRDA:8,10,0,2
BRDA:8,10,1,2
BRDA:8,10,2,2
BRDA:9,11,0,2
BRDA:9,11,1,0
BRDA:9,12,0,2
BRDA:9,12,1,2
BRF:29
BRH:17
end_of_record
TN:
SF:src\features\todo\graphql\mutations\notify\unsubscribe\graphql-types\response.ts
FN:2,(anonymous_0)
FN:8,(anonymous_1)
FN:15,(anonymous_2)
FNF:3
FNH:3
FNDA:6,(anonymous_0)
FNDA:6,(anonymous_1)
FNDA:1,(anonymous_2)
DA:2,2
DA:3,6
DA:4,6
DA:5,0
DA:6,6
DA:8,2
DA:9,6
DA:11,2
DA:12,2
DA:13,2
DA:14,2
DA:16,1
DA:17,1
DA:20,2
DA:21,2
DA:25,2
DA:29,2
LF:17
LH:16
BRDA:2,0,0,2
BRDA:2,0,1,2
BRDA:2,0,2,2
BRDA:3,1,0,2
BRDA:3,1,1,4
BRDA:3,2,0,0
BRDA:3,2,1,4
BRDA:4,3,0,6
BRDA:4,3,1,0
BRDA:4,4,0,6
BRDA:4,4,1,6
BRDA:5,5,0,0
BRDA:5,5,1,0
BRDA:5,6,0,0
BRDA:5,6,1,0
BRDA:5,7,0,0
BRDA:5,7,1,0
BRDA:5,8,0,0
BRDA:5,8,1,0
BRDA:6,9,0,6
BRDA:6,9,1,4
BRDA:6,9,2,0
BRDA:8,10,0,2
BRDA:8,10,1,2
BRDA:8,10,2,2
BRDA:9,11,0,6
BRDA:9,11,1,0
BRDA:9,12,0,6
BRDA:9,12,1,6
BRF:29
BRH:17
end_of_record
TN:
SF:src\features\todo\graphql\mutations\notify\update-notification-preferences\update-notification-preferences.module-definition.ts
FN:6,(anonymous_0)
FNF:1
FNH:1
FNDA:1,(anonymous_0)
DA:3,1
DA:4,1
DA:5,1
DA:6,1
LF:4
LH:4
BRF:0
BRH:0
end_of_record
TN:
SF:src\features\todo\graphql\mutations\notify\update-notification-preferences\update-notification-preferences.module.ts
FN:2,(anonymous_0)
FNF:1
FNH:1
FNDA:1,(anonymous_0)
DA:2,1
DA:3,1
DA:4,1
DA:5,0
DA:6,1
DA:8,1
DA:9,1
DA:10,1
DA:11,1
DA:12,1
DA:13,1
DA:16,1
DA:18,1
DA:19,1
LF:14
LH:13
BRDA:2,0,0,1
BRDA:2,0,1,1
BRDA:2,0,2,1
BRDA:3,1,0,1
BRDA:3,1,1,0
BRDA:3,2,0,0
BRDA:3,2,1,0
BRDA:4,3,0,1
BRDA:4,3,1,0
BRDA:4,4,0,1
BRDA:4,4,1,1
BRDA:5,5,0,0
BRDA:5,5,1,0
BRDA:5,6,0,0
BRDA:5,6,1,0
BRDA:5,7,0,0
BRDA:5,7,1,0
BRDA:5,8,0,0
BRDA:5,8,1,0
BRDA:6,9,0,1
BRDA:6,9,1,0
BRDA:6,9,2,0
BRF:22
BRH:8
end_of_record
TN:
SF:src\features\todo\graphql\mutations\notify\update-notification-preferences\update-notification-preferences.resolver.ts
FN:2,(anonymous_0)
FN:8,(anonymous_1)
FN:11,(anonymous_2)
FN:12,(anonymous_3)
FN:24,(anonymous_4)
FN:28,(anonymous_5)
FN:41,(anonymous_6)
FNF:7
FNH:7
FNDA:4,(anonymous_0)
FNDA:8,(anonymous_1)
FNDA:4,(anonymous_2)
FNDA:4,(anonymous_3)
FNDA:4,(anonymous_4)
FNDA:4,(anonymous_5)
FNDA:2,(anonymous_6)
DA:2,2
DA:3,4
DA:4,4
DA:5,0
DA:6,4
DA:8,2
DA:9,8
DA:11,2
DA:12,4
DA:14,2
DA:15,2
DA:16,2
DA:17,2
DA:18,2
DA:19,2
DA:20,2
DA:21,2
DA:22,2
DA:23,2
DA:25,4
DA:26,4
DA:29,4
DA:30,2
DA:36,2
DA:39,2
DA:40,2
DA:41,2
DA:51,2
LF:28
LH:27
BRDA:2,0,0,2
BRDA:2,0,1,2
BRDA:2,0,2,2
BRDA:3,1,0,2
BRDA:3,1,1,2
BRDA:3,2,0,2
BRDA:3,2,1,0
BRDA:4,3,0,4
BRDA:4,3,1,0
BRDA:4,4,0,4
BRDA:4,4,1,4
BRDA:5,5,0,0
BRDA:5,5,1,0
BRDA:5,6,0,0
BRDA:5,6,1,0
BRDA:5,7,0,0
BRDA:5,7,1,0
BRDA:5,8,0,0
BRDA:5,8,1,0
BRDA:6,9,0,4
BRDA:6,9,1,2
BRDA:6,9,2,2
BRDA:8,10,0,2
BRDA:8,10,1,2
BRDA:8,10,2,2
BRDA:9,11,0,8
BRDA:9,11,1,0
BRDA:9,12,0,8
BRDA:9,12,1,8
BRDA:11,13,0,2
BRDA:11,13,1,2
BRDA:11,13,2,2
BRF:32
BRH:21
end_of_record
TN:
SF:src\features\todo\graphql\mutations\notify\update-notification-preferences\graphql-types\input.ts
FN:2,(anonymous_0)
FN:8,(anonymous_1)
FN:31,(anonymous_2)
FNF:3
FNH:3
FNDA:8,(anonymous_0)
FNDA:6,(anonymous_1)
FNDA:1,(anonymous_2)
DA:2,2
DA:3,8
DA:4,8
DA:5,0
DA:6,8
DA:8,2
DA:9,6
DA:11,2
DA:12,2
DA:13,2
DA:14,2
DA:15,2
DA:17,2
DA:18,2
DA:24,2
DA:30,2
DA:31,1
DA:37,2
LF:18
LH:17
BRDA:2,0,0,2
BRDA:2,0,1,2
BRDA:2,0,2,2
BRDA:3,1,0,2
BRDA:3,1,1,6
BRDA:3,2,0,0
BRDA:3,2,1,6
BRDA:4,3,0,8
BRDA:4,3,1,0
BRDA:4,4,0,8
BRDA:4,4,1,8
BRDA:5,5,0,0
BRDA:5,5,1,0
BRDA:5,6,0,0
BRDA:5,6,1,0
BRDA:5,7,0,0
BRDA:5,7,1,0
BRDA:5,8,0,0
BRDA:5,8,1,0
BRDA:6,9,0,8
BRDA:6,9,1,6
BRDA:6,9,2,0
BRDA:8,10,0,2
BRDA:8,10,1,2
BRDA:8,10,2,2
BRDA:9,11,0,6
BRDA:9,11,1,0
BRDA:9,12,0,6
BRDA:9,12,1,6
BRF:29
BRH:17
end_of_record
TN:
SF:src\features\todo\graphql\mutations\notify\update-notification-preferences\graphql-types\response.ts
FN:2,(anonymous_0)
FN:8,(anonymous_1)
FN:15,(anonymous_2)
FN:31,(anonymous_3)
FNF:4
FNH:4
FNDA:8,(anonymous_0)
FNDA:8,(anonymous_1)
FNDA:2,(anonymous_2)
FNDA:3,(anonymous_3)
DA:2,2
DA:3,8
DA:4,8
DA:5,0
DA:6,8
DA:8,2
DA:9,8
DA:11,2
DA:12,2
DA:13,2
DA:14,2
DA:16,2
DA:17,2
DA:18,2
DA:21,2
DA:22,2
DA:26,2
DA:30,2
DA:31,3
DA:34,2
LF:20
LH:19
BRDA:2,0,0,2
BRDA:2,0,1,2
BRDA:2,0,2,2
BRDA:3,1,0,2
BRDA:3,1,1,6
BRDA:3,2,0,0
BRDA:3,2,1,6
BRDA:4,3,0,8
BRDA:4,3,1,0
BRDA:4,4,0,8
BRDA:4,4,1,8
BRDA:5,5,0,0
BRDA:5,5,1,0
BRDA:5,6,0,0
BRDA:5,6,1,0
BRDA:5,7,0,0
BRDA:5,7,1,0
BRDA:5,8,0,0
BRDA:5,8,1,0
BRDA:6,9,0,8
BRDA:6,9,1,6
BRDA:6,9,2,0
BRDA:8,10,0,2
BRDA:8,10,1,2
BRDA:8,10,2,2
BRDA:9,11,0,8
BRDA:9,11,1,0
BRDA:9,12,0,8
BRDA:9,12,1,8
BRF:29
BRH:17
end_of_record
TN:
SF:src\features\todo\graphql\mutations\plan\downgrade-plan\downgrade-plan.module-definition.ts
FN:6,(anonymous_0)
FNF:1
FNH:1
FNDA:1,(anonymous_0)
DA:3,1
DA:4,1
DA:5,1
DA:6,1
LF:4
LH:4
BRF:0
BRH:0
end_of_record
TN:
SF:src\features\todo\graphql\mutations\plan\downgrade-plan\downgrade-plan.module.ts
FN:2,(anonymous_0)
FNF:1
FNH:1
FNDA:1,(anonymous_0)
DA:2,1
DA:3,1
DA:4,1
DA:5,0
DA:6,1
DA:8,1
DA:9,1
DA:10,1
DA:11,1
DA:12,1
DA:13,1
DA:15,1
DA:17,1
DA:18,1
LF:14
LH:13
BRDA:2,0,0,1
BRDA:2,0,1,1
BRDA:2,0,2,1
BRDA:3,1,0,1
BRDA:3,1,1,0
BRDA:3,2,0,0
BRDA:3,2,1,0
BRDA:4,3,0,1
BRDA:4,3,1,0
BRDA:4,4,0,1
BRDA:4,4,1,1
BRDA:5,5,0,0
BRDA:5,5,1,0
BRDA:5,6,0,0
BRDA:5,6,1,0
BRDA:5,7,0,0
BRDA:5,7,1,0
BRDA:5,8,0,0
BRDA:5,8,1,0
BRDA:6,9,0,1
BRDA:6,9,1,0
BRDA:6,9,2,0
BRF:22
BRH:8
end_of_record
TN:
SF:src\features\todo\graphql\mutations\plan\downgrade-plan\downgrade-plan.resolver.ts
FN:2,(anonymous_0)
FN:8,(anonymous_1)
FN:11,(anonymous_2)
FN:12,(anonymous_3)
FN:23,(anonymous_4)
FN:27,(anonymous_5)
FN:35,(anonymous_6)
FNF:7
FNH:7
FNDA:4,(anonymous_0)
FNDA:8,(anonymous_1)
FNDA:2,(anonymous_2)
FNDA:2,(anonymous_3)
FNDA:5,(anonymous_4)
FNDA:4,(anonymous_5)
FNDA:2,(anonymous_6)
DA:2,2
DA:3,4
DA:4,4
DA:5,0
DA:6,4
DA:8,2
DA:9,8
DA:11,2
DA:12,2
DA:14,2
DA:15,2
DA:16,2
DA:17,2
DA:18,2
DA:19,2
DA:20,2
DA:21,2
DA:22,2
DA:24,5
DA:25,5
DA:28,4
DA:29,2
DA:30,1
DA:33,2
DA:34,2
DA:35,2
DA:41,2
LF:27
LH:26
BRDA:2,0,0,2
BRDA:2,0,1,2
BRDA:2,0,2,2
BRDA:3,1,0,2
BRDA:3,1,1,2
BRDA:3,2,0,2
BRDA:3,2,1,0
BRDA:4,3,0,4
BRDA:4,3,1,0
BRDA:4,4,0,4
BRDA:4,4,1,4
BRDA:5,5,0,0
BRDA:5,5,1,0
BRDA:5,6,0,0
BRDA:5,6,1,0
BRDA:5,7,0,0
BRDA:5,7,1,0
BRDA:5,8,0,0
BRDA:5,8,1,0
BRDA:6,9,0,4
BRDA:6,9,1,2
BRDA:6,9,2,2
BRDA:8,10,0,2
BRDA:8,10,1,2
BRDA:8,10,2,2
BRDA:9,11,0,8
BRDA:9,11,1,0
BRDA:9,12,0,8
BRDA:9,12,1,8
BRDA:11,13,0,2
BRDA:11,13,1,2
BRDA:11,13,2,2
BRF:32
BRH:21
end_of_record
TN:
SF:src\features\todo\graphql\mutations\plan\downgrade-plan\graphql-types\response.ts
FN:2,(anonymous_0)
FN:8,(anonymous_1)
FN:15,(anonymous_2)
FN:23,(anonymous_3)
FNF:4
FNH:4
FNDA:8,(anonymous_0)
FNDA:8,(anonymous_1)
FNDA:1,(anonymous_2)
FNDA:3,(anonymous_3)
DA:2,2
DA:3,8
DA:4,8
DA:5,0
DA:6,8
DA:8,2
DA:9,8
DA:11,2
DA:12,2
DA:13,2
DA:14,2
DA:16,1
DA:17,1
DA:18,1
DA:21,2
DA:22,2
DA:23,3
DA:26,2
DA:30,2
DA:34,2
LF:20
LH:19
BRDA:2,0,0,2
BRDA:2,0,1,2
BRDA:2,0,2,2
BRDA:3,1,0,2
BRDA:3,1,1,6
BRDA:3,2,0,0
BRDA:3,2,1,6
BRDA:4,3,0,8
BRDA:4,3,1,0
BRDA:4,4,0,8
BRDA:4,4,1,8
BRDA:5,5,0,0
BRDA:5,5,1,0
BRDA:5,6,0,0
BRDA:5,6,1,0
BRDA:5,7,0,0
BRDA:5,7,1,0
BRDA:5,8,0,0
BRDA:5,8,1,0
BRDA:6,9,0,8
BRDA:6,9,1,6
BRDA:6,9,2,0
BRDA:8,10,0,2
BRDA:8,10,1,2
BRDA:8,10,2,2
BRDA:9,11,0,8
BRDA:9,11,1,0
BRDA:9,12,0,8
BRDA:9,12,1,8
BRF:29
BRH:17
end_of_record
TN:
SF:src\features\todo\graphql\mutations\plan\reconcile-payment\reconcile-payment.module-definition.ts
FN:6,(anonymous_0)
FNF:1
FNH:1
FNDA:1,(anonymous_0)
DA:3,1
DA:4,1
DA:5,1
DA:6,1
LF:4
LH:4
BRF:0
BRH:0
end_of_record
TN:
SF:src\features\todo\graphql\mutations\plan\reconcile-payment\reconcile-payment.module.ts
FN:2,(anonymous_0)
FNF:1
FNH:1
FNDA:1,(anonymous_0)
DA:2,1
DA:3,1
DA:4,1
DA:5,0
DA:6,1
DA:8,1
DA:9,1
DA:10,1
DA:11,1
DA:12,1
DA:13,1
DA:15,1
DA:17,1
DA:18,1
LF:14
LH:13
BRDA:2,0,0,1
BRDA:2,0,1,1
BRDA:2,0,2,1
BRDA:3,1,0,1
BRDA:3,1,1,0
BRDA:3,2,0,0
BRDA:3,2,1,0
BRDA:4,3,0,1
BRDA:4,3,1,0
BRDA:4,4,0,1
BRDA:4,4,1,1
BRDA:5,5,0,0
BRDA:5,5,1,0
BRDA:5,6,0,0
BRDA:5,6,1,0
BRDA:5,7,0,0
BRDA:5,7,1,0
BRDA:5,8,0,0
BRDA:5,8,1,0
BRDA:6,9,0,1
BRDA:6,9,1,0
BRDA:6,9,2,0
BRF:22
BRH:8
end_of_record
TN:
SF:src\features\todo\graphql\mutations\plan\reconcile-payment\reconcile-payment.resolver.ts
FN:2,(anonymous_0)
FN:8,(anonymous_1)
FN:11,(anonymous_2)
FN:12,(anonymous_3)
FN:27,(anonymous_4)
FN:31,(anonymous_5)
FN:39,(anonymous_6)
FNF:7
FNH:7
FNDA:4,(anonymous_0)
FNDA:8,(anonymous_1)
FNDA:4,(anonymous_2)
FNDA:4,(anonymous_3)
FNDA:6,(anonymous_4)
FNDA:6,(anonymous_5)
FNDA:2,(anonymous_6)
DA:2,2
DA:3,4
DA:4,4
DA:5,0
DA:6,4
DA:8,2
DA:9,8
DA:11,2
DA:12,4
DA:14,2
DA:15,2
DA:16,2
DA:17,2
DA:18,2
DA:19,2
DA:20,2
DA:21,2
DA:22,2
DA:26,2
DA:28,6
DA:29,6
DA:32,6
DA:33,4
DA:34,2
DA:37,2
DA:38,2
DA:39,2
DA:46,2
LF:28
LH:27
BRDA:2,0,0,2
BRDA:2,0,1,2
BRDA:2,0,2,2
BRDA:3,1,0,2
BRDA:3,1,1,2
BRDA:3,2,0,2
BRDA:3,2,1,0
BRDA:4,3,0,4
BRDA:4,3,1,0
BRDA:4,4,0,4
BRDA:4,4,1,4
BRDA:5,5,0,0
BRDA:5,5,1,0
BRDA:5,6,0,0
BRDA:5,6,1,0
BRDA:5,7,0,0
BRDA:5,7,1,0
BRDA:5,8,0,0
BRDA:5,8,1,0
BRDA:6,9,0,4
BRDA:6,9,1,2
BRDA:6,9,2,2
BRDA:8,10,0,2
BRDA:8,10,1,2
BRDA:8,10,2,2
BRDA:9,11,0,8
BRDA:9,11,1,0
BRDA:9,12,0,8
BRDA:9,12,1,8
BRDA:11,13,0,2
BRDA:11,13,1,2
BRDA:11,13,2,2
BRF:32
BRH:21
end_of_record
TN:
SF:src\features\todo\graphql\mutations\plan\reconcile-payment\graphql-types\input.ts
FN:2,(anonymous_0)
FN:8,(anonymous_1)
FN:19,(anonymous_2)
FNF:3
FNH:3
FNDA:4,(anonymous_0)
FNDA:2,(anonymous_1)
FNDA:1,(anonymous_2)
DA:2,2
DA:3,4
DA:4,4
DA:5,0
DA:6,4
DA:8,2
DA:9,2
DA:11,2
DA:12,2
DA:13,2
DA:14,2
DA:15,2
DA:17,2
DA:18,2
DA:19,1
DA:24,2
LF:16
LH:15
BRDA:2,0,0,2
BRDA:2,0,1,2
BRDA:2,0,2,2
BRDA:3,1,0,2
BRDA:3,1,1,2
BRDA:3,2,0,0
BRDA:3,2,1,2
BRDA:4,3,0,4
BRDA:4,3,1,0
BRDA:4,4,0,4
BRDA:4,4,1,4
BRDA:5,5,0,0
BRDA:5,5,1,0
BRDA:5,6,0,0
BRDA:5,6,1,0
BRDA:5,7,0,0
BRDA:5,7,1,0
BRDA:5,8,0,0
BRDA:5,8,1,0
BRDA:6,9,0,4
BRDA:6,9,1,2
BRDA:6,9,2,0
BRDA:8,10,0,2
BRDA:8,10,1,2
BRDA:8,10,2,2
BRDA:9,11,0,2
BRDA:9,11,1,0
BRDA:9,12,0,2
BRDA:9,12,1,2
BRF:29
BRH:17
end_of_record
TN:
SF:src\features\todo\graphql\mutations\plan\reconcile-payment\graphql-types\response.ts
FN:2,(anonymous_0)
FN:8,(anonymous_1)
FN:15,(anonymous_2)
FNF:3
FNH:3
FNDA:8,(anonymous_0)
FNDA:8,(anonymous_1)
FNDA:2,(anonymous_2)
DA:2,2
DA:3,8
DA:4,8
DA:5,0
DA:6,8
DA:8,2
DA:9,8
DA:11,2
DA:12,2
DA:13,2
DA:14,2
DA:16,2
DA:17,2
DA:18,2
DA:21,2
DA:22,2
DA:26,2
DA:30,2
DA:34,2
LF:19
LH:18
BRDA:2,0,0,2
BRDA:2,0,1,2
BRDA:2,0,2,2
BRDA:3,1,0,2
BRDA:3,1,1,6
BRDA:3,2,0,0
BRDA:3,2,1,6
BRDA:4,3,0,8
BRDA:4,3,1,0
BRDA:4,4,0,8
BRDA:4,4,1,8
BRDA:5,5,0,0
BRDA:5,5,1,0
BRDA:5,6,0,0
BRDA:5,6,1,0
BRDA:5,7,0,0
BRDA:5,7,1,0
BRDA:5,8,0,0
BRDA:5,8,1,0
BRDA:6,9,0,8
BRDA:6,9,1,6
BRDA:6,9,2,0
BRDA:8,10,0,2
BRDA:8,10,1,2
BRDA:8,10,2,2
BRDA:9,11,0,8
BRDA:9,11,1,0
BRDA:9,12,0,8
BRDA:9,12,1,8
BRF:29
BRH:17
end_of_record
TN:
SF:src\features\todo\graphql\mutations\plan\upgrade-plan\upgrade-plan.module-definition.ts
FN:6,(anonymous_0)
FNF:1
FNH:1
FNDA:1,(anonymous_0)
DA:3,1
DA:4,1
DA:5,1
DA:6,1
LF:4
LH:4
BRF:0
BRH:0
end_of_record
TN:
SF:src\features\todo\graphql\mutations\plan\upgrade-plan\upgrade-plan.module.ts
FN:2,(anonymous_0)
FNF:1
FNH:1
FNDA:1,(anonymous_0)
DA:2,1
DA:3,1
DA:4,1
DA:5,0
DA:6,1
DA:8,1
DA:9,1
DA:10,1
DA:11,1
DA:12,1
DA:13,1
DA:17,1
DA:19,1
DA:20,1
LF:14
LH:13
BRDA:2,0,0,1
BRDA:2,0,1,1
BRDA:2,0,2,1
BRDA:3,1,0,1
BRDA:3,1,1,0
BRDA:3,2,0,0
BRDA:3,2,1,0
BRDA:4,3,0,1
BRDA:4,3,1,0
BRDA:4,4,0,1
BRDA:4,4,1,1
BRDA:5,5,0,0
BRDA:5,5,1,0
BRDA:5,6,0,0
BRDA:5,6,1,0
BRDA:5,7,0,0
BRDA:5,7,1,0
BRDA:5,8,0,0
BRDA:5,8,1,0
BRDA:6,9,0,1
BRDA:6,9,1,0
BRDA:6,9,2,0
BRF:22
BRH:8
end_of_record
TN:
SF:src\features\todo\graphql\mutations\plan\upgrade-plan\upgrade-plan.resolver.ts
FN:2,(anonymous_0)
FN:8,(anonymous_1)
FN:11,(anonymous_2)
FN:12,(anonymous_3)
FN:23,(anonymous_4)
FN:27,(anonymous_5)
FN:35,(anonymous_6)
FNF:7
FNH:7
FNDA:4,(anonymous_0)
FNDA:8,(anonymous_1)
FNDA:2,(anonymous_2)
FNDA:2,(anonymous_3)
FNDA:5,(anonymous_4)
FNDA:4,(anonymous_5)
FNDA:2,(anonymous_6)
DA:2,2
DA:3,4
DA:4,4
DA:5,0
DA:6,4
DA:8,2
DA:9,8
DA:11,2
DA:12,2
DA:14,2
DA:15,2
DA:16,2
DA:17,2
DA:18,2
DA:19,2
DA:20,2
DA:21,2
DA:22,2
DA:24,5
DA:25,5
DA:28,4
DA:29,2
DA:30,1
DA:33,2
DA:34,2
DA:35,2
DA:41,2
LF:27
LH:26
BRDA:2,0,0,2
BRDA:2,0,1,2
BRDA:2,0,2,2
BRDA:3,1,0,2
BRDA:3,1,1,2
BRDA:3,2,0,2
BRDA:3,2,1,0
BRDA:4,3,0,4
BRDA:4,3,1,0
BRDA:4,4,0,4
BRDA:4,4,1,4
BRDA:5,5,0,0
BRDA:5,5,1,0
BRDA:5,6,0,0
BRDA:5,6,1,0
BRDA:5,7,0,0
BRDA:5,7,1,0
BRDA:5,8,0,0
BRDA:5,8,1,0
BRDA:6,9,0,4
BRDA:6,9,1,2
BRDA:6,9,2,2
BRDA:8,10,0,2
BRDA:8,10,1,2
BRDA:8,10,2,2
BRDA:9,11,0,8
BRDA:9,11,1,0
BRDA:9,12,0,8
BRDA:9,12,1,8
BRDA:11,13,0,2
BRDA:11,13,1,2
BRDA:11,13,2,2
BRF:32
BRH:21
end_of_record
TN:
SF:src\features\todo\graphql\mutations\plan\upgrade-plan\graphql-types\response.ts
FN:2,(anonymous_0)
FN:8,(anonymous_1)
FN:15,(anonymous_2)
FN:24,(anonymous_3)
FN:28,(anonymous_4)
FNF:5
FNH:5
FNDA:10,(anonymous_0)
FNDA:10,(anonymous_1)
FNDA:1,(anonymous_2)
FNDA:3,(anonymous_3)
FNDA:3,(anonymous_4)
DA:2,2
DA:3,10
DA:4,10
DA:5,0
DA:6,10
DA:8,2
DA:9,10
DA:11,2
DA:12,2
DA:13,2
DA:14,2
DA:16,1
DA:17,1
DA:18,1
DA:19,1
DA:22,2
DA:23,2
DA:24,3
DA:27,2
DA:28,3
DA:31,2
DA:35,2
DA:39,2
LF:23
LH:22
BRDA:2,0,0,2
BRDA:2,0,1,2
BRDA:2,0,2,2
BRDA:3,1,0,2
BRDA:3,1,1,8
BRDA:3,2,0,0
BRDA:3,2,1,8
BRDA:4,3,0,10
BRDA:4,3,1,0
BRDA:4,4,0,10
BRDA:4,4,1,10
BRDA:5,5,0,0
BRDA:5,5,1,0
BRDA:5,6,0,0
BRDA:5,6,1,0
BRDA:5,7,0,0
BRDA:5,7,1,0
BRDA:5,8,0,0
BRDA:5,8,1,0
BRDA:6,9,0,10
BRDA:6,9,1,8
BRDA:6,9,2,0
BRDA:8,10,0,2
BRDA:8,10,1,2
BRDA:8,10,2,2
BRDA:9,11,0,10
BRDA:9,11,1,0
BRDA:9,12,0,10
BRDA:9,12,1,10
BRF:29
BRH:17
end_of_record
TN:
SF:src\features\todo\graphql\mutations\recur\edit-recurrence\edit-recurrence.module-definition.ts
FN:6,(anonymous_0)
FNF:1
FNH:1
FNDA:1,(anonymous_0)
DA:3,1
DA:4,1
DA:5,1
DA:6,1
LF:4
LH:4
BRF:0
BRH:0
end_of_record
TN:
SF:src\features\todo\graphql\mutations\recur\edit-recurrence\edit-recurrence.module.ts
FN:2,(anonymous_0)
FNF:1
FNH:1
FNDA:1,(anonymous_0)
DA:2,1
DA:3,1
DA:4,1
DA:5,0
DA:6,1
DA:8,1
DA:9,1
DA:10,1
DA:11,1
DA:12,1
DA:13,1
DA:14,1
DA:16,1
DA:17,1
LF:14
LH:13
BRDA:2,0,0,1
BRDA:2,0,1,1
BRDA:2,0,2,1
BRDA:3,1,0,1
BRDA:3,1,1,0
BRDA:3,2,0,0
BRDA:3,2,1,0
BRDA:4,3,0,1
BRDA:4,3,1,0
BRDA:4,4,0,1
BRDA:4,4,1,1
BRDA:5,5,0,0
BRDA:5,5,1,0
BRDA:5,6,0,0
BRDA:5,6,1,0
BRDA:5,7,0,0
BRDA:5,7,1,0
BRDA:5,8,0,0
BRDA:5,8,1,0
BRDA:6,9,0,1
BRDA:6,9,1,0
BRDA:6,9,2,0
BRF:22
BRH:8
end_of_record
TN:
SF:src\features\todo\graphql\mutations\recur\edit-recurrence\edit-recurrence.resolver.ts
FN:2,(anonymous_0)
FN:8,(anonymous_1)
FN:11,(anonymous_2)
FN:12,(anonymous_3)
FN:24,(anonymous_4)
FN:28,(anonymous_5)
FN:44,(anonymous_6)
FNF:7
FNH:7
FNDA:4,(anonymous_0)
FNDA:8,(anonymous_1)
FNDA:4,(anonymous_2)
FNDA:4,(anonymous_3)
FNDA:6,(anonymous_4)
FNDA:6,(anonymous_5)
FNDA:2,(anonymous_6)
DA:2,2
DA:3,4
DA:4,4
DA:5,0
DA:6,4
DA:8,2
DA:9,8
DA:11,2
DA:12,4
DA:14,2
DA:15,2
DA:16,2
DA:17,2
DA:18,2
DA:19,2
DA:20,2
DA:21,2
DA:22,2
DA:23,2
DA:25,6
DA:26,6
DA:29,6
DA:30,4
DA:39,1
DA:42,2
DA:43,2
DA:44,2
DA:54,2
LF:28
LH:27
BRDA:2,0,0,2
BRDA:2,0,1,2
BRDA:2,0,2,2
BRDA:3,1,0,2
BRDA:3,1,1,2
BRDA:3,2,0,2
BRDA:3,2,1,0
BRDA:4,3,0,4
BRDA:4,3,1,0
BRDA:4,4,0,4
BRDA:4,4,1,4
BRDA:5,5,0,0
BRDA:5,5,1,0
BRDA:5,6,0,0
BRDA:5,6,1,0
BRDA:5,7,0,0
BRDA:5,7,1,0
BRDA:5,8,0,0
BRDA:5,8,1,0
BRDA:6,9,0,4
BRDA:6,9,1,2
BRDA:6,9,2,2
BRDA:8,10,0,2
BRDA:8,10,1,2
BRDA:8,10,2,2
BRDA:9,11,0,8
BRDA:9,11,1,0
BRDA:9,12,0,8
BRDA:9,12,1,8
BRDA:11,13,0,2
BRDA:11,13,1,2
BRDA:11,13,2,2
BRF:32
BRH:21
end_of_record
TN:
SF:src\features\todo\graphql\mutations\recur\edit-recurrence\graphql-types\input.ts
FN:2,(anonymous_0)
FN:8,(anonymous_1)
FN:20,(anonymous_2)
FN:24,(anonymous_3)
FN:30,(anonymous_4)
FN:37,(anonymous_5)
FNF:6
FNH:6
FNDA:14,(anonymous_0)
FNDA:12,(anonymous_1)
FNDA:1,(anonymous_2)
FNDA:1,(anonymous_3)
FNDA:1,(anonymous_4)
FNDA:1,(anonymous_5)
DA:2,2
DA:3,14
DA:4,14
DA:5,0
DA:6,14
DA:8,2
DA:9,12
DA:11,2
DA:12,2
DA:13,2
DA:14,2
DA:15,2
DA:16,2
DA:18,2
DA:19,2
DA:20,1
DA:23,2
DA:24,1
DA:29,2
DA:30,1
DA:36,2
DA:37,1
DA:43,2
DA:48,2
DA:54,2
LF:25
LH:24
BRDA:2,0,0,2
BRDA:2,0,1,2
BRDA:2,0,2,2
BRDA:3,1,0,2
BRDA:3,1,1,12
BRDA:3,2,0,0
BRDA:3,2,1,12
BRDA:4,3,0,14
BRDA:4,3,1,0
BRDA:4,4,0,14
BRDA:4,4,1,14
BRDA:5,5,0,0
BRDA:5,5,1,0
BRDA:5,6,0,0
BRDA:5,6,1,0
BRDA:5,7,0,0
BRDA:5,7,1,0
BRDA:5,8,0,0
BRDA:5,8,1,0
BRDA:6,9,0,14
BRDA:6,9,1,12
BRDA:6,9,2,0
BRDA:8,10,0,2
BRDA:8,10,1,2
BRDA:8,10,2,2
BRDA:9,11,0,12
BRDA:9,11,1,0
BRDA:9,12,0,12
BRDA:9,12,1,12
BRF:29
BRH:17
end_of_record
TN:
SF:src\features\todo\graphql\mutations\recur\edit-recurrence\graphql-types\response.ts
FN:2,(anonymous_0)
FN:8,(anonymous_1)
FN:15,(anonymous_2)
FN:24,(anonymous_3)
FNF:4
FNH:4
FNDA:10,(anonymous_0)
FNDA:10,(anonymous_1)
FNDA:1,(anonymous_2)
FNDA:3,(anonymous_3)
DA:2,2
DA:3,10
DA:4,10
DA:5,0
DA:6,10
DA:8,2
DA:9,10
DA:11,2
DA:12,2
DA:13,2
DA:14,2
DA:16,1
DA:17,1
DA:18,1
DA:19,1
DA:22,2
DA:23,2
DA:24,3
DA:27,2
DA:31,2
DA:35,2
DA:39,2
LF:22
LH:21
BRDA:2,0,0,2
BRDA:2,0,1,2
BRDA:2,0,2,2
BRDA:3,1,0,2
BRDA:3,1,1,8
BRDA:3,2,0,0
BRDA:3,2,1,8
BRDA:4,3,0,10
BRDA:4,3,1,0
BRDA:4,4,0,10
BRDA:4,4,1,10
BRDA:5,5,0,0
BRDA:5,5,1,0
BRDA:5,6,0,0
BRDA:5,6,1,0
BRDA:5,7,0,0
BRDA:5,7,1,0
BRDA:5,8,0,0
BRDA:5,8,1,0
BRDA:6,9,0,10
BRDA:6,9,1,8
BRDA:6,9,2,0
BRDA:8,10,0,2
BRDA:8,10,1,2
BRDA:8,10,2,2
BRDA:9,11,0,10
BRDA:9,11,1,0
BRDA:9,12,0,10
BRDA:9,12,1,10
BRF:29
BRH:17
end_of_record
TN:
SF:src\features\todo\graphql\mutations\recur\end-recurrence\end-recurrence.module-definition.ts
FN:6,(anonymous_0)
FNF:1
FNH:1
FNDA:1,(anonymous_0)
DA:3,1
DA:4,1
DA:5,1
DA:6,1
LF:4
LH:4
BRF:0
BRH:0
end_of_record
TN:
SF:src\features\todo\graphql\mutations\recur\end-recurrence\end-recurrence.module.ts
FN:2,(anonymous_0)
FNF:1
FNH:1
FNDA:1,(anonymous_0)
DA:2,1
DA:3,1
DA:4,1
DA:5,0
DA:6,1
DA:8,1
DA:9,1
DA:10,1
DA:11,1
DA:12,1
DA:13,1
DA:14,1
DA:16,1
DA:17,1
LF:14
LH:13
BRDA:2,0,0,1
BRDA:2,0,1,1
BRDA:2,0,2,1
BRDA:3,1,0,1
BRDA:3,1,1,0
BRDA:3,2,0,0
BRDA:3,2,1,0
BRDA:4,3,0,1
BRDA:4,3,1,0
BRDA:4,4,0,1
BRDA:4,4,1,1
BRDA:5,5,0,0
BRDA:5,5,1,0
BRDA:5,6,0,0
BRDA:5,6,1,0
BRDA:5,7,0,0
BRDA:5,7,1,0
BRDA:5,8,0,0
BRDA:5,8,1,0
BRDA:6,9,0,1
BRDA:6,9,1,0
BRDA:6,9,2,0
BRF:22
BRH:8
end_of_record
TN:
SF:src\features\todo\graphql\mutations\recur\end-recurrence\end-recurrence.resolver.ts
FN:2,(anonymous_0)
FN:8,(anonymous_1)
FN:11,(anonymous_2)
FN:12,(anonymous_3)
FN:24,(anonymous_4)
FN:28,(anonymous_5)
FN:36,(anonymous_6)
FNF:7
FNH:7
FNDA:4,(anonymous_0)
FNDA:8,(anonymous_1)
FNDA:4,(anonymous_2)
FNDA:4,(anonymous_3)
FNDA:5,(anonymous_4)
FNDA:5,(anonymous_5)
FNDA:2,(anonymous_6)
DA:2,2
DA:3,4
DA:4,4
DA:5,0
DA:6,4
DA:8,2
DA:9,8
DA:11,2
DA:12,4
DA:14,2
DA:15,2
DA:16,2
DA:17,2
DA:18,2
DA:19,2
DA:20,2
DA:21,2
DA:22,2
DA:23,2
DA:25,5
DA:26,5
DA:29,5
DA:30,3
DA:31,1
DA:34,2
DA:35,2
DA:36,2
DA:46,2
LF:28
LH:27
BRDA:2,0,0,2
BRDA:2,0,1,2
BRDA:2,0,2,2
BRDA:3,1,0,2
BRDA:3,1,1,2
BRDA:3,2,0,2
BRDA:3,2,1,0
BRDA:4,3,0,4
BRDA:4,3,1,0
BRDA:4,4,0,4
BRDA:4,4,1,4
BRDA:5,5,0,0
BRDA:5,5,1,0
BRDA:5,6,0,0
BRDA:5,6,1,0
BRDA:5,7,0,0
BRDA:5,7,1,0
BRDA:5,8,0,0
BRDA:5,8,1,0
BRDA:6,9,0,4
BRDA:6,9,1,2
BRDA:6,9,2,2
BRDA:8,10,0,2
BRDA:8,10,1,2
BRDA:8,10,2,2
BRDA:9,11,0,8
BRDA:9,11,1,0
BRDA:9,12,0,8
BRDA:9,12,1,8
BRDA:11,13,0,2
BRDA:11,13,1,2
BRDA:11,13,2,2
BRF:32
BRH:21
end_of_record
TN:
SF:src\features\todo\graphql\mutations\recur\end-recurrence\graphql-types\input.ts
FN:2,(anonymous_0)
FN:8,(anonymous_1)
FN:19,(anonymous_2)
FNF:3
FNH:3
FNDA:6,(anonymous_0)
FNDA:4,(anonymous_1)
FNDA:1,(anonymous_2)
DA:2,2
DA:3,6
DA:4,6
DA:5,0
DA:6,6
DA:8,2
DA:9,4
DA:11,2
DA:12,2
DA:13,2
DA:14,2
DA:15,2
DA:17,2
DA:18,2
DA:19,1
DA:22,2
DA:27,2
LF:17
LH:16
BRDA:2,0,0,2
BRDA:2,0,1,2
BRDA:2,0,2,2
BRDA:3,1,0,2
BRDA:3,1,1,4
BRDA:3,2,0,0
BRDA:3,2,1,4
BRDA:4,3,0,6
BRDA:4,3,1,0
BRDA:4,4,0,6
BRDA:4,4,1,6
BRDA:5,5,0,0
BRDA:5,5,1,0
BRDA:5,6,0,0
BRDA:5,6,1,0
BRDA:5,7,0,0
BRDA:5,7,1,0
BRDA:5,8,0,0
BRDA:5,8,1,0
BRDA:6,9,0,6
BRDA:6,9,1,4
BRDA:6,9,2,0
BRDA:8,10,0,2
BRDA:8,10,1,2
BRDA:8,10,2,2
BRDA:9,11,0,4
BRDA:9,11,1,0
BRDA:9,12,0,4
BRDA:9,12,1,4
BRF:29
BRH:17
end_of_record
TN:
SF:src\features\todo\graphql\mutations\recur\end-recurrence\graphql-types\response.ts
FN:2,(anonymous_0)
FN:8,(anonymous_1)
FN:15,(anonymous_2)
FN:23,(anonymous_3)
FN:31,(anonymous_4)
FNF:5
FNH:5
FNDA:8,(anonymous_0)
FNDA:8,(anonymous_1)
FNDA:1,(anonymous_2)
FNDA:3,(anonymous_3)
FNDA:3,(anonymous_4)
DA:2,2
DA:3,8
DA:4,8
DA:5,0
DA:6,8
DA:8,2
DA:9,8
DA:11,2
DA:12,2
DA:13,2
DA:14,2
DA:16,1
DA:17,1
DA:18,1
DA:21,2
DA:22,2
DA:23,3
DA:26,2
DA:30,2
DA:31,3
DA:34,2
LF:21
LH:20
BRDA:2,0,0,2
BRDA:2,0,1,2
BRDA:2,0,2,2
BRDA:3,1,0,2
BRDA:3,1,1,6
BRDA:3,2,0,0
BRDA:3,2,1,6
BRDA:4,3,0,8
BRDA:4,3,1,0
BRDA:4,4,0,8
BRDA:4,4,1,8
BRDA:5,5,0,0
BRDA:5,5,1,0
BRDA:5,6,0,0
BRDA:5,6,1,0
BRDA:5,7,0,0
BRDA:5,7,1,0
BRDA:5,8,0,0
BRDA:5,8,1,0
BRDA:6,9,0,8
BRDA:6,9,1,6
BRDA:6,9,2,0
BRDA:8,10,0,2
BRDA:8,10,1,2
BRDA:8,10,2,2
BRDA:9,11,0,8
BRDA:9,11,1,0
BRDA:9,12,0,8
BRDA:9,12,1,8
BRF:29
BRH:17
end_of_record
TN:
SF:src\features\todo\graphql\mutations\recur\make-recurring\make-recurring.module-definition.ts
FN:6,(anonymous_0)
FNF:1
FNH:1
FNDA:1,(anonymous_0)
DA:3,1
DA:4,1
DA:5,1
DA:6,1
LF:4
LH:4
BRF:0
BRH:0
end_of_record
TN:
SF:src\features\todo\graphql\mutations\recur\make-recurring\make-recurring.module.ts
FN:2,(anonymous_0)
FNF:1
FNH:1
FNDA:1,(anonymous_0)
DA:2,1
DA:3,1
DA:4,1
DA:5,0
DA:6,1
DA:8,1
DA:9,1
DA:10,1
DA:11,1
DA:12,1
DA:13,1
DA:16,1
DA:18,1
DA:19,1
LF:14
LH:13
BRDA:2,0,0,1
BRDA:2,0,1,1
BRDA:2,0,2,1
BRDA:3,1,0,1
BRDA:3,1,1,0
BRDA:3,2,0,0
BRDA:3,2,1,0
BRDA:4,3,0,1
BRDA:4,3,1,0
BRDA:4,4,0,1
BRDA:4,4,1,1
BRDA:5,5,0,0
BRDA:5,5,1,0
BRDA:5,6,0,0
BRDA:5,6,1,0
BRDA:5,7,0,0
BRDA:5,7,1,0
BRDA:5,8,0,0
BRDA:5,8,1,0
BRDA:6,9,0,1
BRDA:6,9,1,0
BRDA:6,9,2,0
BRF:22
BRH:8
end_of_record
TN:
SF:src\features\todo\graphql\mutations\recur\make-recurring\make-recurring.resolver.ts
FN:2,(anonymous_0)
FN:8,(anonymous_1)
FN:11,(anonymous_2)
FN:12,(anonymous_3)
FN:24,(anonymous_4)
FN:28,(anonymous_5)
FN:45,(anonymous_6)
FNF:7
FNH:7
FNDA:4,(anonymous_0)
FNDA:8,(anonymous_1)
FNDA:4,(anonymous_2)
FNDA:4,(anonymous_3)
FNDA:5,(anonymous_4)
FNDA:6,(anonymous_5)
FNDA:2,(anonymous_6)
DA:2,2
DA:3,4
DA:4,4
DA:5,0
DA:6,4
DA:8,2
DA:9,8
DA:11,2
DA:12,4
DA:14,2
DA:15,2
DA:16,2
DA:17,2
DA:18,2
DA:19,2
DA:20,2
DA:21,2
DA:22,2
DA:23,2
DA:25,5
DA:26,5
DA:29,6
DA:30,4
DA:40,3
DA:43,2
DA:44,2
DA:45,2
DA:55,2
LF:28
LH:27
BRDA:2,0,0,2
BRDA:2,0,1,2
BRDA:2,0,2,2
BRDA:3,1,0,2
BRDA:3,1,1,2
BRDA:3,2,0,2
BRDA:3,2,1,0
BRDA:4,3,0,4
BRDA:4,3,1,0
BRDA:4,4,0,4
BRDA:4,4,1,4
BRDA:5,5,0,0
BRDA:5,5,1,0
BRDA:5,6,0,0
BRDA:5,6,1,0
BRDA:5,7,0,0
BRDA:5,7,1,0
BRDA:5,8,0,0
BRDA:5,8,1,0
BRDA:6,9,0,4
BRDA:6,9,1,2
BRDA:6,9,2,2
BRDA:8,10,0,2
BRDA:8,10,1,2
BRDA:8,10,2,2
BRDA:9,11,0,8
BRDA:9,11,1,0
BRDA:9,12,0,8
BRDA:9,12,1,8
BRDA:11,13,0,2
BRDA:11,13,1,2
BRDA:11,13,2,2
BRDA:34,14,0,4
BRDA:34,14,1,3
BRDA:35,15,0,4
BRDA:35,15,1,3
BRF:36
BRH:25
end_of_record
TN:
SF:src\features\todo\graphql\mutations\recur\make-recurring\graphql-types\input.ts
FN:2,(anonymous_0)
FN:8,(anonymous_1)
FN:16,(anonymous_2)
FN:35,(anonymous_3)
FN:40,(anonymous_4)
FN:47,(anonymous_5)
FNF:6
FNH:6
FNDA:24,(anonymous_0)
FNDA:21,(anonymous_1)
FNDA:3,(anonymous_2)
FNDA:1,(anonymous_3)
FNDA:1,(anonymous_4)
FNDA:1,(anonymous_5)
DA:2,3
DA:3,24
DA:4,24
DA:5,0
DA:6,24
DA:8,3
DA:9,21
DA:11,3
DA:12,3
DA:13,3
DA:14,3
DA:16,3
DA:17,3
DA:18,3
DA:19,3
DA:21,3
DA:25,3
DA:27,3
DA:28,3
DA:34,3
DA:35,1
DA:39,3
DA:40,1
DA:46,3
DA:47,1
DA:53,3
DA:59,3
DA:64,3
DA:69,3
LF:29
LH:28
BRDA:2,0,0,3
BRDA:2,0,1,3
BRDA:2,0,2,3
BRDA:3,1,0,3
BRDA:3,1,1,21
BRDA:3,2,0,0
BRDA:3,2,1,21
BRDA:4,3,0,24
BRDA:4,3,1,0
BRDA:4,4,0,24
BRDA:4,4,1,24
BRDA:5,5,0,0
BRDA:5,5,1,0
BRDA:5,6,0,0
BRDA:5,6,1,0
BRDA:5,7,0,0
BRDA:5,7,1,0
BRDA:5,8,0,0
BRDA:5,8,1,0
BRDA:6,9,0,24
BRDA:6,9,1,21
BRDA:6,9,2,0
BRDA:8,10,0,3
BRDA:8,10,1,3
BRDA:8,10,2,3
BRDA:9,11,0,21
BRDA:9,11,1,0
BRDA:9,12,0,21
BRDA:9,12,1,21
BRDA:20,13,0,3
BRDA:20,13,1,3
BRF:31
BRH:19
end_of_record
TN:
SF:src\features\todo\graphql\mutations\recur\make-recurring\graphql-types\response.ts
FN:2,(anonymous_0)
FN:8,(anonymous_1)
FN:15,(anonymous_2)
FN:26,(anonymous_3)
FNF:4
FNH:4
FNDA:14,(anonymous_0)
FNDA:14,(anonymous_1)
FNDA:3,(anonymous_2)
FNDA:3,(anonymous_3)
DA:2,2
DA:3,14
DA:4,14
DA:5,0
DA:6,14
DA:8,2
DA:9,14
DA:11,2
DA:12,2
DA:13,2
DA:14,2
DA:16,3
DA:17,3
DA:18,3
DA:19,3
DA:20,3
DA:21,3
DA:24,2
DA:25,2
DA:26,3
DA:29,2
DA:33,2
DA:37,2
DA:41,2
DA:45,2
DA:49,2
LF:26
LH:25
BRDA:2,0,0,2
BRDA:2,0,1,2
BRDA:2,0,2,2
BRDA:3,1,0,2
BRDA:3,1,1,12
BRDA:3,2,0,0
BRDA:3,2,1,12
BRDA:4,3,0,14
BRDA:4,3,1,0
BRDA:4,4,0,14
BRDA:4,4,1,14
BRDA:5,5,0,0
BRDA:5,5,1,0
BRDA:5,6,0,0
BRDA:5,6,1,0
BRDA:5,7,0,0
BRDA:5,7,1,0
BRDA:5,8,0,0
BRDA:5,8,1,0
BRDA:6,9,0,14
BRDA:6,9,1,12
BRDA:6,9,2,0
BRDA:8,10,0,2
BRDA:8,10,1,2
BRDA:8,10,2,2
BRDA:9,11,0,14
BRDA:9,11,1,0
BRDA:9,12,0,14
BRDA:9,12,1,14
BRF:29
BRH:17
end_of_record
TN:
SF:src\features\todo\graphql\mutations\session\sign-in\sign-in.module-definition.ts
FN:6,(anonymous_0)
FNF:1
FNH:1
FNDA:1,(anonymous_0)
DA:3,1
DA:4,1
DA:5,1
DA:6,1
LF:4
LH:4
BRF:0
BRH:0
end_of_record
TN:
SF:src\features\todo\graphql\mutations\session\sign-in\sign-in.module.ts
FN:2,(anonymous_0)
FNF:1
FNH:1
FNDA:1,(anonymous_0)
DA:2,1
DA:3,1
DA:4,1
DA:5,0
DA:6,1
DA:8,1
DA:9,1
DA:10,1
DA:11,1
DA:12,1
DA:13,1
DA:16,1
DA:18,1
DA:19,1
LF:14
LH:13
BRDA:2,0,0,1
BRDA:2,0,1,1
BRDA:2,0,2,1
BRDA:3,1,0,1
BRDA:3,1,1,0
BRDA:3,2,0,0
BRDA:3,2,1,0
BRDA:4,3,0,1
BRDA:4,3,1,0
BRDA:4,4,0,1
BRDA:4,4,1,1
BRDA:5,5,0,0
BRDA:5,5,1,0
BRDA:5,6,0,0
BRDA:5,6,1,0
BRDA:5,7,0,0
BRDA:5,7,1,0
BRDA:5,8,0,0
BRDA:5,8,1,0
BRDA:6,9,0,1
BRDA:6,9,1,0
BRDA:6,9,2,0
BRF:22
BRH:8
end_of_record
TN:
SF:src\features\todo\graphql\mutations\session\sign-in\sign-in.resolver.ts
FN:2,(anonymous_0)
FN:8,(anonymous_1)
FN:11,(anonymous_2)
FN:12,(anonymous_3)
FN:27,(anonymous_4)
FN:30,(anonymous_5)
FN:37,(anonymous_6)
FNF:7
FNH:7
FNDA:4,(anonymous_0)
FNDA:8,(anonymous_1)
FNDA:2,(anonymous_2)
FNDA:2,(anonymous_3)
FNDA:3,(anonymous_4)
FNDA:5,(anonymous_5)
FNDA:2,(anonymous_6)
DA:2,2
DA:3,4
DA:4,4
DA:5,0
DA:6,4
DA:8,2
DA:9,8
DA:11,2
DA:12,2
DA:14,2
DA:15,2
DA:16,2
DA:17,2
DA:18,2
DA:19,2
DA:20,2
DA:26,2
DA:28,3
DA:31,5
DA:32,2
DA:35,2
DA:36,2
DA:37,2
DA:46,2
LF:24
LH:23
BRDA:2,0,0,2
BRDA:2,0,1,2
BRDA:2,0,2,2
BRDA:3,1,0,2
BRDA:3,1,1,2
BRDA:3,2,0,2
BRDA:3,2,1,0
BRDA:4,3,0,4
BRDA:4,3,1,0
BRDA:4,4,0,4
BRDA:4,4,1,4
BRDA:5,5,0,0
BRDA:5,5,1,0
BRDA:5,6,0,0
BRDA:5,6,1,0
BRDA:5,7,0,0
BRDA:5,7,1,0
BRDA:5,8,0,0
BRDA:5,8,1,0
BRDA:6,9,0,4
BRDA:6,9,1,2
BRDA:6,9,2,2
BRDA:8,10,0,2
BRDA:8,10,1,2
BRDA:8,10,2,2
BRDA:9,11,0,8
BRDA:9,11,1,0
BRDA:9,12,0,8
BRDA:9,12,1,8
BRDA:11,13,0,2
BRDA:11,13,1,2
BRDA:11,13,2,2
BRF:32
BRH:21
end_of_record
TN:
SF:src\features\todo\graphql\mutations\session\sign-in\graphql-types\input.ts
FN:2,(anonymous_0)
FN:8,(anonymous_1)
FNF:2
FNH:2
FNDA:6,(anonymous_0)
FNDA:4,(anonymous_1)
DA:2,2
DA:3,6
DA:4,6
DA:5,0
DA:6,6
DA:8,2
DA:9,4
DA:11,2
DA:12,2
DA:13,2
DA:14,2
DA:17,2
DA:19,2
DA:20,2
DA:25,2
DA:31,2
LF:16
LH:15
BRDA:2,0,0,2
BRDA:2,0,1,2
BRDA:2,0,2,2
BRDA:3,1,0,2
BRDA:3,1,1,4
BRDA:3,2,0,0
BRDA:3,2,1,4
BRDA:4,3,0,6
BRDA:4,3,1,0
BRDA:4,4,0,6
BRDA:4,4,1,6
BRDA:5,5,0,0
BRDA:5,5,1,0
BRDA:5,6,0,0
BRDA:5,6,1,0
BRDA:5,7,0,0
BRDA:5,7,1,0
BRDA:5,8,0,0
BRDA:5,8,1,0
BRDA:6,9,0,6
BRDA:6,9,1,4
BRDA:6,9,2,0
BRDA:8,10,0,2
BRDA:8,10,1,2
BRDA:8,10,2,2
BRDA:9,11,0,4
BRDA:9,11,1,0
BRDA:9,12,0,4
BRDA:9,12,1,4
BRF:29
BRH:17
end_of_record
TN:
SF:src\features\todo\graphql\mutations\session\sign-in\graphql-types\response.ts
FN:2,(anonymous_0)
FN:8,(anonymous_1)
FN:15,(anonymous_2)
FNF:3
FNH:3
FNDA:6,(anonymous_0)
FNDA:6,(anonymous_1)
FNDA:2,(anonymous_2)
DA:2,2
DA:3,6
DA:4,6
DA:5,0
DA:6,6
DA:8,2
DA:9,6
DA:11,2
DA:12,2
DA:13,2
DA:14,2
DA:16,2
DA:17,2
DA:20,2
DA:21,2
DA:25,2
DA:29,2
LF:17
LH:16
BRDA:2,0,0,2
BRDA:2,0,1,2
BRDA:2,0,2,2
BRDA:3,1,0,2
BRDA:3,1,1,4
BRDA:3,2,0,0
BRDA:3,2,1,4
BRDA:4,3,0,6
BRDA:4,3,1,0
BRDA:4,4,0,6
BRDA:4,4,1,6
BRDA:5,5,0,0
BRDA:5,5,1,0
BRDA:5,6,0,0
BRDA:5,6,1,0
BRDA:5,7,0,0
BRDA:5,7,1,0
BRDA:5,8,0,0
BRDA:5,8,1,0
BRDA:6,9,0,6
BRDA:6,9,1,4
BRDA:6,9,2,0
BRDA:8,10,0,2
BRDA:8,10,1,2
BRDA:8,10,2,2
BRDA:9,11,0,6
BRDA:9,11,1,0
BRDA:9,12,0,6
BRDA:9,12,1,6
BRF:29
BRH:17
end_of_record
TN:
SF:src\features\todo\graphql\mutations\session\sign-out\sign-out.module-definition.ts
FN:6,(anonymous_0)
FNF:1
FNH:1
FNDA:1,(anonymous_0)
DA:3,1
DA:4,1
DA:5,1
DA:6,1
LF:4
LH:4
BRF:0
BRH:0
end_of_record
TN:
SF:src\features\todo\graphql\mutations\session\sign-out\sign-out.module.ts
FN:2,(anonymous_0)
FNF:1
FNH:1
FNDA:1,(anonymous_0)
DA:2,1
DA:3,1
DA:4,1
DA:5,0
DA:6,1
DA:8,1
DA:9,1
DA:10,1
DA:11,1
DA:12,1
DA:13,1
DA:14,1
DA:16,1
DA:17,1
LF:14
LH:13
BRDA:2,0,0,1
BRDA:2,0,1,1
BRDA:2,0,2,1
BRDA:3,1,0,1
BRDA:3,1,1,0
BRDA:3,2,0,0
BRDA:3,2,1,0
BRDA:4,3,0,1
BRDA:4,3,1,0
BRDA:4,4,0,1
BRDA:4,4,1,1
BRDA:5,5,0,0
BRDA:5,5,1,0
BRDA:5,6,0,0
BRDA:5,6,1,0
BRDA:5,7,0,0
BRDA:5,7,1,0
BRDA:5,8,0,0
BRDA:5,8,1,0
BRDA:6,9,0,1
BRDA:6,9,1,0
BRDA:6,9,2,0
BRF:22
BRH:8
end_of_record
TN:
SF:src\features\todo\graphql\mutations\session\sign-out\sign-out.resolver.ts
FN:2,(anonymous_0)
FN:8,(anonymous_1)
FN:11,(anonymous_2)
FN:12,(anonymous_3)
FN:25,(anonymous_4)
FN:28,(anonymous_5)
FN:35,(anonymous_6)
FNF:7
FNH:7
FNDA:4,(anonymous_0)
FNDA:8,(anonymous_1)
FNDA:2,(anonymous_2)
FNDA:2,(anonymous_3)
FNDA:3,(anonymous_4)
FNDA:3,(anonymous_5)
FNDA:2,(anonymous_6)
DA:2,2
DA:3,4
DA:4,4
DA:5,0
DA:6,4
DA:8,2
DA:9,8
DA:11,2
DA:12,2
DA:14,2
DA:15,2
DA:16,2
DA:17,2
DA:18,2
DA:19,2
DA:20,2
DA:24,2
DA:26,3
DA:29,3
DA:30,2
DA:33,2
DA:34,2
DA:35,2
DA:41,2
LF:24
LH:23
BRDA:2,0,0,2
BRDA:2,0,1,2
BRDA:2,0,2,2
BRDA:3,1,0,2
BRDA:3,1,1,2
BRDA:3,2,0,2
BRDA:3,2,1,0
BRDA:4,3,0,4
BRDA:4,3,1,0
BRDA:4,4,0,4
BRDA:4,4,1,4
BRDA:5,5,0,0
BRDA:5,5,1,0
BRDA:5,6,0,0
BRDA:5,6,1,0
BRDA:5,7,0,0
BRDA:5,7,1,0
BRDA:5,8,0,0
BRDA:5,8,1,0
BRDA:6,9,0,4
BRDA:6,9,1,2
BRDA:6,9,2,2
BRDA:8,10,0,2
BRDA:8,10,1,2
BRDA:8,10,2,2
BRDA:9,11,0,8
BRDA:9,11,1,0
BRDA:9,12,0,8
BRDA:9,12,1,8
BRDA:11,13,0,2
BRDA:11,13,1,2
BRDA:11,13,2,2
BRF:32
BRH:21
end_of_record
TN:
SF:src\features\todo\graphql\mutations\session\sign-out\graphql-types\input.ts
FN:2,(anonymous_0)
FN:8,(anonymous_1)
FNF:2
FNH:2
FNDA:4,(anonymous_0)
FNDA:2,(anonymous_1)
DA:2,2
DA:3,4
DA:4,4
DA:5,0
DA:6,4
DA:8,2
DA:9,2
DA:11,2
DA:12,2
DA:13,2
DA:14,2
DA:15,2
DA:17,2
DA:18,2
DA:24,2
LF:15
LH:14
BRDA:2,0,0,2
BRDA:2,0,1,2
BRDA:2,0,2,2
BRDA:3,1,0,2
BRDA:3,1,1,2
BRDA:3,2,0,0
BRDA:3,2,1,2
BRDA:4,3,0,4
BRDA:4,3,1,0
BRDA:4,4,0,4
BRDA:4,4,1,4
BRDA:5,5,0,0
BRDA:5,5,1,0
BRDA:5,6,0,0
BRDA:5,6,1,0
BRDA:5,7,0,0
BRDA:5,7,1,0
BRDA:5,8,0,0
BRDA:5,8,1,0
BRDA:6,9,0,4
BRDA:6,9,1,2
BRDA:6,9,2,0
BRDA:8,10,0,2
BRDA:8,10,1,2
BRDA:8,10,2,2
BRDA:9,11,0,2
BRDA:9,11,1,0
BRDA:9,12,0,2
BRDA:9,12,1,2
BRF:29
BRH:17
end_of_record
TN:
SF:src\features\todo\graphql\mutations\session\sign-out\graphql-types\response.ts
FN:2,(anonymous_0)
FN:8,(anonymous_1)
FN:15,(anonymous_2)
FNF:3
FNH:3
FNDA:4,(anonymous_0)
FNDA:4,(anonymous_1)
FNDA:2,(anonymous_2)
DA:2,2
DA:3,4
DA:4,4
DA:5,0
DA:6,4
DA:8,2
DA:9,4
DA:11,2
DA:12,2
DA:13,2
DA:14,2
DA:16,2
DA:19,2
DA:20,2
DA:24,2
LF:15
LH:14
BRDA:2,0,0,2
BRDA:2,0,1,2
BRDA:2,0,2,2
BRDA:3,1,0,2
BRDA:3,1,1,2
BRDA:3,2,0,0
BRDA:3,2,1,2
BRDA:4,3,0,4
BRDA:4,3,1,0
BRDA:4,4,0,4
BRDA:4,4,1,4
BRDA:5,5,0,0
BRDA:5,5,1,0
BRDA:5,6,0,0
BRDA:5,6,1,0
BRDA:5,7,0,0
BRDA:5,7,1,0
BRDA:5,8,0,0
BRDA:5,8,1,0
BRDA:6,9,0,4
BRDA:6,9,1,2
BRDA:6,9,2,0
BRDA:8,10,0,2
BRDA:8,10,1,2
BRDA:8,10,2,2
BRDA:9,11,0,4
BRDA:9,11,1,0
BRDA:9,12,0,4
BRDA:9,12,1,4
BRF:29
BRH:17
end_of_record
TN:
SF:src\features\todo\graphql\mutations\share\accept-invitation\accept-invitation.module-definition.ts
FN:6,(anonymous_0)
FNF:1
FNH:1
FNDA:1,(anonymous_0)
DA:3,1
DA:4,1
DA:5,1
DA:6,1
LF:4
LH:4
BRF:0
BRH:0
end_of_record
TN:
SF:src\features\todo\graphql\mutations\share\accept-invitation\accept-invitation.module.ts
FN:2,(anonymous_0)
FNF:1
FNH:1
FNDA:1,(anonymous_0)
DA:2,1
DA:3,1
DA:4,1
DA:5,0
DA:6,1
DA:8,1
DA:9,1
DA:10,1
DA:11,1
DA:12,1
DA:13,1
DA:14,1
DA:16,1
DA:17,1
LF:14
LH:13
BRDA:2,0,0,1
BRDA:2,0,1,1
BRDA:2,0,2,1
BRDA:3,1,0,1
BRDA:3,1,1,0
BRDA:3,2,0,0
BRDA:3,2,1,0
BRDA:4,3,0,1
BRDA:4,3,1,0
BRDA:4,4,0,1
BRDA:4,4,1,1
BRDA:5,5,0,0
BRDA:5,5,1,0
BRDA:5,6,0,0
BRDA:5,6,1,0
BRDA:5,7,0,0
BRDA:5,7,1,0
BRDA:5,8,0,0
BRDA:5,8,1,0
BRDA:6,9,0,1
BRDA:6,9,1,0
BRDA:6,9,2,0
BRF:22
BRH:8
end_of_record
TN:
SF:src\features\todo\graphql\mutations\share\accept-invitation\accept-invitation.resolver.ts
FN:2,(anonymous_0)
FN:8,(anonymous_1)
FN:11,(anonymous_2)
FN:12,(anonymous_3)
FN:24,(anonymous_4)
FN:28,(anonymous_5)
FN:36,(anonymous_6)
FNF:7
FNH:7
FNDA:4,(anonymous_0)
FNDA:8,(anonymous_1)
FNDA:4,(anonymous_2)
FNDA:4,(anonymous_3)
FNDA:5,(anonymous_4)
FNDA:4,(anonymous_5)
FNDA:2,(anonymous_6)
DA:2,2
DA:3,4
DA:4,4
DA:5,0
DA:6,4
DA:8,2
DA:9,8
DA:11,2
DA:12,4
DA:14,2
DA:15,2
DA:16,2
DA:17,2
DA:18,2
DA:19,2
DA:20,2
DA:21,2
DA:22,2
DA:23,2
DA:25,5
DA:26,5
DA:29,4
DA:30,3
DA:31,1
DA:34,2
DA:35,2
DA:36,2
DA:43,2
LF:28
LH:27
BRDA:2,0,0,2
BRDA:2,0,1,2
BRDA:2,0,2,2
BRDA:3,1,0,2
BRDA:3,1,1,2
BRDA:3,2,0,2
BRDA:3,2,1,0
BRDA:4,3,0,4
BRDA:4,3,1,0
BRDA:4,4,0,4
BRDA:4,4,1,4
BRDA:5,5,0,0
BRDA:5,5,1,0
BRDA:5,6,0,0
BRDA:5,6,1,0
BRDA:5,7,0,0
BRDA:5,7,1,0
BRDA:5,8,0,0
BRDA:5,8,1,0
BRDA:6,9,0,4
BRDA:6,9,1,2
BRDA:6,9,2,2
BRDA:8,10,0,2
BRDA:8,10,1,2
BRDA:8,10,2,2
BRDA:9,11,0,8
BRDA:9,11,1,0
BRDA:9,12,0,8
BRDA:9,12,1,8
BRDA:11,13,0,2
BRDA:11,13,1,2
BRDA:11,13,2,2
BRF:32
BRH:21
end_of_record
TN:
SF:src\features\todo\graphql\mutations\share\accept-invitation\graphql-types\input.ts
FN:2,(anonymous_0)
FN:8,(anonymous_1)
FN:19,(anonymous_2)
FNF:3
FNH:3
FNDA:6,(anonymous_0)
FNDA:4,(anonymous_1)
FNDA:1,(anonymous_2)
DA:2,2
DA:3,6
DA:4,6
DA:5,0
DA:6,6
DA:8,2
DA:9,4
DA:11,2
DA:12,2
DA:13,2
DA:14,2
DA:15,2
DA:17,2
DA:18,2
DA:19,1
DA:23,2
DA:29,2
LF:17
LH:16
BRDA:2,0,0,2
BRDA:2,0,1,2
BRDA:2,0,2,2
BRDA:3,1,0,2
BRDA:3,1,1,4
BRDA:3,2,0,0
BRDA:3,2,1,4
BRDA:4,3,0,6
BRDA:4,3,1,0
BRDA:4,4,0,6
BRDA:4,4,1,6
BRDA:5,5,0,0
BRDA:5,5,1,0
BRDA:5,6,0,0
BRDA:5,6,1,0
BRDA:5,7,0,0
BRDA:5,7,1,0
BRDA:5,8,0,0
BRDA:5,8,1,0
BRDA:6,9,0,6
BRDA:6,9,1,4
BRDA:6,9,2,0
BRDA:8,10,0,2
BRDA:8,10,1,2
BRDA:8,10,2,2
BRDA:9,11,0,4
BRDA:9,11,1,0
BRDA:9,12,0,4
BRDA:9,12,1,4
BRF:29
BRH:17
end_of_record
TN:
SF:src\features\todo\graphql\mutations\share\accept-invitation\graphql-types\response.ts
FN:2,(anonymous_0)
FN:8,(anonymous_1)
FN:15,(anonymous_2)
FN:23,(anonymous_3)
FNF:4
FNH:4
FNDA:8,(anonymous_0)
FNDA:8,(anonymous_1)
FNDA:1,(anonymous_2)
FNDA:3,(anonymous_3)
DA:2,2
DA:3,8
DA:4,8
DA:5,0
DA:6,8
DA:8,2
DA:9,8
DA:11,2
DA:12,2
DA:13,2
DA:14,2
DA:16,1
DA:17,1
DA:18,1
DA:21,2
DA:22,2
DA:23,3
DA:26,2
DA:30,2
DA:34,2
LF:20
LH:19
BRDA:2,0,0,2
BRDA:2,0,1,2
BRDA:2,0,2,2
BRDA:3,1,0,2
BRDA:3,1,1,6
BRDA:3,2,0,0
BRDA:3,2,1,6
BRDA:4,3,0,8
BRDA:4,3,1,0
BRDA:4,4,0,8
BRDA:4,4,1,8
BRDA:5,5,0,0
BRDA:5,5,1,0
BRDA:5,6,0,0
BRDA:5,6,1,0
BRDA:5,7,0,0
BRDA:5,7,1,0
BRDA:5,8,0,0
BRDA:5,8,1,0
BRDA:6,9,0,8
BRDA:6,9,1,6
BRDA:6,9,2,0
BRDA:8,10,0,2
BRDA:8,10,1,2
BRDA:8,10,2,2
BRDA:9,11,0,8
BRDA:9,11,1,0
BRDA:9,12,0,8
BRDA:9,12,1,8
BRF:29
BRH:17
end_of_record
TN:
SF:src\features\todo\graphql\mutations\share\invite\invite.module-definition.ts
FN:6,(anonymous_0)
FNF:1
FNH:1
FNDA:1,(anonymous_0)
DA:3,1
DA:4,1
DA:5,1
DA:6,1
LF:4
LH:4
BRF:0
BRH:0
end_of_record
TN:
SF:src\features\todo\graphql\mutations\share\invite\invite.module.ts
FN:2,(anonymous_0)
FNF:1
FNH:1
FNDA:1,(anonymous_0)
DA:2,1
DA:3,1
DA:4,1
DA:5,0
DA:6,1
DA:8,1
DA:9,1
DA:10,1
DA:11,1
DA:12,1
DA:13,1
DA:16,1
DA:18,1
DA:19,1
LF:14
LH:13
BRDA:2,0,0,1
BRDA:2,0,1,1
BRDA:2,0,2,1
BRDA:3,1,0,1
BRDA:3,1,1,0
BRDA:3,2,0,0
BRDA:3,2,1,0
BRDA:4,3,0,1
BRDA:4,3,1,0
BRDA:4,4,0,1
BRDA:4,4,1,1
BRDA:5,5,0,0
BRDA:5,5,1,0
BRDA:5,6,0,0
BRDA:5,6,1,0
BRDA:5,7,0,0
BRDA:5,7,1,0
BRDA:5,8,0,0
BRDA:5,8,1,0
BRDA:6,9,0,1
BRDA:6,9,1,0
BRDA:6,9,2,0
BRF:22
BRH:8
end_of_record
TN:
SF:src\features\todo\graphql\mutations\share\invite\invite.resolver.ts
FN:2,(anonymous_0)
FN:8,(anonymous_1)
FN:11,(anonymous_2)
FN:12,(anonymous_3)
FN:27,(anonymous_4)
FN:31,(anonymous_5)
FN:39,(anonymous_6)
FNF:7
FNH:7
FNDA:4,(anonymous_0)
FNDA:8,(anonymous_1)
FNDA:4,(anonymous_2)
FNDA:4,(anonymous_3)
FNDA:5,(anonymous_4)
FNDA:4,(anonymous_5)
FNDA:2,(anonymous_6)
DA:2,2
DA:3,4
DA:4,4
DA:5,0
DA:6,4
DA:8,2
DA:9,8
DA:11,2
DA:12,4
DA:14,2
DA:15,2
DA:16,2
DA:17,2
DA:18,2
DA:19,2
DA:20,2
DA:21,2
DA:22,2
DA:26,2
DA:28,5
DA:29,5
DA:32,4
DA:33,3
DA:34,1
DA:37,2
DA:38,2
DA:39,2
DA:46,2
LF:28
LH:27
BRDA:2,0,0,2
BRDA:2,0,1,2
BRDA:2,0,2,2
BRDA:3,1,0,2
BRDA:3,1,1,2
BRDA:3,2,0,2
BRDA:3,2,1,0
BRDA:4,3,0,4
BRDA:4,3,1,0
BRDA:4,4,0,4
BRDA:4,4,1,4
BRDA:5,5,0,0
BRDA:5,5,1,0
BRDA:5,6,0,0
BRDA:5,6,1,0
BRDA:5,7,0,0
BRDA:5,7,1,0
BRDA:5,8,0,0
BRDA:5,8,1,0
BRDA:6,9,0,4
BRDA:6,9,1,2
BRDA:6,9,2,2
BRDA:8,10,0,2
BRDA:8,10,1,2
BRDA:8,10,2,2
BRDA:9,11,0,8
BRDA:9,11,1,0
BRDA:9,12,0,8
BRDA:9,12,1,8
BRDA:11,13,0,2
BRDA:11,13,1,2
BRDA:11,13,2,2
BRF:32
BRH:21
end_of_record
TN:
SF:src\features\todo\graphql\mutations\share\invite\graphql-types\input.ts
FN:2,(anonymous_0)
FN:8,(anonymous_1)
FN:19,(anonymous_2)
FNF:3
FNH:3
FNDA:8,(anonymous_0)
FNDA:6,(anonymous_1)
FNDA:1,(anonymous_2)
DA:2,2
DA:3,8
DA:4,8
DA:5,0
DA:6,8
DA:8,2
DA:9,6
DA:11,2
DA:12,2
DA:13,2
DA:14,2
DA:15,2
DA:17,2
DA:18,2
DA:19,1
DA:23,2
DA:29,2
DA:35,2
LF:18
LH:17
BRDA:2,0,0,2
BRDA:2,0,1,2
BRDA:2,0,2,2
BRDA:3,1,0,2
BRDA:3,1,1,6
BRDA:3,2,0,0
BRDA:3,2,1,6
BRDA:4,3,0,8
BRDA:4,3,1,0
BRDA:4,4,0,8
BRDA:4,4,1,8
BRDA:5,5,0,0
BRDA:5,5,1,0
BRDA:5,6,0,0
BRDA:5,6,1,0
BRDA:5,7,0,0
BRDA:5,7,1,0
BRDA:5,8,0,0
BRDA:5,8,1,0
BRDA:6,9,0,8
BRDA:6,9,1,6
BRDA:6,9,2,0
BRDA:8,10,0,2
BRDA:8,10,1,2
BRDA:8,10,2,2
BRDA:9,11,0,6
BRDA:9,11,1,0
BRDA:9,12,0,6
BRDA:9,12,1,6
BRF:29
BRH:17
end_of_record
TN:
SF:src\features\todo\graphql\mutations\share\invite\graphql-types\response.ts
FN:2,(anonymous_0)
FN:8,(anonymous_1)
FN:15,(anonymous_2)
FN:25,(anonymous_3)
FN:29,(anonymous_4)
FNF:5
FNH:5
FNDA:12,(anonymous_0)
FNDA:12,(anonymous_1)
FNDA:1,(anonymous_2)
FNDA:3,(anonymous_3)
FNDA:3,(anonymous_4)
DA:2,2
DA:3,12
DA:4,12
DA:5,0
DA:6,12
DA:8,2
DA:9,12
DA:11,2
DA:12,2
DA:13,2
DA:14,2
DA:16,1
DA:17,1
DA:18,1
DA:19,1
DA:20,1
DA:23,2
DA:24,2
DA:25,3
DA:28,2
DA:29,3
DA:32,2
DA:36,2
DA:40,2
DA:44,2
LF:25
LH:24
BRDA:2,0,0,2
BRDA:2,0,1,2
BRDA:2,0,2,2
BRDA:3,1,0,2
BRDA:3,1,1,10
BRDA:3,2,0,0
BRDA:3,2,1,10
BRDA:4,3,0,12
BRDA:4,3,1,0
BRDA:4,4,0,12
BRDA:4,4,1,12
BRDA:5,5,0,0
BRDA:5,5,1,0
BRDA:5,6,0,0
BRDA:5,6,1,0
BRDA:5,7,0,0
BRDA:5,7,1,0
BRDA:5,8,0,0
BRDA:5,8,1,0
BRDA:6,9,0,12
BRDA:6,9,1,10
BRDA:6,9,2,0
BRDA:8,10,0,2
BRDA:8,10,1,2
BRDA:8,10,2,2
BRDA:9,11,0,12
BRDA:9,11,1,0
BRDA:9,12,0,12
BRDA:9,12,1,12
BRF:29
BRH:17
end_of_record
TN:
SF:src\features\todo\graphql\mutations\share\revoke-collaborator\revoke-collaborator.module-definition.ts
FN:6,(anonymous_0)
FNF:1
FNH:1
FNDA:1,(anonymous_0)
DA:3,1
DA:4,1
DA:5,1
DA:6,1
LF:4
LH:4
BRF:0
BRH:0
end_of_record
TN:
SF:src\features\todo\graphql\mutations\share\revoke-collaborator\revoke-collaborator.module.ts
FN:2,(anonymous_0)
FNF:1
FNH:1
FNDA:1,(anonymous_0)
DA:2,1
DA:3,1
DA:4,1
DA:5,0
DA:6,1
DA:8,1
DA:9,1
DA:10,1
DA:11,1
DA:12,1
DA:13,1
DA:14,1
DA:16,1
DA:17,1
LF:14
LH:13
BRDA:2,0,0,1
BRDA:2,0,1,1
BRDA:2,0,2,1
BRDA:3,1,0,1
BRDA:3,1,1,0
BRDA:3,2,0,0
BRDA:3,2,1,0
BRDA:4,3,0,1
BRDA:4,3,1,0
BRDA:4,4,0,1
BRDA:4,4,1,1
BRDA:5,5,0,0
BRDA:5,5,1,0
BRDA:5,6,0,0
BRDA:5,6,1,0
BRDA:5,7,0,0
BRDA:5,7,1,0
BRDA:5,8,0,0
BRDA:5,8,1,0
BRDA:6,9,0,1
BRDA:6,9,1,0
BRDA:6,9,2,0
BRF:22
BRH:8
end_of_record
TN:
SF:src\features\todo\graphql\mutations\share\revoke-collaborator\revoke-collaborator.resolver.ts
FN:2,(anonymous_0)
FN:8,(anonymous_1)
FN:11,(anonymous_2)
FN:12,(anonymous_3)
FN:24,(anonymous_4)
FN:28,(anonymous_5)
FN:36,(anonymous_6)
FNF:7
FNH:7
FNDA:4,(anonymous_0)
FNDA:8,(anonymous_1)
FNDA:4,(anonymous_2)
FNDA:4,(anonymous_3)
FNDA:5,(anonymous_4)
FNDA:4,(anonymous_5)
FNDA:2,(anonymous_6)
DA:2,2
DA:3,4
DA:4,4
DA:5,0
DA:6,4
DA:8,2
DA:9,8
DA:11,2
DA:12,4
DA:14,2
DA:15,2
DA:16,2
DA:17,2
DA:18,2
DA:19,2
DA:20,2
DA:21,2
DA:22,2
DA:23,2
DA:25,5
DA:26,5
DA:29,4
DA:30,3
DA:31,1
DA:34,2
DA:35,2
DA:36,2
DA:43,2
LF:28
LH:27
BRDA:2,0,0,2
BRDA:2,0,1,2
BRDA:2,0,2,2
BRDA:3,1,0,2
BRDA:3,1,1,2
BRDA:3,2,0,2
BRDA:3,2,1,0
BRDA:4,3,0,4
BRDA:4,3,1,0
BRDA:4,4,0,4
BRDA:4,4,1,4
BRDA:5,5,0,0
BRDA:5,5,1,0
BRDA:5,6,0,0
BRDA:5,6,1,0
BRDA:5,7,0,0
BRDA:5,7,1,0
BRDA:5,8,0,0
BRDA:5,8,1,0
BRDA:6,9,0,4
BRDA:6,9,1,2
BRDA:6,9,2,2
BRDA:8,10,0,2
BRDA:8,10,1,2
BRDA:8,10,2,2
BRDA:9,11,0,8
BRDA:9,11,1,0
BRDA:9,12,0,8
BRDA:9,12,1,8
BRDA:11,13,0,2
BRDA:11,13,1,2
BRDA:11,13,2,2
BRF:32
BRH:21
end_of_record
TN:
SF:src\features\todo\graphql\mutations\share\revoke-collaborator\graphql-types\input.ts
FN:2,(anonymous_0)
FN:8,(anonymous_1)
FN:19,(anonymous_2)
FNF:3
FNH:3
FNDA:4,(anonymous_0)
FNDA:2,(anonymous_1)
FNDA:1,(anonymous_2)
DA:2,2
DA:3,4
DA:4,4
DA:5,0
DA:6,4
DA:8,2
DA:9,2
DA:11,2
DA:12,2
DA:13,2
DA:14,2
DA:15,2
DA:17,2
DA:18,2
DA:19,1
DA:23,2
LF:16
LH:15
BRDA:2,0,0,2
BRDA:2,0,1,2
BRDA:2,0,2,2
BRDA:3,1,0,2
BRDA:3,1,1,2
BRDA:3,2,0,0
BRDA:3,2,1,2
BRDA:4,3,0,4
BRDA:4,3,1,0
BRDA:4,4,0,4
BRDA:4,4,1,4
BRDA:5,5,0,0
BRDA:5,5,1,0
BRDA:5,6,0,0
BRDA:5,6,1,0
BRDA:5,7,0,0
BRDA:5,7,1,0
BRDA:5,8,0,0
BRDA:5,8,1,0
BRDA:6,9,0,4
BRDA:6,9,1,2
BRDA:6,9,2,0
BRDA:8,10,0,2
BRDA:8,10,1,2
BRDA:8,10,2,2
BRDA:9,11,0,2
BRDA:9,11,1,0
BRDA:9,12,0,2
BRDA:9,12,1,2
BRF:29
BRH:17
end_of_record
TN:
SF:src\features\todo\graphql\mutations\share\revoke-collaborator\graphql-types\response.ts
FN:2,(anonymous_0)
FN:8,(anonymous_1)
FN:15,(anonymous_2)
FN:22,(anonymous_3)
FNF:4
FNH:4
FNDA:6,(anonymous_0)
FNDA:6,(anonymous_1)
FNDA:1,(anonymous_2)
FNDA:3,(anonymous_3)
DA:2,2
DA:3,6
DA:4,6
DA:5,0
DA:6,6
DA:8,2
DA:9,6
DA:11,2
DA:12,2
DA:13,2
DA:14,2
DA:16,1
DA:17,1
DA:20,2
DA:21,2
DA:22,3
DA:25,2
DA:29,2
LF:18
LH:17
BRDA:2,0,0,2
BRDA:2,0,1,2
BRDA:2,0,2,2
BRDA:3,1,0,2
BRDA:3,1,1,4
BRDA:3,2,0,0
BRDA:3,2,1,4
BRDA:4,3,0,6
BRDA:4,3,1,0
BRDA:4,4,0,6
BRDA:4,4,1,6
BRDA:5,5,0,0
BRDA:5,5,1,0
BRDA:5,6,0,0
BRDA:5,6,1,0
BRDA:5,7,0,0
BRDA:5,7,1,0
BRDA:5,8,0,0
BRDA:5,8,1,0
BRDA:6,9,0,6
BRDA:6,9,1,4
BRDA:6,9,2,0
BRDA:8,10,0,2
BRDA:8,10,1,2
BRDA:8,10,2,2
BRDA:9,11,0,6
BRDA:9,11,1,0
BRDA:9,12,0,6
BRDA:9,12,1,6
BRF:29
BRH:17
end_of_record
TN:
SF:src\features\todo\graphql\mutations\task\complete-task\complete-task.module-definition.ts
FN:6,(anonymous_0)
FNF:1
FNH:1
FNDA:1,(anonymous_0)
DA:3,1
DA:4,1
DA:5,1
DA:6,1
LF:4
LH:4
BRF:0
BRH:0
end_of_record
TN:
SF:src\features\todo\graphql\mutations\task\complete-task\complete-task.module.ts
FN:2,(anonymous_0)
FNF:1
FNH:1
FNDA:1,(anonymous_0)
DA:2,1
DA:3,1
DA:4,1
DA:5,0
DA:6,1
DA:8,1
DA:9,1
DA:10,1
DA:11,1
DA:12,1
DA:13,1
DA:16,1
DA:18,1
DA:19,1
LF:14
LH:13
BRDA:2,0,0,1
BRDA:2,0,1,1
BRDA:2,0,2,1
BRDA:3,1,0,1
BRDA:3,1,1,0
BRDA:3,2,0,0
BRDA:3,2,1,0
BRDA:4,3,0,1
BRDA:4,3,1,0
BRDA:4,4,0,1
BRDA:4,4,1,1
BRDA:5,5,0,0
BRDA:5,5,1,0
BRDA:5,6,0,0
BRDA:5,6,1,0
BRDA:5,7,0,0
BRDA:5,7,1,0
BRDA:5,8,0,0
BRDA:5,8,1,0
BRDA:6,9,0,1
BRDA:6,9,1,0
BRDA:6,9,2,0
BRF:22
BRH:8
end_of_record
TN:
SF:src\features\todo\graphql\mutations\task\complete-task\complete-task.resolver.ts
FN:2,(anonymous_0)
FN:8,(anonymous_1)
FN:11,(anonymous_2)
FN:12,(anonymous_3)
FN:23,(anonymous_4)
FN:27,(anonymous_5)
FN:35,(anonymous_6)
FN:37,(anonymous_7)
FNF:8
FNH:8
FNDA:4,(anonymous_0)
FNDA:8,(anonymous_1)
FNDA:4,(anonymous_2)
FNDA:4,(anonymous_3)
FNDA:5,(anonymous_4)
FNDA:6,(anonymous_5)
FNDA:2,(anonymous_6)
FNDA:1,(anonymous_7)
DA:2,2
DA:3,4
DA:4,4
DA:5,0
DA:6,4
DA:8,2
DA:9,8
DA:11,2
DA:12,4
DA:14,2
DA:15,2
DA:16,2
DA:17,2
DA:18,2
DA:19,2
DA:20,2
DA:21,2
DA:22,2
DA:24,5
DA:25,5
DA:28,6
DA:29,5
DA:30,3
DA:33,2
DA:34,2
DA:35,2
DA:37,1
DA:42,2
LF:28
LH:27
BRDA:2,0,0,2
BRDA:2,0,1,2
BRDA:2,0,2,2
BRDA:3,1,0,2
BRDA:3,1,1,2
BRDA:3,2,0,2
BRDA:3,2,1,0
BRDA:4,3,0,4
BRDA:4,3,1,0
BRDA:4,4,0,4
BRDA:4,4,1,4
BRDA:5,5,0,0
BRDA:5,5,1,0
BRDA:5,6,0,0
BRDA:5,6,1,0
BRDA:5,7,0,0
BRDA:5,7,1,0
BRDA:5,8,0,0
BRDA:5,8,1,0
BRDA:6,9,0,4
BRDA:6,9,1,2
BRDA:6,9,2,2
BRDA:8,10,0,2
BRDA:8,10,1,2
BRDA:8,10,2,2
BRDA:9,11,0,8
BRDA:9,11,1,0
BRDA:9,12,0,8
BRDA:9,12,1,8
BRDA:11,13,0,2
BRDA:11,13,1,2
BRDA:11,13,2,2
BRF:32
BRH:21
end_of_record
TN:
SF:src\features\todo\graphql\mutations\task\complete-task\graphql-types\response.ts
FN:2,(anonymous_0)
FN:8,(anonymous_1)
FN:15,(anonymous_2)
FN:22,(anonymous_3)
FNF:4
FNH:4
FNDA:6,(anonymous_0)
FNDA:6,(anonymous_1)
FNDA:3,(anonymous_2)
FNDA:3,(anonymous_3)
DA:2,2
DA:3,6
DA:4,6
DA:5,0
DA:6,6
DA:8,2
DA:9,6
DA:11,2
DA:12,2
DA:13,2
DA:14,2
DA:16,3
DA:17,3
DA:20,2
DA:21,2
DA:22,3
DA:25,2
DA:29,2
LF:18
LH:17
BRDA:2,0,0,2
BRDA:2,0,1,2
BRDA:2,0,2,2
BRDA:3,1,0,2
BRDA:3,1,1,4
BRDA:3,2,0,0
BRDA:3,2,1,4
BRDA:4,3,0,6
BRDA:4,3,1,0
BRDA:4,4,0,6
BRDA:4,4,1,6
BRDA:5,5,0,0
BRDA:5,5,1,0
BRDA:5,6,0,0
BRDA:5,6,1,0
BRDA:5,7,0,0
BRDA:5,7,1,0
BRDA:5,8,0,0
BRDA:5,8,1,0
BRDA:6,9,0,6
BRDA:6,9,1,4
BRDA:6,9,2,0
BRDA:8,10,0,2
BRDA:8,10,1,2
BRDA:8,10,2,2
BRDA:9,11,0,6
BRDA:9,11,1,0
BRDA:9,12,0,6
BRDA:9,12,1,6
BRF:29
BRH:17
end_of_record
TN:
SF:src\features\todo\graphql\mutations\task\create-task\create-task.module-definition.ts
FN:6,(anonymous_0)
FNF:1
FNH:1
FNDA:1,(anonymous_0)
DA:3,1
DA:4,1
DA:5,1
DA:6,1
LF:4
LH:4
BRF:0
BRH:0
end_of_record
TN:
SF:src\features\todo\graphql\mutations\task\create-task\create-task.module.ts
FN:2,(anonymous_0)
FNF:1
FNH:1
FNDA:1,(anonymous_0)
DA:2,1
DA:3,1
DA:4,1
DA:5,0
DA:6,1
DA:8,1
DA:9,1
DA:10,1
DA:11,1
DA:12,1
DA:13,1
DA:24,1
DA:26,1
DA:27,1
LF:14
LH:13
BRDA:2,0,0,1
BRDA:2,0,1,1
BRDA:2,0,2,1
BRDA:3,1,0,1
BRDA:3,1,1,0
BRDA:3,2,0,0
BRDA:3,2,1,0
BRDA:4,3,0,1
BRDA:4,3,1,0
BRDA:4,4,0,1
BRDA:4,4,1,1
BRDA:5,5,0,0
BRDA:5,5,1,0
BRDA:5,6,0,0
BRDA:5,6,1,0
BRDA:5,7,0,0
BRDA:5,7,1,0
BRDA:5,8,0,0
BRDA:5,8,1,0
BRDA:6,9,0,1
BRDA:6,9,1,0
BRDA:6,9,2,0
BRF:22
BRH:8
end_of_record
TN:
SF:src\features\todo\graphql\mutations\task\create-task\create-task.resolver.ts
FN:2,(anonymous_0)
FN:8,(anonymous_1)
FN:11,(anonymous_2)
FN:12,(anonymous_3)
FN:24,(anonymous_4)
FN:28,(anonymous_5)
FN:36,(anonymous_6)
FNF:7
FNH:7
FNDA:4,(anonymous_0)
FNDA:8,(anonymous_1)
FNDA:4,(anonymous_2)
FNDA:4,(anonymous_3)
FNDA:5,(anonymous_4)
FNDA:6,(anonymous_5)
FNDA:2,(anonymous_6)
DA:2,2
DA:3,4
DA:4,4
DA:5,0
DA:6,4
DA:8,2
DA:9,8
DA:11,2
DA:12,4
DA:14,2
DA:15,2
DA:16,2
DA:17,2
DA:18,2
DA:19,2
DA:20,2
DA:21,2
DA:22,2
DA:23,2
DA:25,5
DA:26,5
DA:29,6
DA:30,3
DA:31,2
DA:34,2
DA:35,2
DA:36,2
DA:43,2
LF:28
LH:27
BRDA:2,0,0,2
BRDA:2,0,1,2
BRDA:2,0,2,2
BRDA:3,1,0,2
BRDA:3,1,1,2
BRDA:3,2,0,2
BRDA:3,2,1,0
BRDA:4,3,0,4
BRDA:4,3,1,0
BRDA:4,4,0,4
BRDA:4,4,1,4
BRDA:5,5,0,0
BRDA:5,5,1,0
BRDA:5,6,0,0
BRDA:5,6,1,0
BRDA:5,7,0,0
BRDA:5,7,1,0
BRDA:5,8,0,0
BRDA:5,8,1,0
BRDA:6,9,0,4
BRDA:6,9,1,2
BRDA:6,9,2,2
BRDA:8,10,0,2
BRDA:8,10,1,2
BRDA:8,10,2,2
BRDA:9,11,0,8
BRDA:9,11,1,0
BRDA:9,12,0,8
BRDA:9,12,1,8
BRDA:11,13,0,2
BRDA:11,13,1,2
BRDA:11,13,2,2
BRF:32
BRH:21
end_of_record
TN:
SF:src\features\todo\graphql\mutations\task\create-task\graphql-types\input.ts
FN:2,(anonymous_0)
FN:8,(anonymous_1)
FNF:2
FNH:2
FNDA:4,(anonymous_0)
FNDA:2,(anonymous_1)
DA:2,2
DA:3,4
DA:4,4
DA:5,0
DA:6,4
DA:8,2
DA:9,2
DA:11,2
DA:12,2
DA:13,2
DA:14,2
DA:15,2
DA:17,2
DA:18,2
DA:24,2
LF:15
LH:14
BRDA:2,0,0,2
BRDA:2,0,1,2
BRDA:2,0,2,2
BRDA:3,1,0,2
BRDA:3,1,1,2
BRDA:3,2,0,0
BRDA:3,2,1,2
BRDA:4,3,0,4
BRDA:4,3,1,0
BRDA:4,4,0,4
BRDA:4,4,1,4
BRDA:5,5,0,0
BRDA:5,5,1,0
BRDA:5,6,0,0
BRDA:5,6,1,0
BRDA:5,7,0,0
BRDA:5,7,1,0
BRDA:5,8,0,0
BRDA:5,8,1,0
BRDA:6,9,0,4
BRDA:6,9,1,2
BRDA:6,9,2,0
BRDA:8,10,0,2
BRDA:8,10,1,2
BRDA:8,10,2,2
BRDA:9,11,0,2
BRDA:9,11,1,0
BRDA:9,12,0,2
BRDA:9,12,1,2
BRF:29
BRH:17
end_of_record
TN:
SF:src\features\todo\graphql\mutations\task\create-task\graphql-types\response.ts
FN:2,(anonymous_0)
FN:8,(anonymous_1)
FN:15,(anonymous_2)
FN:22,(anonymous_3)
FNF:4
FNH:4
FNDA:6,(anonymous_0)
FNDA:6,(anonymous_1)
FNDA:2,(anonymous_2)
FNDA:3,(anonymous_3)
DA:2,2
DA:3,6
DA:4,6
DA:5,0
DA:6,6
DA:8,2
DA:9,6
DA:11,2
DA:12,2
DA:13,2
DA:14,2
DA:16,2
DA:17,2
DA:20,2
DA:21,2
DA:22,3
DA:25,2
DA:29,2
LF:18
LH:17
BRDA:2,0,0,2
BRDA:2,0,1,2
BRDA:2,0,2,2
BRDA:3,1,0,2
BRDA:3,1,1,4
BRDA:3,2,0,0
BRDA:3,2,1,4
BRDA:4,3,0,6
BRDA:4,3,1,0
BRDA:4,4,0,6
BRDA:4,4,1,6
BRDA:5,5,0,0
BRDA:5,5,1,0
BRDA:5,6,0,0
BRDA:5,6,1,0
BRDA:5,7,0,0
BRDA:5,7,1,0
BRDA:5,8,0,0
BRDA:5,8,1,0
BRDA:6,9,0,6
BRDA:6,9,1,4
BRDA:6,9,2,0
BRDA:8,10,0,2
BRDA:8,10,1,2
BRDA:8,10,2,2
BRDA:9,11,0,6
BRDA:9,11,1,0
BRDA:9,12,0,6
BRDA:9,12,1,6
BRF:29
BRH:17
end_of_record
TN:
SF:src\features\todo\graphql\mutations\task\delete-task\delete-task.module-definition.ts
FN:6,(anonymous_0)
FNF:1
FNH:1
FNDA:1,(anonymous_0)
DA:3,1
DA:4,1
DA:5,1
DA:6,1
LF:4
LH:4
BRF:0
BRH:0
end_of_record
TN:
SF:src\features\todo\graphql\mutations\task\delete-task\delete-task.module.ts
FN:2,(anonymous_0)
FNF:1
FNH:1
FNDA:1,(anonymous_0)
DA:2,1
DA:3,1
DA:4,1
DA:5,0
DA:6,1
DA:8,1
DA:9,1
DA:10,1
DA:11,1
DA:12,1
DA:13,1
DA:14,1
DA:16,1
DA:17,1
LF:14
LH:13
BRDA:2,0,0,1
BRDA:2,0,1,1
BRDA:2,0,2,1
BRDA:3,1,0,1
BRDA:3,1,1,0
BRDA:3,2,0,0
BRDA:3,2,1,0
BRDA:4,3,0,1
BRDA:4,3,1,0
BRDA:4,4,0,1
BRDA:4,4,1,1
BRDA:5,5,0,0
BRDA:5,5,1,0
BRDA:5,6,0,0
BRDA:5,6,1,0
BRDA:5,7,0,0
BRDA:5,7,1,0
BRDA:5,8,0,0
BRDA:5,8,1,0
BRDA:6,9,0,1
BRDA:6,9,1,0
BRDA:6,9,2,0
BRF:22
BRH:8
end_of_record
TN:
SF:src\features\todo\graphql\mutations\task\delete-task\delete-task.resolver.ts
FN:2,(anonymous_0)
FN:8,(anonymous_1)
FN:11,(anonymous_2)
FN:12,(anonymous_3)
FN:23,(anonymous_4)
FN:27,(anonymous_5)
FN:35,(anonymous_6)
FN:37,(anonymous_7)
FNF:8
FNH:8
FNDA:4,(anonymous_0)
FNDA:8,(anonymous_1)
FNDA:4,(anonymous_2)
FNDA:4,(anonymous_3)
FNDA:5,(anonymous_4)
FNDA:5,(anonymous_5)
FNDA:2,(anonymous_6)
FNDA:1,(anonymous_7)
DA:2,2
DA:3,4
DA:4,4
DA:5,0
DA:6,4
DA:8,2
DA:9,8
DA:11,2
DA:12,4
DA:14,2
DA:15,2
DA:16,2
DA:17,2
DA:18,2
DA:19,2
DA:20,2
DA:21,2
DA:22,2
DA:24,5
DA:25,5
DA:28,5
DA:29,4
DA:30,2
DA:33,2
DA:34,2
DA:35,2
DA:37,1
DA:42,2
LF:28
LH:27
BRDA:2,0,0,2
BRDA:2,0,1,2
BRDA:2,0,2,2
BRDA:3,1,0,2
BRDA:3,1,1,2
BRDA:3,2,0,2
BRDA:3,2,1,0
BRDA:4,3,0,4
BRDA:4,3,1,0
BRDA:4,4,0,4
BRDA:4,4,1,4
BRDA:5,5,0,0
BRDA:5,5,1,0
BRDA:5,6,0,0
BRDA:5,6,1,0
BRDA:5,7,0,0
BRDA:5,7,1,0
BRDA:5,8,0,0
BRDA:5,8,1,0
BRDA:6,9,0,4
BRDA:6,9,1,2
BRDA:6,9,2,2
BRDA:8,10,0,2
BRDA:8,10,1,2
BRDA:8,10,2,2
BRDA:9,11,0,8
BRDA:9,11,1,0
BRDA:9,12,0,8
BRDA:9,12,1,8
BRDA:11,13,0,2
BRDA:11,13,1,2
BRDA:11,13,2,2
BRF:32
BRH:21
end_of_record
TN:
SF:src\features\todo\graphql\mutations\task\delete-task\graphql-types\response.ts
FN:2,(anonymous_0)
FN:8,(anonymous_1)
FN:15,(anonymous_2)
FNF:3
FNH:3
FNDA:4,(anonymous_0)
FNDA:4,(anonymous_1)
FNDA:2,(anonymous_2)
DA:2,2
DA:3,4
DA:4,4
DA:5,0
DA:6,4
DA:8,2
DA:9,4
DA:11,2
DA:12,2
DA:13,2
DA:14,2
DA:16,2
DA:19,2
DA:20,2
DA:24,2
LF:15
LH:14
BRDA:2,0,0,2
BRDA:2,0,1,2
BRDA:2,0,2,2
BRDA:3,1,0,2
BRDA:3,1,1,2
BRDA:3,2,0,0
BRDA:3,2,1,2
BRDA:4,3,0,4
BRDA:4,3,1,0
BRDA:4,4,0,4
BRDA:4,4,1,4
BRDA:5,5,0,0
BRDA:5,5,1,0
BRDA:5,6,0,0
BRDA:5,6,1,0
BRDA:5,7,0,0
BRDA:5,7,1,0
BRDA:5,8,0,0
BRDA:5,8,1,0
BRDA:6,9,0,4
BRDA:6,9,1,2
BRDA:6,9,2,0
BRDA:8,10,0,2
BRDA:8,10,1,2
BRDA:8,10,2,2
BRDA:9,11,0,4
BRDA:9,11,1,0
BRDA:9,12,0,4
BRDA:9,12,1,4
BRF:29
BRH:17
end_of_record
TN:
SF:src\features\todo\graphql\mutations\task\reopen-task\reopen-task.module-definition.ts
FN:6,(anonymous_0)
FNF:1
FNH:1
FNDA:1,(anonymous_0)
DA:3,1
DA:4,1
DA:5,1
DA:6,1
LF:4
LH:4
BRF:0
BRH:0
end_of_record
TN:
SF:src\features\todo\graphql\mutations\task\reopen-task\reopen-task.module.ts
FN:2,(anonymous_0)
FNF:1
FNH:1
FNDA:1,(anonymous_0)
DA:2,1
DA:3,1
DA:4,1
DA:5,0
DA:6,1
DA:8,1
DA:9,1
DA:10,1
DA:11,1
DA:12,1
DA:13,1
DA:14,1
DA:16,1
DA:17,1
LF:14
LH:13
BRDA:2,0,0,1
BRDA:2,0,1,1
BRDA:2,0,2,1
BRDA:3,1,0,1
BRDA:3,1,1,0
BRDA:3,2,0,0
BRDA:3,2,1,0
BRDA:4,3,0,1
BRDA:4,3,1,0
BRDA:4,4,0,1
BRDA:4,4,1,1
BRDA:5,5,0,0
BRDA:5,5,1,0
BRDA:5,6,0,0
BRDA:5,6,1,0
BRDA:5,7,0,0
BRDA:5,7,1,0
BRDA:5,8,0,0
BRDA:5,8,1,0
BRDA:6,9,0,1
BRDA:6,9,1,0
BRDA:6,9,2,0
BRF:22
BRH:8
end_of_record
TN:
SF:src\features\todo\graphql\mutations\task\reopen-task\reopen-task.resolver.ts
FN:2,(anonymous_0)
FN:8,(anonymous_1)
FN:11,(anonymous_2)
FN:12,(anonymous_3)
FN:23,(anonymous_4)
FN:27,(anonymous_5)
FN:35,(anonymous_6)
FN:37,(anonymous_7)
FNF:8
FNH:8
FNDA:4,(anonymous_0)
FNDA:8,(anonymous_1)
FNDA:4,(anonymous_2)
FNDA:4,(anonymous_3)
FNDA:5,(anonymous_4)
FNDA:5,(anonymous_5)
FNDA:2,(anonymous_6)
FNDA:1,(anonymous_7)
DA:2,2
DA:3,4
DA:4,4
DA:5,0
DA:6,4
DA:8,2
DA:9,8
DA:11,2
DA:12,4
DA:14,2
DA:15,2
DA:16,2
DA:17,2
DA:18,2
DA:19,2
DA:20,2
DA:21,2
DA:22,2
DA:24,5
DA:25,5
DA:28,5
DA:29,4
DA:30,2
DA:33,2
DA:34,2
DA:35,2
DA:37,1
DA:42,2
LF:28
LH:27
BRDA:2,0,0,2
BRDA:2,0,1,2
BRDA:2,0,2,2
BRDA:3,1,0,2
BRDA:3,1,1,2
BRDA:3,2,0,2
BRDA:3,2,1,0
BRDA:4,3,0,4
BRDA:4,3,1,0
BRDA:4,4,0,4
BRDA:4,4,1,4
BRDA:5,5,0,0
BRDA:5,5,1,0
BRDA:5,6,0,0
BRDA:5,6,1,0
BRDA:5,7,0,0
BRDA:5,7,1,0
BRDA:5,8,0,0
BRDA:5,8,1,0
BRDA:6,9,0,4
BRDA:6,9,1,2
BRDA:6,9,2,2
BRDA:8,10,0,2
BRDA:8,10,1,2
BRDA:8,10,2,2
BRDA:9,11,0,8
BRDA:9,11,1,0
BRDA:9,12,0,8
BRDA:9,12,1,8
BRDA:11,13,0,2
BRDA:11,13,1,2
BRDA:11,13,2,2
BRF:32
BRH:21
end_of_record
TN:
SF:src\features\todo\graphql\mutations\task\reopen-task\graphql-types\response.ts
FN:2,(anonymous_0)
FN:8,(anonymous_1)
FN:15,(anonymous_2)
FN:22,(anonymous_3)
FNF:4
FNH:4
FNDA:6,(anonymous_0)
FNDA:6,(anonymous_1)
FNDA:2,(anonymous_2)
FNDA:3,(anonymous_3)
DA:2,2
DA:3,6
DA:4,6
DA:5,0
DA:6,6
DA:8,2
DA:9,6
DA:11,2
DA:12,2
DA:13,2
DA:14,2
DA:16,2
DA:17,2
DA:20,2
DA:21,2
DA:22,3
DA:25,2
DA:29,2
LF:18
LH:17
BRDA:2,0,0,2
BRDA:2,0,1,2
BRDA:2,0,2,2
BRDA:3,1,0,2
BRDA:3,1,1,4
BRDA:3,2,0,0
BRDA:3,2,1,4
BRDA:4,3,0,6
BRDA:4,3,1,0
BRDA:4,4,0,6
BRDA:4,4,1,6
BRDA:5,5,0,0
BRDA:5,5,1,0
BRDA:5,6,0,0
BRDA:5,6,1,0
BRDA:5,7,0,0
BRDA:5,7,1,0
BRDA:5,8,0,0
BRDA:5,8,1,0
BRDA:6,9,0,6
BRDA:6,9,1,4
BRDA:6,9,2,0
BRDA:8,10,0,2
BRDA:8,10,1,2
BRDA:8,10,2,2
BRDA:9,11,0,6
BRDA:9,11,1,0
BRDA:9,12,0,6
BRDA:9,12,1,6
BRF:29
BRH:17
end_of_record
TN:
SF:src\features\todo\graphql\queries\index.ts
FNF:0
FNH:0
DA:2,1
DA:3,1
DA:4,1
DA:5,1
DA:6,1
DA:7,1
DA:8,1
DA:9,1
DA:10,1
DA:11,1
DA:14,1
LF:11
LH:11
BRF:0
BRH:0
end_of_record
TN:
SF:src\features\todo\graphql\queries\audit\audit-log\audit-log.module-definition.ts
FN:6,(anonymous_0)
FNF:1
FNH:1
FNDA:1,(anonymous_0)
DA:3,1
DA:4,1
DA:5,1
DA:6,1
LF:4
LH:4
BRF:0
BRH:0
end_of_record
TN:
SF:src\features\todo\graphql\queries\audit\audit-log\audit-log.module.ts
FN:2,(anonymous_0)
FNF:1
FNH:1
FNDA:1,(anonymous_0)
DA:2,1
DA:3,1
DA:4,1
DA:5,0
DA:6,1
DA:8,1
DA:9,1
DA:10,1
DA:11,1
DA:12,1
DA:13,1
DA:14,1
DA:16,1
DA:17,1
LF:14
LH:13
BRDA:2,0,0,1
BRDA:2,0,1,1
BRDA:2,0,2,1
BRDA:3,1,0,1
BRDA:3,1,1,0
BRDA:3,2,0,0
BRDA:3,2,1,0
BRDA:4,3,0,1
BRDA:4,3,1,0
BRDA:4,4,0,1
BRDA:4,4,1,1
BRDA:5,5,0,0
BRDA:5,5,1,0
BRDA:5,6,0,0
BRDA:5,6,1,0
BRDA:5,7,0,0
BRDA:5,7,1,0
BRDA:5,8,0,0
BRDA:5,8,1,0
BRDA:6,9,0,1
BRDA:6,9,1,0
BRDA:6,9,2,0
BRF:22
BRH:8
end_of_record
TN:
SF:src\features\todo\graphql\queries\audit\audit-log\audit-log.resolver.ts
FN:2,(anonymous_0)
FN:8,(anonymous_1)
FN:11,(anonymous_2)
FN:12,(anonymous_3)
FN:30,(anonymous_4)
FN:34,(anonymous_5)
FN:37,(anonymous_6)
FN:42,(anonymous_7)
FNF:8
FNH:8
FNDA:4,(anonymous_0)
FNDA:8,(anonymous_1)
FNDA:2,(anonymous_2)
FNDA:2,(anonymous_3)
FNDA:7,(anonymous_4)
FNDA:6,(anonymous_5)
FNDA:2,(anonymous_6)
FNDA:2,(anonymous_7)
DA:2,2
DA:3,4
DA:4,4
DA:5,0
DA:6,4
DA:8,2
DA:9,8
DA:11,2
DA:12,2
DA:14,2
DA:15,2
DA:16,2
DA:17,2
DA:18,2
DA:19,2
DA:20,2
DA:21,2
DA:29,2
DA:31,7
DA:32,7
DA:35,6
DA:36,4
DA:37,3
DA:40,2
DA:41,2
DA:42,2
DA:48,2
LF:27
LH:26
BRDA:2,0,0,2
BRDA:2,0,1,2
BRDA:2,0,2,2
BRDA:3,1,0,2
BRDA:3,1,1,2
BRDA:3,2,0,2
BRDA:3,2,1,0
BRDA:4,3,0,4
BRDA:4,3,1,0
BRDA:4,4,0,4
BRDA:4,4,1,4
BRDA:5,5,0,0
BRDA:5,5,1,0
BRDA:5,6,0,0
BRDA:5,6,1,0
BRDA:5,7,0,0
BRDA:5,7,1,0
BRDA:5,8,0,0
BRDA:5,8,1,0
BRDA:6,9,0,4
BRDA:6,9,1,2
BRDA:6,9,2,2
BRDA:8,10,0,2
BRDA:8,10,1,2
BRDA:8,10,2,2
BRDA:9,11,0,8
BRDA:9,11,1,0
BRDA:9,12,0,8
BRDA:9,12,1,8
BRDA:11,13,0,2
BRDA:11,13,1,2
BRDA:11,13,2,2
BRF:32
BRH:21
end_of_record
TN:
SF:src\features\todo\graphql\queries\audit\audit-log\graphql-types\response.ts
FN:2,(anonymous_0)
FN:8,(anonymous_1)
FN:15,(anonymous_2)
FN:23,(anonymous_3)
FN:31,(anonymous_4)
FNF:5
FNH:5
FNDA:8,(anonymous_0)
FNDA:8,(anonymous_1)
FNDA:4,(anonymous_2)
FNDA:3,(anonymous_3)
FNDA:3,(anonymous_4)
DA:2,2
DA:3,8
DA:4,8
DA:5,0
DA:6,8
DA:8,2
DA:9,8
DA:11,2
DA:12,2
DA:13,2
DA:14,2
DA:16,4
DA:17,4
DA:18,4
DA:21,2
DA:22,2
DA:23,3
DA:26,2
DA:30,2
DA:31,3
DA:34,2
LF:21
LH:20
BRDA:2,0,0,2
BRDA:2,0,1,2
BRDA:2,0,2,2
BRDA:3,1,0,2
BRDA:3,1,1,6
BRDA:3,2,0,0
BRDA:3,2,1,6
BRDA:4,3,0,8
BRDA:4,3,1,0
BRDA:4,4,0,8
BRDA:4,4,1,8
BRDA:5,5,0,0
BRDA:5,5,1,0
BRDA:5,6,0,0
BRDA:5,6,1,0
BRDA:5,7,0,0
BRDA:5,7,1,0
BRDA:5,8,0,0
BRDA:5,8,1,0
BRDA:6,9,0,8
BRDA:6,9,1,6
BRDA:6,9,2,0
BRDA:8,10,0,2
BRDA:8,10,1,2
BRDA:8,10,2,2
BRDA:9,11,0,8
BRDA:9,11,1,0
BRDA:9,12,0,8
BRDA:9,12,1,8
BRF:29
BRH:17
end_of_record
TN:
SF:src\features\todo\graphql\queries\audit\export-my-data\export-my-data.module-definition.ts
FN:6,(anonymous_0)
FNF:1
FNH:1
FNDA:1,(anonymous_0)
DA:3,1
DA:4,1
DA:5,1
DA:6,1
LF:4
LH:4
BRF:0
BRH:0
end_of_record
TN:
SF:src\features\todo\graphql\queries\audit\export-my-data\export-my-data.module.ts
FN:2,(anonymous_0)
FNF:1
FNH:1
FNDA:1,(anonymous_0)
DA:2,1
DA:3,1
DA:4,1
DA:5,0
DA:6,1
DA:8,1
DA:9,1
DA:10,1
DA:11,1
DA:12,1
DA:13,1
DA:14,1
DA:16,1
DA:17,1
LF:14
LH:13
BRDA:2,0,0,1
BRDA:2,0,1,1
BRDA:2,0,2,1
BRDA:3,1,0,1
BRDA:3,1,1,0
BRDA:3,2,0,0
BRDA:3,2,1,0
BRDA:4,3,0,1
BRDA:4,3,1,0
BRDA:4,4,0,1
BRDA:4,4,1,1
BRDA:5,5,0,0
BRDA:5,5,1,0
BRDA:5,6,0,0
BRDA:5,6,1,0
BRDA:5,7,0,0
BRDA:5,7,1,0
BRDA:5,8,0,0
BRDA:5,8,1,0
BRDA:6,9,0,1
BRDA:6,9,1,0
BRDA:6,9,2,0
BRF:22
BRH:8
end_of_record
TN:
SF:src\features\todo\graphql\queries\audit\export-my-data\export-my-data.resolver.ts
FN:2,(anonymous_0)
FN:8,(anonymous_1)
FN:11,(anonymous_2)
FN:12,(anonymous_3)
FN:24,(anonymous_4)
FN:28,(anonymous_5)
FN:31,(anonymous_6)
FN:36,(anonymous_7)
FNF:8
FNH:8
FNDA:4,(anonymous_0)
FNDA:8,(anonymous_1)
FNDA:2,(anonymous_2)
FNDA:2,(anonymous_3)
FNDA:6,(anonymous_4)
FNDA:5,(anonymous_5)
FNDA:1,(anonymous_6)
FNDA:2,(anonymous_7)
DA:2,2
DA:3,4
DA:4,4
DA:5,0
DA:6,4
DA:8,2
DA:9,8
DA:11,2
DA:12,2
DA:14,2
DA:15,2
DA:16,2
DA:17,2
DA:18,2
DA:19,2
DA:20,2
DA:21,2
DA:23,2
DA:25,6
DA:26,6
DA:29,5
DA:30,3
DA:31,3
DA:34,2
DA:35,2
DA:36,2
DA:42,2
LF:27
LH:26
BRDA:2,0,0,2
BRDA:2,0,1,2
BRDA:2,0,2,2
BRDA:3,1,0,2
BRDA:3,1,1,2
BRDA:3,2,0,2
BRDA:3,2,1,0
BRDA:4,3,0,4
BRDA:4,3,1,0
BRDA:4,4,0,4
BRDA:4,4,1,4
BRDA:5,5,0,0
BRDA:5,5,1,0
BRDA:5,6,0,0
BRDA:5,6,1,0
BRDA:5,7,0,0
BRDA:5,7,1,0
BRDA:5,8,0,0
BRDA:5,8,1,0
BRDA:6,9,0,4
BRDA:6,9,1,2
BRDA:6,9,2,2
BRDA:8,10,0,2
BRDA:8,10,1,2
BRDA:8,10,2,2
BRDA:9,11,0,8
BRDA:9,11,1,0
BRDA:9,12,0,8
BRDA:9,12,1,8
BRDA:11,13,0,2
BRDA:11,13,1,2
BRDA:11,13,2,2
BRF:32
BRH:21
end_of_record
TN:
SF:src\features\todo\graphql\queries\audit\export-my-data\graphql-types\response.ts
FN:2,(anonymous_0)
FN:8,(anonymous_1)
FN:15,(anonymous_2)
FN:23,(anonymous_3)
FN:31,(anonymous_4)
FNF:5
FNH:5
FNDA:8,(anonymous_0)
FNDA:8,(anonymous_1)
FNDA:2,(anonymous_2)
FNDA:3,(anonymous_3)
FNDA:3,(anonymous_4)
DA:2,2
DA:3,8
DA:4,8
DA:5,0
DA:6,8
DA:8,2
DA:9,8
DA:11,2
DA:12,2
DA:13,2
DA:14,2
DA:16,2
DA:17,2
DA:18,2
DA:21,2
DA:22,2
DA:23,3
DA:26,2
DA:30,2
DA:31,3
DA:34,2
LF:21
LH:20
BRDA:2,0,0,2
BRDA:2,0,1,2
BRDA:2,0,2,2
BRDA:3,1,0,2
BRDA:3,1,1,6
BRDA:3,2,0,0
BRDA:3,2,1,6
BRDA:4,3,0,8
BRDA:4,3,1,0
BRDA:4,4,0,8
BRDA:4,4,1,8
BRDA:5,5,0,0
BRDA:5,5,1,0
BRDA:5,6,0,0
BRDA:5,6,1,0
BRDA:5,7,0,0
BRDA:5,7,1,0
BRDA:5,8,0,0
BRDA:5,8,1,0
BRDA:6,9,0,8
BRDA:6,9,1,6
BRDA:6,9,2,0
BRDA:8,10,0,2
BRDA:8,10,1,2
BRDA:8,10,2,2
BRDA:9,11,0,8
BRDA:9,11,1,0
BRDA:9,12,0,8
BRDA:9,12,1,8
BRF:29
BRH:17
end_of_record
TN:
SF:src\features\todo\graphql\queries\notify\notification-preferences\notification-preferences.module-definition.ts
FN:6,(anonymous_0)
FNF:1
FNH:1
FNDA:1,(anonymous_0)
DA:3,1
DA:4,1
DA:5,1
DA:6,1
LF:4
LH:4
BRF:0
BRH:0
end_of_record
TN:
SF:src\features\todo\graphql\queries\notify\notification-preferences\notification-preferences.module.ts
FN:2,(anonymous_0)
FNF:1
FNH:1
FNDA:1,(anonymous_0)
DA:2,1
DA:3,1
DA:4,1
DA:5,0
DA:6,1
DA:8,1
DA:9,1
DA:10,1
DA:11,1
DA:12,1
DA:13,1
DA:14,1
DA:16,1
DA:17,1
LF:14
LH:13
BRDA:2,0,0,1
BRDA:2,0,1,1
BRDA:2,0,2,1
BRDA:3,1,0,1
BRDA:3,1,1,0
BRDA:3,2,0,0
BRDA:3,2,1,0
BRDA:4,3,0,1
BRDA:4,3,1,0
BRDA:4,4,0,1
BRDA:4,4,1,1
BRDA:5,5,0,0
BRDA:5,5,1,0
BRDA:5,6,0,0
BRDA:5,6,1,0
BRDA:5,7,0,0
BRDA:5,7,1,0
BRDA:5,8,0,0
BRDA:5,8,1,0
BRDA:6,9,0,1
BRDA:6,9,1,0
BRDA:6,9,2,0
BRF:22
BRH:8
end_of_record
TN:
SF:src\features\todo\graphql\queries\notify\notification-preferences\notification-preferences.resolver.ts
FN:2,(anonymous_0)
FN:8,(anonymous_1)
FN:11,(anonymous_2)
FN:12,(anonymous_3)
FN:25,(anonymous_4)
FN:29,(anonymous_5)
FN:37,(anonymous_6)
FNF:7
FNH:7
FNDA:4,(anonymous_0)
FNDA:8,(anonymous_1)
FNDA:4,(anonymous_2)
FNDA:4,(anonymous_3)
FNDA:7,(anonymous_4)
FNDA:6,(anonymous_5)
FNDA:2,(anonymous_6)
DA:2,2
DA:3,4
DA:4,4
DA:5,0
DA:6,4
DA:8,2
DA:9,8
DA:11,2
DA:12,4
DA:14,2
DA:15,2
DA:16,2
DA:17,2
DA:18,2
DA:19,2
DA:20,2
DA:21,2
DA:24,2
DA:26,7
DA:27,7
DA:30,6
DA:31,4
DA:32,3
DA:35,2
DA:36,2
DA:37,2
DA:44,2
LF:27
LH:26
BRDA:2,0,0,2
BRDA:2,0,1,2
BRDA:2,0,2,2
BRDA:3,1,0,2
BRDA:3,1,1,2
BRDA:3,2,0,2
BRDA:3,2,1,0
BRDA:4,3,0,4
BRDA:4,3,1,0
BRDA:4,4,0,4
BRDA:4,4,1,4
BRDA:5,5,0,0
BRDA:5,5,1,0
BRDA:5,6,0,0
BRDA:5,6,1,0
BRDA:5,7,0,0
BRDA:5,7,1,0
BRDA:5,8,0,0
BRDA:5,8,1,0
BRDA:6,9,0,4
BRDA:6,9,1,2
BRDA:6,9,2,2
BRDA:8,10,0,2
BRDA:8,10,1,2
BRDA:8,10,2,2
BRDA:9,11,0,8
BRDA:9,11,1,0
BRDA:9,12,0,8
BRDA:9,12,1,8
BRDA:11,13,0,2
BRDA:11,13,1,2
BRDA:11,13,2,2
BRF:32
BRH:21
end_of_record
TN:
SF:src\features\todo\graphql\queries\notify\notification-preferences\graphql-types\response.ts
FN:2,(anonymous_0)
FN:8,(anonymous_1)
FN:15,(anonymous_2)
FN:31,(anonymous_3)
FNF:4
FNH:4
FNDA:8,(anonymous_0)
FNDA:8,(anonymous_1)
FNDA:5,(anonymous_2)
FNDA:3,(anonymous_3)
DA:2,2
DA:3,8
DA:4,8
DA:5,0
DA:6,8
DA:8,2
DA:9,8
DA:11,2
DA:12,2
DA:13,2
DA:14,2
DA:16,5
DA:17,5
DA:18,5
DA:21,2
DA:22,2
DA:26,2
DA:30,2
DA:31,3
DA:34,2
LF:20
LH:19
BRDA:2,0,0,2
BRDA:2,0,1,2
BRDA:2,0,2,2
BRDA:3,1,0,2
BRDA:3,1,1,6
BRDA:3,2,0,0
BRDA:3,2,1,6
BRDA:4,3,0,8
BRDA:4,3,1,0
BRDA:4,4,0,8
BRDA:4,4,1,8
BRDA:5,5,0,0
BRDA:5,5,1,0
BRDA:5,6,0,0
BRDA:5,6,1,0
BRDA:5,7,0,0
BRDA:5,7,1,0
BRDA:5,8,0,0
BRDA:5,8,1,0
BRDA:6,9,0,8
BRDA:6,9,1,6
BRDA:6,9,2,0
BRDA:8,10,0,2
BRDA:8,10,1,2
BRDA:8,10,2,2
BRDA:9,11,0,8
BRDA:9,11,1,0
BRDA:9,12,0,8
BRDA:9,12,1,8
BRF:29
BRH:17
end_of_record
TN:
SF:src\features\todo\graphql\queries\plan\plan-usage\plan-usage.module-definition.ts
FN:6,(anonymous_0)
FNF:1
FNH:1
FNDA:1,(anonymous_0)
DA:3,1
DA:4,1
DA:5,1
DA:6,1
LF:4
LH:4
BRF:0
BRH:0
end_of_record
TN:
SF:src\features\todo\graphql\queries\plan\plan-usage\plan-usage.module.ts
FN:2,(anonymous_0)
FNF:1
FNH:1
FNDA:1,(anonymous_0)
DA:2,1
DA:3,1
DA:4,1
DA:5,0
DA:6,1
DA:8,1
DA:9,1
DA:10,1
DA:11,1
DA:12,1
DA:13,1
DA:19,1
DA:21,1
DA:22,1
LF:14
LH:13
BRDA:2,0,0,1
BRDA:2,0,1,1
BRDA:2,0,2,1
BRDA:3,1,0,1
BRDA:3,1,1,0
BRDA:3,2,0,0
BRDA:3,2,1,0
BRDA:4,3,0,1
BRDA:4,3,1,0
BRDA:4,4,0,1
BRDA:4,4,1,1
BRDA:5,5,0,0
BRDA:5,5,1,0
BRDA:5,6,0,0
BRDA:5,6,1,0
BRDA:5,7,0,0
BRDA:5,7,1,0
BRDA:5,8,0,0
BRDA:5,8,1,0
BRDA:6,9,0,1
BRDA:6,9,1,0
BRDA:6,9,2,0
BRF:22
BRH:8
end_of_record
TN:
SF:src\features\todo\graphql\queries\plan\plan-usage\plan-usage.resolver.ts
FN:2,(anonymous_0)
FN:8,(anonymous_1)
FN:11,(anonymous_2)
FN:12,(anonymous_3)
FN:25,(anonymous_4)
FN:29,(anonymous_5)
FN:37,(anonymous_6)
FNF:7
FNH:7
FNDA:4,(anonymous_0)
FNDA:8,(anonymous_1)
FNDA:2,(anonymous_2)
FNDA:2,(anonymous_3)
FNDA:7,(anonymous_4)
FNDA:6,(anonymous_5)
FNDA:2,(anonymous_6)
DA:2,2
DA:3,4
DA:4,4
DA:5,0
DA:6,4
DA:8,2
DA:9,8
DA:11,2
DA:12,2
DA:14,2
DA:15,2
DA:16,2
DA:17,2
DA:18,2
DA:19,2
DA:20,2
DA:21,2
DA:24,2
DA:26,7
DA:27,7
DA:30,6
DA:31,4
DA:32,3
DA:35,2
DA:36,2
DA:37,2
DA:43,2
LF:27
LH:26
BRDA:2,0,0,2
BRDA:2,0,1,2
BRDA:2,0,2,2
BRDA:3,1,0,2
BRDA:3,1,1,2
BRDA:3,2,0,2
BRDA:3,2,1,0
BRDA:4,3,0,4
BRDA:4,3,1,0
BRDA:4,4,0,4
BRDA:4,4,1,4
BRDA:5,5,0,0
BRDA:5,5,1,0
BRDA:5,6,0,0
BRDA:5,6,1,0
BRDA:5,7,0,0
BRDA:5,7,1,0
BRDA:5,8,0,0
BRDA:5,8,1,0
BRDA:6,9,0,4
BRDA:6,9,1,2
BRDA:6,9,2,2
BRDA:8,10,0,2
BRDA:8,10,1,2
BRDA:8,10,2,2
BRDA:9,11,0,8
BRDA:9,11,1,0
BRDA:9,12,0,8
BRDA:9,12,1,8
BRDA:11,13,0,2
BRDA:11,13,1,2
BRDA:11,13,2,2
BRF:32
BRH:21
end_of_record
TN:
SF:src\features\todo\graphql\queries\plan\plan-usage\graphql-types\response.ts
FN:2,(anonymous_0)
FN:8,(anonymous_1)
FN:15,(anonymous_2)
FN:27,(anonymous_3)
FN:31,(anonymous_4)
FNF:5
FNH:5
FNDA:8,(anonymous_0)
FNDA:8,(anonymous_1)
FNDA:5,(anonymous_2)
FNDA:3,(anonymous_3)
FNDA:3,(anonymous_4)
DA:2,2
DA:3,8
DA:4,8
DA:5,0
DA:6,8
DA:8,2
DA:9,8
DA:11,2
DA:12,2
DA:13,2
DA:14,2
DA:16,5
DA:17,5
DA:18,5
DA:21,2
DA:22,2
DA:26,2
DA:27,3
DA:30,2
DA:31,3
DA:34,2
LF:21
LH:20
BRDA:2,0,0,2
BRDA:2,0,1,2
BRDA:2,0,2,2
BRDA:3,1,0,2
BRDA:3,1,1,6
BRDA:3,2,0,0
BRDA:3,2,1,6
BRDA:4,3,0,8
BRDA:4,3,1,0
BRDA:4,4,0,8
BRDA:4,4,1,8
BRDA:5,5,0,0
BRDA:5,5,1,0
BRDA:5,6,0,0
BRDA:5,6,1,0
BRDA:5,7,0,0
BRDA:5,7,1,0
BRDA:5,8,0,0
BRDA:5,8,1,0
BRDA:6,9,0,8
BRDA:6,9,1,6
BRDA:6,9,2,0
BRDA:8,10,0,2
BRDA:8,10,1,2
BRDA:8,10,2,2
BRDA:9,11,0,8
BRDA:9,11,1,0
BRDA:9,12,0,8
BRDA:9,12,1,8
BRF:29
BRH:17
end_of_record
TN:
SF:src\features\todo\graphql\queries\recur\upcoming-occurrences\upcoming-occurrences.module-definition.ts
FN:6,(anonymous_0)
FNF:1
FNH:1
FNDA:1,(anonymous_0)
DA:3,1
DA:4,1
DA:5,1
DA:6,1
LF:4
LH:4
BRF:0
BRH:0
end_of_record
TN:
SF:src\features\todo\graphql\queries\recur\upcoming-occurrences\upcoming-occurrences.module.ts
FN:2,(anonymous_0)
FNF:1
FNH:1
FNDA:1,(anonymous_0)
DA:2,1
DA:3,1
DA:4,1
DA:5,0
DA:6,1
DA:8,1
DA:9,1
DA:10,1
DA:11,1
DA:12,1
DA:13,1
DA:14,1
DA:16,1
DA:17,1
LF:14
LH:13
BRDA:2,0,0,1
BRDA:2,0,1,1
BRDA:2,0,2,1
BRDA:3,1,0,1
BRDA:3,1,1,0
BRDA:3,2,0,0
BRDA:3,2,1,0
BRDA:4,3,0,1
BRDA:4,3,1,0
BRDA:4,4,0,1
BRDA:4,4,1,1
BRDA:5,5,0,0
BRDA:5,5,1,0
BRDA:5,6,0,0
BRDA:5,6,1,0
BRDA:5,7,0,0
BRDA:5,7,1,0
BRDA:5,8,0,0
BRDA:5,8,1,0
BRDA:6,9,0,1
BRDA:6,9,1,0
BRDA:6,9,2,0
BRF:22
BRH:8
end_of_record
TN:
SF:src\features\todo\graphql\queries\recur\upcoming-occurrences\upcoming-occurrences.resolver.ts
FN:2,(anonymous_0)
FN:8,(anonymous_1)
FN:11,(anonymous_2)
FN:12,(anonymous_3)
FN:25,(anonymous_4)
FN:29,(anonymous_5)
FN:32,(anonymous_6)
FN:37,(anonymous_7)
FN:42,(anonymous_8)
FNF:9
FNH:9
FNDA:4,(anonymous_0)
FNDA:8,(anonymous_1)
FNDA:4,(anonymous_2)
FNDA:4,(anonymous_3)
FNDA:8,(anonymous_4)
FNDA:7,(anonymous_5)
FNDA:3,(anonymous_6)
FNDA:2,(anonymous_7)
FNDA:1,(anonymous_8)
DA:2,2
DA:3,4
DA:4,4
DA:5,0
DA:6,4
DA:8,2
DA:9,8
DA:11,2
DA:12,4
DA:14,2
DA:15,2
DA:16,2
DA:17,2
DA:18,2
DA:19,2
DA:20,2
DA:21,2
DA:24,2
DA:26,8
DA:27,8
DA:30,7
DA:31,5
DA:32,3
DA:35,2
DA:36,2
DA:37,2
DA:42,1
DA:47,2
LF:28
LH:27
BRDA:2,0,0,2
BRDA:2,0,1,2
BRDA:2,0,2,2
BRDA:3,1,0,2
BRDA:3,1,1,2
BRDA:3,2,0,2
BRDA:3,2,1,0
BRDA:4,3,0,4
BRDA:4,3,1,0
BRDA:4,4,0,4
BRDA:4,4,1,4
BRDA:5,5,0,0
BRDA:5,5,1,0
BRDA:5,6,0,0
BRDA:5,6,1,0
BRDA:5,7,0,0
BRDA:5,7,1,0
BRDA:5,8,0,0
BRDA:5,8,1,0
BRDA:6,9,0,4
BRDA:6,9,1,2
BRDA:6,9,2,2
BRDA:8,10,0,2
BRDA:8,10,1,2
BRDA:8,10,2,2
BRDA:9,11,0,8
BRDA:9,11,1,0
BRDA:9,12,0,8
BRDA:9,12,1,8
BRDA:11,13,0,2
BRDA:11,13,1,2
BRDA:11,13,2,2
BRF:32
BRH:21
end_of_record
TN:
SF:src\features\todo\graphql\queries\recur\upcoming-occurrences\graphql-types\response.ts
FN:2,(anonymous_0)
FN:8,(anonymous_1)
FN:15,(anonymous_2)
FN:24,(anonymous_3)
FN:44,(anonymous_4)
FN:52,(anonymous_5)
FN:56,(anonymous_6)
FN:60,(anonymous_7)
FNF:8
FNH:8
FNDA:18,(anonymous_0)
FNDA:18,(anonymous_1)
FNDA:5,(anonymous_2)
FNDA:3,(anonymous_3)
FNDA:4,(anonymous_4)
FNDA:3,(anonymous_5)
FNDA:3,(anonymous_6)
FNDA:3,(anonymous_7)
DA:2,2
DA:3,18
DA:4,18
DA:5,0
DA:6,18
DA:8,2
DA:9,18
DA:11,2
DA:12,2
DA:13,2
DA:14,2
DA:16,5
DA:17,5
DA:18,5
DA:19,5
DA:22,2
DA:23,2
DA:24,3
DA:27,2
DA:31,2
DA:35,2
DA:39,2
DA:43,2
DA:45,4
DA:46,4
DA:47,4
DA:50,2
DA:51,2
DA:52,3
DA:55,2
DA:56,3
DA:59,2
DA:60,3
DA:63,2
LF:34
LH:33
BRDA:2,0,0,2
BRDA:2,0,1,2
BRDA:2,0,2,2
BRDA:3,1,0,4
BRDA:3,1,1,14
BRDA:3,2,0,0
BRDA:3,2,1,14
BRDA:4,3,0,18
BRDA:4,3,1,0
BRDA:4,4,0,18
BRDA:4,4,1,18
BRDA:5,5,0,0
BRDA:5,5,1,0
BRDA:5,6,0,0
BRDA:5,6,1,0
BRDA:5,7,0,0
BRDA:5,7,1,0
BRDA:5,8,0,0
BRDA:5,8,1,0
BRDA:6,9,0,18
BRDA:6,9,1,14
BRDA:6,9,2,0
BRDA:8,10,0,2
BRDA:8,10,1,2
BRDA:8,10,2,2
BRDA:9,11,0,18
BRDA:9,11,1,0
BRDA:9,12,0,18
BRDA:9,12,1,18
BRF:29
BRH:17
end_of_record
TN:
SF:src\features\todo\graphql\queries\share\collaborators\collaborators.module-definition.ts
FN:6,(anonymous_0)
FNF:1
FNH:1
FNDA:1,(anonymous_0)
DA:3,1
DA:4,1
DA:5,1
DA:6,1
LF:4
LH:4
BRF:0
BRH:0
end_of_record
TN:
SF:src\features\todo\graphql\queries\share\collaborators\collaborators.module.ts
FN:2,(anonymous_0)
FNF:1
FNH:1
FNDA:1,(anonymous_0)
DA:2,1
DA:3,1
DA:4,1
DA:5,0
DA:6,1
DA:8,1
DA:9,1
DA:10,1
DA:11,1
DA:12,1
DA:13,1
DA:14,1
DA:16,1
DA:17,1
LF:14
LH:13
BRDA:2,0,0,1
BRDA:2,0,1,1
BRDA:2,0,2,1
BRDA:3,1,0,1
BRDA:3,1,1,0
BRDA:3,2,0,0
BRDA:3,2,1,0
BRDA:4,3,0,1
BRDA:4,3,1,0
BRDA:4,4,0,1
BRDA:4,4,1,1
BRDA:5,5,0,0
BRDA:5,5,1,0
BRDA:5,6,0,0
BRDA:5,6,1,0
BRDA:5,7,0,0
BRDA:5,7,1,0
BRDA:5,8,0,0
BRDA:5,8,1,0
BRDA:6,9,0,1
BRDA:6,9,1,0
BRDA:6,9,2,0
BRF:22
BRH:8
end_of_record
TN:
SF:src\features\todo\graphql\queries\share\collaborators\collaborators.resolver.ts
FN:2,(anonymous_0)
FN:8,(anonymous_1)
FN:11,(anonymous_2)
FN:12,(anonymous_3)
FN:25,(anonymous_4)
FN:29,(anonymous_5)
FN:32,(anonymous_6)
FN:37,(anonymous_7)
FN:39,(anonymous_8)
FNF:9
FNH:9
FNDA:4,(anonymous_0)
FNDA:8,(anonymous_1)
FNDA:4,(anonymous_2)
FNDA:4,(anonymous_3)
FNDA:8,(anonymous_4)
FNDA:7,(anonymous_5)
FNDA:2,(anonymous_6)
FNDA:2,(anonymous_7)
FNDA:1,(anonymous_8)
DA:2,2
DA:3,4
DA:4,4
DA:5,0
DA:6,4
DA:8,2
DA:9,8
DA:11,2
DA:12,4
DA:14,2
DA:15,2
DA:16,2
DA:17,2
DA:18,2
DA:19,2
DA:20,2
DA:21,2
DA:24,2
DA:26,8
DA:27,8
DA:30,7
DA:31,5
DA:32,3
DA:35,2
DA:36,2
DA:37,2
DA:39,1
DA:44,2
LF:28
LH:27
BRDA:2,0,0,2
BRDA:2,0,1,2
BRDA:2,0,2,2
BRDA:3,1,0,2
BRDA:3,1,1,2
BRDA:3,2,0,2
BRDA:3,2,1,0
BRDA:4,3,0,4
BRDA:4,3,1,0
BRDA:4,4,0,4
BRDA:4,4,1,4
BRDA:5,5,0,0
BRDA:5,5,1,0
BRDA:5,6,0,0
BRDA:5,6,1,0
BRDA:5,7,0,0
BRDA:5,7,1,0
BRDA:5,8,0,0
BRDA:5,8,1,0
BRDA:6,9,0,4
BRDA:6,9,1,2
BRDA:6,9,2,2
BRDA:8,10,0,2
BRDA:8,10,1,2
BRDA:8,10,2,2
BRDA:9,11,0,8
BRDA:9,11,1,0
BRDA:9,12,0,8
BRDA:9,12,1,8
BRDA:11,13,0,2
BRDA:11,13,1,2
BRDA:11,13,2,2
BRF:32
BRH:21
end_of_record
TN:
SF:src\features\todo\graphql\queries\share\collaborators\graphql-types\response.ts
FN:2,(anonymous_0)
FN:8,(anonymous_1)
FN:15,(anonymous_2)
FN:24,(anonymous_3)
FNF:4
FNH:4
FNDA:10,(anonymous_0)
FNDA:10,(anonymous_1)
FNDA:4,(anonymous_2)
FNDA:3,(anonymous_3)
DA:2,2
DA:3,10
DA:4,10
DA:5,0
DA:6,10
DA:8,2
DA:9,10
DA:11,2
DA:12,2
DA:13,2
DA:14,2
DA:16,4
DA:17,4
DA:18,4
DA:19,4
DA:22,2
DA:23,2
DA:24,3
DA:27,2
DA:31,2
DA:35,2
DA:39,2
LF:22
LH:21
BRDA:2,0,0,2
BRDA:2,0,1,2
BRDA:2,0,2,2
BRDA:3,1,0,2
BRDA:3,1,1,8
BRDA:3,2,0,0
BRDA:3,2,1,8
BRDA:4,3,0,10
BRDA:4,3,1,0
BRDA:4,4,0,10
BRDA:4,4,1,10
BRDA:5,5,0,0
BRDA:5,5,1,0
BRDA:5,6,0,0
BRDA:5,6,1,0
BRDA:5,7,0,0
BRDA:5,7,1,0
BRDA:5,8,0,0
BRDA:5,8,1,0
BRDA:6,9,0,10
BRDA:6,9,1,8
BRDA:6,9,2,0
BRDA:8,10,0,2
BRDA:8,10,1,2
BRDA:8,10,2,2
BRDA:9,11,0,10
BRDA:9,11,1,0
BRDA:9,12,0,10
BRDA:9,12,1,10
BRF:29
BRH:17
end_of_record
TN:
SF:src\features\todo\graphql\queries\task\list-tasks\list-tasks.module-definition.ts
FN:6,(anonymous_0)
FNF:1
[...]
BRDA:4,3,0,935
BRDA:4,3,1,0
BRDA:4,4,0,935
BRDA:4,4,1,935
BRDA:5,5,0,0
BRDA:5,5,1,0
BRDA:5,6,0,0
BRDA:5,6,1,0
BRDA:5,7,0,0
BRDA:5,7,1,0
BRDA:5,8,0,0
BRDA:5,8,1,0
BRDA:6,9,0,935
BRDA:6,9,1,850
BRDA:6,9,2,0
BRDA:8,10,0,85
BRDA:8,10,1,85
BRDA:8,10,2,85
BRDA:9,11,0,850
BRDA:9,11,1,0
BRDA:9,12,0,850
BRDA:9,12,1,850
BRF:29
BRH:17
end_of_record
TN:
SF:src\modules\platform\databases\postgresql\primary\entities\session.entity.ts
FN:2,(anonymous_0)
FN:8,(anonymous_1)
FNF:2
FNH:2
FNDA:425,(anonymous_0)
FNDA:340,(anonymous_1)
DA:2,85
DA:3,425
DA:4,425
DA:5,0
DA:6,425
DA:8,85
DA:9,340
DA:11,85
DA:12,85
DA:13,85
DA:18,85
DA:20,85
DA:21,85
DA:25,85
DA:29,85
DA:33,85
DA:37,85
LF:17
LH:16
BRDA:2,0,0,85
BRDA:2,0,1,85
BRDA:2,0,2,85
BRDA:3,1,0,85
BRDA:3,1,1,340
BRDA:3,2,0,0
BRDA:3,2,1,340
BRDA:4,3,0,425
BRDA:4,3,1,0
BRDA:4,4,0,425
BRDA:4,4,1,425
BRDA:5,5,0,0
BRDA:5,5,1,0
BRDA:5,6,0,0
BRDA:5,6,1,0
BRDA:5,7,0,0
BRDA:5,7,1,0
BRDA:5,8,0,0
BRDA:5,8,1,0
BRDA:6,9,0,425
BRDA:6,9,1,340
BRDA:6,9,2,0
BRDA:8,10,0,85
BRDA:8,10,1,85
BRDA:8,10,2,85
BRDA:9,11,0,340
BRDA:9,11,1,0
BRDA:9,12,0,340
BRDA:9,12,1,340
BRF:29
BRH:17
end_of_record
TN:
SF:src\modules\platform\databases\postgresql\primary\entities\share-invitation.entity.ts
FN:2,(anonymous_0)
FN:8,(anonymous_1)
FNF:2
FNH:2
FNDA:935,(anonymous_0)
FNDA:850,(anonymous_1)
DA:2,85
DA:3,935
DA:4,935
DA:5,0
DA:6,935
DA:8,85
DA:9,850
DA:11,85
DA:12,85
DA:13,85
DA:21,85
DA:23,85
DA:24,85
DA:28,85
DA:32,85
DA:36,85
DA:40,85
DA:44,85
DA:48,85
DA:52,85
DA:56,85
DA:60,85
DA:64,85
LF:23
LH:22
BRDA:2,0,0,85
BRDA:2,0,1,85
BRDA:2,0,2,85
BRDA:3,1,0,85
BRDA:3,1,1,850
BRDA:3,2,0,0
BRDA:3,2,1,850
BRDA:4,3,0,935
BRDA:4,3,1,0
BRDA:4,4,0,935
BRDA:4,4,1,935
BRDA:5,5,0,0
BRDA:5,5,1,0
BRDA:5,6,0,0
BRDA:5,6,1,0
BRDA:5,7,0,0
BRDA:5,7,1,0
BRDA:5,8,0,0
BRDA:5,8,1,0
BRDA:6,9,0,935
BRDA:6,9,1,850
BRDA:6,9,2,0
BRDA:8,10,0,85
BRDA:8,10,1,85
BRDA:8,10,2,85
BRDA:9,11,0,850
BRDA:9,11,1,0
BRDA:9,12,0,850
BRDA:9,12,1,850
BRF:29
BRH:17
end_of_record
TN:
SF:src\modules\platform\databases\postgresql\primary\entities\subscription.entity.ts
FN:2,(anonymous_0)
FN:8,(anonymous_1)
FNF:2
FNH:2
FNDA:595,(anonymous_0)
FNDA:510,(anonymous_1)
DA:2,85
DA:3,595
DA:4,595
DA:5,0
DA:6,595
DA:8,85
DA:9,510
DA:11,85
DA:12,85
DA:13,85
DA:19,85
DA:21,85
DA:22,85
DA:26,85
DA:30,85
DA:34,85
DA:38,85
DA:42,85
DA:46,85
LF:19
LH:18
BRDA:2,0,0,85
BRDA:2,0,1,85
BRDA:2,0,2,85
BRDA:3,1,0,85
BRDA:3,1,1,510
BRDA:3,2,0,0
BRDA:3,2,1,510
BRDA:4,3,0,595
BRDA:4,3,1,0
BRDA:4,4,0,595
BRDA:4,4,1,595
BRDA:5,5,0,0
BRDA:5,5,1,0
BRDA:5,6,0,0
BRDA:5,6,1,0
BRDA:5,7,0,0
BRDA:5,7,1,0
BRDA:5,8,0,0
BRDA:5,8,1,0
BRDA:6,9,0,595
BRDA:6,9,1,510
BRDA:6,9,2,0
BRDA:8,10,0,85
BRDA:8,10,1,85
BRDA:8,10,2,85
BRDA:9,11,0,510
BRDA:9,11,1,0
BRDA:9,12,0,510
BRDA:9,12,1,510
BRF:29
BRH:17
end_of_record
TN:
SF:src\modules\platform\databases\postgresql\primary\entities\task.entity.ts
FN:2,(anonymous_0)
FN:8,(anonymous_1)
FNF:2
FNH:2
FNDA:510,(anonymous_0)
FNDA:425,(anonymous_1)
DA:2,85
DA:3,510
DA:4,510
DA:5,0
DA:6,510
DA:8,85
DA:9,425
DA:11,85
DA:12,85
DA:13,85
DA:18,85
DA:20,85
DA:21,85
DA:25,85
DA:29,85
DA:33,85
DA:37,85
DA:41,85
LF:18
LH:17
BRDA:2,0,0,85
BRDA:2,0,1,85
BRDA:2,0,2,85
BRDA:3,1,0,85
BRDA:3,1,1,425
BRDA:3,2,0,0
BRDA:3,2,1,425
BRDA:4,3,0,510
BRDA:4,3,1,0
BRDA:4,4,0,510
BRDA:4,4,1,510
BRDA:5,5,0,0
BRDA:5,5,1,0
BRDA:5,6,0,0
BRDA:5,6,1,0
BRDA:5,7,0,0
BRDA:5,7,1,0
BRDA:5,8,0,0
BRDA:5,8,1,0
BRDA:6,9,0,510
BRDA:6,9,1,425
BRDA:6,9,2,0
BRDA:8,10,0,85
BRDA:8,10,1,85
BRDA:8,10,2,85
BRDA:9,11,0,425
BRDA:9,11,1,0
BRDA:9,12,0,425
BRDA:9,12,1,425
BRF:29
BRH:17
end_of_record
TN:
SF:src\modules\platform\databases\postgresql\primary\migrations\1758160000000-create-sessions-table.ts
FN:9,(anonymous_0)
FN:12,(anonymous_1)
FN:23,(anonymous_2)
FNF:3
FNH:3
FNDA:3,(anonymous_0)
FNDA:2,(anonymous_1)
FNDA:2,(anonymous_2)
DA:2,1
DA:3,1
DA:10,3
DA:13,2
DA:21,2
DA:24,2
DA:27,1
LF:7
LH:7
BRF:0
BRH:0
end_of_record
TN:
SF:src\modules\platform\databases\postgresql\primary\migrations\1758160000001-create-tasks-table.ts
FN:11,(anonymous_0)
FN:14,(anonymous_1)
FN:26,(anonymous_2)
FNF:3
FNH:3
FNDA:3,(anonymous_0)
FNDA:2,(anonymous_1)
FNDA:2,(anonymous_2)
DA:2,1
DA:3,1
DA:12,3
DA:15,2
DA:23,2
DA:24,2
DA:27,2
DA:30,1
LF:8
LH:8
BRF:0
BRH:0
end_of_record
TN:
SF:src\modules\platform\databases\postgresql\primary\migrations\1758160000002-create-invitations-table.ts
FN:10,(anonymous_0)
FN:13,(anonymous_1)
FN:32,(anonymous_2)
FNF:3
FNH:3
FNDA:3,(anonymous_0)
FNDA:2,(anonymous_1)
FNDA:2,(anonymous_2)
DA:2,1
DA:3,1
DA:11,3
DA:14,2
DA:28,2
DA:29,2
DA:30,2
DA:33,2
DA:36,1
LF:9
LH:9
BRF:0
BRH:0
end_of_record
TN:
SF:src\modules\platform\databases\postgresql\primary\migrations\1758160000002-create-plan-tables.ts
FN:10,(anonymous_0)
FN:13,(anonymous_1)
FN:40,(anonymous_2)
FNF:3
FNH:3
FNDA:3,(anonymous_0)
FNDA:2,(anonymous_1)
FNDA:2,(anonymous_2)
DA:2,1
DA:3,1
DA:11,3
DA:14,2
DA:24,2
DA:25,2
DA:37,2
DA:38,2
DA:41,2
DA:42,2
DA:45,1
LF:11
LH:11
BRF:0
BRH:0
end_of_record
TN:
SF:src\modules\platform\databases\postgresql\primary\migrations\1758210000000-create-notify-tables.ts
FN:11,(anonymous_0)
FN:14,(anonymous_1)
FN:60,(anonymous_2)
FNF:3
FNH:3
FNDA:3,(anonymous_0)
FNDA:2,(anonymous_1)
FNDA:2,(anonymous_2)
DA:2,1
DA:3,1
DA:12,3
DA:15,2
DA:25,2
DA:26,2
DA:27,2
DA:38,2
DA:39,2
DA:48,2
DA:58,2
DA:61,2
DA:62,2
DA:63,2
DA:64,2
DA:67,1
LF:16
LH:16
BRF:0
BRH:0
end_of_record
TN:
SF:src\modules\platform\databases\postgresql\primary\migrations\1758246000000-create-audit-tables.ts
FN:18,(anonymous_0)
FN:21,(anonymous_1)
FN:56,(anonymous_2)
FNF:3
FNH:3
FNDA:3,(anonymous_0)
FNDA:2,(anonymous_1)
FNDA:2,(anonymous_2)
DA:2,1
DA:3,1
DA:19,3
DA:22,2
DA:34,2
DA:35,2
DA:43,2
DA:57,2
DA:58,2
DA:59,2
DA:62,1
LF:11
LH:11
BRF:0
BRH:0
end_of_record
TN:
SF:src\modules\platform\databases\postgresql\primary\migrations\1758246000000-create-recur-tables.ts
FN:15,(anonymous_0)
FN:18,(anonymous_1)
FN:47,(anonymous_2)
FNF:3
FNH:3
FNDA:3,(anonymous_0)
FNDA:2,(anonymous_1)
FNDA:2,(anonymous_2)
DA:2,1
DA:3,1
DA:16,3
DA:19,2
DA:33,2
DA:34,2
DA:44,2
DA:45,2
DA:48,2
DA:49,2
DA:52,1
LF:11
LH:11
BRF:0
BRH:0
end_of_record
TN:
SF:src\modules\platform\databases\postgresql\primary\testing\fake-entity-manager.ts
FN:16,(anonymous_0)
FN:18,(anonymous_1)
FN:25,(anonymous_2)
FN:34,(anonymous_3)
FN:35,(anonymous_4)
FN:37,(anonymous_5)
FN:45,(anonymous_6)
FN:59,isIsNullOperator
FN:62,matches
FN:63,(anonymous_9)
FNF:10
FNH:10
FNDA:74,(anonymous_0)
FNDA:214,(anonymous_1)
FNDA:107,(anonymous_2)
FNDA:18,(anonymous_3)
FNDA:27,(anonymous_4)
FNDA:107,(anonymous_5)
FNDA:11,(anonymous_6)
FNDA:36,isIsNullOperator
FNDA:32,matches
FNDA:36,(anonymous_9)
DA:2,17
DA:3,17
DA:16,17
DA:17,74
DA:18,74
DA:19,214
DA:20,5
DA:21,209
DA:22,209
DA:24,74
DA:26,107
DA:27,107
DA:28,82
DA:29,25
DA:30,5
DA:31,3
DA:32,22
DA:35,27
DA:38,107
DA:39,107
DA:40,107
DA:41,1
DA:42,106
DA:43,106
DA:46,11
DA:47,1
DA:48,1
DA:49,1
DA:51,10
DA:55,17
DA:60,36
DA:63,32
DA:64,36
DA:65,36
DA:66,2
DA:67,34
LF:36
LH:36
BRDA:19,0,0,5
BRDA:19,0,1,209
BRDA:22,1,0,26
BRDA:22,1,1,183
BRDA:27,2,0,82
BRDA:27,2,1,25
BRDA:28,3,0,82
BRDA:28,3,1,9
BRDA:30,4,0,3
BRDA:30,4,1,2
BRDA:40,5,0,1
BRDA:40,5,1,106
BRDA:46,6,0,1
BRDA:46,6,1,10
BRDA:46,7,0,11
BRDA:46,7,1,1
BRDA:46,7,2,1
BRDA:60,8,0,36
BRDA:60,8,1,4
BRDA:60,8,2,2
BRDA:65,9,0,2
BRDA:65,9,1,34
BRDA:66,10,0,2
BRDA:66,10,1,1
BRF:24
BRH:24
end_of_record
TN:
SF:src\modules\platform\events\event-bus.providers.ts
FN:2,(anonymous_0)
FN:26,(anonymous_1)
FN:29,(anonymous_2)
FN:32,(anonymous_3)
FNF:4
FNH:4
FNDA:43,(anonymous_0)
FNDA:45,(anonymous_1)
FNDA:115,(anonymous_2)
FNDA:33,(anonymous_3)
DA:2,43
DA:3,43
DA:4,43
DA:5,0
DA:6,43
DA:8,43
DA:9,43
DA:10,43
DA:11,43
DA:25,43
DA:27,45
DA:30,115
DA:33,33
DA:36,43
DA:37,43
LF:15
LH:14
BRDA:2,0,0,43
BRDA:2,0,1,43
BRDA:2,0,2,43
BRDA:3,1,0,43
BRDA:3,1,1,0
BRDA:3,2,0,0
BRDA:3,2,1,0
BRDA:4,3,0,43
BRDA:4,3,1,0
BRDA:4,4,0,43
BRDA:4,4,1,43
BRDA:5,5,0,0
BRDA:5,5,1,0
BRDA:5,6,0,0
BRDA:5,6,1,0
BRDA:5,7,0,0
BRDA:5,7,1,0
BRDA:5,8,0,0
BRDA:5,8,1,0
BRDA:6,9,0,43
BRDA:6,9,1,0
BRDA:6,9,2,0
BRF:22
BRH:8
end_of_record
TN:
SF:src\modules\platform\events\events.module-definition.ts
FN:7,(anonymous_0)
FNF:1
FNH:1
FNDA:18,(anonymous_0)
DA:3,43
DA:4,43
DA:5,43
DA:7,43
LF:4
LH:4
BRF:0
BRH:0
end_of_record
TN:
SF:src\modules\platform\events\events.module.ts
FN:2,(anonymous_0)
FN:18,(anonymous_1)
FNF:2
FNH:2
FNDA:43,(anonymous_0)
FNDA:18,(anonymous_1)
DA:2,43
DA:3,43
DA:4,43
DA:5,0
DA:6,43
DA:8,43
DA:9,43
DA:10,43
DA:11,43
DA:12,43
DA:17,43
DA:19,18
DA:20,18
DA:23,43
DA:24,43
LF:15
LH:14
BRDA:2,0,0,43
BRDA:2,0,1,43
BRDA:2,0,2,43
BRDA:3,1,0,43
BRDA:3,1,1,0
BRDA:3,2,0,0
BRDA:3,2,1,0
BRDA:4,3,0,43
BRDA:4,3,1,0
BRDA:4,4,0,43
BRDA:4,4,1,43
BRDA:5,5,0,0
BRDA:5,5,1,0
BRDA:5,6,0,0
BRDA:5,6,1,0
BRDA:5,7,0,0
BRDA:5,7,1,0
BRDA:5,8,0,0
BRDA:5,8,1,0
BRDA:6,9,0,43
BRDA:6,9,1,0
BRDA:6,9,2,0
BRDA:18,10,0,17
BRDA:20,11,0,18
BRDA:20,11,1,0
BRF:25
BRH:10
end_of_record
TN:
SF:src\modules\platform\events\events.types.ts
FN:15,(anonymous_0)
FN:25,(anonymous_1)
FN:35,(anonymous_2)
FN:45,(anonymous_3)
FN:54,(anonymous_4)
FN:69,(anonymous_5)
FNF:6
FNH:6
FNDA:86,(anonymous_0)
FNDA:11,(anonymous_1)
FNDA:7,(anonymous_2)
FNDA:13,(anonymous_3)
FNDA:7,(anonymous_4)
FNDA:3,(anonymous_5)
DA:12,44
DA:13,44
DA:16,86
DA:17,86
DA:18,86
DA:19,86
DA:20,86
DA:23,44
DA:26,11
DA:27,11
DA:28,11
DA:29,11
DA:30,11
DA:33,44
DA:36,7
DA:37,7
DA:38,7
DA:39,7
DA:40,7
DA:43,44
DA:46,13
DA:47,13
DA:48,13
DA:49,13
DA:52,44
DA:55,7
DA:56,7
DA:57,7
DA:58,7
DA:61,44
DA:70,3
DA:71,3
DA:72,3
DA:73,3
DA:74,3
DA:77,44
LF:36
LH:36
BRF:0
BRH:0
end_of_record
TN:
SF:src\modules\platform\events\index.ts
FN:5,(anonymous_0)
FN:7,(anonymous_1)
FN:9,(anonymous_2)
FN:10,(anonymous_3)
FN:11,(anonymous_4)
FN:12,(anonymous_5)
FN:13,(anonymous_6)
FN:14,(anonymous_7)
FNF:8
FNH:8
FNDA:3,(anonymous_0)
FNDA:205,(anonymous_1)
FNDA:78,(anonymous_2)
FNDA:16,(anonymous_3)
FNDA:9,(anonymous_4)
FNDA:12,(anonymous_5)
FNDA:7,(anonymous_6)
FNDA:1,(anonymous_7)
DA:2,42
DA:3,42
DA:4,42
DA:5,42
DA:6,42
DA:7,205
DA:8,42
DA:9,78
DA:10,42
DA:11,42
DA:12,42
DA:13,42
DA:14,42
LF:13
LH:13
BRF:0
BRH:0
end_of_record
TN:
SF:src\modules\shared\exceptions\index.ts
FN:5,(anonymous_0)
FN:7,(anonymous_1)
FN:9,(anonymous_2)
FN:11,(anonymous_3)
FN:13,(anonymous_4)
FN:15,(anonymous_5)
FN:17,(anonymous_6)
FN:19,(anonymous_7)
FN:21,(anonymous_8)
FN:23,(anonymous_9)
FN:25,(anonymous_10)
FN:27,(anonymous_11)
FN:29,(anonymous_12)
FN:31,(anonymous_13)
FN:33,(anonymous_14)
FN:35,(anonymous_15)
FN:37,(anonymous_16)
FN:39,(anonymous_17)
FN:41,(anonymous_18)
FN:43,(anonymous_19)
FN:45,(anonymous_20)
FN:47,(anonymous_21)
FN:49,(anonymous_22)
FN:51,(anonymous_23)
FN:53,(anonymous_24)
FN:55,(anonymous_25)
FN:57,(anonymous_26)
FN:59,(anonymous_27)
FN:61,(anonymous_28)
FN:63,(anonymous_29)
FN:65,(anonymous_30)
FN:67,(anonymous_31)
FN:69,(anonymous_32)
FN:71,(anonymous_33)
FN:73,(anonymous_34)
FNF:35
FNH:35
FNDA:7,(anonymous_0)
FNDA:11,(anonymous_1)
FNDA:59,(anonymous_2)
FNDA:43,(anonymous_3)
FNDA:10,(anonymous_4)
FNDA:25,(anonymous_5)
FNDA:6,(anonymous_6)
FNDA:26,(anonymous_7)
FNDA:5,(anonymous_8)
FNDA:13,(anonymous_9)
FNDA:5,(anonymous_10)
FNDA:4,(anonymous_11)
FNDA:5,(anonymous_12)
FNDA:4,(anonymous_13)
FNDA:6,(anonymous_14)
FNDA:4,(anonymous_15)
FNDA:4,(anonymous_16)
FNDA:4,(anonymous_17)
FNDA:11,(anonymous_18)
FNDA:9,(anonymous_19)
FNDA:13,(anonymous_20)
FNDA:9,(anonymous_21)
FNDA:3,(anonymous_22)
FNDA:7,(anonymous_23)
FNDA:24,(anonymous_24)
FNDA:13,(anonymous_25)
FNDA:6,(anonymous_26)
FNDA:9,(anonymous_27)
FNDA:7,(anonymous_28)
FNDA:3,(anonymous_29)
FNDA:12,(anonymous_30)
FNDA:8,(anonymous_31)
FNDA:6,(anonymous_32)
FNDA:6,(anonymous_33)
FNDA:12,(anonymous_34)
DA:2,97
DA:3,97
DA:4,97
DA:5,97
DA:6,97
DA:7,97
DA:8,97
DA:9,97
DA:10,97
DA:11,97
DA:12,97
DA:13,97
DA:14,97
DA:15,97
DA:16,97
DA:17,97
DA:18,97
DA:19,97
DA:20,97
DA:21,97
DA:22,97
DA:23,97
DA:24,97
DA:25,97
DA:26,97
DA:27,97
DA:28,97
DA:29,97
DA:30,97
DA:31,97
DA:32,97
DA:33,97
DA:34,97
DA:35,97
DA:36,97
DA:37,97
DA:38,97
DA:39,97
DA:40,97
DA:41,97
DA:42,97
DA:43,97
DA:44,97
DA:45,97
DA:46,97
DA:47,97
DA:48,97
DA:49,97
DA:50,97
DA:51,97
DA:52,97
DA:53,97
DA:54,97
DA:55,97
DA:56,97
DA:57,97
DA:58,97
DA:59,97
DA:60,97
DA:61,97
DA:62,97
DA:63,97
DA:64,97
DA:65,97
DA:66,97
DA:67,97
DA:68,97
DA:69,97
DA:70,97
DA:71,97
DA:72,97
DA:73,97
LF:72
LH:72
BRF:0
BRH:0
end_of_record
TN:
SF:src\modules\shared\exceptions\errors\abstract.ts
FN:18,(anonymous_0)
FN:25,(anonymous_1)
FN:32,(anonymous_2)
FNF:3
FNH:3
FNDA:300,(anonymous_0)
FNDA:6,(anonymous_1)
FNDA:2,(anonymous_2)
DA:2,100
DA:3,100
DA:19,300
DA:20,300
DA:21,300
DA:22,300
DA:26,6
DA:33,2
DA:36,100
LF:9
LH:9
BRF:0
BRH:0
end_of_record
TN:
SF:src\modules\shared\exceptions\errors\audit\erasure-not-confirmed.ts
FN:12,(anonymous_0)
FNF:1
FNH:1
FNDA:2,(anonymous_0)
DA:2,97
DA:3,97
DA:4,97
DA:13,2
DA:19,97
LF:5
LH:5
BRDA:12,0,0,0
BRF:1
BRH:0
end_of_record
TN:
SF:src\modules\shared\exceptions\errors\audit\erasure-request-forbidden.ts
FN:11,(anonymous_0)
FNF:1
FNH:1
FNDA:7,(anonymous_0)
DA:2,97
DA:3,97
DA:4,97
DA:12,7
DA:15,97
LF:5
LH:5
BRDA:11,0,0,7
BRF:1
BRH:1
end_of_record
TN:
SF:src\modules\shared\exceptions\errors\audit\erasure-request-invalid-state.ts
FN:11,(anonymous_0)
FNF:1
FNH:1
FNDA:5,(anonymous_0)
DA:2,97
DA:3,97
DA:4,97
DA:12,5
DA:20,97
LF:5
LH:5
BRDA:11,0,0,0
BRF:1
BRH:0
end_of_record
TN:
SF:src\modules\shared\exceptions\errors\audit\erasure-request-not-found.ts
FN:7,(anonymous_0)
FNF:1
FNH:1
FNDA:4,(anonymous_0)
DA:2,97
DA:3,97
DA:4,97
DA:8,4
DA:11,97
LF:5
LH:5
BRDA:7,0,0,0
BRF:1
BRH:0
end_of_record
TN:
SF:src\modules\shared\exceptions\errors\keycloak\keycloak-invalid-credentials.ts
FN:12,(anonymous_0)
FNF:1
FNH:1
FNDA:19,(anonymous_0)
DA:2,97
DA:3,97
DA:4,97
DA:13,19
DA:16,97
LF:5
LH:5
BRDA:12,0,0,19
BRF:1
BRH:1
end_of_record
TN:
SF:src\modules\shared\exceptions\errors\keycloak\keycloak-unavailable.ts
FN:6,(anonymous_0)
FNF:1
FNH:1
FNDA:4,(anonymous_0)
DA:2,97
DA:3,97
DA:4,97
DA:7,4
DA:10,97
LF:5
LH:5
BRF:0
BRH:0
end_of_record
TN:
SF:src\modules\shared\exceptions\errors\notify\notify-smtp-permanent-rejection.ts
FN:10,(anonymous_0)
FNF:1
FNH:1
FNDA:6,(anonymous_0)
DA:2,97
DA:3,97
DA:4,97
DA:11,6
DA:18,97
LF:5
LH:5
BRDA:10,0,0,0
BRF:1
BRH:0
end_of_record
TN:
SF:src\modules\shared\exceptions\errors\notify\notify-smtp-transient-failure.ts
FN:11,(anonymous_0)
FNF:1
FNH:1
FNDA:18,(anonymous_0)
DA:2,97
DA:3,97
DA:4,97
DA:12,18
DA:19,97
LF:5
LH:5
BRDA:11,0,0,0
BRF:1
BRH:0
end_of_record
TN:
SF:src\modules\shared\exceptions\errors\plan\plan-cap-exceeded.ts
FN:12,(anonymous_0)
FNF:1
FNH:1
FNDA:11,(anonymous_0)
DA:2,97
DA:3,97
DA:4,97
DA:13,11
DA:16,97
LF:5
LH:5
BRDA:12,0,0,2
BRDA:13,1,0,11
BRDA:13,1,1,2
BRDA:13,2,0,11
BRDA:13,2,1,2
BRF:5
BRH:5
end_of_record
TN:
SF:src\modules\shared\exceptions\errors\plan\plan-forbidden.ts
FN:12,(anonymous_0)
FNF:1
FNH:1
FNDA:4,(anonymous_0)
DA:2,97
DA:3,97
DA:4,97
DA:13,4
DA:16,97
LF:5
LH:5
BRDA:12,0,0,0
BRF:1
BRH:0
end_of_record
TN:
SF:src\modules\shared\exceptions\errors\plan\plan-payment-intent-not-found.ts
FN:11,(anonymous_0)
FNF:1
FNH:1
FNDA:4,(anonymous_0)
DA:2,97
DA:3,97
DA:4,97
DA:12,4
DA:15,97
LF:5
LH:5
BRDA:11,0,0,0
BRF:1
BRH:0
end_of_record
TN:
SF:src\modules\shared\exceptions\errors\plan\plan-subscription-not-found.ts
FN:11,(anonymous_0)
FNF:1
FNH:1
FNDA:5,(anonymous_0)
DA:2,97
DA:3,97
DA:4,97
DA:12,5
DA:15,97
LF:5
LH:5
BRDA:11,0,0,2
BRF:1
BRH:1
end_of_record
TN:
SF:src\modules\shared\exceptions\errors\plan\plan-webhook-unauthorized.ts
FN:14,(anonymous_0)
FNF:1
FNH:1
FNDA:11,(anonymous_0)
DA:2,97
DA:3,97
DA:4,97
DA:15,11
DA:18,97
LF:5
LH:5
BRDA:14,0,0,11
BRF:1
BRH:1
end_of_record
TN:
SF:src\modules\shared\exceptions\errors\postgres\postgres-primary-unavailable.ts
FN:6,(anonymous_0)
FNF:1
FNH:1
FNDA:9,(anonymous_0)
DA:2,97
DA:3,97
DA:4,97
DA:7,9
DA:10,97
LF:5
LH:5
BRF:0
BRH:0
end_of_record
TN:
SF:src\modules\shared\exceptions\errors\recur\occurrence-forbidden.ts
FN:7,(anonymous_0)
FNF:1
FNH:1
FNDA:6,(anonymous_0)
DA:2,97
DA:3,97
DA:4,97
DA:8,6
DA:11,97
LF:5
LH:5
BRDA:7,0,0,0
BRF:1
BRH:0
end_of_record
TN:
SF:src\modules\shared\exceptions\errors\recur\occurrence-not-found.ts
FN:6,(anonymous_0)
FNF:1
FNH:1
FNDA:2,(anonymous_0)
DA:2,97
DA:3,97
DA:4,97
DA:7,2
DA:10,97
LF:5
LH:5
BRDA:6,0,0,0
BRF:1
BRH:0
end_of_record
TN:
SF:src\modules\shared\exceptions\errors\recur\rule-forbidden.ts
FN:7,(anonymous_0)
FNF:1
FNH:1
FNDA:10,(anonymous_0)
DA:2,97
DA:3,97
DA:4,97
DA:8,10
DA:11,97
LF:5
LH:5
BRDA:7,0,0,1
BRF:1
BRH:1
end_of_record
TN:
SF:src\modules\shared\exceptions\errors\recur\rule-invalid.ts
FN:13,(anonymous_0)
FNF:1
FNH:1
FNDA:6,(anonymous_0)
DA:2,97
DA:3,97
DA:4,97
DA:14,6
DA:17,97
LF:5
LH:5
BRDA:13,0,0,0
BRF:1
BRH:0
end_of_record
TN:
SF:src\modules\shared\exceptions\errors\recur\rule-not-found.ts
FN:6,(anonymous_0)
FNF:1
FNH:1
FNDA:6,(anonymous_0)
DA:2,97
DA:3,97
DA:4,97
DA:7,6
DA:10,97
LF:5
LH:5
BRDA:6,0,0,1
BRF:1
BRH:1
end_of_record
TN:
SF:src\modules\shared\exceptions\errors\session\invalid-credentials.ts
FN:12,(anonymous_0)
FNF:1
FNH:1
FNDA:10,(anonymous_0)
DA:2,97
DA:3,97
DA:4,97
DA:13,10
DA:16,97
LF:5
LH:5
BRDA:12,0,0,10
BRF:1
BRH:1
end_of_record
TN:
SF:src\modules\shared\exceptions\errors\session\session-expired.ts
FN:6,(anonymous_0)
FNF:1
FNH:1
FNDA:24,(anonymous_0)
DA:2,97
DA:3,97
DA:4,97
DA:7,24
DA:10,97
LF:5
LH:5
BRDA:6,0,0,24
BRF:1
BRH:1
end_of_record
TN:
SF:src\modules\shared\exceptions\errors\session\session-not-found.ts
FN:6,(anonymous_0)
FNF:1
FNH:1
FNDA:39,(anonymous_0)
DA:2,97
DA:3,97
DA:4,97
DA:7,39
DA:10,97
LF:5
LH:5
BRDA:6,0,0,17
BRF:1
BRH:1
end_of_record
TN:
SF:src\modules\shared\exceptions\errors\share\email-mismatch.ts
FN:7,(anonymous_0)
FNF:1
FNH:1
FNDA:5,(anonymous_0)
DA:2,97
DA:3,97
DA:4,97
DA:8,5
DA:11,97
LF:5
LH:5
BRDA:7,0,0,0
BRF:1
BRH:0
end_of_record
TN:
SF:src\modules\shared\exceptions\errors\share\forbidden.ts
FN:8,(anonymous_0)
FNF:1
FNH:1
FNDA:10,(anonymous_0)
DA:2,97
DA:3,97
DA:4,97
DA:9,10
DA:12,97
LF:5
LH:5
BRDA:8,0,0,2
BRF:1
BRH:1
end_of_record
TN:
SF:src\modules\shared\exceptions\errors\share\invalid-email.ts
FN:7,(anonymous_0)
FNF:1
FNH:1
FNDA:3,(anonymous_0)
DA:2,97
DA:3,97
DA:4,97
DA:8,3
DA:11,97
LF:5
LH:5
BRDA:7,0,0,0
BRF:1
BRH:0
end_of_record
TN:
SF:src\modules\shared\exceptions\errors\share\invalid-role.ts
FN:8,(anonymous_0)
FNF:1
FNH:1
FNDA:4,(anonymous_0)
DA:2,97
DA:3,97
DA:4,97
DA:9,4
DA:12,97
LF:5
LH:5
BRDA:8,0,0,0
BRF:1
BRH:0
end_of_record
TN:
SF:src\modules\shared\exceptions\errors\share\invitation-already-closed.ts
FN:8,(anonymous_0)
FNF:1
FNH:1
FNDA:3,(anonymous_0)
DA:2,97
DA:3,97
DA:4,97
DA:9,3
DA:12,97
LF:5
LH:5
BRDA:8,0,0,0
BRF:1
BRH:0
end_of_record
TN:
SF:src\modules\shared\exceptions\errors\share\invitation-already-exists.ts
FN:9,(anonymous_0)
FNF:1
FNH:1
FNDA:3,(anonymous_0)
DA:2,97
DA:3,97
DA:4,97
DA:10,3
DA:17,97
LF:5
LH:5
BRDA:9,0,0,0
BRF:1
BRH:0
end_of_record
TN:
SF:src\modules\shared\exceptions\errors\share\invitation-expired.ts
FN:7,(anonymous_0)
FNF:1
FNH:1
FNDA:3,(anonymous_0)
DA:2,97
DA:3,97
DA:4,97
DA:8,3
DA:11,97
LF:5
LH:5
BRDA:7,0,0,0
BRF:1
BRH:0
end_of_record
TN:
SF:src\modules\shared\exceptions\errors\share\invitation-not-found.ts
FN:6,(anonymous_0)
FNF:1
FNH:1
FNDA:4,(anonymous_0)
DA:2,97
DA:3,97
DA:4,97
DA:7,4
DA:10,97
LF:5
LH:5
BRDA:6,0,0,0
BRF:1
BRH:0
end_of_record
TN:
SF:src\modules\shared\exceptions\errors\share\invitation-revoked.ts
FN:7,(anonymous_0)
FNF:1
FNH:1
FNDA:3,(anonymous_0)
DA:2,97
DA:3,97
DA:4,97
DA:8,3
DA:11,97
LF:5
LH:5
BRDA:7,0,0,0
BRF:1
BRH:0
end_of_record
TN:
SF:src\modules\shared\exceptions\errors\task\task-forbidden.ts
FN:7,(anonymous_0)
FNF:1
FNH:1
FNDA:22,(anonymous_0)
DA:2,97
DA:3,97
DA:4,97
DA:8,22
DA:11,97
LF:5
LH:5
BRDA:7,0,0,15
BRF:1
BRH:1
end_of_record
TN:
SF:src\modules\shared\exceptions\errors\task\task-not-found.ts
FN:6,(anonymous_0)
FNF:1
FNH:1
FNDA:9,(anonymous_0)
DA:2,97
DA:3,97
DA:4,97
DA:7,9
DA:10,97
LF:5
LH:5
BRDA:6,0,0,1
BRF:1
BRH:1
end_of_record
TN:
SF:src\modules\shared\exceptions\errors\task\task-title-required.ts
FN:7,(anonymous_0)
FNF:1
FNH:1
FNDA:5,(anonymous_0)
DA:2,97
DA:3,97
DA:4,97
DA:8,5
DA:11,97
LF:5
LH:5
BRDA:7,0,0,5
BRF:1
BRH:1
end_of_record
