TN:
SF:src\app.module.ts
FN:1,(empty-report)
FNF:1
FNH:0
FNDA:0,(empty-report)
DA:1,0
DA:2,0
DA:3,0
DA:4,0
DA:5,0
DA:6,0
DA:7,0
DA:8,0
DA:9,0
DA:10,0
DA:11,0
DA:12,0
DA:13,0
DA:14,0
DA:15,0
DA:16,0
DA:17,0
DA:18,0
DA:19,0
DA:20,0
DA:21,0
DA:22,0
DA:23,0
DA:24,0
DA:25,0
DA:26,0
DA:27,0
DA:28,0
DA:29,0
DA:30,0
DA:31,0
DA:32,0
DA:33,0
DA:34,0
DA:35,0
DA:36,0
DA:37,0
DA:38,0
DA:39,0
DA:40,0
DA:41,0
DA:42,0
DA:43,0
DA:44,0
DA:45,0
DA:46,0
DA:47,0
DA:48,0
DA:49,0
DA:50,0
DA:51,0
DA:52,0
DA:53,0
DA:54,0
DA:55,0
DA:56,0
DA:57,0
DA:58,0
DA:59,0
DA:60,0
DA:61,0
DA:62,0
DA:63,0
DA:64,0
DA:65,0
DA:66,0
DA:67,0
DA:68,0
DA:69,0
DA:70,0
DA:71,0
DA:72,0
DA:73,0
DA:74,0
DA:75,0
DA:76,0
DA:77,0
DA:78,0
DA:79,0
DA:80,0
DA:81,0
DA:82,0
DA:83,0
DA:84,0
DA:85,0
DA:86,0
DA:87,0
DA:88,0
DA:89,0
DA:90,0
DA:91,0
DA:92,0
DA:93,0
DA:94,0
DA:95,0
DA:96,0
DA:97,0
DA:98,0
DA:99,0
DA:100,0
DA:101,0
DA:102,0
DA:103,0
DA:104,0
DA:105,0
DA:106,0
DA:107,0
DA:108,0
DA:109,0
DA:110,0
DA:111,0
DA:112,0
DA:113,0
DA:114,0
DA:115,0
DA:116,0
DA:117,0
DA:118,0
DA:119,0
DA:120,0
DA:121,0
DA:122,0
DA:123,0
DA:124,0
DA:125,0
DA:126,0
DA:127,0
LF:127
LH:0
BRDA:1,0,0,0
BRF:1
BRH:0
end_of_record
TN:
SF:src\features\todo\graphql\graphql.module.ts
FN:1,Object.<anonymous>
FN:5,Object.<anonymous>.__decorate
FN:57,context
FN:61,formatError
FNF:4
FNH:4
FNDA:1,Object.<anonymous>
FNDA:1,Object.<anonymous>.__decorate
FNDA:14,context
FNDA:5,formatError
DA:1,1
DA:2,1
DA:3,1
DA:4,1
DA:5,1
DA:6,1
DA:7,1
DA:8,1
DA:9,1
DA:10,0
DA:11,0
DA:12,1
DA:13,1
DA:14,1
DA:15,1
DA:16,1
DA:17,1
DA:18,1
DA:19,0
DA:20,0
DA:21,0
DA:22,0
DA:23,0
DA:24,0
DA:25,0
DA:26,0
DA:27,1
DA:28,1
DA:29,1
DA:30,1
DA:31,1
DA:32,1
DA:33,1
DA:34,1
DA:35,1
DA:36,1
DA:37,1
DA:38,1
DA:39,1
DA:40,1
DA:41,1
DA:42,1
DA:43,1
DA:44,1
DA:45,1
DA:46,1
DA:47,1
DA:48,1
DA:49,1
DA:50,1
DA:51,1
DA:52,1
DA:53,1
DA:54,1
DA:55,1
DA:56,1
DA:57,1
DA:58,14
DA:59,14
DA:60,1
DA:61,1
DA:62,5
DA:63,5
DA:64,5
DA:65,5
DA:66,5
DA:67,5
DA:68,5
DA:69,5
LF:69
LH:59
BRDA:1,0,0,1
BRDA:1,1,0,1
BRDA:5,2,0,1
BRDA:9,3,0,0
BRDA:18,4,0,0
BRDA:29,5,0,0
BRDA:30,6,0,0
BRDA:57,7,0,14
BRDA:61,8,0,5
BRDA:68,9,0,0
BRF:10
BRH:5
end_of_record
TN:
SF:src\features\todo\graphql\session-actor.adapter.ts
FN:1,Object.<anonymous>
FN:9,bearerToken
FN:13,actorIdFromRequest
FNF:3
FNH:3
FNDA:26,Object.<anonymous>
FNDA:137,bearerToken
FNDA:137,actorIdFromRequest
DA:1,26
DA:2,26
DA:3,26
DA:4,26
DA:5,26
DA:6,26
DA:7,26
DA:8,26
DA:9,26
DA:10,137
DA:11,26
DA:12,26
DA:13,26
DA:14,137
DA:15,1
DA:16,1
DA:17,1
DA:18,1
DA:19,1
DA:20,1
DA:21,1
DA:22,1
DA:23,1
DA:24,1
DA:25,1
DA:26,1
DA:27,1
DA:28,1
DA:29,1
DA:30,1
DA:31,1
DA:32,1
DA:33,1
DA:34,1
DA:35,1
DA:36,1
DA:37,1
DA:38,1
DA:39,1
DA:40,1
DA:41,1
DA:42,1
LF:42
LH:42
BRDA:1,0,0,26
BRDA:1,1,0,26
BRDA:9,2,0,137
BRDA:9,3,0,1
BRDA:10,4,0,136
BRDA:10,5,0,20
BRDA:10,6,0,119
BRDA:10,7,0,117
BRDA:11,8,0,115
BRDA:11,9,0,2
BRDA:13,10,0,137
BRDA:15,11,0,89
BRF:12
BRH:12
end_of_record
TN:
SF:src\features\todo\graphql\mutations\index.ts
FN:1,Object.<anonymous>
FNF:1
FNH:1
FNDA:1,Object.<anonymous>
DA:1,1
DA:2,1
DA:3,1
DA:4,1
DA:5,1
DA:6,1
DA:7,1
DA:8,1
DA:9,1
DA:10,1
DA:11,1
DA:12,1
DA:13,1
DA:14,1
DA:15,1
DA:16,1
DA:17,1
DA:18,1
DA:19,1
DA:20,1
DA:21,1
DA:22,1
DA:23,1
DA:24,1
DA:25,1
DA:26,1
DA:27,1
DA:28,1
DA:29,1
DA:30,1
DA:31,1
DA:32,1
DA:33,1
DA:34,1
DA:35,1
DA:36,1
DA:37,1
DA:38,1
DA:39,1
DA:40,1
DA:41,1
DA:42,1
DA:43,1
DA:44,1
DA:45,1
DA:46,1
DA:47,1
DA:48,1
DA:49,1
DA:50,1
DA:51,1
DA:52,1
DA:53,1
DA:54,1
DA:55,1
DA:56,1
DA:57,1
DA:58,1
DA:59,1
DA:60,1
DA:61,1
DA:62,1
DA:63,1
DA:64,1
DA:65,1
DA:66,1
DA:67,1
DA:68,1
DA:69,1
DA:70,1
DA:71,1
DA:72,1
DA:73,1
DA:74,1
DA:75,1
DA:76,1
DA:77,1
DA:78,1
DA:79,1
DA:80,1
DA:81,1
DA:82,1
DA:83,1
DA:84,1
DA:85,1
DA:86,1
DA:87,1
DA:88,1
DA:89,1
DA:90,1
DA:91,1
DA:92,1
DA:93,1
DA:94,1
DA:95,1
DA:96,1
DA:97,1
DA:98,1
DA:99,1
DA:100,1
DA:101,1
DA:102,1
DA:103,1
LF:103
LH:103
BRDA:1,0,0,1
BRDA:1,1,0,1
BRF:2
BRH:2
end_of_record
TN:
SF:src\features\todo\graphql\mutations\audit\complete-erasure\complete-erasure.module-definition.ts
FN:1,Object.<anonymous>
FNF:1
FNH:1
FNDA:1,Object.<anonymous>
DA:1,1
DA:2,1
DA:3,1
DA:4,1
DA:5,1
DA:6,1
DA:7,1
DA:8,1
DA:9,1
DA:10,1
DA:11,1
DA:12,1
LF:12
LH:12
BRDA:1,0,0,1
BRDA:1,1,0,1
BRDA:10,2,0,1
BRF:3
BRH:3
end_of_record
TN:
SF:src\features\todo\graphql\mutations\audit\complete-erasure\complete-erasure.module.ts
FN:1,Object.<anonymous>
FN:5,Object.<anonymous>.__decorate
FNF:2
FNH:2
FNDA:1,Object.<anonymous>
FNDA:1,Object.<anonymous>.__decorate
DA:1,1
DA:2,1
DA:3,1
DA:4,1
DA:5,1
DA:6,1
DA:7,1
DA:8,1
DA:9,1
DA:10,0
DA:11,0
DA:12,1
DA:13,1
DA:14,1
DA:15,1
DA:16,1
DA:17,1
DA:18,1
DA:19,1
LF:19
LH:17
BRDA:1,0,0,1
BRDA:1,1,0,1
BRDA:5,2,0,1
BRDA:9,3,0,0
BRDA:18,4,0,0
BRDA:19,5,0,0
BRDA:19,6,0,0
BRF:7
BRH:3
end_of_record
TN:
SF:src\features\todo\graphql\mutations\audit\complete-erasure\complete-erasure.resolver.ts
FN:1,Object.<anonymous>
FN:3,Object.<anonymous>.__decorate
FN:25,Object.<anonymous>.__metadata
FN:27,Object.<anonymous>.__param
FN:50,CompleteErasureResolver
FN:53,completeErasure
FNF:6
FNH:6
FNDA:2,Object.<anonymous>
FNDA:4,Object.<anonymous>.__decorate
FNDA:8,Object.<anonymous>.__metadata
FNDA:4,Object.<anonymous>.__param
FNDA:6,CompleteErasureResolver
FNDA:6,completeErasure
DA:1,2
DA:2,2
DA:3,2
DA:4,4
DA:5,4
DA:6,4
DA:7,4
DA:8,4
DA:9,2
DA:10,4
DA:11,4
DA:12,4
DA:13,4
DA:14,4
DA:15,4
DA:16,4
DA:17,0
DA:18,0
DA:19,0
DA:20,0
DA:21,0
DA:22,4
DA:23,2
DA:24,2
DA:25,2
DA:26,2
DA:27,2
DA:28,2
DA:29,2
DA:30,2
DA:31,2
DA:32,2
DA:33,2
DA:34,2
DA:35,2
DA:36,2
DA:37,2
DA:38,2
DA:39,2
DA:40,2
DA:41,2
DA:42,2
DA:43,2
DA:44,2
DA:45,2
DA:46,2
DA:47,2
DA:48,2
DA:49,2
DA:50,2
DA:51,6
DA:52,6
DA:53,2
DA:54,6
DA:55,6
DA:56,6
DA:57,6
DA:58,6
LF:58
LH:53
BRDA:1,0,0,2
BRDA:1,1,0,2
BRDA:3,2,0,4
BRDA:8,3,0,2
BRDA:8,4,0,2
BRDA:10,5,0,0
BRDA:16,6,0,0
BRDA:22,7,0,2
BRDA:22,8,0,2
BRDA:25,9,0,8
BRDA:27,10,0,4
BRDA:27,11,0,4
BRDA:50,12,0,6
BRDA:53,13,0,6
BRF:14
BRH:12
end_of_record
TN:
SF:src\features\todo\graphql\mutations\audit\complete-erasure\graphql-types\response.ts
FN:1,Object.<anonymous>
FN:4,Object.<anonymous>.__decorate
FNF:2
FNH:2
FNDA:2,Object.<anonymous>
FNDA:6,Object.<anonymous>.__decorate
DA:1,2
DA:2,2
DA:3,2
DA:4,6
DA:5,6
DA:6,6
DA:7,4
DA:8,0
DA:9,6
DA:10,6
DA:11,6
DA:12,6
DA:13,6
DA:14,6
DA:15,6
DA:16,6
DA:17,0
DA:18,0
LF:18
LH:15
BRDA:1,0,0,2
BRDA:1,1,0,2
BRDA:4,2,0,6
BRDA:6,3,0,2
BRDA:6,4,0,4
BRDA:7,5,0,0
BRDA:16,6,0,0
BRF:7
BRH:5
end_of_record
TN:
SF:src\features\todo\graphql\mutations\audit\request-erasure\request-erasure.module-definition.ts
FN:1,Object.<anonymous>
FNF:1
FNH:1
FNDA:1,Object.<anonymous>
DA:1,1
DA:2,1
DA:3,1
DA:4,1
DA:5,1
DA:6,1
DA:7,1
DA:8,1
DA:9,1
DA:10,1
DA:11,1
DA:12,1
LF:12
LH:12
BRDA:1,0,0,1
BRDA:1,1,0,1
BRDA:10,2,0,1
BRF:3
BRH:3
end_of_record
TN:
SF:src\features\todo\graphql\mutations\audit\request-erasure\request-erasure.module.ts
FN:1,Object.<anonymous>
FN:5,Object.<anonymous>.__decorate
FNF:2
FNH:2
FNDA:1,Object.<anonymous>
FNDA:1,Object.<anonymous>.__decorate
DA:1,1
DA:2,1
DA:3,1
DA:4,1
DA:5,1
DA:6,1
DA:7,1
DA:8,1
DA:9,1
DA:10,0
DA:11,0
DA:12,1
DA:13,1
DA:14,1
DA:15,1
DA:16,0
DA:17,0
DA:18,0
DA:19,0
DA:20,1
DA:21,1
LF:21
LH:15
BRDA:1,0,0,1
BRDA:1,1,0,1
BRDA:5,2,0,1
BRDA:9,3,0,0
BRDA:15,4,0,0
BRDA:20,5,0,0
BRDA:20,6,0,0
BRF:7
BRH:3
end_of_record
TN:
SF:src\features\todo\graphql\mutations\audit\request-erasure\request-erasure.resolver.ts
FN:1,Object.<anonymous>
FN:3,Object.<anonymous>.__decorate
FN:25,Object.<anonymous>.__metadata
FN:28,Object.<anonymous>.__param
FN:47,RequestErasureResolver
FNF:5
FNH:5
FNDA:2,Object.<anonymous>
FNDA:4,Object.<anonymous>.__decorate
FNDA:8,Object.<anonymous>.__metadata
FNDA:2,Object.<anonymous>.__param
FNDA:4,RequestErasureResolver
DA:1,2
DA:2,2
DA:3,2
DA:4,4
DA:5,4
DA:6,4
DA:7,4
DA:8,4
DA:9,4
DA:10,2
DA:11,4
DA:12,4
DA:13,4
DA:14,4
DA:15,4
DA:16,4
DA:17,0
DA:18,0
DA:19,0
DA:20,0
DA:21,0
DA:22,4
DA:23,4
DA:24,2
DA:25,2
DA:26,8
DA:27,2
DA:28,2
DA:29,2
DA:30,2
DA:31,2
DA:32,2
DA:33,2
DA:34,2
DA:35,2
DA:36,2
DA:37,2
DA:38,2
DA:39,2
DA:40,2
DA:41,2
DA:42,2
DA:43,2
DA:44,2
DA:45,2
DA:46,2
DA:47,2
DA:48,4
DA:49,4
DA:50,4
DA:51,4
LF:51
LH:46
BRDA:1,0,0,2
BRDA:1,1,0,2
BRDA:3,2,0,4
BRDA:8,3,0,2
BRDA:9,4,0,2
BRDA:11,5,0,0
BRDA:16,6,0,0
BRDA:23,7,0,2
BRDA:23,8,0,2
BRDA:25,9,0,8
BRDA:28,10,0,2
BRDA:29,11,0,2
BRDA:47,12,0,4
BRF:13
BRH:11
end_of_record
TN:
SF:src\features\todo\graphql\mutations\audit\request-erasure\graphql-types\response.ts
FN:1,Object.<anonymous>
FN:4,Object.<anonymous>.__decorate
FNF:2
FNH:2
FNDA:2,Object.<anonymous>
FNDA:6,Object.<anonymous>.__decorate
DA:1,2
DA:2,2
DA:3,2
DA:4,6
DA:5,6
DA:6,6
DA:7,4
DA:8,0
DA:9,6
DA:10,6
DA:11,6
DA:12,6
DA:13,6
DA:14,6
DA:15,6
DA:16,6
DA:17,0
DA:18,0
LF:18
LH:15
BRDA:1,0,0,2
BRDA:1,1,0,2
BRDA:4,2,0,6
BRDA:6,3,0,2
BRDA:6,4,0,4
BRDA:7,5,0,0
BRDA:16,6,0,0
BRF:7
BRH:5
end_of_record
TN:
SF:src\features\todo\graphql\mutations\notify\unsubscribe\unsubscribe.module-definition.ts
FN:1,Object.<anonymous>
FNF:1
FNH:1
FNDA:1,Object.<anonymous>
DA:1,1
DA:2,1
DA:3,1
DA:4,1
DA:5,1
DA:6,1
DA:7,1
DA:8,1
DA:9,1
DA:10,1
DA:11,1
DA:12,1
LF:12
LH:12
BRDA:1,0,0,1
BRDA:1,1,0,1
BRDA:10,2,0,1
BRF:3
BRH:3
end_of_record
TN:
SF:src\features\todo\graphql\mutations\notify\unsubscribe\unsubscribe.module.ts
FN:1,Object.<anonymous>
FN:5,Object.<anonymous>.__decorate
FNF:2
FNH:2
FNDA:1,Object.<anonymous>
FNDA:1,Object.<anonymous>.__decorate
DA:1,1
DA:2,1
DA:3,1
DA:4,1
DA:5,1
DA:6,1
DA:7,1
DA:8,1
DA:9,1
DA:10,0
DA:11,0
DA:12,1
DA:13,1
DA:14,1
DA:15,1
DA:16,1
DA:17,1
DA:18,1
DA:19,0
LF:19
LH:16
BRDA:1,0,0,1
BRDA:1,1,0,1
BRDA:5,2,0,1
BRDA:9,3,0,0
BRDA:18,4,0,0
BRF:5
BRH:3
end_of_record
TN:
SF:src\features\todo\graphql\mutations\notify\unsubscribe\unsubscribe.resolver.ts
FN:1,Object.<anonymous>
FN:3,Object.<anonymous>.__decorate
FN:29,Object.<anonymous>.__metadata
FN:30,Object.<anonymous>.__param
FN:48,UnsubscribeResolver
FN:53,unsubscribe
FNF:6
FNH:6
FNDA:2,Object.<anonymous>
FNDA:4,Object.<anonymous>.__decorate
FNDA:8,Object.<anonymous>.__metadata
FNDA:4,Object.<anonymous>.__param
FNDA:4,UnsubscribeResolver
FNDA:4,unsubscribe
DA:1,2
DA:2,2
DA:3,2
DA:4,4
DA:5,4
DA:6,4
DA:7,4
DA:8,4
DA:9,2
DA:10,2
DA:11,4
DA:12,4
DA:13,4
DA:14,4
DA:15,4
DA:16,4
DA:17,0
DA:18,0
DA:19,0
DA:20,0
DA:21,0
DA:22,0
DA:23,4
DA:24,2
DA:25,2
DA:26,2
DA:27,2
DA:28,2
DA:29,2
DA:30,2
DA:31,4
DA:32,4
DA:33,2
DA:34,2
DA:35,2
DA:36,2
DA:37,2
DA:38,2
DA:39,2
DA:40,2
DA:41,2
DA:42,2
DA:43,2
DA:44,2
DA:45,2
DA:46,2
DA:47,2
DA:48,2
DA:49,4
DA:50,4
DA:51,4
DA:52,2
DA:53,2
DA:54,4
LF:54
LH:48
BRDA:1,0,0,2
BRDA:1,1,0,2
BRDA:3,2,0,4
BRDA:8,3,0,2
BRDA:9,4,0,2
BRDA:11,5,0,0
BRDA:16,6,0,0
BRDA:23,7,0,2
BRDA:23,8,0,2
BRDA:29,9,0,8
BRDA:30,10,0,4
BRDA:32,11,0,4
BRDA:48,12,0,4
BRDA:53,13,0,4
BRF:14
BRH:12
end_of_record
TN:
SF:src\features\todo\graphql\mutations\notify\unsubscribe\graphql-types\input.ts
FN:1,Object.<anonymous>
FN:4,Object.<anonymous>.__decorate
FNF:2
FNH:2
FNDA:2,Object.<anonymous>
FNDA:4,Object.<anonymous>.__decorate
DA:1,2
DA:2,2
DA:3,2
DA:4,2
DA:5,4
DA:6,4
DA:7,4
DA:8,4
DA:9,4
DA:10,4
DA:11,4
DA:12,4
DA:13,4
DA:14,4
DA:15,4
DA:16,4
DA:17,4
LF:17
LH:17
BRDA:1,0,0,2
BRDA:1,1,0,2
BRDA:4,2,0,4
BRDA:9,3,0,2
BRDA:9,4,0,2
BRDA:9,5,0,0
BRF:6
BRH:5
end_of_record
TN:
SF:src\features\todo\graphql\mutations\notify\unsubscribe\graphql-types\response.ts
FN:1,Object.<anonymous>
FN:5,Object.<anonymous>.__decorate
FNF:2
FNH:2
FNDA:2,Object.<anonymous>
FNDA:6,Object.<anonymous>.__decorate
DA:1,2
DA:2,2
DA:3,2
DA:4,2
DA:5,2
DA:6,6
DA:7,6
DA:8,0
DA:9,0
DA:10,0
DA:11,6
DA:12,6
DA:13,6
DA:14,6
DA:15,6
DA:16,6
DA:17,0
DA:18,0
LF:18
LH:13
BRDA:1,0,0,2
BRDA:1,1,0,2
BRDA:5,2,0,6
BRDA:6,3,0,2
BRDA:7,4,0,4
BRDA:7,5,0,0
BRDA:16,6,0,0
BRF:7
BRH:5
end_of_record
TN:
SF:src\features\todo\graphql\mutations\notify\update-notification-preferences\update-notification-preferences.module-definition.ts
FN:1,Object.<anonymous>
FNF:1
FNH:1
FNDA:1,Object.<anonymous>
DA:1,1
DA:2,1
DA:3,1
DA:4,1
DA:5,1
DA:6,1
DA:7,1
DA:8,1
DA:9,1
DA:10,1
DA:11,1
DA:12,1
LF:12
LH:12
BRDA:1,0,0,1
BRDA:1,1,0,1
BRDA:10,2,0,1
BRF:3
BRH:3
end_of_record
TN:
SF:src\features\todo\graphql\mutations\notify\update-notification-preferences\update-notification-preferences.module.ts
FN:1,Object.<anonymous>
FN:5,Object.<anonymous>.__decorate
FNF:2
FNH:2
FNDA:1,Object.<anonymous>
FNDA:1,Object.<anonymous>.__decorate
DA:1,1
DA:2,1
DA:3,1
DA:4,1
DA:5,1
DA:6,1
DA:7,1
DA:8,1
DA:9,1
DA:10,0
DA:11,1
DA:12,1
DA:13,1
DA:14,1
DA:15,0
DA:16,0
DA:17,1
DA:18,1
DA:19,1
DA:20,1
DA:21,1
LF:21
LH:18
BRDA:1,0,0,1
BRDA:1,1,0,1
BRDA:5,2,0,1
BRDA:9,3,0,0
BRDA:14,4,0,0
BRDA:18,5,0,0
BRDA:18,6,0,0
BRF:7
BRH:3
end_of_record
TN:
SF:src\features\todo\graphql\mutations\notify\update-notification-preferences\update-notification-preferences.resolver.ts
FN:1,Object.<anonymous>
FN:3,Object.<anonymous>.__decorate
FN:23,Object.<anonymous>.__metadata
FN:29,Object.<anonymous>.__param
FN:47,UpdateNotificationPreferencesResolver
FN:48,updateNotificationPreferences
FNF:6
FNH:6
FNDA:2,Object.<anonymous>
FNDA:4,Object.<anonymous>.__decorate
FNDA:8,Object.<anonymous>.__metadata
FNDA:4,Object.<anonymous>.__param
FNDA:4,UpdateNotificationPreferencesResolver
FNDA:4,updateNotificationPreferences
DA:1,2
DA:2,2
DA:3,2
DA:4,4
DA:5,4
DA:6,4
DA:7,4
DA:8,4
DA:9,4
DA:10,4
DA:11,4
DA:12,4
DA:13,0
DA:14,0
DA:15,0
DA:16,0
DA:17,0
DA:18,0
DA:19,4
DA:20,4
DA:21,2
DA:22,2
DA:23,2
DA:24,8
DA:25,8
DA:26,8
DA:27,8
DA:28,8
DA:29,2
DA:30,2
DA:31,2
DA:32,2
DA:33,2
DA:34,2
DA:35,2
DA:36,2
DA:37,2
DA:38,2
DA:39,2
DA:40,2
DA:41,2
DA:42,2
DA:43,2
DA:44,2
DA:45,2
DA:46,2
DA:47,2
DA:48,2
DA:49,4
DA:50,4
DA:51,4
DA:52,2
DA:53,2
DA:54,2
DA:55,2
DA:56,2
DA:57,2
DA:58,2
DA:59,2
LF:59
LH:53
BRDA:1,0,0,2
BRDA:1,1,0,2
BRDA:3,2,0,4
BRDA:8,3,0,2
BRDA:8,4,0,2
BRDA:9,5,0,0
BRDA:12,6,0,0
BRDA:20,7,0,2
BRDA:20,8,0,2
BRDA:23,9,0,8
BRDA:29,10,0,4
BRDA:29,11,0,4
BRDA:47,12,0,4
BRDA:48,13,0,4
BRDA:52,14,0,2
BRF:15
BRH:13
end_of_record
TN:
SF:src\features\todo\graphql\mutations\notify\update-notification-preferences\graphql-types\input.ts
FN:1,Object.<anonymous>
FN:4,Object.<anonymous>.__decorate
FN:32,Object.<anonymous>.__metadata
FNF:3
FNH:3
FNDA:2,Object.<anonymous>
FNDA:8,Object.<anonymous>.__decorate
FNDA:6,Object.<anonymous>.__metadata
DA:1,2
DA:2,2
DA:3,2
DA:4,8
DA:5,8
DA:6,8
DA:7,6
DA:8,6
DA:9,8
DA:10,8
DA:11,8
DA:12,8
DA:13,0
DA:14,0
DA:15,0
DA:16,0
DA:17,0
DA:18,0
DA:19,0
DA:20,0
DA:21,0
DA:22,0
DA:23,8
DA:24,8
DA:25,8
DA:26,0
DA:27,8
DA:28,2
DA:29,2
DA:30,2
DA:31,2
DA:32,2
DA:33,6
LF:33
LH:22
BRDA:1,0,0,2
BRDA:1,1,0,2
BRDA:4,2,0,8
BRDA:6,3,0,2
BRDA:6,4,0,6
BRDA:9,5,0,0
BRDA:12,6,0,0
BRDA:25,7,0,6
BRDA:25,8,0,0
BRDA:32,9,0,6
BRF:10
BRH:7
end_of_record
TN:
SF:src\features\todo\graphql\mutations\notify\update-notification-preferences\graphql-types\response.ts
FN:1,Object.<anonymous>
FN:3,Object.<anonymous>.__decorate
FNF:2
FNH:2
FNDA:2,Object.<anonymous>
FNDA:8,Object.<anonymous>.__decorate
DA:1,2
DA:2,2
DA:3,2
DA:4,8
DA:5,8
DA:6,8
DA:7,6
DA:8,8
DA:9,8
DA:10,8
DA:11,8
DA:12,8
DA:13,8
DA:14,8
DA:15,8
DA:16,8
DA:17,8
DA:18,8
DA:19,0
DA:20,0
DA:21,8
DA:22,8
DA:23,2
DA:24,2
DA:25,2
LF:25
LH:23
BRDA:1,0,0,2
BRDA:1,1,0,2
BRDA:3,2,0,8
BRDA:6,3,0,2
BRDA:6,4,0,6
BRDA:6,5,0,0
BRDA:18,6,0,0
BRDA:22,7,0,6
BRDA:22,8,0,0
BRF:9
BRH:6
end_of_record
TN:
SF:src\features\todo\graphql\mutations\plan\downgrade-plan\downgrade-plan.module-definition.ts
FN:1,Object.<anonymous>
FNF:1
FNH:1
FNDA:1,Object.<anonymous>
DA:1,1
DA:2,1
DA:3,1
DA:4,1
DA:5,1
DA:6,1
DA:7,1
DA:8,1
DA:9,1
DA:10,1
DA:11,1
DA:12,1
LF:12
LH:12
BRDA:1,0,0,1
BRDA:1,1,0,1
BRDA:10,2,0,1
BRF:3
BRH:3
end_of_record
TN:
SF:src\features\todo\graphql\mutations\plan\downgrade-plan\downgrade-plan.module.ts
FN:1,Object.<anonymous>
FN:5,Object.<anonymous>.__decorate
FNF:2
FNH:2
FNDA:1,Object.<anonymous>
FNDA:1,Object.<anonymous>.__decorate
DA:1,1
DA:2,1
DA:3,1
DA:4,1
DA:5,1
DA:6,1
DA:7,1
DA:8,1
DA:9,1
DA:10,0
DA:11,0
DA:12,1
DA:13,1
DA:14,1
DA:15,1
DA:16,1
DA:17,1
DA:18,0
DA:19,1
DA:20,1
LF:20
LH:17
BRDA:1,0,0,1
BRDA:1,1,0,1
BRDA:5,2,0,1
BRDA:9,3,0,0
BRDA:17,4,0,0
BRDA:20,5,0,0
BRDA:20,6,0,0
BRF:7
BRH:3
end_of_record
TN:
SF:src\features\todo\graphql\mutations\plan\downgrade-plan\downgrade-plan.resolver.ts
FN:1,Object.<anonymous>
FN:3,Object.<anonymous>.__decorate
FN:26,Object.<anonymous>.__metadata
FN:29,Object.<anonymous>.__param
FN:45,DowngradePlanResolver
FNF:5
FNH:5
FNDA:2,Object.<anonymous>
FNDA:4,Object.<anonymous>.__decorate
FNDA:8,Object.<anonymous>.__metadata
FNDA:2,Object.<anonymous>.__param
FNDA:5,DowngradePlanResolver
DA:1,2
DA:2,2
DA:3,2
DA:4,4
DA:5,4
DA:6,4
DA:7,4
DA:8,4
DA:9,4
DA:10,2
DA:11,4
DA:12,4
DA:13,4
DA:14,4
DA:15,4
DA:16,4
DA:17,0
DA:18,0
DA:19,0
DA:20,0
DA:21,0
DA:22,4
DA:23,4
DA:24,2
DA:25,2
DA:26,2
DA:27,2
DA:28,2
DA:29,2
DA:30,2
DA:31,2
DA:32,2
DA:33,2
DA:34,2
DA:35,2
DA:36,2
DA:37,2
DA:38,2
DA:39,2
DA:40,2
DA:41,2
DA:42,2
DA:43,2
DA:44,2
DA:45,2
DA:46,5
DA:47,5
DA:48,5
DA:49,5
LF:49
LH:44
BRDA:1,0,0,2
BRDA:1,1,0,2
BRDA:3,2,0,4
BRDA:8,3,0,2
BRDA:9,4,0,2
BRDA:11,5,0,0
BRDA:16,6,0,0
BRDA:23,7,0,2
BRDA:23,8,0,2
BRDA:26,9,0,8
BRDA:29,10,0,2
BRDA:30,11,0,2
BRDA:45,12,0,5
BRF:13
BRH:11
end_of_record
TN:
SF:src\features\todo\graphql\mutations\plan\downgrade-plan\graphql-types\response.ts
FN:1,Object.<anonymous>
FN:4,Object.<anonymous>.__decorate
FNF:2
FNH:2
FNDA:2,Object.<anonymous>
FNDA:8,Object.<anonymous>.__decorate
DA:1,2
DA:2,2
DA:3,2
DA:4,8
DA:5,8
DA:6,8
DA:7,0
DA:8,6
DA:9,8
DA:10,8
DA:11,8
DA:12,8
DA:13,8
DA:14,8
DA:15,8
DA:16,8
DA:17,8
DA:18,0
DA:19,0
DA:20,0
DA:21,0
DA:22,0
LF:22
LH:16
BRDA:1,0,0,2
BRDA:1,1,0,2
BRDA:4,2,0,8
BRDA:6,3,0,2
BRDA:6,4,0,6
BRDA:7,5,0,0
BRDA:17,6,0,0
BRF:7
BRH:5
end_of_record
TN:
SF:src\features\todo\graphql\mutations\plan\reconcile-payment\reconcile-payment.module-definition.ts
FN:1,Object.<anonymous>
FNF:1
FNH:1
FNDA:1,Object.<anonymous>
DA:1,1
DA:2,1
DA:3,1
DA:4,1
DA:5,1
DA:6,1
DA:7,1
DA:8,1
DA:9,1
DA:10,1
DA:11,1
DA:12,1
LF:12
LH:12
BRDA:1,0,0,1
BRDA:1,1,0,1
BRDA:10,2,0,1
BRF:3
BRH:3
end_of_record
TN:
SF:src\features\todo\graphql\mutations\plan\reconcile-payment\reconcile-payment.module.ts
FN:1,Object.<anonymous>
FN:5,Object.<anonymous>.__decorate
FNF:2
FNH:2
FNDA:1,Object.<anonymous>
FNDA:1,Object.<anonymous>.__decorate
DA:1,1
DA:2,1
DA:3,1
DA:4,1
DA:5,1
DA:6,1
DA:7,1
DA:8,1
DA:9,1
DA:10,0
DA:11,0
DA:12,1
DA:13,1
DA:14,1
DA:15,1
DA:16,1
DA:17,0
DA:18,0
DA:19,1
DA:20,1
LF:20
LH:16
BRDA:1,0,0,1
BRDA:1,1,0,1
BRDA:5,2,0,1
BRDA:9,3,0,0
BRDA:16,4,0,0
BRDA:19,5,0,0
BRDA:19,6,0,0
BRF:7
BRH:3
end_of_record
TN:
SF:src\features\todo\graphql\mutations\plan\reconcile-payment\reconcile-payment.resolver.ts
FN:1,Object.<anonymous>
FN:3,Object.<anonymous>.__decorate
FN:26,Object.<anonymous>.__metadata
FN:29,Object.<anonymous>.__param
FN:49,ReconcilePaymentResolver
FN:53,reconcilePayment
FNF:6
FNH:6
FNDA:2,Object.<anonymous>
FNDA:4,Object.<anonymous>.__decorate
FNDA:8,Object.<anonymous>.__metadata
FNDA:4,Object.<anonymous>.__param
FNDA:6,ReconcilePaymentResolver
FNDA:6,reconcilePayment
DA:1,2
DA:2,2
DA:3,2
DA:4,4
DA:5,4
DA:6,4
DA:7,4
DA:8,4
DA:9,2
DA:10,4
DA:11,4
DA:12,4
DA:13,4
DA:14,4
DA:15,4
DA:16,4
DA:17,0
DA:18,0
DA:19,0
DA:20,0
DA:21,0
DA:22,4
DA:23,4
DA:24,2
DA:25,2
DA:26,2
DA:27,8
DA:28,8
DA:29,2
DA:30,4
DA:31,4
DA:32,2
DA:33,2
DA:34,2
DA:35,2
DA:36,2
DA:37,2
DA:38,2
DA:39,2
DA:40,2
DA:41,2
DA:42,2
DA:43,2
DA:44,2
DA:45,2
DA:46,2
DA:47,2
DA:48,2
DA:49,2
DA:50,6
DA:51,6
DA:52,2
DA:53,2
DA:54,6
DA:55,6
DA:56,6
DA:57,4
DA:58,4
LF:58
LH:53
BRDA:1,0,0,2
BRDA:1,1,0,2
BRDA:3,2,0,4
BRDA:8,3,0,2
BRDA:8,4,0,2
BRDA:10,5,0,0
BRDA:16,6,0,0
BRDA:22,7,0,2
BRDA:23,8,0,2
BRDA:26,9,0,8
BRDA:29,10,0,4
BRDA:30,11,0,4
BRDA:49,12,0,6
BRDA:53,13,0,6
BRDA:57,14,0,4
BRF:15
BRH:13
end_of_record
TN:
SF:src\features\todo\graphql\mutations\plan\reconcile-payment\graphql-types\input.ts
FN:1,Object.<anonymous>
FN:4,Object.<anonymous>.__decorate
FNF:2
FNH:2
FNDA:2,Object.<anonymous>
FNDA:4,Object.<anonymous>.__decorate
DA:1,2
DA:2,2
DA:3,2
DA:4,4
DA:5,4
DA:6,4
DA:7,4
DA:8,4
DA:9,4
DA:10,4
DA:11,4
DA:12,4
DA:13,4
DA:14,4
DA:15,4
LF:15
LH:15
BRDA:1,0,0,2
BRDA:1,1,0,2
BRDA:4,2,0,4
BRDA:9,3,0,2
BRDA:9,4,0,2
BRDA:9,5,0,0
BRF:6
BRH:5
end_of_record
TN:
SF:src\features\todo\graphql\mutations\plan\reconcile-payment\graphql-types\response.ts
FN:1,Object.<anonymous>
FN:5,Object.<anonymous>.__decorate
FNF:2
FNH:2
FNDA:2,Object.<anonymous>
FNDA:8,Object.<anonymous>.__decorate
DA:1,2
DA:2,2
DA:3,2
DA:4,2
DA:5,2
DA:6,8
DA:7,6
DA:8,0
DA:9,8
DA:10,8
DA:11,8
DA:12,8
DA:13,8
DA:14,8
DA:15,8
DA:16,8
DA:17,8
DA:18,0
DA:19,0
DA:20,8
DA:21,8
DA:22,0
LF:22
LH:18
BRDA:1,0,0,2
BRDA:1,1,0,2
BRDA:5,2,0,8
BRDA:6,3,0,2
BRDA:6,4,0,6
BRDA:7,5,0,0
BRDA:17,6,0,0
BRDA:20,7,0,6
BRDA:22,8,0,0
BRF:9
BRH:6
end_of_record
TN:
SF:src\features\todo\graphql\mutations\plan\upgrade-plan\upgrade-plan.module-definition.ts
FN:1,Object.<anonymous>
FNF:1
FNH:1
FNDA:1,Object.<anonymous>
DA:1,1
DA:2,1
DA:3,1
DA:4,1
DA:5,1
DA:6,1
DA:7,1
DA:8,1
DA:9,1
DA:10,1
DA:11,1
DA:12,1
LF:12
LH:12
BRDA:1,0,0,1
BRDA:1,1,0,1
BRDA:10,2,0,1
BRF:3
BRH:3
end_of_record
TN:
SF:src\features\todo\graphql\mutations\plan\upgrade-plan\upgrade-plan.module.ts
FN:1,Object.<anonymous>
FN:5,Object.<anonymous>.__decorate
FNF:2
FNH:2
FNDA:1,Object.<anonymous>
FNDA:1,Object.<anonymous>.__decorate
DA:1,1
DA:2,1
DA:3,1
DA:4,1
DA:5,1
DA:6,1
DA:7,1
DA:8,1
DA:9,1
DA:10,0
DA:11,0
DA:12,1
DA:13,1
DA:14,1
DA:15,1
DA:16,1
DA:17,1
DA:18,0
DA:19,1
DA:20,1
DA:21,1
DA:22,1
LF:22
LH:19
BRDA:1,0,0,1
BRDA:1,1,0,1
BRDA:5,2,0,1
BRDA:9,3,0,0
BRDA:15,4,0,0
BRDA:17,5,0,0
BRDA:17,6,0,0
BRF:7
BRH:3
end_of_record
TN:
SF:src\features\todo\graphql\mutations\plan\upgrade-plan\upgrade-plan.resolver.ts
FN:1,Object.<anonymous>
FN:3,Object.<anonymous>.__decorate
FN:26,Object.<anonymous>.__metadata
FN:29,Object.<anonymous>.__param
FN:45,UpgradePlanResolver
FNF:5
FNH:5
FNDA:2,Object.<anonymous>
FNDA:4,Object.<anonymous>.__decorate
FNDA:8,Object.<anonymous>.__metadata
FNDA:2,Object.<anonymous>.__param
FNDA:5,UpgradePlanResolver
DA:1,2
DA:2,2
DA:3,2
DA:4,4
DA:5,4
DA:6,4
DA:7,4
DA:8,4
DA:9,4
DA:10,2
DA:11,4
DA:12,4
DA:13,4
DA:14,4
DA:15,4
DA:16,4
DA:17,0
DA:18,0
DA:19,0
DA:20,0
DA:21,0
DA:22,0
DA:23,4
DA:24,2
DA:25,2
DA:26,2
DA:27,8
DA:28,2
DA:29,2
DA:30,2
DA:31,2
DA:32,2
DA:33,2
DA:34,2
DA:35,2
DA:36,2
DA:37,2
DA:38,2
DA:39,2
DA:40,2
DA:41,2
DA:42,2
DA:43,2
DA:44,2
DA:45,2
DA:46,5
DA:47,5
DA:48,5
DA:49,5
DA:50,5
LF:50
LH:44
BRDA:1,0,0,2
BRDA:1,1,0,2
BRDA:3,2,0,4
BRDA:8,3,0,2
BRDA:9,4,0,2
BRDA:11,5,0,0
BRDA:16,6,0,0
BRDA:23,7,0,2
BRDA:23,8,0,2
BRDA:26,9,0,8
BRDA:29,10,0,2
BRDA:30,11,0,2
BRDA:45,12,0,5
BRF:13
BRH:11
end_of_record
TN:
SF:src\features\todo\graphql\mutations\plan\upgrade-plan\graphql-types\response.ts
FN:1,Object.<anonymous>
FN:4,Object.<anonymous>.__decorate
FN:24,Object.<anonymous>.__metadata
FNF:3
FNH:3
FNDA:2,Object.<anonymous>
FNDA:10,Object.<anonymous>.__decorate
FNDA:10,Object.<anonymous>.__metadata
DA:1,2
DA:2,2
DA:3,2
DA:4,10
DA:5,10
DA:6,10
DA:7,0
DA:8,10
DA:9,10
DA:10,10
DA:11,10
DA:12,10
DA:13,10
DA:14,10
DA:15,10
DA:16,10
DA:17,10
DA:18,0
DA:19,0
DA:20,0
DA:21,10
DA:22,2
DA:23,2
DA:24,2
DA:25,10
DA:26,10
LF:26
LH:22
BRDA:1,0,0,2
BRDA:1,1,0,2
BRDA:4,2,0,10
BRDA:6,3,0,2
BRDA:6,4,0,8
BRDA:6,5,0,0
BRDA:17,6,0,0
BRDA:21,7,0,8
BRDA:21,8,0,0
BRDA:24,9,0,10
BRF:10
BRH:7
end_of_record
TN:
SF:src\features\todo\graphql\mutations\recur\edit-recurrence\edit-recurrence.module-definition.ts
FN:1,Object.<anonymous>
FNF:1
FNH:1
FNDA:1,Object.<anonymous>
DA:1,1
DA:2,1
DA:3,1
DA:4,1
DA:5,1
DA:6,1
DA:7,1
DA:8,1
DA:9,1
DA:10,1
DA:11,1
DA:12,1
LF:12
LH:12
BRDA:1,0,0,1
BRDA:1,1,0,1
BRDA:10,2,0,1
BRF:3
BRH:3
end_of_record
TN:
SF:src\features\todo\graphql\mutations\recur\edit-recurrence\edit-recurrence.module.ts
FN:1,Object.<anonymous>
FN:5,Object.<anonymous>.__decorate
FNF:2
FNH:2
FNDA:1,Object.<anonymous>
FNDA:1,Object.<anonymous>.__decorate
DA:1,1
DA:2,1
DA:3,1
DA:4,1
DA:5,1
DA:6,1
DA:7,1
DA:8,1
DA:9,1
DA:10,0
DA:11,0
DA:12,1
DA:13,1
DA:14,1
DA:15,1
DA:16,1
DA:17,1
DA:18,1
DA:19,1
LF:19
LH:17
BRDA:1,0,0,1
BRDA:1,1,0,1
BRDA:5,2,0,1
BRDA:9,3,0,0
BRDA:18,4,0,0
BRDA:19,5,0,0
BRF:6
BRH:3
end_of_record
TN:
SF:src\features\todo\graphql\mutations\recur\edit-recurrence\edit-recurrence.resolver.ts
FN:1,Object.<anonymous>
FN:3,Object.<anonymous>.__decorate
FN:28,Object.<anonymous>.__metadata
FN:30,Object.<anonymous>.__param
FN:48,EditRecurrenceResolver
FN:52,editRecurrence
FNF:6
FNH:6
FNDA:2,Object.<anonymous>
FNDA:4,Object.<anonymous>.__decorate
FNDA:8,Object.<anonymous>.__metadata
FNDA:4,Object.<anonymous>.__param
FNDA:6,EditRecurrenceResolver
FNDA:6,editRecurrence
DA:1,2
DA:2,2
DA:3,2
DA:4,4
DA:5,4
DA:6,4
DA:7,4
DA:8,4
DA:9,2
DA:10,2
DA:11,4
DA:12,4
DA:13,4
DA:14,4
DA:15,4
DA:16,4
DA:17,0
DA:18,0
DA:19,0
DA:20,0
DA:21,0
DA:22,4
DA:23,4
DA:24,2
DA:25,2
DA:26,2
DA:27,2
DA:28,8
DA:29,2
DA:30,2
DA:31,4
DA:32,4
DA:33,2
DA:34,2
DA:35,2
DA:36,2
DA:37,2
DA:38,2
DA:39,2
DA:40,2
DA:41,2
DA:42,2
DA:43,2
DA:44,2
DA:45,2
DA:46,2
DA:47,2
DA:48,2
DA:49,6
DA:50,6
DA:51,2
DA:52,2
DA:53,6
DA:54,6
DA:55,6
DA:56,4
DA:57,4
DA:58,4
DA:59,4
DA:60,4
DA:61,4
DA:62,4
DA:63,4
LF:63
LH:58
BRDA:1,0,0,2
BRDA:1,1,0,2
BRDA:3,2,0,4
BRDA:8,3,0,2
BRDA:8,4,0,2
BRDA:10,5,0,0
BRDA:16,6,0,0
BRDA:23,7,0,2
BRDA:23,8,0,2
BRDA:28,9,0,8
BRDA:30,10,0,4
BRDA:32,11,0,4
BRDA:48,12,0,6
BRDA:52,13,0,6
BRDA:55,14,0,4
BRF:15
BRH:13
end_of_record
TN:
SF:src\features\todo\graphql\mutations\recur\edit-recurrence\graphql-types\input.ts
FN:1,Object.<anonymous>
FN:3,Object.<anonymous>.__decorate
FN:24,Object.<anonymous>.__metadata
FNF:3
FNH:3
FNDA:2,Object.<anonymous>
FNDA:14,Object.<anonymous>.__decorate
FNDA:12,Object.<anonymous>.__metadata
DA:1,2
DA:2,2
DA:3,2
DA:4,14
DA:5,14
DA:6,14
DA:7,12
DA:8,12
DA:9,14
DA:10,14
DA:11,14
DA:12,14
DA:13,0
DA:14,0
DA:15,0
DA:16,0
DA:17,0
DA:18,0
DA:19,0
DA:20,14
DA:21,14
DA:22,0
DA:23,2
DA:24,2
DA:25,12
DA:26,12
DA:27,12
DA:28,12
DA:29,12
DA:30,12
DA:31,12
DA:32,12
DA:33,12
DA:34,12
DA:35,2
DA:36,2
DA:37,2
DA:38,2
DA:39,2
DA:40,2
DA:41,2
DA:42,2
DA:43,2
DA:44,2
DA:45,2
DA:46,2
DA:47,2
DA:48,2
DA:49,2
DA:50,2
DA:51,2
DA:52,2
DA:53,2
DA:54,2
DA:55,2
DA:56,1
LF:56
LH:48
BRDA:1,0,0,2
BRDA:1,1,0,2
BRDA:3,2,0,14
BRDA:6,3,0,2
BRDA:7,4,0,12
BRDA:8,5,0,0
BRDA:12,6,0,0
BRDA:21,7,0,12
BRDA:21,8,0,0
BRDA:24,9,0,12
BRDA:55,10,0,1
BRF:11
BRH:8
end_of_record
TN:
SF:src\features\todo\graphql\mutations\recur\edit-recurrence\graphql-types\response.ts
FN:1,Object.<anonymous>
FN:4,Object.<anonymous>.__decorate
FNF:2
FNH:2
FNDA:2,Object.<anonymous>
FNDA:10,Object.<anonymous>.__decorate
DA:1,2
DA:2,2
DA:3,2
DA:4,10
DA:5,10
DA:6,10
DA:7,8
DA:8,0
DA:9,10
DA:10,10
DA:11,10
DA:12,10
DA:13,10
DA:14,10
DA:15,10
DA:16,10
DA:17,10
DA:18,10
DA:19,10
DA:20,10
DA:21,0
DA:22,0
DA:23,0
DA:24,10
DA:25,10
DA:26,0
LF:26
LH:21
BRDA:1,0,0,2
BRDA:1,1,0,2
BRDA:4,2,0,10
BRDA:6,3,0,2
BRDA:6,4,0,8
BRDA:7,5,0,0
BRDA:20,6,0,0
BRDA:24,7,0,8
BRDA:25,8,0,0
BRF:9
BRH:6
end_of_record
TN:
SF:src\features\todo\graphql\mutations\recur\end-recurrence\end-recurrence.module-definition.ts
FN:1,Object.<anonymous>
FNF:1
FNH:1
FNDA:1,Object.<anonymous>
DA:1,1
DA:2,1
DA:3,1
DA:4,1
DA:5,1
DA:6,1
DA:7,1
DA:8,1
DA:9,1
DA:10,1
DA:11,1
DA:12,1
LF:12
LH:12
BRDA:1,0,0,1
BRDA:1,1,0,1
BRDA:10,2,0,1
BRF:3
BRH:3
end_of_record
TN:
SF:src\features\todo\graphql\mutations\recur\end-recurrence\end-recurrence.module.ts
FN:1,Object.<anonymous>
FN:5,Object.<anonymous>.__decorate
FNF:2
FNH:2
FNDA:1,Object.<anonymous>
FNDA:1,Object.<anonymous>.__decorate
DA:1,1
DA:2,1
DA:3,1
DA:4,1
DA:5,1
DA:6,1
DA:7,1
DA:8,1
DA:9,1
DA:10,0
DA:11,0
DA:12,1
DA:13,1
DA:14,1
DA:15,1
DA:16,1
DA:17,1
DA:18,1
DA:19,1
LF:19
LH:17
BRDA:1,0,0,1
BRDA:1,1,0,1
BRDA:5,2,0,1
BRDA:9,3,0,0
BRDA:18,4,0,0
BRF:5
BRH:3
end_of_record
TN:
SF:src\features\todo\graphql\mutations\recur\end-recurrence\end-recurrence.resolver.ts
FN:1,Object.<anonymous>
FN:3,Object.<anonymous>.__decorate
FN:28,Object.<anonymous>.__metadata
FN:31,Object.<anonymous>.__param
FN:48,EndRecurrenceResolver
FN:52,endRecurrence
FNF:6
FNH:6
FNDA:2,Object.<anonymous>
FNDA:4,Object.<anonymous>.__decorate
FNDA:8,Object.<anonymous>.__metadata
FNDA:4,Object.<anonymous>.__param
FNDA:5,EndRecurrenceResolver
FNDA:5,endRecurrence
DA:1,2
DA:2,2
DA:3,2
DA:4,4
DA:5,4
DA:6,4
DA:7,4
DA:8,4
DA:9,2
DA:10,2
DA:11,4
DA:12,4
DA:13,4
DA:14,4
DA:15,4
DA:16,4
DA:17,0
DA:18,0
DA:19,0
DA:20,0
DA:21,0
DA:22,4
DA:23,4
DA:24,2
DA:25,2
DA:26,2
DA:27,2
DA:28,2
DA:29,8
DA:30,2
DA:31,2
DA:32,4
DA:33,4
DA:34,2
DA:35,2
DA:36,2
DA:37,2
DA:38,2
DA:39,2
DA:40,2
DA:41,2
DA:42,2
DA:43,2
DA:44,2
DA:45,2
DA:46,2
DA:47,2
DA:48,2
DA:49,5
DA:50,5
DA:51,5
DA:52,2
DA:53,5
DA:54,5
DA:55,5
DA:56,5
LF:56
LH:51
BRDA:1,0,0,2
BRDA:1,1,0,2
BRDA:3,2,0,4
BRDA:8,3,0,2
BRDA:8,4,0,2
BRDA:10,5,0,0
BRDA:16,6,0,0
BRDA:23,7,0,2
BRDA:23,8,0,2
BRDA:28,9,0,8
BRDA:31,10,0,4
BRDA:32,11,0,4
BRDA:48,12,0,5
BRDA:52,13,0,5
BRF:14
BRH:12
end_of_record
TN:
SF:src\features\todo\graphql\mutations\recur\end-recurrence\graphql-types\input.ts
FN:1,Object.<anonymous>
FN:4,Object.<anonymous>.__decorate
FNF:2
FNH:2
FNDA:2,Object.<anonymous>
FNDA:6,Object.<anonymous>.__decorate
DA:1,2
DA:2,2
DA:3,2
DA:4,6
DA:5,6
DA:6,6
DA:7,6
DA:8,6
DA:9,6
DA:10,6
DA:11,6
DA:12,6
DA:13,6
DA:14,6
DA:15,6
DA:16,6
DA:17,0
DA:18,0
DA:19,0
DA:20,0
LF:20
LH:16
BRDA:1,0,0,2
BRDA:1,1,0,2
BRDA:4,2,0,6
BRDA:9,3,0,2
BRDA:9,4,0,4
BRDA:9,5,0,0
BRDA:16,6,0,0
BRF:7
BRH:5
end_of_record
TN:
SF:src\features\todo\graphql\mutations\recur\end-recurrence\graphql-types\response.ts
FN:1,Object.<anonymous>
FN:3,Object.<anonymous>.__decorate
FNF:2
FNH:2
FNDA:2,Object.<anonymous>
FNDA:8,Object.<anonymous>.__decorate
DA:1,2
DA:2,2
DA:3,2
DA:4,8
DA:5,8
DA:6,8
DA:7,6
DA:8,6
DA:9,8
DA:10,8
DA:11,8
DA:12,8
DA:13,8
DA:14,8
DA:15,8
DA:16,8
DA:17,0
DA:18,0
DA:19,0
DA:20,0
DA:21,8
DA:22,8
DA:23,2
DA:24,2
DA:25,2
LF:25
LH:21
BRDA:1,0,0,2
BRDA:1,1,0,2
BRDA:3,2,0,8
BRDA:6,3,0,2
BRDA:6,4,0,6
BRDA:7,5,0,0
BRDA:16,6,0,0
BRDA:21,7,0,6
BRDA:22,8,0,0
BRF:9
BRH:6
end_of_record
TN:
SF:src\features\todo\graphql\mutations\recur\make-recurring\make-recurring.module-definition.ts
FN:1,Object.<anonymous>
FNF:1
FNH:1
FNDA:1,Object.<anonymous>
DA:1,1
DA:2,1
DA:3,1
DA:4,1
DA:5,1
DA:6,1
DA:7,1
DA:8,1
DA:9,1
DA:10,1
DA:11,1
DA:12,1
LF:12
LH:12
BRDA:1,0,0,1
BRDA:1,1,0,1
BRDA:10,2,0,1
BRF:3
BRH:3
end_of_record
TN:
SF:src\features\todo\graphql\mutations\recur\make-recurring\make-recurring.module.ts
FN:1,Object.<anonymous>
FN:5,Object.<anonymous>.__decorate
FNF:2
FNH:2
FNDA:1,Object.<anonymous>
FNDA:1,Object.<anonymous>.__decorate
DA:1,1
DA:2,1
DA:3,1
DA:4,1
DA:5,1
DA:6,1
DA:7,1
DA:8,1
DA:9,1
DA:10,0
DA:11,0
DA:12,1
DA:13,1
DA:14,1
DA:15,1
DA:16,0
DA:17,0
DA:18,0
DA:19,0
DA:20,1
DA:21,1
LF:21
LH:15
BRDA:1,0,0,1
BRDA:1,1,0,1
BRDA:5,2,0,1
BRDA:9,3,0,0
BRDA:15,4,0,0
BRDA:20,5,0,0
BRDA:20,6,0,0
BRF:7
BRH:3
end_of_record
TN:
SF:src\features\todo\graphql\mutations\recur\make-recurring\make-recurring.resolver.ts
FN:1,Object.<anonymous>
FN:3,Object.<anonymous>.__decorate
FN:28,Object.<anonymous>.__metadata
FN:31,Object.<anonymous>.__param
FN:50,MakeRecurringResolver
FN:53,makeRecurring
FNF:6
FNH:6
FNDA:2,Object.<anonymous>
FNDA:4,Object.<anonymous>.__decorate
FNDA:8,Object.<anonymous>.__metadata
FNDA:4,Object.<anonymous>.__param
FNDA:5,MakeRecurringResolver
FNDA:6,makeRecurring
DA:1,2
DA:2,2
DA:3,2
DA:4,4
DA:5,4
DA:6,4
DA:7,4
DA:8,4
DA:9,2
DA:10,2
DA:11,4
DA:12,4
DA:13,4
DA:14,4
DA:15,4
DA:16,4
DA:17,0
DA:18,0
DA:19,0
DA:20,0
DA:21,0
DA:22,4
DA:23,4
DA:24,2
DA:25,2
DA:26,2
DA:27,2
DA:28,2
DA:29,8
DA:30,2
DA:31,2
DA:32,4
DA:33,4
DA:34,2
DA:35,2
DA:36,2
DA:37,2
DA:38,2
DA:39,2
DA:40,2
DA:41,2
DA:42,2
DA:43,2
DA:44,2
DA:45,2
DA:46,2
DA:47,2
DA:48,2
DA:49,2
DA:50,5
DA:51,5
DA:52,5
DA:53,2
DA:54,6
DA:55,6
DA:56,6
DA:57,4
DA:58,4
DA:59,4
DA:60,4
DA:61,4
DA:62,4
DA:63,4
DA:64,6
DA:65,6
DA:66,6
LF:66
LH:61
BRDA:1,0,0,2
BRDA:1,1,0,2
BRDA:3,2,0,4
BRDA:8,3,0,2
BRDA:8,4,0,2
BRDA:10,5,0,0
BRDA:16,6,0,0
BRDA:23,7,0,2
BRDA:23,8,0,2
BRDA:28,9,0,8
BRDA:31,10,0,4
BRDA:32,11,0,4
BRDA:50,12,0,5
BRDA:53,13,0,6
BRDA:56,14,0,4
BRDA:64,15,0,3
BRF:16
BRH:14
end_of_record
TN:
SF:src\features\todo\graphql\mutations\recur\make-recurring\graphql-types\input.ts
FN:1,Object.<anonymous>
FN:3,Object.<anonymous>.__decorate
FN:15,Object.<anonymous>.__metadata
FNF:3
FNH:3
FNDA:3,Object.<anonymous>
FNDA:24,Object.<anonymous>.__decorate
FNDA:21,Object.<anonymous>.__metadata
DA:1,3
DA:2,3
DA:3,3
DA:4,24
DA:5,24
DA:6,21
DA:7,0
DA:8,24
DA:9,24
DA:10,24
DA:11,0
DA:12,0
DA:13,24
DA:14,3
DA:15,3
DA:16,21
DA:17,21
DA:18,21
DA:19,21
DA:20,21
DA:21,3
DA:22,3
DA:23,3
DA:24,3
DA:25,3
DA:26,3
DA:27,3
DA:28,3
DA:29,3
DA:30,3
DA:31,3
DA:32,3
DA:33,3
DA:34,3
DA:35,3
DA:36,3
DA:37,3
DA:38,3
DA:39,3
DA:40,3
DA:41,3
DA:42,3
DA:43,3
DA:44,3
DA:45,3
DA:46,3
DA:47,3
DA:48,3
DA:49,3
DA:50,3
DA:51,3
DA:52,3
DA:53,3
DA:54,3
DA:55,3
DA:56,3
DA:57,3
DA:58,3
DA:59,3
DA:60,3
DA:61,3
DA:62,3
DA:63,3
DA:64,3
DA:65,3
DA:66,3
DA:67,3
DA:68,3
DA:69,3
DA:70,3
DA:71,3
DA:72,3
LF:72
LH:69
BRDA:1,0,0,3
BRDA:1,1,0,3
BRDA:3,2,0,24
BRDA:5,3,0,3
BRDA:6,4,0,21
BRDA:6,5,0,0
BRDA:10,6,0,0
BRDA:13,7,0,21
BRDA:13,8,0,0
BRDA:15,9,0,21
BRDA:32,10,0,3
BRF:11
BRH:8
end_of_record
TN:
SF:src\features\todo\graphql\mutations\recur\make-recurring\graphql-types\response.ts
FN:1,Object.<anonymous>
FN:4,Object.<anonymous>.__decorate
FN:31,Object.<anonymous>.__metadata
FNF:3
FNH:3
FNDA:2,Object.<anonymous>
FNDA:14,Object.<anonymous>.__decorate
FNDA:14,Object.<anonymous>.__metadata
DA:1,2
DA:2,2
DA:3,2
DA:4,14
DA:5,14
DA:6,14
DA:7,14
DA:8,0
DA:9,0
DA:10,0
DA:11,14
DA:12,14
DA:13,14
DA:14,14
DA:15,14
DA:16,14
DA:17,14
DA:18,14
DA:19,14
DA:20,14
DA:21,14
DA:22,14
DA:23,14
DA:24,0
DA:25,0
DA:26,0
DA:27,14
DA:28,0
DA:29,2
DA:30,2
DA:31,2
DA:32,14
DA:33,14
DA:34,14
LF:34
LH:27
BRDA:1,0,0,2
BRDA:1,1,0,2
BRDA:4,2,0,14
BRDA:7,3,0,2
BRDA:7,4,0,12
BRDA:7,5,0,0
BRDA:23,6,0,0
BRDA:27,7,0,12
BRDA:28,8,0,0
BRDA:31,9,0,14
BRF:10
BRH:7
end_of_record
TN:
SF:src\features\todo\graphql\mutations\session\sign-in\sign-in.module-definition.ts
FN:1,Object.<anonymous>
FNF:1
FNH:1
FNDA:1,Object.<anonymous>
DA:1,1
DA:2,1
DA:3,1
DA:4,1
DA:5,1
DA:6,1
DA:7,1
DA:8,1
DA:9,1
DA:10,1
DA:11,1
DA:12,1
LF:12
LH:12
BRDA:1,0,0,1
BRDA:1,1,0,1
BRDA:10,2,0,1
BRF:3
BRH:3
end_of_record
TN:
SF:src\features\todo\graphql\mutations\session\sign-in\sign-in.module.ts
FN:1,Object.<anonymous>
FN:5,Object.<anonymous>.__decorate
FNF:2
FNH:2
FNDA:1,Object.<anonymous>
FNDA:1,Object.<anonymous>.__decorate
DA:1,1
DA:2,1
DA:3,1
DA:4,1
DA:5,1
DA:6,1
DA:7,1
DA:8,1
DA:9,1
DA:10,0
DA:11,0
DA:12,0
DA:13,0
DA:14,1
DA:15,1
DA:16,0
DA:17,0
DA:18,0
DA:19,0
DA:20,1
DA:21,1
LF:21
LH:13
BRDA:1,0,0,1
BRDA:1,1,0,1
BRDA:5,2,0,1
BRDA:9,3,0,0
BRDA:15,4,0,0
BRDA:20,5,0,0
BRDA:20,6,0,0
BRF:7
BRH:3
end_of_record
TN:
SF:src\features\todo\graphql\mutations\session\sign-in\sign-in.resolver.ts
FN:1,Object.<anonymous>
FN:3,Object.<anonymous>.__decorate
FN:24,Object.<anonymous>.__metadata
FN:27,Object.<anonymous>.__param
FNF:4
FNH:4
FNDA:2,Object.<anonymous>
FNDA:4,Object.<anonymous>.__decorate
FNDA:8,Object.<anonymous>.__metadata
FNDA:2,Object.<anonymous>.__param
DA:1,2
DA:2,2
DA:3,2
DA:4,4
DA:5,4
DA:6,4
DA:7,4
DA:8,4
DA:9,4
DA:10,2
DA:11,4
DA:12,4
DA:13,4
DA:14,4
DA:15,4
DA:16,4
DA:17,4
DA:18,4
DA:19,0
DA:20,0
DA:21,0
DA:22,0
DA:23,2
DA:24,2
DA:25,8
DA:26,8
DA:27,2
DA:28,2
DA:29,2
DA:30,2
DA:31,2
DA:32,2
DA:33,2
DA:34,2
DA:35,2
DA:36,2
DA:37,2
DA:38,2
DA:39,2
DA:40,2
DA:41,2
DA:42,2
DA:43,2
DA:44,2
DA:45,2
LF:45
LH:41
BRDA:1,0,0,2
BRDA:1,1,0,2
BRDA:3,2,0,4
BRDA:9,3,0,2
BRDA:9,4,0,2
BRDA:11,5,0,0
BRDA:18,6,0,0
BRDA:23,7,0,2
BRDA:23,8,0,2
BRDA:24,9,0,8
BRDA:27,10,0,2
BRDA:28,11,0,2
BRF:12
BRH:10
end_of_record
TN:
SF:src\features\todo\graphql\mutations\session\sign-in\graphql-types\input.ts
FN:1,Object.<anonymous>
FN:4,Object.<anonymous>.__decorate
FNF:2
FNH:2
FNDA:2,Object.<anonymous>
FNDA:6,Object.<anonymous>.__decorate
DA:1,2
DA:2,2
DA:3,2
DA:4,2
DA:5,6
DA:6,6
DA:7,6
DA:8,6
DA:9,6
DA:10,6
DA:11,6
DA:12,0
DA:13,0
DA:14,0
DA:15,0
DA:16,0
DA:17,6
DA:18,6
DA:19,6
DA:20,0
DA:21,0
LF:21
LH:14
BRDA:1,0,0,2
BRDA:1,1,0,2
BRDA:4,2,0,6
BRDA:8,3,0,2
BRDA:8,4,0,4
BRDA:8,5,0,0
BRDA:11,6,0,0
BRDA:19,7,0,4
BRDA:19,8,0,0
BRF:9
BRH:6
end_of_record
TN:
SF:src\features\todo\graphql\mutations\session\sign-in\graphql-types\response.ts
FN:1,Object.<anonymous>
FN:5,Object.<anonymous>.__decorate
FNF:2
FNH:2
FNDA:2,Object.<anonymous>
FNDA:6,Object.<anonymous>.__decorate
DA:1,2
DA:2,2
DA:3,2
DA:4,2
DA:5,2
DA:6,6
DA:7,0
DA:8,4
DA:9,6
DA:10,6
DA:11,6
DA:12,6
DA:13,6
DA:14,6
DA:15,6
DA:16,0
DA:17,0
DA:18,0
LF:18
LH:14
BRDA:1,0,0,2
BRDA:1,1,0,2
BRDA:5,2,0,6
BRDA:6,3,0,2
BRDA:6,4,0,4
BRDA:6,5,0,0
BRDA:15,6,0,0
BRF:7
BRH:5
end_of_record
TN:
SF:src\features\todo\graphql\mutations\session\sign-out\sign-out.module-definition.ts
FN:1,Object.<anonymous>
FNF:1
FNH:1
FNDA:1,Object.<anonymous>
DA:1,1
DA:2,1
DA:3,1
DA:4,1
DA:5,1
DA:6,1
DA:7,1
DA:8,1
DA:9,1
DA:10,1
DA:11,1
DA:12,1
LF:12
LH:12
BRDA:1,0,0,1
BRDA:1,1,0,1
BRDA:10,2,0,1
BRF:3
BRH:3
end_of_record
TN:
SF:src\features\todo\graphql\mutations\session\sign-out\sign-out.module.ts
FN:1,Object.<anonymous>
FN:5,Object.<anonymous>.__decorate
FNF:2
FNH:2
FNDA:1,Object.<anonymous>
FNDA:1,Object.<anonymous>.__decorate
DA:1,1
DA:2,1
DA:3,1
DA:4,1
DA:5,1
DA:6,1
DA:7,1
DA:8,1
DA:9,1
DA:10,0
DA:11,0
DA:12,0
DA:13,0
DA:14,1
DA:15,1
DA:16,1
DA:17,1
DA:18,1
DA:19,0
LF:19
LH:14
BRDA:1,0,0,1
BRDA:1,1,0,1
BRDA:5,2,0,1
BRDA:9,3,0,0
BRDA:18,4,0,0
BRF:5
BRH:3
end_of_record
TN:
SF:src\features\todo\graphql\mutations\session\sign-out\sign-out.resolver.ts
FN:1,Object.<anonymous>
FN:3,Object.<anonymous>.__decorate
FN:23,Object.<anonymous>.__metadata
FN:25,Object.<anonymous>.__param
FNF:4
FNH:4
FNDA:2,Object.<anonymous>
FNDA:4,Object.<anonymous>.__decorate
FNDA:8,Object.<anonymous>.__metadata
FNDA:2,Object.<anonymous>.__param
DA:1,2
DA:2,2
DA:3,2
DA:4,4
DA:5,4
DA:6,4
DA:7,4
DA:8,4
DA:9,4
DA:10,2
DA:11,4
DA:12,4
DA:13,4
DA:14,4
DA:15,4
DA:16,4
DA:17,4
DA:18,4
DA:19,0
DA:20,0
DA:21,0
DA:22,2
DA:23,2
DA:24,8
DA:25,2
DA:26,2
DA:27,2
DA:28,2
DA:29,2
DA:30,2
DA:31,2
DA:32,2
DA:33,2
DA:34,2
DA:35,2
DA:36,2
DA:37,2
DA:38,2
DA:39,2
DA:40,2
DA:41,2
LF:41
LH:38
BRDA:1,0,0,2
BRDA:1,1,0,2
BRDA:3,2,0,4
BRDA:9,3,0,2
BRDA:9,4,0,2
BRDA:11,5,0,0
BRDA:18,6,0,0
BRDA:22,7,0,2
BRDA:22,8,0,2
BRDA:23,9,0,8
BRDA:25,10,0,2
BRDA:26,11,0,2
BRF:12
BRH:10
end_of_record
TN:
SF:src\features\todo\graphql\mutations\session\sign-out\graphql-types\input.ts
FN:1,Object.<anonymous>
FN:4,Object.<anonymous>.__decorate
FNF:2
FNH:2
FNDA:2,Object.<anonymous>
FNDA:4,Object.<anonymous>.__decorate
DA:1,2
DA:2,2
DA:3,2
DA:4,2
DA:5,4
DA:6,4
DA:7,4
DA:8,4
DA:9,4
DA:10,2
DA:11,4
DA:12,4
DA:13,4
DA:14,4
DA:15,4
LF:15
LH:15
BRDA:1,0,0,2
BRDA:1,1,0,2
BRDA:4,2,0,4
BRDA:9,3,0,2
BRDA:9,4,0,2
BRDA:9,5,0,0
BRF:6
BRH:5
end_of_record
TN:
SF:src\features\todo\graphql\mutations\session\sign-out\graphql-types\response.ts
FN:1,Object.<anonymous>
FN:5,Object.<anonymous>.__decorate
FNF:2
FNH:2
FNDA:2,Object.<anonymous>
FNDA:4,Object.<anonymous>.__decorate
DA:1,2
DA:2,2
DA:3,2
DA:4,2
DA:5,2
DA:6,4
DA:7,4
DA:8,0
DA:9,0
DA:10,0
DA:11,4
DA:12,4
DA:13,4
DA:14,4
LF:14
LH:11
BRDA:1,0,0,2
BRDA:1,1,0,2
BRDA:5,2,0,4
BRDA:6,3,0,2
BRDA:7,4,0,2
BRDA:7,5,0,0
BRF:6
BRH:5
end_of_record
TN:
SF:src\features\todo\graphql\mutations\share\accept-invitation\accept-invitation.module-definition.ts
FN:1,Object.<anonymous>
FNF:1
FNH:1
FNDA:1,Object.<anonymous>
DA:1,1
DA:2,1
DA:3,1
DA:4,1
DA:5,1
DA:6,1
DA:7,1
DA:8,1
DA:9,1
DA:10,1
DA:11,1
DA:12,1
LF:12
LH:12
BRDA:1,0,0,1
BRDA:1,1,0,1
BRDA:10,2,0,1
BRF:3
BRH:3
end_of_record
TN:
SF:src\features\todo\graphql\mutations\share\accept-invitation\accept-invitation.module.ts
FN:1,Object.<anonymous>
FN:5,Object.<anonymous>.__decorate
FNF:2
FNH:2
FNDA:1,Object.<anonymous>
FNDA:1,Object.<anonymous>.__decorate
DA:1,1
DA:2,1
DA:3,1
DA:4,1
DA:5,1
DA:6,1
DA:7,1
DA:8,1
DA:9,1
DA:10,0
DA:11,0
DA:12,1
DA:13,1
DA:14,1
DA:15,1
DA:16,1
DA:17,1
DA:18,1
DA:19,1
LF:19
LH:17
BRDA:1,0,0,1
BRDA:1,1,0,1
BRDA:5,2,0,1
BRDA:9,3,0,0
BRDA:18,4,0,0
BRDA:19,5,0,0
BRDA:19,6,0,0
BRF:7
BRH:3
end_of_record
TN:
SF:src\features\todo\graphql\mutations\share\accept-invitation\accept-invitation.resolver.ts
FN:1,Object.<anonymous>
FN:3,Object.<anonymous>.__decorate
FN:26,Object.<anonymous>.__metadata
FN:30,Object.<anonymous>.__param
FN:48,AcceptInvitationResolver
FN:51,acceptInvitation
FNF:6
FNH:6
FNDA:2,Object.<anonymous>
FNDA:4,Object.<anonymous>.__decorate
FNDA:8,Object.<anonymous>.__metadata
FNDA:4,Object.<anonymous>.__param
FNDA:5,AcceptInvitationResolver
FNDA:4,acceptInvitation
DA:1,2
DA:2,2
DA:3,2
DA:4,4
DA:5,4
DA:6,4
DA:7,4
DA:8,4
DA:9,2
DA:10,4
DA:11,4
DA:12,4
DA:13,4
DA:14,4
DA:15,4
DA:16,4
DA:17,0
DA:18,0
DA:19,0
DA:20,0
DA:21,0
DA:22,4
DA:23,2
DA:24,2
DA:25,2
DA:26,2
DA:27,8
DA:28,8
DA:29,2
DA:30,2
DA:31,4
DA:32,4
DA:33,2
DA:34,2
DA:35,2
DA:36,2
DA:37,2
DA:38,2
DA:39,2
DA:40,2
DA:41,2
DA:42,2
DA:43,2
DA:44,2
DA:45,2
DA:46,2
DA:47,2
DA:48,2
DA:49,5
DA:50,5
DA:51,2
DA:52,4
DA:53,4
DA:54,4
DA:55,4
LF:55
LH:50
BRDA:1,0,0,2
BRDA:1,1,0,2
BRDA:3,2,0,4
BRDA:8,3,0,2
BRDA:8,4,0,2
BRDA:10,5,0,0
BRDA:16,6,0,0
BRDA:22,7,0,2
BRDA:23,8,0,2
BRDA:26,9,0,8
BRDA:30,10,0,4
BRDA:31,11,0,4
BRDA:48,12,0,5
BRDA:51,13,0,4
BRF:14
BRH:12
end_of_record
TN:
SF:src\features\todo\graphql\mutations\share\accept-invitation\graphql-types\input.ts
FN:1,Object.<anonymous>
FN:4,Object.<anonymous>.__decorate
FNF:2
FNH:2
FNDA:2,Object.<anonymous>
FNDA:6,Object.<anonymous>.__decorate
DA:1,2
DA:2,2
DA:3,2
DA:4,6
DA:5,6
DA:6,6
DA:7,6
DA:8,6
DA:9,6
DA:10,6
DA:11,6
DA:12,6
DA:13,6
DA:14,6
DA:15,6
DA:16,0
DA:17,0
DA:18,0
DA:19,0
LF:19
LH:15
BRDA:1,0,0,2
BRDA:1,1,0,2
BRDA:4,2,0,6
BRDA:9,3,0,2
BRDA:9,4,0,4
BRDA:9,5,0,0
BRDA:16,6,0,0
BRF:7
BRH:5
end_of_record
TN:
SF:src\features\todo\graphql\mutations\share\accept-invitation\graphql-types\response.ts
FN:1,Object.<anonymous>
FN:4,Object.<anonymous>.__decorate
FNF:2
FNH:2
FNDA:2,Object.<anonymous>
FNDA:8,Object.<anonymous>.__decorate
DA:1,2
DA:2,2
DA:3,2
DA:4,8
DA:5,8
DA:6,8
DA:7,8
DA:8,0
DA:9,6
DA:10,6
DA:11,8
DA:12,8
DA:13,8
DA:14,8
DA:15,8
DA:16,8
DA:17,8
DA:18,8
DA:19,0
DA:20,0
DA:21,0
DA:22,0
LF:22
LH:17
BRDA:1,0,0,2
BRDA:1,1,0,2
BRDA:4,2,0,8
BRDA:7,3,0,2
BRDA:7,4,0,6
BRDA:7,5,0,0
BRDA:18,6,0,0
BRF:7
BRH:5
end_of_record
TN:
SF:src\features\todo\graphql\mutations\share\invite\invite.module-definition.ts
FN:1,Object.<anonymous>
FNF:1
FNH:1
FNDA:1,Object.<anonymous>
DA:1,1
DA:2,1
DA:3,1
DA:4,1
DA:5,1
DA:6,1
DA:7,1
DA:8,1
DA:9,1
DA:10,1
DA:11,1
DA:12,1
LF:12
LH:12
BRDA:1,0,0,1
BRDA:1,1,0,1
BRDA:10,2,0,1
BRF:3
BRH:3
end_of_record
TN:
SF:src\features\todo\graphql\mutations\share\invite\invite.module.ts
FN:1,Object.<anonymous>
FN:5,Object.<anonymous>.__decorate
FNF:2
FNH:2
FNDA:1,Object.<anonymous>
FNDA:1,Object.<anonymous>.__decorate
DA:1,1
DA:2,1
DA:3,1
DA:4,1
DA:5,1
DA:6,1
DA:7,1
DA:8,1
DA:9,1
DA:10,0
DA:11,0
DA:12,0
DA:13,0
DA:14,1
DA:15,1
DA:16,0
DA:17,0
DA:18,0
DA:19,0
DA:20,1
DA:21,1
LF:21
LH:13
BRDA:1,0,0,1
BRDA:1,1,0,1
BRDA:5,2,0,1
BRDA:9,3,0,0
BRDA:15,4,0,0
BRDA:20,5,0,0
BRDA:20,6,0,0
BRF:7
BRH:3
end_of_record
TN:
SF:src\features\todo\graphql\mutations\share\invite\invite.resolver.ts
FN:1,Object.<anonymous>
FN:3,Object.<anonymous>.__decorate
FN:28,Object.<anonymous>.__metadata
FN:30,Object.<anonymous>.__param
FN:54,InviteResolver
FN:58,invite
FNF:6
FNH:6
FNDA:2,Object.<anonymous>
FNDA:4,Object.<anonymous>.__decorate
FNDA:8,Object.<anonymous>.__metadata
FNDA:4,Object.<anonymous>.__param
FNDA:5,InviteResolver
FNDA:4,invite
DA:1,2
DA:2,2
DA:3,2
DA:4,4
DA:5,4
DA:6,4
DA:7,4
DA:8,4
DA:9,4
DA:10,2
DA:11,4
DA:12,4
DA:13,4
DA:14,4
DA:15,4
DA:16,4
DA:17,0
DA:18,0
DA:19,0
DA:20,0
DA:21,0
DA:22,0
DA:23,4
DA:24,4
DA:25,4
DA:26,4
DA:27,4
DA:28,2
DA:29,2
DA:30,2
DA:31,4
DA:32,2
DA:33,2
DA:34,2
DA:35,2
DA:36,2
DA:37,2
DA:38,2
DA:39,2
DA:40,2
DA:41,2
DA:42,2
DA:43,2
DA:44,2
DA:45,2
DA:46,2
DA:47,2
DA:48,2
DA:49,2
DA:50,2
DA:51,2
DA:52,2
DA:53,2
DA:54,5
DA:55,5
DA:56,5
DA:57,2
DA:58,2
DA:59,4
DA:60,4
LF:60
LH:54
BRDA:1,0,0,2
BRDA:1,1,0,2
BRDA:3,2,0,4
BRDA:8,3,0,2
BRDA:9,4,0,2
BRDA:11,5,0,0
BRDA:16,6,0,0
BRDA:25,7,0,2
BRDA:25,8,0,2
BRDA:28,9,0,8
BRDA:30,10,0,4
BRDA:30,11,0,4
BRDA:54,12,0,5
BRDA:58,13,0,4
BRF:14
BRH:12
end_of_record
TN:
SF:src\features\todo\graphql\mutations\share\invite\graphql-types\input.ts
FN:1,Object.<anonymous>
FN:4,Object.<anonymous>.__decorate
FN:22,Object.<anonymous>.__metadata
FNF:3
FNH:3
FNDA:2,Object.<anonymous>
FNDA:8,Object.<anonymous>.__decorate
FNDA:6,Object.<anonymous>.__metadata
DA:1,2
DA:2,2
DA:3,2
DA:4,8
DA:5,8
DA:6,8
DA:7,8
DA:8,8
DA:9,8
DA:10,8
DA:11,8
DA:12,8
DA:13,8
DA:14,8
DA:15,8
DA:16,8
DA:17,8
DA:18,8
DA:19,0
DA:20,0
DA:21,8
DA:22,2
DA:23,6
DA:24,6
DA:25,6
DA:26,6
DA:27,6
LF:27
LH:25
BRDA:1,0,0,2
BRDA:1,1,0,2
BRDA:4,2,0,8
BRDA:9,3,0,2
BRDA:9,4,0,6
BRDA:9,5,0,0
BRDA:19,6,0,0
BRDA:21,7,0,6
BRDA:21,8,0,0
BRDA:22,9,0,6
BRF:10
BRH:7
end_of_record
TN:
SF:src\features\todo\graphql\mutations\share\invite\graphql-types\response.ts
FN:1,Object.<anonymous>
FN:4,Object.<anonymous>.__decorate
FNF:2
FNH:2
FNDA:2,Object.<anonymous>
FNDA:12,Object.<anonymous>.__decorate
DA:1,2
DA:2,2
DA:3,2
DA:4,12
DA:5,12
DA:6,12
DA:7,12
DA:8,0
DA:9,10
DA:10,10
DA:11,12
DA:12,12
DA:13,12
DA:14,12
DA:15,12
DA:16,12
DA:17,12
DA:18,12
DA:19,12
DA:20,12
DA:21,12
DA:22,0
DA:23,0
DA:24,0
DA:25,12
DA:26,12
DA:27,12
DA:28,2
DA:29,2
DA:30,2
LF:30
LH:26
BRDA:1,0,0,2
BRDA:1,1,0,2
BRDA:4,2,0,12
BRDA:6,3,0,2
BRDA:7,4,0,10
BRDA:7,5,0,0
BRDA:21,6,0,0
BRDA:26,7,0,10
BRDA:26,8,0,0
BRF:9
BRH:6
end_of_record
TN:
SF:src\features\todo\graphql\mutations\share\revoke-collaborator\revoke-collaborator.module-definition.ts
FN:1,Object.<anonymous>
FNF:1
FNH:1
FNDA:1,Object.<anonymous>
DA:1,1
DA:2,1
DA:3,1
DA:4,1
DA:5,1
DA:6,1
DA:7,1
DA:8,1
DA:9,1
DA:10,1
DA:11,1
DA:12,1
LF:12
LH:12
BRDA:1,0,0,1
BRDA:1,1,0,1
BRDA:10,2,0,1
BRF:3
BRH:3
end_of_record
TN:
SF:src\features\todo\graphql\mutations\share\revoke-collaborator\revoke-collaborator.module.ts
FN:1,Object.<anonymous>
FN:5,Object.<anonymous>.__decorate
FNF:2
FNH:2
FNDA:1,Object.<anonymous>
FNDA:1,Object.<anonymous>.__decorate
DA:1,1
DA:2,1
DA:3,1
DA:4,1
DA:5,1
DA:6,1
DA:7,1
DA:8,1
DA:9,1
DA:10,0
DA:11,0
DA:12,1
DA:13,1
DA:14,1
DA:15,1
DA:16,1
DA:17,1
DA:18,1
DA:19,1
LF:19
LH:17
BRDA:1,0,0,1
BRDA:1,1,0,1
BRDA:5,2,0,1
BRDA:9,3,0,0
BRDA:18,4,0,0
BRDA:19,5,0,0
BRDA:19,6,0,0
BRF:7
BRH:3
end_of_record
TN:
SF:src\features\todo\graphql\mutations\share\revoke-collaborator\revoke-collaborator.resolver.ts
FN:1,Object.<anonymous>
FN:3,Object.<anonymous>.__decorate
FN:26,Object.<anonymous>.__metadata
FN:29,Object.<anonymous>.__param
FN:47,RevokeCollaboratorResolver
FN:51,revokeCollaborator
FNF:6
FNH:6
FNDA:2,Object.<anonymous>
FNDA:4,Object.<anonymous>.__decorate
FNDA:8,Object.<anonymous>.__metadata
FNDA:4,Object.<anonymous>.__param
FNDA:5,RevokeCollaboratorResolver
FNDA:4,revokeCollaborator
DA:1,2
DA:2,2
DA:3,2
DA:4,4
DA:5,4
DA:6,4
DA:7,4
DA:8,4
DA:9,2
DA:10,4
DA:11,4
DA:12,4
DA:13,4
DA:14,4
DA:15,4
DA:16,0
DA:17,0
DA:18,0
DA:19,0
DA:20,0
DA:21,4
DA:22,4
DA:23,4
DA:24,2
DA:25,2
DA:26,2
DA:27,8
DA:28,8
DA:29,2
DA:30,4
DA:31,4
DA:32,2
DA:33,2
DA:34,2
DA:35,2
DA:36,2
DA:37,2
DA:38,2
DA:39,2
DA:40,2
DA:41,2
DA:42,2
DA:43,2
DA:44,2
DA:45,2
DA:46,2
DA:47,2
DA:48,5
DA:49,5
DA:50,5
DA:51,2
DA:52,4
DA:53,4
DA:54,4
LF:54
LH:49
BRDA:1,0,0,2
BRDA:1,1,0,2
BRDA:3,2,0,4
BRDA:8,3,0,2
BRDA:8,4,0,2
BRDA:10,5,0,0
BRDA:16,6,0,0
BRDA:22,7,0,2
BRDA:22,8,0,2
BRDA:26,9,0,8
BRDA:29,10,0,4
BRDA:30,11,0,4
BRDA:47,12,0,5
BRDA:51,13,0,4
BRF:14
BRH:12
end_of_record
TN:
SF:src\features\todo\graphql\mutations\share\revoke-collaborator\graphql-types\input.ts
FN:1,Object.<anonymous>
FN:4,Object.<anonymous>.__decorate
FNF:2
FNH:2
FNDA:2,Object.<anonymous>
FNDA:4,Object.<anonymous>.__decorate
DA:1,2
DA:2,2
DA:3,2
DA:4,4
DA:5,4
DA:6,4
DA:7,4
DA:8,4
DA:9,4
DA:10,4
DA:11,4
DA:12,4
DA:13,4
DA:14,4
LF:14
LH:14
BRDA:1,0,0,2
BRDA:1,1,0,2
BRDA:4,2,0,4
BRDA:9,3,0,2
BRDA:9,4,0,2
BRDA:9,5,0,0
BRF:6
BRH:5
end_of_record
TN:
SF:src\features\todo\graphql\mutations\share\revoke-collaborator\graphql-types\response.ts
FN:1,Object.<anonymous>
FN:4,Object.<anonymous>.__decorate
FNF:2
FNH:2
FNDA:2,Object.<anonymous>
FNDA:6,Object.<anonymous>.__decorate
DA:1,2
DA:2,2
DA:3,2
DA:4,6
DA:5,6
DA:6,6
DA:7,6
DA:8,0
DA:9,4
DA:10,4
DA:11,6
DA:12,6
DA:13,6
DA:14,6
DA:15,6
DA:16,6
DA:17,0
DA:18,0
LF:18
LH:15
BRDA:1,0,0,2
BRDA:1,1,0,2
BRDA:4,2,0,6
BRDA:7,3,0,2
BRDA:7,4,0,4
BRDA:7,5,0,0
BRDA:16,6,0,0
BRF:7
BRH:5
end_of_record
TN:
SF:src\features\todo\graphql\mutations\task\complete-task\complete-task.module-definition.ts
FN:1,Object.<anonymous>
FNF:1
FNH:1
FNDA:1,Object.<anonymous>
DA:1,1
DA:2,1
DA:3,1
DA:4,1
DA:5,1
DA:6,1
DA:7,1
DA:8,1
DA:9,1
DA:10,1
DA:11,1
DA:12,1
LF:12
LH:12
BRDA:1,0,0,1
BRDA:1,1,0,1
BRDA:10,2,0,1
BRF:3
BRH:3
end_of_record
TN:
SF:src\features\todo\graphql\mutations\task\complete-task\complete-task.module.ts
FN:1,Object.<anonymous>
FN:5,Object.<anonymous>.__decorate
FNF:2
FNH:2
FNDA:1,Object.<anonymous>
FNDA:1,Object.<anonymous>.__decorate
DA:1,1
DA:2,1
DA:3,1
DA:4,1
DA:5,1
DA:6,1
DA:7,1
DA:8,1
DA:9,1
DA:10,0
DA:11,0
DA:12,1
DA:13,1
DA:14,1
DA:15,1
DA:16,0
DA:17,0
DA:18,0
DA:19,0
DA:20,1
DA:21,1
LF:21
LH:15
BRDA:1,0,0,1
BRDA:1,1,0,1
BRDA:5,2,0,1
BRDA:9,3,0,0
BRDA:15,4,0,0
BRDA:20,5,0,0
BRDA:20,6,0,0
BRF:7
BRH:3
end_of_record
TN:
SF:src\features\todo\graphql\mutations\task\complete-task\complete-task.resolver.ts
FN:1,Object.<anonymous>
FN:3,Object.<anonymous>.__decorate
FN:26,Object.<anonymous>.__metadata
FN:30,Object.<anonymous>.__param
FN:51,CompleteTaskResolver
FNF:5
FNH:5
FNDA:2,Object.<anonymous>
FNDA:4,Object.<anonymous>.__decorate
FNDA:8,Object.<anonymous>.__metadata
FNDA:4,Object.<anonymous>.__param
FNDA:5,CompleteTaskResolver
DA:1,2
DA:2,2
DA:3,2
DA:4,4
DA:5,4
DA:6,4
DA:7,4
DA:8,4
DA:9,2
DA:10,2
DA:11,4
DA:12,4
DA:13,4
DA:14,4
DA:15,4
DA:16,4
DA:17,0
DA:18,0
DA:19,0
DA:20,0
DA:21,0
DA:22,4
DA:23,4
DA:24,2
DA:25,2
DA:26,2
DA:27,8
DA:28,8
DA:29,2
DA:30,2
DA:31,4
DA:32,4
DA:33,4
DA:34,4
DA:35,2
DA:36,2
DA:37,2
DA:38,2
DA:39,2
DA:40,2
DA:41,2
DA:42,2
DA:43,2
DA:44,2
DA:45,2
DA:46,2
DA:47,2
DA:48,2
DA:49,2
DA:50,2
DA:51,2
DA:52,5
DA:53,5
DA:54,5
LF:54
LH:49
BRDA:1,0,0,2
BRDA:1,1,0,2
BRDA:3,2,0,4
BRDA:8,3,0,2
BRDA:8,4,0,2
BRDA:10,5,0,0
BRDA:16,6,0,0
BRDA:23,7,0,2
BRDA:23,8,0,2
BRDA:26,9,0,8
BRDA:30,10,0,4
BRDA:33,11,0,4
BRDA:51,12,0,5
BRF:13
BRH:11
end_of_record
TN:
SF:src\features\todo\graphql\mutations\task\complete-task\graphql-types\response.ts
FN:1,Object.<anonymous>
FN:4,Object.<anonymous>.__decorate
FNF:2
FNH:2
FNDA:2,Object.<anonymous>
FNDA:6,Object.<anonymous>.__decorate
DA:1,2
DA:2,2
DA:3,2
DA:4,6
DA:5,6
DA:6,6
DA:7,6
DA:8,0
DA:9,4
DA:10,4
DA:11,6
DA:12,6
DA:13,6
DA:14,6
DA:15,6
DA:16,6
DA:17,0
DA:18,0
LF:18
LH:15
BRDA:1,0,0,2
BRDA:1,1,0,2
BRDA:4,2,0,6
BRDA:6,3,0,2
BRDA:7,4,0,4
BRDA:7,5,0,0
BRDA:16,6,0,0
BRF:7
BRH:5
end_of_record
TN:
SF:src\features\todo\graphql\mutations\task\create-task\create-task.module-definition.ts
FN:1,Object.<anonymous>
FNF:1
FNH:1
FNDA:1,Object.<anonymous>
DA:1,1
DA:2,1
DA:3,1
DA:4,1
DA:5,1
DA:6,1
DA:7,1
DA:8,1
DA:9,1
DA:10,1
DA:11,1
DA:12,1
LF:12
LH:12
BRDA:1,0,0,1
BRDA:1,1,0,1
BRDA:10,2,0,1
BRF:3
BRH:3
end_of_record
TN:
SF:src\features\todo\graphql\mutations\task\create-task\create-task.module.ts
FN:1,Object.<anonymous>
FN:5,Object.<anonymous>.__decorate
FNF:2
FNH:2
FNDA:1,Object.<anonymous>
FNDA:1,Object.<anonymous>.__decorate
DA:1,1
DA:2,1
DA:3,1
DA:4,1
DA:5,1
DA:6,1
DA:7,1
DA:8,1
DA:9,1
DA:10,0
DA:11,0
DA:12,1
DA:13,1
DA:14,1
DA:15,1
DA:16,1
DA:17,1
DA:18,1
DA:19,1
DA:20,1
DA:21,1
DA:22,1
DA:23,1
DA:24,1
DA:25,1
DA:26,1
DA:27,1
DA:28,1
DA:29,1
LF:29
LH:27
BRDA:1,0,0,1
BRDA:1,1,0,1
BRDA:5,2,0,1
BRDA:9,3,0,0
BRDA:16,4,0,0
BRDA:17,5,0,0
BRDA:17,6,0,0
BRF:7
BRH:3
end_of_record
TN:
SF:src\features\todo\graphql\mutations\task\create-task\create-task.resolver.ts
FN:1,Object.<anonymous>
FN:3,Object.<anonymous>.__decorate
FN:29,Object.<anonymous>.__metadata
FN:32,Object.<anonymous>.__param
FN:51,CreateTaskResolver
FNF:5
FNH:5
FNDA:2,Object.<anonymous>
FNDA:4,Object.<anonymous>.__decorate
FNDA:8,Object.<anonymous>.__metadata
FNDA:4,Object.<anonymous>.__param
FNDA:5,CreateTaskResolver
DA:1,2
DA:2,2
DA:3,2
DA:4,4
DA:5,4
DA:6,4
DA:7,4
DA:8,4
DA:9,2
DA:10,2
DA:11,4
DA:12,4
DA:13,4
DA:14,4
DA:15,4
DA:16,4
DA:17,0
DA:18,0
DA:19,0
DA:20,0
DA:21,0
DA:22,0
DA:23,4
DA:24,2
DA:25,2
DA:26,2
DA:27,2
DA:28,2
DA:29,2
DA:30,2
DA:31,2
DA:32,2
DA:33,4
DA:34,4
DA:35,4
DA:36,2
DA:37,2
DA:38,2
DA:39,2
DA:40,2
DA:41,2
DA:42,2
DA:43,2
DA:44,2
DA:45,2
DA:46,2
DA:47,2
DA:48,2
DA:49,2
DA:50,2
DA:51,2
DA:52,5
DA:53,5
DA:54,5
LF:54
LH:48
BRDA:1,0,0,2
BRDA:1,1,0,2
BRDA:3,2,0,4
BRDA:8,3,0,2
BRDA:9,4,0,2
BRDA:11,5,0,0
BRDA:16,6,0,0
BRDA:23,7,0,2
BRDA:24,8,0,2
BRDA:29,9,0,8
BRDA:32,10,0,4
BRDA:33,11,0,4
BRDA:51,12,0,5
BRF:13
BRH:11
end_of_record
TN:
SF:src\features\todo\graphql\mutations\task\create-task\graphql-types\input.ts
FN:1,Object.<anonymous>
FN:4,Object.<anonymous>.__decorate
FNF:2
FNH:2
FNDA:2,Object.<anonymous>
FNDA:4,Object.<anonymous>.__decorate
DA:1,2
DA:2,2
DA:3,2
DA:4,2
DA:5,4
DA:6,4
DA:7,4
DA:8,4
DA:9,4
DA:10,4
DA:11,4
DA:12,4
DA:13,4
DA:14,4
DA:15,4
LF:15
LH:15
BRDA:1,0,0,2
BRDA:1,1,0,2
BRDA:4,2,0,4
BRDA:9,3,0,2
BRDA:9,4,0,2
BRDA:9,5,0,0
BRF:6
BRH:5
end_of_record
TN:
SF:src\features\todo\graphql\mutations\task\create-task\graphql-types\response.ts
FN:1,Object.<anonymous>
FN:4,Object.<anonymous>.__decorate
FNF:2
FNH:2
FNDA:2,Object.<anonymous>
FNDA:6,Object.<anonymous>.__decorate
DA:1,2
DA:2,2
DA:3,2
DA:4,6
DA:5,6
DA:6,6
DA:7,6
DA:8,0
DA:9,0
DA:10,0
DA:11,4
DA:12,6
DA:13,6
DA:14,6
DA:15,6
DA:16,6
DA:17,6
DA:18,6
LF:18
LH:15
BRDA:1,0,0,2
BRDA:1,1,0,2
BRDA:4,2,0,6
BRDA:7,3,0,2
BRDA:7,4,0,4
BRDA:7,5,0,0
BRF:6
BRH:5
end_of_record
TN:
SF:src\features\todo\graphql\mutations\task\delete-task\delete-task.module-definition.ts
FN:1,Object.<anonymous>
FNF:1
FNH:1
FNDA:1,Object.<anonymous>
DA:1,1
DA:2,1
DA:3,1
DA:4,1
DA:5,1
DA:6,1
DA:7,1
DA:8,1
DA:9,1
DA:10,1
DA:11,1
DA:12,1
LF:12
LH:12
BRDA:1,0,0,1
BRDA:1,1,0,1
BRDA:10,2,0,1
BRF:3
BRH:3
end_of_record
TN:
SF:src\features\todo\graphql\mutations\task\delete-task\delete-task.module.ts
FN:1,Object.<anonymous>
FN:5,Object.<anonymous>.__decorate
FNF:2
FNH:2
FNDA:1,Object.<anonymous>
FNDA:1,Object.<anonymous>.__decorate
DA:1,1
DA:2,1
DA:3,1
DA:4,1
DA:5,1
DA:6,1
DA:7,1
DA:8,1
DA:9,1
DA:10,0
DA:11,0
DA:12,1
DA:13,1
DA:14,1
DA:15,1
DA:16,1
DA:17,1
DA:18,1
DA:19,0
LF:19
LH:16
BRDA:1,0,0,1
BRDA:1,1,0,1
BRDA:5,2,0,1
BRDA:9,3,0,0
BRDA:18,4,0,0
BRF:5
BRH:3
end_of_record
TN:
SF:src\features\todo\graphql\mutations\task\delete-task\delete-task.resolver.ts
FN:1,Object.<anonymous>
FN:3,Object.<anonymous>.__decorate
FN:27,Object.<anonymous>.__metadata
FN:33,Object.<anonymous>.__param
FNF:4
FNH:4
FNDA:2,Object.<anonymous>
FNDA:4,Object.<anonymous>.__decorate
FNDA:8,Object.<anonymous>.__metadata
FNDA:4,Object.<anonymous>.__param
DA:1,2
DA:2,2
DA:3,2
DA:4,4
DA:5,4
DA:6,4
DA:7,4
DA:8,4
DA:9,2
DA:10,2
DA:11,4
DA:12,4
DA:13,4
DA:14,4
DA:15,4
DA:16,4
DA:17,0
DA:18,0
DA:19,0
DA:20,0
DA:21,0
DA:22,0
DA:23,4
DA:24,2
DA:25,2
DA:26,2
DA:27,2
DA:28,8
DA:29,8
DA:30,2
DA:31,2
DA:32,2
DA:33,2
DA:34,4
DA:35,4
DA:36,4
DA:37,2
DA:38,2
DA:39,2
DA:40,2
DA:41,2
DA:42,2
DA:43,2
DA:44,2
DA:45,2
DA:46,2
DA:47,2
DA:48,2
DA:49,2
DA:50,2
DA:51,2
DA:52,2
DA:53,2
LF:53
LH:47
BRDA:1,0,0,2
BRDA:1,1,0,2
BRDA:3,2,0,4
BRDA:8,3,0,2
BRDA:8,4,0,2
BRDA:11,5,0,0
BRDA:16,6,0,0
BRDA:23,7,0,2
BRDA:23,8,0,2
BRDA:27,9,0,8
BRDA:33,10,0,4
BRDA:35,11,0,4
BRF:12
BRH:10
end_of_record
TN:
SF:src\features\todo\graphql\mutations\task\delete-task\graphql-types\response.ts
FN:1,Object.<anonymous>
FN:5,Object.<anonymous>.__decorate
FNF:2
FNH:2
FNDA:2,Object.<anonymous>
FNDA:4,Object.<anonymous>.__decorate
DA:1,2
DA:2,2
DA:3,2
DA:4,2
DA:5,2
DA:6,4
DA:7,4
DA:8,0
DA:9,0
DA:10,0
DA:11,4
DA:12,4
DA:13,4
DA:14,4
LF:14
LH:11
BRDA:1,0,0,2
BRDA:1,1,0,2
BRDA:5,2,0,4
BRDA:7,3,0,2
BRDA:7,4,0,2
BRDA:7,5,0,0
BRF:6
BRH:5
end_of_record
TN:
SF:src\features\todo\graphql\mutations\task\reopen-task\reopen-task.module-definition.ts
FN:1,Object.<anonymous>
FNF:1
FNH:1
FNDA:1,Object.<anonymous>
DA:1,1
DA:2,1
DA:3,1
DA:4,1
DA:5,1
DA:6,1
DA:7,1
DA:8,1
DA:9,1
DA:10,1
DA:11,1
DA:12,1
LF:12
LH:12
BRDA:1,0,0,1
BRDA:1,1,0,1
BRDA:10,2,0,1
BRF:3
BRH:3
end_of_record
TN:
SF:src\features\todo\graphql\mutations\task\reopen-task\reopen-task.module.ts
FN:1,Object.<anonymous>
FN:5,Object.<anonymous>.__decorate
FNF:2
FNH:2
FNDA:1,Object.<anonymous>
FNDA:1,Object.<anonymous>.__decorate
DA:1,1
DA:2,1
DA:3,1
DA:4,1
DA:5,1
DA:6,1
DA:7,1
DA:8,1
DA:9,1
DA:10,0
DA:11,0
DA:12,1
DA:13,1
DA:14,1
DA:15,1
DA:16,1
DA:17,1
DA:18,1
DA:19,0
LF:19
LH:16
BRDA:1,0,0,1
BRDA:1,1,0,1
BRDA:5,2,0,1
BRDA:9,3,0,0
BRDA:18,4,0,0
BRF:5
BRH:3
end_of_record
TN:
SF:src\features\todo\graphql\mutations\task\reopen-task\reopen-task.resolver.ts
FN:1,Object.<anonymous>
FN:3,Object.<anonymous>.__decorate
FN:26,Object.<anonymous>.__metadata
FN:30,Object.<anonymous>.__param
FN:51,ReopenTaskResolver
FNF:5
FNH:5
FNDA:2,Object.<anonymous>
FNDA:4,Object.<anonymous>.__decorate
FNDA:8,Object.<anonymous>.__metadata
FNDA:4,Object.<anonymous>.__param
FNDA:5,ReopenTaskResolver
DA:1,2
DA:2,2
DA:3,2
DA:4,4
DA:5,4
DA:6,4
DA:7,4
DA:8,4
DA:9,2
DA:10,2
DA:11,4
DA:12,4
DA:13,4
DA:14,4
DA:15,4
DA:16,4
DA:17,0
DA:18,0
DA:19,0
DA:20,0
DA:21,0
DA:22,0
DA:23,4
DA:24,2
DA:25,2
DA:26,2
DA:27,8
DA:28,8
DA:29,8
DA:30,2
DA:31,4
DA:32,4
DA:33,4
DA:34,4
DA:35,2
DA:36,2
DA:37,2
DA:38,2
DA:39,2
DA:40,2
DA:41,2
DA:42,2
DA:43,2
DA:44,2
DA:45,2
DA:46,2
DA:47,2
DA:48,2
DA:49,2
DA:50,2
DA:51,2
DA:52,5
DA:53,5
DA:54,5
LF:54
LH:48
BRDA:1,0,0,2
BRDA:1,1,0,2
BRDA:3,2,0,4
BRDA:8,3,0,2
BRDA:8,4,0,2
BRDA:11,5,0,0
BRDA:16,6,0,0
BRDA:23,7,0,2
BRDA:23,8,0,2
BRDA:26,9,0,8
BRDA:30,10,0,4
BRDA:33,11,0,4
BRDA:51,12,0,5
BRF:13
BRH:11
end_of_record
TN:
SF:src\features\todo\graphql\mutations\task\reopen-task\graphql-types\response.ts
FN:1,Object.<anonymous>
FN:4,Object.<anonymous>.__decorate
FNF:2
FNH:2
FNDA:2,Object.<anonymous>
FNDA:6,Object.<anonymous>.__decorate
DA:1,2
DA:2,2
DA:3,2
DA:4,6
DA:5,6
DA:6,6
DA:7,6
DA:8,0
DA:9,4
DA:10,4
DA:11,6
DA:12,6
DA:13,6
DA:14,6
DA:15,6
DA:16,6
DA:17,0
DA:18,0
LF:18
LH:15
BRDA:1,0,0,2
BRDA:1,1,0,2
BRDA:4,2,0,6
BRDA:6,3,0,2
BRDA:7,4,0,4
BRDA:7,5,0,0
BRDA:16,6,0,0
BRF:7
BRH:5
end_of_record
TN:
SF:src\features\todo\graphql\queries\index.ts
FN:1,Object.<anonymous>
FNF:1
FNH:1
FNDA:1,Object.<anonymous>
DA:1,1
DA:2,1
DA:3,1
DA:4,1
DA:5,1
DA:6,1
DA:7,1
DA:8,1
DA:9,1
DA:10,1
DA:11,1
DA:12,1
DA:13,1
DA:14,1
DA:15,1
DA:16,1
DA:17,1
DA:18,1
DA:19,1
DA:20,1
DA:21,1
DA:22,1
DA:23,1
DA:24,1
DA:25,1
DA:26,1
DA:27,1
DA:28,1
DA:29,1
DA:30,1
DA:31,1
DA:32,1
DA:33,1
DA:34,1
DA:35,1
DA:36,1
DA:37,1
DA:38,1
DA:39,1
DA:40,1
DA:41,1
DA:42,1
DA:43,1
DA:44,1
DA:45,1
DA:46,1
DA:47,1
DA:48,1
LF:48
LH:48
BRDA:1,0,0,1
BRDA:1,1,0,1
BRF:2
BRH:2
end_of_record
TN:
SF:src\features\todo\graphql\queries\audit\audit-log\audit-log.module-definition.ts
FN:1,Object.<anonymous>
FNF:1
FNH:1
FNDA:1,Object.<anonymous>
DA:1,1
DA:2,1
DA:3,1
DA:4,1
DA:5,1
DA:6,1
DA:7,1
DA:8,1
DA:9,1
DA:10,1
DA:11,1
DA:12,1
LF:12
LH:12
BRDA:1,0,0,1
BRDA:1,1,0,1
BRDA:10,2,0,1
BRF:3
BRH:3
end_of_record
TN:
SF:src\features\todo\graphql\queries\audit\audit-log\audit-log.module.ts
FN:1,Object.<anonymous>
FN:5,Object.<anonymous>.__decorate
FNF:2
FNH:2
FNDA:1,Object.<anonymous>
FNDA:1,Object.<anonymous>.__decorate
DA:1,1
DA:2,1
DA:3,1
DA:4,1
DA:5,1
DA:6,1
DA:7,1
DA:8,1
DA:9,1
DA:10,0
DA:11,0
DA:12,1
DA:13,1
DA:14,1
DA:15,1
DA:16,1
DA:17,1
DA:18,1
DA:19,0
LF:19
LH:16
BRDA:1,0,0,1
BRDA:1,1,0,1
BRDA:5,2,0,1
BRDA:9,3,0,0
BRDA:18,4,0,0
BRF:5
BRH:3
end_of_record
TN:
SF:src\features\todo\graphql\queries\audit\audit-log\audit-log.resolver.ts
FN:1,Object.<anonymous>
FN:3,Object.<anonymous>.__decorate
FN:26,Object.<anonymous>.__metadata
FN:27,Object.<anonymous>.__param
FNF:4
FNH:4
FNDA:2,Object.<anonymous>
FNDA:4,Object.<anonymous>.__decorate
FNDA:8,Object.<anonymous>.__metadata
FNDA:2,Object.<anonymous>.__param
DA:1,2
DA:2,2
DA:3,2
DA:4,4
DA:5,4
DA:6,4
DA:7,4
DA:8,4
DA:9,4
DA:10,2
DA:11,2
DA:12,4
DA:13,4
DA:14,4
DA:15,4
DA:16,4
DA:17,4
DA:18,4
DA:19,0
DA:20,0
DA:21,0
DA:22,0
DA:23,4
DA:24,4
DA:25,2
DA:26,2
DA:27,2
DA:28,2
DA:29,2
DA:30,2
DA:31,2
DA:32,2
DA:33,2
DA:34,2
DA:35,2
DA:36,2
DA:37,2
DA:38,2
DA:39,2
DA:40,2
DA:41,2
DA:42,2
DA:43,2
DA:44,2
DA:45,2
DA:46,2
DA:47,2
DA:48,2
DA:49,2
DA:50,2
DA:51,2
DA:52,2
DA:53,2
DA:54,2
DA:55,2
DA:56,2
LF:56
LH:52
BRDA:1,0,0,2
BRDA:1,1,0,2
BRDA:3,2,0,4
BRDA:9,3,0,2
BRDA:9,4,0,2
BRDA:11,5,0,0
BRDA:18,6,0,0
BRDA:25,7,0,2
BRDA:25,8,0,2
BRDA:26,9,0,8
BRDA:27,10,0,2
BRDA:28,11,0,2
BRF:12
BRH:10
end_of_record
TN:
SF:src\features\todo\graphql\queries\audit\audit-log\graphql-types\response.ts
FN:1,Object.<anonymous>
FN:5,Object.<anonymous>.__decorate
FNF:2
FNH:2
FNDA:2,Object.<anonymous>
FNDA:8,Object.<anonymous>.__decorate
DA:1,2
DA:2,2
DA:3,2
DA:4,2
DA:5,2
DA:6,8
DA:7,6
DA:8,0
DA:9,8
DA:10,8
DA:11,8
DA:12,8
DA:13,8
DA:14,8
DA:15,8
DA:16,8
DA:17,8
DA:18,8
DA:19,0
DA:20,0
DA:21,0
DA:22,0
DA:23,0
DA:24,0
DA:25,0
LF:25
LH:17
BRDA:1,0,0,2
BRDA:1,1,0,2
BRDA:5,2,0,8
BRDA:6,3,0,2
BRDA:6,4,0,6
BRDA:7,5,0,0
BRDA:18,6,0,0
BRF:7
BRH:5
end_of_record
TN:
SF:src\features\todo\graphql\queries\audit\export-my-data\export-my-data.module-definition.ts
FN:1,Object.<anonymous>
FNF:1
FNH:1
FNDA:1,Object.<anonymous>
DA:1,1
DA:2,1
DA:3,1
DA:4,1
DA:5,1
DA:6,1
DA:7,1
DA:8,1
DA:9,1
DA:10,1
DA:11,1
DA:12,1
LF:12
LH:12
BRDA:1,0,0,1
BRDA:1,1,0,1
BRDA:10,2,0,1
BRF:3
BRH:3
end_of_record
TN:
SF:src\features\todo\graphql\queries\audit\export-my-data\export-my-data.module.ts
FN:1,Object.<anonymous>
FN:5,Object.<anonymous>.__decorate
FNF:2
FNH:2
FNDA:1,Object.<anonymous>
FNDA:1,Object.<anonymous>.__decorate
DA:1,1
DA:2,1
DA:3,1
DA:4,1
DA:5,1
DA:6,1
DA:7,1
DA:8,1
DA:9,1
DA:10,0
DA:11,0
DA:12,1
DA:13,1
DA:14,1
DA:15,1
DA:16,1
DA:17,1
DA:18,1
DA:19,1
LF:19
LH:17
BRDA:1,0,0,1
BRDA:1,1,0,1
BRDA:5,2,0,1
BRDA:9,3,0,0
BRDA:18,4,0,0
BRF:5
BRH:3
end_of_record
TN:
SF:src\features\todo\graphql\queries\audit\export-my-data\export-my-data.resolver.ts
FN:1,Object.<anonymous>
FN:3,Object.<anonymous>.__decorate
FN:25,Object.<anonymous>.__metadata
FN:28,Object.<anonymous>.__param
FN:46,ExportMyDataResolver
FNF:5
FNH:5
FNDA:2,Object.<anonymous>
FNDA:4,Object.<anonymous>.__decorate
FNDA:8,Object.<anonymous>.__metadata
FNDA:2,Object.<anonymous>.__param
FNDA:6,ExportMyDataResolver
DA:1,2
DA:2,2
DA:3,2
DA:4,4
DA:5,4
DA:6,4
DA:7,4
DA:8,4
DA:9,4
DA:10,2
DA:11,4
DA:12,4
DA:13,4
DA:14,4
DA:15,4
DA:16,4
DA:17,0
DA:18,0
DA:19,0
DA:20,0
DA:21,0
DA:22,0
DA:23,4
DA:24,2
DA:25,2
DA:26,8
DA:27,2
DA:28,2
DA:29,2
DA:30,2
DA:31,2
DA:32,2
DA:33,2
DA:34,2
DA:35,2
DA:36,2
DA:37,2
DA:38,2
DA:39,2
DA:40,2
DA:41,2
DA:42,2
DA:43,2
DA:44,2
DA:45,2
DA:46,2
DA:47,6
DA:48,6
DA:49,6
DA:50,6
LF:50
LH:44
BRDA:1,0,0,2
BRDA:1,1,0,2
BRDA:3,2,0,4
BRDA:9,3,0,2
BRDA:9,4,0,2
BRDA:11,5,0,0
BRDA:16,6,0,0
BRDA:23,7,0,2
BRDA:24,8,0,2
BRDA:25,9,0,8
BRDA:28,10,0,2
BRDA:30,11,0,2
BRDA:46,12,0,6
BRF:13
BRH:11
end_of_record
TN:
SF:src\features\todo\graphql\queries\audit\export-my-data\graphql-types\response.ts
FN:1,Object.<anonymous>
FN:5,Object.<anonymous>.__decorate
FNF:2
FNH:2
FNDA:2,Object.<anonymous>
FNDA:8,Object.<anonymous>.__decorate
DA:1,2
DA:2,2
DA:3,2
DA:4,2
DA:5,2
DA:6,8
DA:7,6
DA:8,0
DA:9,8
DA:10,8
DA:11,8
DA:12,8
DA:13,8
DA:14,8
DA:15,8
DA:16,8
DA:17,8
DA:18,8
DA:19,8
DA:20,8
DA:21,0
DA:22,0
DA:23,0
DA:24,0
DA:25,0
LF:25
LH:19
BRDA:1,0,0,2
BRDA:1,1,0,2
BRDA:5,2,0,8
BRDA:6,3,0,2
BRDA:6,4,0,6
BRDA:7,5,0,0
BRDA:20,6,0,0
BRF:7
BRH:5
end_of_record
TN:
SF:src\features\todo\graphql\queries\notify\notification-preferences\notification-preferences.module-definition.ts
FN:1,Object.<anonymous>
FNF:1
FNH:1
FNDA:1,Object.<anonymous>
DA:1,1
DA:2,1
DA:3,1
DA:4,1
DA:5,1
DA:6,1
DA:7,1
DA:8,1
DA:9,1
DA:10,1
DA:11,1
DA:12,1
LF:12
LH:12
BRDA:1,0,0,1
BRDA:1,1,0,1
BRDA:10,2,0,1
BRF:3
BRH:3
end_of_record
TN:
SF:src\features\todo\graphql\queries\notify\notification-preferences\notification-preferences.module.ts
FN:1,Object.<anonymous>
FN:5,Object.<anonymous>.__decorate
FNF:2
FNH:2
FNDA:1,Object.<anonymous>
FNDA:1,Object.<anonymous>.__decorate
DA:1,1
DA:2,1
DA:3,1
DA:4,1
DA:5,1
DA:6,1
DA:7,1
DA:8,1
DA:9,1
DA:10,0
DA:11,1
DA:12,1
DA:13,1
DA:14,1
DA:15,1
DA:16,1
DA:17,1
DA:18,0
DA:19,1
LF:19
LH:17
BRDA:1,0,0,1
BRDA:1,1,0,1
BRDA:5,2,0,1
BRDA:9,3,0,0
BRDA:17,4,0,0
BRDA:19,5,0,0
BRDA:19,6,0,0
BRF:7
BRH:3
end_of_record
TN:
SF:src\features\todo\graphql\queries\notify\notification-preferences\notification-preferences.resolver.ts
FN:1,Object.<anonymous>
FN:3,Object.<anonymous>.__decorate
FN:25,Object.<anonymous>.__metadata
FN:28,Object.<anonymous>.__param
FN:48,NotificationPreferencesResolver
FN:51,notificationPreferences
FNF:6
FNH:6
FNDA:2,Object.<anonymous>
FNDA:4,Object.<anonymous>.__decorate
FNDA:8,Object.<anonymous>.__metadata
FNDA:4,Object.<anonymous>.__param
FNDA:7,NotificationPreferencesResolver
FNDA:6,notificationPreferences
DA:1,2
DA:2,2
DA:3,2
DA:4,4
DA:5,4
DA:6,4
DA:7,4
DA:8,4
DA:9,2
DA:10,4
DA:11,4
DA:12,4
DA:13,4
DA:14,4
DA:15,4
DA:16,0
DA:17,0
DA:18,0
DA:19,0
DA:20,4
DA:21,4
DA:22,4
DA:23,2
DA:24,2
DA:25,2
DA:26,8
DA:27,2
DA:28,2
DA:29,2
DA:30,2
DA:31,2
DA:32,2
DA:33,2
DA:34,2
DA:35,2
DA:36,2
DA:37,2
DA:38,2
DA:39,2
DA:40,2
DA:41,2
DA:42,2
DA:43,2
DA:44,2
DA:45,2
DA:46,2
DA:47,2
DA:48,2
DA:49,7
DA:50,7
DA:51,2
DA:52,6
DA:53,6
DA:54,6
DA:55,6
DA:56,4
DA:57,4
LF:57
LH:53
BRDA:1,0,0,2
BRDA:1,1,0,2
BRDA:3,2,0,4
BRDA:8,3,0,2
BRDA:8,4,0,2
BRDA:9,5,0,0
BRDA:15,6,0,0
BRDA:22,7,0,2
BRDA:22,8,0,2
BRDA:25,9,0,8
BRDA:28,10,0,4
BRDA:28,11,0,4
BRDA:48,12,0,7
BRDA:51,13,0,6
BRDA:55,14,0,4
BRF:15
BRH:13
end_of_record
TN:
SF:src\features\todo\graphql\queries\notify\notification-preferences\graphql-types\response.ts
FN:1,Object.<anonymous>
FN:3,Object.<anonymous>.__decorate
FNF:2
FNH:2
FNDA:2,Object.<anonymous>
FNDA:8,Object.<anonymous>.__decorate
DA:1,2
DA:2,2
DA:3,2
DA:4,8
DA:5,8
DA:6,8
DA:7,6
DA:8,0
DA:9,8
DA:10,8
DA:11,8
DA:12,8
DA:13,8
DA:14,8
DA:15,8
DA:16,8
DA:17,8
DA:18,8
DA:19,0
DA:20,0
DA:21,0
DA:22,8
DA:23,2
DA:24,2
DA:25,2
LF:25
LH:21
BRDA:1,0,0,2
BRDA:1,1,0,2
BRDA:3,2,0,8
BRDA:6,3,0,2
BRDA:6,4,0,6
BRDA:7,5,0,0
BRDA:18,6,0,0
BRDA:22,7,0,6
BRDA:22,8,0,0
BRF:9
BRH:6
end_of_record
TN:
SF:src\features\todo\graphql\queries\plan\plan-usage\plan-usage.module-definition.ts
FN:1,Object.<anonymous>
FNF:1
FNH:1
FNDA:1,Object.<anonymous>
DA:1,1
DA:2,1
DA:3,1
DA:4,1
DA:5,1
DA:6,1
DA:7,1
DA:8,1
DA:9,1
DA:10,1
DA:11,1
DA:12,1
LF:12
LH:12
BRDA:1,0,0,1
BRDA:1,1,0,1
BRDA:10,2,0,1
BRF:3
BRH:3
end_of_record
TN:
SF:src\features\todo\graphql\queries\plan\plan-usage\plan-usage.module.ts
FN:1,Object.<anonymous>
FN:5,Object.<anonymous>.__decorate
FNF:2
FNH:2
FNDA:1,Object.<anonymous>
FNDA:1,Object.<anonymous>.__decorate
DA:1,1
DA:2,1
DA:3,1
DA:4,1
DA:5,1
DA:6,1
DA:7,1
DA:8,1
DA:9,1
DA:10,0
DA:11,0
DA:12,1
DA:13,1
DA:14,1
DA:15,1
DA:16,1
DA:17,1
DA:18,1
DA:19,1
DA:20,1
DA:21,1
DA:22,1
DA:23,1
DA:24,1
LF:24
LH:22
BRDA:1,0,0,1
BRDA:1,1,0,1
BRDA:5,2,0,1
BRDA:9,3,0,0
BRDA:15,4,0,0
BRDA:17,5,0,0
BRDA:17,6,0,0
BRF:7
BRH:3
end_of_record
TN:
SF:src\features\todo\graphql\queries\plan\plan-usage\plan-usage.resolver.ts
FN:1,Object.<anonymous>
FN:3,Object.<anonymous>.__decorate
FN:26,Object.<anonymous>.__metadata
FN:28,Object.<anonymous>.__param
FNF:4
FNH:4
FNDA:2,Object.<anonymous>
FNDA:4,Object.<anonymous>.__decorate
FNDA:8,Object.<anonymous>.__metadata
FNDA:2,Object.<anonymous>.__param
DA:1,2
DA:2,2
DA:3,2
DA:4,4
DA:5,4
DA:6,4
DA:7,4
DA:8,4
DA:9,4
DA:10,2
DA:11,2
DA:12,4
DA:13,4
DA:14,4
DA:15,4
DA:16,4
DA:17,4
DA:18,4
DA:19,0
DA:20,0
DA:21,0
DA:22,0
DA:23,4
DA:24,4
DA:25,2
DA:26,2
DA:27,8
DA:28,2
DA:29,2
DA:30,2
DA:31,2
DA:32,2
DA:33,2
DA:34,2
DA:35,2
DA:36,2
DA:37,2
DA:38,2
DA:39,2
DA:40,2
DA:41,2
DA:42,2
DA:43,2
DA:44,2
DA:45,2
DA:46,2
DA:47,2
DA:48,2
DA:49,2
LF:49
LH:45
BRDA:1,0,0,2
BRDA:1,1,0,2
BRDA:3,2,0,4
BRDA:9,3,0,2
BRDA:9,4,0,2
BRDA:11,5,0,0
BRDA:18,6,0,0
BRDA:25,7,0,2
BRDA:25,8,0,2
BRDA:26,9,0,8
BRDA:28,10,0,2
BRDA:30,11,0,2
BRF:12
BRH:10
end_of_record
TN:
SF:src\features\todo\graphql\queries\plan\plan-usage\graphql-types\response.ts
FN:1,Object.<anonymous>
FN:3,Object.<anonymous>.__decorate
FNF:2
FNH:2
FNDA:2,Object.<anonymous>
FNDA:8,Object.<anonymous>.__decorate
DA:1,2
DA:2,2
DA:3,2
DA:4,8
DA:5,8
DA:6,8
DA:7,0
DA:8,0
DA:9,8
DA:10,8
DA:11,8
DA:12,8
DA:13,8
DA:14,8
DA:15,8
DA:16,0
DA:17,0
DA:18,0
DA:19,0
DA:20,0
DA:21,8
DA:22,8
DA:23,0
DA:24,8
DA:25,8
LF:25
LH:17
BRDA:1,0,0,2
BRDA:1,1,0,2
BRDA:3,2,0,8
BRDA:6,3,0,2
BRDA:6,4,0,6
BRDA:6,5,0,0
BRDA:15,6,0,0
BRDA:22,7,0,6
BRDA:22,8,0,0
BRF:9
BRH:6
end_of_record
TN:
SF:src\features\todo\graphql\queries\recur\upcoming-occurrences\upcoming-occurrences.module-definition.ts
FN:1,Object.<anonymous>
FNF:1
FNH:1
FNDA:1,Object.<anonymous>
DA:1,1
DA:2,1
DA:3,1
DA:4,1
DA:5,1
DA:6,1
DA:7,1
DA:8,1
DA:9,1
DA:10,1
DA:11,1
DA:12,1
LF:12
LH:12
BRDA:1,0,0,1
BRDA:1,1,0,1
BRDA:10,2,0,1
BRF:3
BRH:3
end_of_record
TN:
SF:src\features\todo\graphql\queries\recur\upcoming-occurrences\upcoming-occurrences.module.ts
FN:1,Object.<anonymous>
FN:5,Object.<anonymous>.__decorate
FNF:2
FNH:2
FNDA:1,Object.<anonymous>
FNDA:1,Object.<anonymous>.__decorate
DA:1,1
DA:2,1
DA:3,1
DA:4,1
DA:5,1
DA:6,1
DA:7,1
DA:8,1
DA:9,1
DA:10,0
DA:11,0
DA:12,1
DA:13,1
DA:14,1
DA:15,1
DA:16,1
DA:17,1
DA:18,1
DA:19,1
LF:19
LH:17
BRDA:1,0,0,1
BRDA:1,1,0,1
BRDA:5,2,0,1
BRDA:9,3,0,0
BRDA:18,4,0,0
BRDA:19,5,0,0
BRDA:19,6,0,0
BRF:7
BRH:3
end_of_record
TN:
SF:src\features\todo\graphql\queries\recur\upcoming-occurrences\upcoming-occurrences.resolver.ts
FN:1,Object.<anonymous>
FN:3,Object.<anonymous>.__decorate
FN:25,Object.<anonymous>.__metadata
FN:27,Object.<anonymous>.__param
FN:49,UpcomingOccurrencesResolver
FN:52,upcomingOccurrences
FNF:6
FNH:6
FNDA:2,Object.<anonymous>
FNDA:4,Object.<anonymous>.__decorate
FNDA:8,Object.<anonymous>.__metadata
FNDA:4,Object.<anonymous>.__param
FNDA:8,UpcomingOccurrencesResolver
FNDA:7,upcomingOccurrences
DA:1,2
DA:2,2
DA:3,2
DA:4,4
DA:5,4
DA:6,4
DA:7,4
DA:8,4
DA:9,2
DA:10,2
DA:11,4
DA:12,4
DA:13,4
DA:14,4
DA:15,4
DA:16,4
DA:17,0
DA:18,0
DA:19,0
DA:20,0
DA:21,0
DA:22,4
DA:23,2
DA:24,2
DA:25,2
DA:26,2
DA:27,2
DA:28,2
DA:29,2
DA:30,2
DA:31,2
DA:32,2
DA:33,2
DA:34,2
DA:35,2
DA:36,2
DA:37,2
DA:38,2
DA:39,2
DA:40,2
DA:41,2
DA:42,2
DA:43,2
DA:44,2
DA:45,2
DA:46,2
DA:47,2
DA:48,2
DA:49,2
DA:50,8
DA:51,2
DA:52,7
DA:53,7
DA:54,7
DA:55,7
DA:56,7
DA:57,7
DA:58,5
DA:59,7
DA:60,3
DA:61,3
DA:62,3
DA:63,3
DA:64,3
DA:65,3
LF:65
LH:60
BRDA:1,0,0,2
BRDA:1,1,0,2
BRDA:3,2,0,4
BRDA:8,3,0,2
BRDA:8,4,0,2
BRDA:10,5,0,0
BRDA:16,6,0,0
BRDA:22,7,0,2
BRDA:22,8,0,2
BRDA:25,9,0,8
BRDA:27,10,0,4
BRDA:28,11,0,4
BRDA:49,12,0,8
BRDA:52,13,0,7
BRDA:57,14,0,5
BRDA:59,15,0,3
BRDA:62,16,0,3
BRF:17
BRH:15
end_of_record
TN:
SF:src\features\todo\graphql\queries\recur\upcoming-occurrences\graphql-types\response.ts
FN:1,Object.<anonymous>
FN:4,Object.<anonymous>.__decorate
FN:29,Object.<anonymous>.__metadata
FN:40,MaterialisedOccurrenceResponse
FNF:4
FNH:4
FNDA:2,Object.<anonymous>
FNDA:18,Object.<anonymous>.__decorate
FNDA:18,Object.<anonymous>.__metadata
FNDA:5,MaterialisedOccurrenceResponse
DA:1,2
DA:2,2
DA:3,2
DA:4,18
DA:5,18
DA:6,18
DA:7,14
DA:8,18
DA:9,18
DA:10,18
DA:11,18
DA:12,18
DA:13,18
DA:14,18
DA:15,18
DA:16,18
DA:17,18
DA:18,18
DA:19,0
DA:20,0
DA:21,0
DA:22,18
DA:23,0
DA:24,2
DA:25,2
DA:26,2
DA:27,2
DA:28,2
DA:29,2
DA:30,18
DA:31,2
DA:32,2
DA:33,2
DA:34,2
DA:35,2
DA:36,2
DA:37,2
DA:38,2
DA:39,2
DA:40,2
DA:41,5
DA:42,5
DA:43,5
DA:44,5
DA:45,2
DA:46,2
DA:47,2
DA:48,2
LF:48
LH:44
BRDA:1,0,0,2
BRDA:1,1,0,2
BRDA:4,2,0,18
BRDA:6,3,0,4
BRDA:6,4,0,14
BRDA:6,5,0,0
BRDA:18,6,0,0
BRDA:22,7,0,14
BRDA:22,8,0,0
BRDA:29,9,0,18
BRDA:40,10,0,5
BRF:11
BRH:8
end_of_record
TN:
SF:src\features\todo\graphql\queries\share\collaborators\collaborators.module-definition.ts
FN:1,Object.<anonymous>
FNF:1
FNH:1
FNDA:1,Object.<anonymous>
DA:1,1
DA:2,1
DA:3,1
DA:4,1
DA:5,1
DA:6,1
DA:7,1
DA:8,1
DA:9,1
DA:10,1
DA:11,1
DA:12,1
LF:12
LH:12
BRDA:1,0,0,1
BRDA:1,1,0,1
BRDA:10,2,0,1
BRF:3
BRH:3
end_of_record
TN:
SF:src\features\todo\graphql\queries\share\collaborators\collaborators.module.ts
FN:1,Object.<anonymous>
FN:5,Object.<anonymous>.__decorate
FNF:2
FNH:2
FNDA:1,Object.<anonymous>
FNDA:1,Object.<anonymous>.__decorate
DA:1,1
DA:2,1
DA:3,1
DA:4,1
DA:5,1
DA:6,1
DA:7,1
DA:8,1
DA:9,1
DA:10,0
DA:11,0
DA:12,1
DA:13,1
DA:14,1
DA:15,1
DA:16,1
DA:17,1
DA:18,1
DA:19,1
LF:19
LH:17
BRDA:1,0,0,1
BRDA:1,1,0,1
BRDA:5,2,0,1
BRDA:9,3,0,0
BRDA:18,4,0,0
BRF:5
BRH:3
end_of_record
TN:
SF:src\features\todo\graphql\queries\share\collaborators\collaborators.resolver.ts
FN:1,Object.<anonymous>
FN:3,Object.<anonymous>.__decorate
FN:25,Object.<anonymous>.__metadata
FN:28,Object.<anonymous>.__param
FN:49,CollaboratorsResolver
FN:53,collaborators
FNF:6
FNH:6
FNDA:2,Object.<anonymous>
FNDA:4,Object.<anonymous>.__decorate
FNDA:8,Object.<anonymous>.__metadata
FNDA:4,Object.<anonymous>.__param
FNDA:8,CollaboratorsResolver
FNDA:7,collaborators
DA:1,2
DA:2,2
DA:3,2
DA:4,4
DA:5,4
DA:6,4
DA:7,4
DA:8,4
DA:9,2
DA:10,2
DA:11,4
DA:12,4
DA:13,4
DA:14,4
DA:15,4
DA:16,4
DA:17,0
DA:18,0
DA:19,0
DA:20,0
DA:21,0
DA:22,4
DA:23,4
DA:24,2
DA:25,2
DA:26,8
DA:27,8
DA:28,2
DA:29,4
DA:30,4
DA:31,2
DA:32,2
DA:33,2
DA:34,2
DA:35,2
DA:36,2
DA:37,2
DA:38,2
DA:39,2
DA:40,2
DA:41,2
DA:42,2
DA:43,2
DA:44,2
DA:45,2
DA:46,2
DA:47,2
DA:48,2
DA:49,2
DA:50,8
DA:51,8
DA:52,8
DA:53,2
DA:54,7
DA:55,7
DA:56,7
DA:57,7
DA:58,7
LF:58
LH:53
BRDA:1,0,0,2
BRDA:1,1,0,2
BRDA:3,2,0,4
BRDA:8,3,0,2
BRDA:8,4,0,2
BRDA:10,5,0,0
BRDA:16,6,0,0
BRDA:23,7,0,2
BRDA:23,8,0,2
BRDA:25,9,0,8
BRDA:28,10,0,4
BRDA:29,11,0,4
BRDA:49,12,0,8
BRDA:53,13,0,7
BRF:14
BRH:12
end_of_record
TN:
SF:src\features\todo\graphql\queries\share\collaborators\graphql-types\response.ts
FN:1,Object.<anonymous>
FN:4,Object.<anonymous>.__decorate
FNF:2
FNH:2
FNDA:2,Object.<anonymous>
FNDA:10,Object.<anonymous>.__decorate
DA:1,2
DA:2,2
DA:3,2
DA:4,10
DA:5,10
DA:6,10
DA:7,10
DA:8,0
DA:9,0
DA:10,0
DA:11,10
DA:12,10
DA:13,10
DA:14,10
DA:15,10
DA:16,10
DA:17,10
DA:18,10
DA:19,10
DA:20,10
DA:21,0
DA:22,0
DA:23,0
DA:24,0
DA:25,10
DA:26,10
LF:26
LH:19
BRDA:1,0,0,2
BRDA:1,1,0,2
BRDA:4,2,0,10
BRDA:7,3,0,2
BRDA:7,4,0,8
BRDA:7,5,0,0
BRDA:20,6,0,0
BRF:7
BRH:5
end_of_record
TN:
SF:src\features\todo\graphql\queries\task\list-tasks\list-tasks.module-definition.ts
FN:1,Object.<anonymous>
FNF:1
FNH:1
FNDA:1,Object.<anonymous>
DA:1,1
DA:2,1
DA:3,1
DA:4,1
DA:5,1
DA:6,1
DA:7,1
DA:8,1
DA:9,1
DA:10,1
DA:11,1
DA:12,1
LF:12
LH:12
BRDA:1,0,0,1
BRDA:1,1,0,1
BRDA:10,2,0,1
BRF:3
BRH:3
end_of_record
TN:
SF:src\features\todo\graphql\queries\task\list-tasks\list-tasks.module.ts
FN:1,Object.<anonymous>
FN:5,Object.<anonymous>.__decorate
FNF:2
FNH:2
FNDA:1,Object.<anonymous>
FNDA:1,Object.<anonymous>.__decorate
DA:1,1
DA:2,1
DA:3,1
DA:4,1
DA:5,1
DA:6,1
DA:7,1
DA:8,1
DA:9,1
DA:10,0
DA:11,0
DA:12,1
DA:13,1
DA:14,1
DA:15,1
DA:16,1
DA:17,1
DA:18,1
DA:19,0
LF:19
LH:16
BRDA:1,0,0,1
BRDA:1,1,0,1
BRDA:5,2,0,1
BRDA:9,3,0,0
BRDA:18,4,0,0
BRF:5
BRH:3
end_of_record
TN:
SF:src\features\todo\graphql\queries\task\list-tasks\list-tasks.resolver.ts
FN:1,Object.<anonymous>
FN:3,Object.<anonymous>.__decorate
FN:26,Object.<anonymous>.__metadata
FN:28,Object.<anonymous>.__param
FNF:4
FNH:4
FNDA:2,Object.<anonymous>
FNDA:4,Object.<anonymous>.__decorate
FNDA:8,Object.<anonymous>.__metadata
FNDA:2,Object.<anonymous>.__param
DA:1,2
DA:2,2
DA:3,2
DA:4,4
DA:5,4
DA:6,4
DA:7,4
DA:8,4
DA:9,4
DA:10,2
DA:11,2
DA:12,4
DA:13,4
DA:14,4
DA:15,4
DA:16,4
DA:17,4
DA:18,4
DA:19,0
DA:20,0
DA:21,0
DA:22,0
DA:23,4
DA:24,4
DA:25,2
DA:26,2
DA:27,8
DA:28,2
DA:29,2
DA:30,2
DA:31,2
DA:32,2
DA:33,2
DA:34,2
DA:35,2
DA:36,2
DA:37,2
DA:38,2
DA:39,2
DA:40,2
DA:41,2
DA:42,2
DA:43,2
DA:44,2
DA:45,2
DA:46,2
DA:47,2
DA:48,2
DA:49,2
DA:50,2
DA:51,2
LF:51
LH:47
BRDA:1,0,0,2
BRDA:1,1,0,2
BRDA:3,2,0,4
BRDA:9,3,0,2
BRDA:9,4,0,2
BRDA:11,5,0,0
BRDA:18,6,0,0
BRDA:25,7,0,2
BRDA:25,8,0,2
BRDA:26,9,0,8
BRDA:28,10,0,2
BRDA:29,11,0,2
BRF:12
BRH:10
end_of_record
TN:
SF:src\features\todo\graphql\queries\task\list-tasks\graphql-types\response.ts
FN:1,Object.<anonymous>
FN:4,Object.<anonymous>.__decorate
FNF:2
FNH:2
FNDA:2,Object.<anonymous>
FNDA:8,Object.<anonymous>.__decorate
DA:1,2
DA:2,2
DA:3,2
DA:4,8
DA:5,8
DA:6,8
DA:7,8
DA:8,6
DA:9,0
DA:10,0
DA:11,0
DA:12,8
DA:13,8
DA:14,8
DA:15,8
DA:16,8
DA:17,8
DA:18,8
DA:19,0
DA:20,0
DA:21,0
DA:22,0
LF:22
LH:15
BRDA:1,0,0,2
BRDA:1,1,0,2
BRDA:4,2,0,8
BRDA:7,3,0,2
BRDA:7,4,0,6
BRDA:8,5,0,0
BRDA:18,6,0,0
BRF:7
BRH:5
end_of_record
TN:
SF:src\features\todo\graphql\queries\task\task-counts\task-counts.module-definition.ts
FN:1,Object.<anonymous>
FNF:1
FNH:1
FNDA:1,Object.<anonymous>
DA:1,1
DA:2,1
DA:3,1
DA:4,1
DA:5,1
DA:6,1
DA:7,1
DA:8,1
DA:9,1
DA:10,1
DA:11,1
DA:12,1
LF:12
LH:12
BRDA:1,0,0,1
BRDA:1,1,0,1
BRDA:10,2,0,1
BRF:3
BRH:3
end_of_record
TN:
SF:src\features\todo\graphql\queries\task\task-counts\task-counts.module.ts
FN:1,Object.<anonymous>
FN:5,Object.<anonymous>.__decorate
FNF:2
FNH:2
FNDA:1,Object.<anonymous>
FNDA:1,Object.<anonymous>.__decorate
DA:1,1
DA:2,1
DA:3,1
DA:4,1
DA:5,1
DA:6,1
DA:7,1
DA:8,1
DA:9,1
DA:10,0
DA:11,0
DA:12,1
DA:13,1
DA:14,1
DA:15,1
DA:16,1
DA:17,1
DA:18,1
DA:19,0
LF:19
LH:16
BRDA:1,0,0,1
BRDA:1,1,0,1
BRDA:5,2,0,1
BRDA:9,3,0,0
BRDA:18,4,0,0
BRF:5
BRH:3
end_of_record
TN:
SF:src\features\todo\graphql\queries\task\task-counts\task-counts.resolver.ts
FN:1,Object.<anonymous>
FN:3,Object.<anonymous>.__decorate
FN:26,Object.<anonymous>.__metadata
FN:27,Object.<anonymous>.__param
FNF:4
FNH:4
FNDA:2,Object.<anonymous>
FNDA:4,Object.<anonymous>.__decorate
FNDA:8,Object.<anonymous>.__metadata
FNDA:2,Object.<anonymous>.__param
DA:1,2
DA:2,2
DA:3,2
DA:4,4
DA:5,4
DA:6,4
DA:7,4
DA:8,4
DA:9,4
DA:10,2
DA:11,4
DA:12,4
DA:13,4
DA:14,4
DA:15,4
DA:16,4
DA:17,4
DA:18,0
DA:19,0
DA:20,0
DA:21,0
DA:22,0
DA:23,4
DA:24,4
DA:25,2
DA:26,2
DA:27,2
DA:28,2
DA:29,2
DA:30,2
DA:31,2
DA:32,2
DA:33,2
DA:34,2
DA:35,2
DA:36,2
DA:37,2
DA:38,2
DA:39,2
DA:40,2
DA:41,2
DA:42,2
DA:43,2
DA:44,2
DA:45,2
DA:46,2
DA:47,2
DA:48,2
DA:49,2
DA:50,2
DA:51,2
DA:52,2
DA:53,2
LF:53
LH:48
BRDA:1,0,0,2
BRDA:1,1,0,2
BRDA:3,2,0,4
BRDA:9,3,0,2
BRDA:9,4,0,2
BRDA:11,5,0,0
BRDA:18,6,0,0
BRDA:25,7,0,2
BRDA:25,8,0,2
BRDA:26,9,0,8
BRDA:27,10,0,2
BRDA:28,11,0,2
BRF:12
BRH:10
end_of_record
TN:
SF:src\features\todo\graphql\queries\task\task-counts\graphql-types\response.ts
FN:1,Object.<anonymous>
FN:3,Object.<anonymous>.__decorate
FN:18,Object.<anonymous>.__metadata
FNF:3
FNH:3
FNDA:2,Object.<anonymous>
FNDA:6,Object.<anonymous>.__decorate
FNDA:6,Object.<anonymous>.__metadata
DA:1,2
DA:2,2
DA:3,2
DA:4,6
DA:5,6
DA:6,6
DA:7,6
DA:8,6
DA:9,6
DA:10,0
DA:11,0
DA:12,6
DA:13,6
DA:14,6
DA:15,0
DA:16,0
DA:17,2
DA:18,2
DA:19,6
DA:20,6
DA:21,6
LF:21
LH:17
BRDA:1,0,0,2
BRDA:1,1,0,2
BRDA:3,2,0,6
BRDA:5,3,0,2
BRDA:5,4,0,4
BRDA:6,5,0,0
BRDA:9,6,0,0
BRDA:14,7,0,4
BRDA:15,8,0,0
BRDA:18,9,0,6
BRF:10
BRH:7
end_of_record
TN:
SF:src\features\todo\http\health\health.controller.ts
FN:1,Object.<anonymous>
FN:3,Object.<anonymous>.__decorate
FN:14,Object.<anonymous>.__metadata
FNF:3
FNH:3
FNDA:1,Object.<anonymous>
FNDA:2,Object.<anonymous>.__decorate
FNDA:4,Object.<anonymous>.__metadata
DA:1,1
DA:2,1
DA:3,1
DA:4,2
DA:5,2
DA:6,2
DA:7,1
DA:8,1
DA:9,1
DA:10,2
DA:11,2
DA:12,0
DA:13,1
DA:14,1
DA:15,1
DA:16,1
DA:17,1
DA:18,1
DA:19,1
DA:20,1
DA:21,1
DA:22,1
DA:23,1
DA:24,1
DA:25,1
DA:26,1
DA:27,1
DA:28,1
DA:29,1
DA:30,1
DA:31,1
DA:32,1
DA:33,1
DA:34,1
LF:34
LH:33
BRDA:1,0,0,1
BRDA:1,1,0,1
BRDA:3,2,0,2
BRDA:6,3,0,1
BRDA:6,4,0,1
BRDA:10,5,0,0
BRDA:11,6,0,0
BRDA:13,7,0,1
BRDA:13,8,0,1
BRDA:14,9,0,4
BRF:10
BRH:8
end_of_record
TN:
SF:src\features\todo\http\health\health.module-definition.ts
FN:1,(empty-report)
FNF:1
FNH:0
FNDA:0,(empty-report)
DA:1,0
DA:2,0
DA:3,0
DA:4,0
DA:5,0
DA:6,0
DA:7,0
DA:8,0
DA:9,0
DA:10,0
DA:11,0
DA:12,0
LF:12
LH:0
BRDA:1,0,0,0
BRF:1
BRH:0
end_of_record
TN:
SF:src\features\todo\http\health\health.module.ts
FN:1,(empty-report)
FNF:1
FNH:0
FNDA:0,(empty-report)
DA:1,0
DA:2,0
DA:3,0
DA:4,0
DA:5,0
DA:6,0
DA:7,0
DA:8,0
DA:9,0
DA:10,0
DA:11,0
DA:12,0
DA:13,0
DA:14,0
DA:15,0
DA:16,0
DA:17,0
DA:18,0
DA:19,0
DA:20,0
DA:21,0
DA:22,0
LF:22
LH:0
BRDA:1,0,0,0
BRF:1
BRH:0
end_of_record
TN:
SF:src\features\todo\http\health\probes\probes-exception.filter.ts
FN:1,Object.<anonymous>
FN:2,Object.<anonymous>.__decorate
FN:34,catch
FNF:3
FNH:2
FNDA:1,Object.<anonymous>
FNDA:1,Object.<anonymous>.__decorate
FNDA:0,catch
DA:1,1
DA:2,1
DA:3,1
DA:4,1
DA:5,1
DA:6,1
DA:7,1
DA:8,1
DA:9,0
DA:10,0
DA:11,0
DA:12,1
DA:13,1
DA:14,0
DA:15,1
DA:16,1
DA:17,1
DA:18,1
DA:19,1
DA:20,1
DA:21,1
DA:22,1
DA:23,1
DA:24,1
DA:25,1
DA:26,1
DA:27,1
[...]
BRH:3
end_of_record
TN:
SF:src\modules\shared\exceptions\errors\audit\erasure-request-not-found.ts
FN:1,Object.<anonymous>
FN:14,ErasureRequestNotFoundException
FNF:2
FNH:2
FNDA:6,Object.<anonymous>
FNDA:4,ErasureRequestNotFoundException
DA:1,6
DA:2,6
DA:3,6
DA:4,6
DA:5,6
DA:6,6
DA:7,6
DA:8,6
DA:9,6
DA:10,6
DA:11,6
DA:12,6
DA:13,6
DA:14,6
DA:15,4
DA:16,6
DA:17,6
DA:18,1
DA:19,1
DA:20,1
DA:21,1
DA:22,1
DA:23,1
DA:24,1
LF:24
LH:24
BRDA:1,0,0,6
BRDA:1,1,0,6
BRDA:14,2,0,4
BRF:3
BRH:3
end_of_record
TN:
SF:src\modules\shared\exceptions\errors\keycloak\keycloak-invalid-credentials.ts
FN:1,Object.<anonymous>
FN:14,KeycloakInvalidCredentialsException
FNF:2
FNH:2
FNDA:8,Object.<anonymous>
FNDA:18,KeycloakInvalidCredentialsException
DA:1,8
DA:2,8
DA:3,8
DA:4,8
DA:5,8
DA:6,8
DA:7,8
DA:8,8
DA:9,8
DA:10,8
DA:11,8
DA:12,8
DA:13,8
DA:14,8
DA:15,18
DA:16,18
DA:17,8
DA:18,1
DA:19,1
DA:20,1
DA:21,1
DA:22,1
DA:23,1
DA:24,1
LF:24
LH:24
BRDA:1,0,0,8
BRDA:1,1,0,8
BRDA:14,2,0,18
BRF:3
BRH:3
end_of_record
TN:
SF:src\modules\shared\exceptions\errors\keycloak\keycloak-unavailable.ts
FN:1,Object.<anonymous>
FN:14,KeycloakUnavailableException
FNF:2
FNH:2
FNDA:8,Object.<anonymous>
FNDA:3,KeycloakUnavailableException
DA:1,8
DA:2,8
DA:3,8
DA:4,8
DA:5,8
DA:6,8
DA:7,8
DA:8,8
DA:9,8
DA:10,8
DA:11,8
DA:12,8
DA:13,8
DA:14,8
DA:15,8
DA:16,1
DA:17,1
DA:18,1
DA:19,1
DA:20,1
DA:21,1
DA:22,1
DA:23,1
LF:23
LH:23
BRDA:1,0,0,8
BRDA:1,1,0,8
BRDA:14,2,0,3
BRF:3
BRH:3
end_of_record
TN:
SF:src\modules\shared\exceptions\errors\notify\notify-queue-protocol.ts
FN:1,Object.<anonymous>
FN:16,NotifyQueueProtocolException
FNF:2
FNH:2
FNDA:6,Object.<anonymous>
FNDA:2,NotifyQueueProtocolException
DA:1,6
DA:2,6
DA:3,6
DA:4,6
DA:5,6
DA:6,6
DA:7,6
DA:8,6
DA:9,6
DA:10,6
DA:11,6
DA:12,6
DA:13,6
DA:14,6
DA:15,6
DA:16,6
DA:17,2
DA:18,2
DA:19,6
DA:20,1
DA:21,1
DA:22,1
DA:23,1
DA:24,1
DA:25,1
DA:26,1
DA:27,1
LF:27
LH:27
BRDA:1,0,0,6
BRDA:1,1,0,6
BRDA:16,2,0,2
BRDA:16,3,0,0
BRF:4
BRH:3
end_of_record
TN:
SF:src\modules\shared\exceptions\errors\notify\notify-smtp-permanent-rejection.ts
FN:1,Object.<anonymous>
FN:12,NotifySmtpPermanentRejectionException
FNF:2
FNH:2
FNDA:10,Object.<anonymous>
FNDA:5,NotifySmtpPermanentRejectionException
DA:1,10
DA:2,10
DA:3,10
DA:4,10
DA:5,10
DA:6,10
DA:7,10
DA:8,10
DA:9,10
DA:10,10
DA:11,10
DA:12,10
DA:13,5
DA:14,5
DA:15,5
DA:16,5
DA:17,5
DA:18,5
DA:19,5
DA:20,10
DA:21,1
DA:22,1
DA:23,1
DA:24,1
DA:25,1
DA:26,1
DA:27,1
DA:28,1
DA:29,1
DA:30,1
DA:31,1
LF:31
LH:31
BRDA:1,0,0,10
BRDA:1,1,0,10
BRDA:12,2,0,5
BRF:3
BRH:3
end_of_record
TN:
SF:src\modules\shared\exceptions\errors\notify\notify-smtp-transient-failure.ts
FN:1,Object.<anonymous>
FN:17,NotifySmtpTransientFailureException
FNF:2
FNH:2
FNDA:10,Object.<anonymous>
FNDA:18,NotifySmtpTransientFailureException
DA:1,10
DA:2,10
DA:3,10
DA:4,10
DA:5,10
DA:6,10
DA:7,10
DA:8,10
DA:9,10
DA:10,10
DA:11,10
DA:12,10
DA:13,10
DA:14,10
DA:15,10
DA:16,10
DA:17,10
DA:18,18
DA:19,18
DA:20,18
DA:21,10
DA:22,1
DA:23,1
DA:24,1
DA:25,1
DA:26,1
DA:27,1
DA:28,1
DA:29,1
DA:30,1
DA:31,1
DA:32,1
LF:32
LH:32
BRDA:1,0,0,10
BRDA:1,1,0,10
BRDA:17,2,0,18
BRF:3
BRH:3
end_of_record
TN:
SF:src\modules\shared\exceptions\errors\plan\plan-cap-exceeded.ts
FN:1,Object.<anonymous>
FN:18,PlanCapExceededException
FNF:2
FNH:2
FNDA:3,Object.<anonymous>
FNDA:10,PlanCapExceededException
DA:1,3
DA:2,3
DA:3,3
DA:4,3
DA:5,3
DA:6,3
DA:7,3
DA:8,3
DA:9,3
DA:10,3
DA:11,3
DA:12,3
DA:13,3
DA:14,3
DA:15,3
DA:16,3
DA:17,3
DA:18,3
DA:19,10
DA:20,10
DA:21,10
DA:22,10
DA:23,1
DA:24,1
DA:25,1
DA:26,1
DA:27,1
DA:28,1
DA:29,1
DA:30,1
DA:31,1
DA:32,1
DA:33,1
LF:33
LH:33
BRDA:1,0,0,3
BRDA:1,1,0,3
BRDA:18,2,0,10
BRDA:19,3,0,2
BRDA:20,4,0,2
BRF:5
BRH:5
end_of_record
TN:
SF:src\modules\shared\exceptions\errors\plan\plan-forbidden.ts
FN:1,Object.<anonymous>
FN:18,PlanForbiddenException
FNF:2
FNH:2
FNDA:3,Object.<anonymous>
FNDA:3,PlanForbiddenException
DA:1,3
DA:2,3
DA:3,3
DA:4,3
DA:5,3
DA:6,3
DA:7,3
DA:8,3
DA:9,3
DA:10,3
DA:11,3
DA:12,3
DA:13,3
DA:14,3
DA:15,3
DA:16,3
DA:17,3
DA:18,3
DA:19,3
DA:20,3
DA:21,3
DA:22,3
DA:23,1
DA:24,1
DA:25,1
DA:26,1
DA:27,1
DA:28,1
DA:29,1
DA:30,1
DA:31,1
LF:31
LH:31
BRDA:1,0,0,3
BRDA:1,1,0,3
BRDA:18,2,0,3
BRF:3
BRH:3
end_of_record
TN:
SF:src\modules\shared\exceptions\errors\plan\plan-payment-intent-not-found.ts
FN:1,Object.<anonymous>
FN:16,PlanPaymentIntentNotFoundException
FNF:2
FNH:2
FNDA:6,Object.<anonymous>
FNDA:3,PlanPaymentIntentNotFoundException
DA:1,6
DA:2,6
DA:3,6
DA:4,6
DA:5,6
DA:6,6
DA:7,6
DA:8,6
DA:9,6
DA:10,6
DA:11,6
DA:12,6
DA:13,6
DA:14,6
DA:15,6
DA:16,6
DA:17,3
DA:18,3
DA:19,6
DA:20,1
DA:21,1
DA:22,1
DA:23,1
DA:24,1
DA:25,1
DA:26,1
DA:27,1
DA:28,1
LF:28
LH:28
BRDA:1,0,0,6
BRDA:1,1,0,6
BRDA:16,2,0,3
BRF:3
BRH:3
end_of_record
TN:
SF:src\modules\shared\exceptions\errors\plan\plan-subscription-not-found.ts
FN:1,Object.<anonymous>
FN:17,PlanSubscriptionNotFoundException
FNF:2
FNH:2
FNDA:12,Object.<anonymous>
FNDA:4,PlanSubscriptionNotFoundException
DA:1,12
DA:2,12
DA:3,12
DA:4,12
DA:5,12
DA:6,12
DA:7,12
DA:8,12
DA:9,12
DA:10,12
DA:11,12
DA:12,12
DA:13,12
DA:14,12
DA:15,12
DA:16,12
DA:17,12
DA:18,4
DA:19,4
DA:20,12
DA:21,12
DA:22,1
DA:23,1
DA:24,1
DA:25,1
DA:26,1
DA:27,1
DA:28,1
LF:28
LH:28
BRDA:1,0,0,12
BRDA:1,1,0,12
BRDA:17,2,0,4
BRF:3
BRH:3
end_of_record
TN:
SF:src\modules\shared\exceptions\errors\plan\plan-webhook-unauthorized.ts
FN:1,Object.<anonymous>
FN:16,PlanWebhookUnauthorizedException
FNF:2
FNH:2
FNDA:7,Object.<anonymous>
FNDA:12,PlanWebhookUnauthorizedException
DA:1,7
DA:2,7
DA:3,7
DA:4,7
DA:5,7
DA:6,7
DA:7,7
DA:8,7
DA:9,7
DA:10,7
DA:11,7
DA:12,7
DA:13,7
DA:14,7
DA:15,7
DA:16,7
DA:17,12
DA:18,12
DA:19,7
DA:20,1
DA:21,1
DA:22,1
DA:23,1
DA:24,1
DA:25,1
DA:26,1
LF:26
LH:26
BRDA:1,0,0,7
BRDA:1,1,0,7
BRDA:16,2,0,12
BRF:3
BRH:3
end_of_record
TN:
SF:src\modules\shared\exceptions\errors\postgres\postgres-primary-unavailable.ts
FN:1,Object.<anonymous>
FN:14,PostgresPrimaryUnavailableException
FNF:2
FNH:2
FNDA:24,Object.<anonymous>
FNDA:10,PostgresPrimaryUnavailableException
DA:1,24
DA:2,24
DA:3,24
DA:4,24
DA:5,24
DA:6,24
DA:7,24
DA:8,24
DA:9,24
DA:10,24
DA:11,24
DA:12,24
DA:13,24
DA:14,24
DA:15,24
DA:16,1
DA:17,1
DA:18,1
DA:19,1
DA:20,1
DA:21,1
DA:22,1
DA:23,1
LF:23
LH:23
BRDA:1,0,0,24
BRDA:1,1,0,24
BRDA:14,2,0,10
BRF:3
BRH:3
end_of_record
TN:
SF:src\modules\shared\exceptions\errors\recur\occurrence-forbidden.ts
FN:1,Object.<anonymous>
FN:10,RecurOccurrenceForbiddenException
FNF:2
FNH:2
FNDA:8,Object.<anonymous>
FNDA:5,RecurOccurrenceForbiddenException
DA:1,8
DA:2,8
DA:3,8
DA:4,8
DA:5,8
DA:6,8
DA:7,8
DA:8,8
DA:9,8
DA:10,8
DA:11,5
DA:12,5
DA:13,5
DA:14,5
DA:15,5
DA:16,5
DA:17,8
DA:18,1
DA:19,1
DA:20,1
DA:21,1
DA:22,1
DA:23,1
DA:24,1
DA:25,1
DA:26,1
LF:26
LH:26
BRDA:1,0,0,8
BRDA:1,1,0,8
BRDA:10,2,0,5
BRF:3
BRH:3
end_of_record
TN:
SF:src\modules\shared\exceptions\errors\recur\occurrence-not-found.ts
FN:1,Object.<anonymous>
FN:14,RecurOccurrenceNotFoundException
FNF:2
FNH:2
FNDA:8,Object.<anonymous>
FNDA:6,RecurOccurrenceNotFoundException
DA:1,8
DA:2,8
DA:3,8
DA:4,8
DA:5,8
DA:6,8
DA:7,8
DA:8,8
DA:9,8
DA:10,8
DA:11,8
DA:12,8
DA:13,8
DA:14,8
DA:15,6
DA:16,8
DA:17,8
DA:18,1
DA:19,1
DA:20,1
DA:21,1
DA:22,1
DA:23,1
DA:24,1
LF:24
LH:24
BRDA:1,0,0,8
BRDA:1,1,0,8
BRDA:14,2,0,6
BRF:3
BRH:3
end_of_record
TN:
SF:src\modules\shared\exceptions\errors\recur\rule-forbidden.ts
FN:1,Object.<anonymous>
FN:10,RecurRuleForbiddenException
FNF:2
FNH:2
FNDA:11,Object.<anonymous>
FNDA:9,RecurRuleForbiddenException
DA:1,11
DA:2,11
DA:3,11
DA:4,11
DA:5,11
DA:6,11
DA:7,11
DA:8,11
DA:9,11
DA:10,11
DA:11,9
DA:12,9
DA:13,9
DA:14,9
DA:15,9
DA:16,9
DA:17,11
DA:18,1
DA:19,1
DA:20,1
DA:21,1
DA:22,1
DA:23,1
DA:24,1
DA:25,1
DA:26,1
LF:26
LH:26
BRDA:1,0,0,11
BRDA:1,1,0,11
BRDA:10,2,0,9
BRF:3
BRH:3
end_of_record
TN:
SF:src\modules\shared\exceptions\errors\recur\rule-invalid.ts
FN:1,Object.<anonymous>
FN:17,RecurRuleInvalidException
FNF:2
FNH:2
FNDA:10,Object.<anonymous>
FNDA:15,RecurRuleInvalidException
DA:1,10
DA:2,10
DA:3,10
DA:4,10
DA:5,10
DA:6,10
DA:7,10
DA:8,10
DA:9,10
DA:10,10
DA:11,10
DA:12,10
DA:13,10
DA:14,10
DA:15,10
DA:16,10
DA:17,10
DA:18,15
DA:19,15
DA:20,15
DA:21,10
DA:22,1
DA:23,1
DA:24,1
DA:25,1
DA:26,1
DA:27,1
DA:28,1
DA:29,1
DA:30,1
LF:30
LH:30
BRDA:1,0,0,10
BRDA:1,1,0,10
BRDA:17,2,0,15
BRF:3
BRH:3
end_of_record
TN:
SF:src\modules\shared\exceptions\errors\recur\rule-not-found.ts
FN:1,Object.<anonymous>
FN:14,RecurRuleNotFoundException
FNF:2
FNH:2
FNDA:11,Object.<anonymous>
FNDA:7,RecurRuleNotFoundException
DA:1,11
DA:2,11
DA:3,11
DA:4,11
DA:5,11
DA:6,11
DA:7,11
DA:8,11
DA:9,11
DA:10,11
DA:11,11
DA:12,11
DA:13,11
DA:14,11
DA:15,7
DA:16,11
DA:17,11
DA:18,1
DA:19,1
DA:20,1
DA:21,1
DA:22,1
DA:23,1
DA:24,1
LF:24
LH:24
BRDA:1,0,0,11
BRDA:1,1,0,11
BRDA:14,2,0,7
BRF:3
BRH:3
end_of_record
TN:
SF:src\modules\shared\exceptions\errors\sepay\sepay-request-failed.ts
FN:1,Object.<anonymous>
FN:16,SepayRequestFailedException
FNF:2
FNH:2
FNDA:7,Object.<anonymous>
FNDA:15,SepayRequestFailedException
DA:1,7
DA:2,7
DA:3,7
DA:4,7
DA:5,7
DA:6,7
DA:7,7
DA:8,7
DA:9,7
DA:10,7
DA:11,7
DA:12,7
DA:13,7
DA:14,7
DA:15,7
DA:16,7
DA:17,15
DA:18,15
DA:19,7
DA:20,1
DA:21,1
DA:22,1
DA:23,1
DA:24,1
DA:25,1
DA:26,1
DA:27,1
LF:27
LH:27
BRDA:1,0,0,7
BRDA:1,1,0,7
BRDA:16,2,0,15
BRDA:16,3,0,1
BRF:4
BRH:4
end_of_record
TN:
SF:src\modules\shared\exceptions\errors\session\invalid-credentials.ts
FN:1,Object.<anonymous>
FN:14,InvalidCredentialsException
FNF:2
FNH:2
FNDA:31,Object.<anonymous>
FNDA:9,InvalidCredentialsException
DA:1,31
DA:2,31
DA:3,31
DA:4,31
DA:5,31
DA:6,31
DA:7,31
DA:8,31
DA:9,31
DA:10,31
DA:11,31
DA:12,31
DA:13,31
DA:14,31
DA:15,9
DA:16,9
DA:17,31
DA:18,1
DA:19,1
DA:20,1
DA:21,1
DA:22,1
DA:23,1
DA:24,1
LF:24
LH:24
BRDA:1,0,0,31
BRDA:1,1,0,31
BRDA:14,2,0,9
BRF:3
BRH:3
end_of_record
TN:
SF:src\modules\shared\exceptions\errors\session\session-expired.ts
FN:1,Object.<anonymous>
FN:11,SessionExpiredException
FNF:2
FNH:2
FNDA:31,Object.<anonymous>
FNDA:23,SessionExpiredException
DA:1,31
DA:2,31
DA:3,31
DA:4,31
DA:5,31
DA:6,31
DA:7,31
DA:8,31
DA:9,31
DA:10,31
DA:11,31
DA:12,31
DA:13,1
DA:14,1
DA:15,1
DA:16,1
DA:17,1
DA:18,1
DA:19,1
LF:19
LH:19
BRDA:1,0,0,31
BRDA:1,1,0,31
BRDA:11,2,0,23
BRF:3
BRH:3
end_of_record
TN:
SF:src\modules\shared\exceptions\errors\session\session-not-found.ts
FN:1,Object.<anonymous>
FN:11,SessionNotFoundException
FNF:2
FNH:2
FNDA:31,Object.<anonymous>
FNDA:38,SessionNotFoundException
DA:1,31
DA:2,31
DA:3,31
DA:4,31
DA:5,31
DA:6,31
DA:7,31
DA:8,31
DA:9,31
DA:10,31
DA:11,31
DA:12,31
DA:13,1
DA:14,1
DA:15,1
DA:16,1
DA:17,1
DA:18,1
DA:19,1
LF:19
LH:19
BRDA:1,0,0,31
BRDA:1,1,0,31
BRDA:11,2,0,38
BRF:3
BRH:3
end_of_record
TN:
SF:src\modules\shared\exceptions\errors\share\email-mismatch.ts
FN:1,Object.<anonymous>
FN:13,ShareEmailMismatchException
FNF:2
FNH:2
FNDA:8,Object.<anonymous>
FNDA:4,ShareEmailMismatchException
DA:1,8
DA:2,8
DA:3,8
DA:4,8
DA:5,8
DA:6,8
DA:7,8
DA:8,8
DA:9,8
DA:10,8
DA:11,8
DA:12,8
DA:13,8
DA:14,4
DA:15,8
DA:16,8
DA:17,1
DA:18,1
DA:19,1
DA:20,1
DA:21,1
DA:22,1
DA:23,1
LF:23
LH:23
BRDA:1,0,0,8
BRDA:1,1,0,8
BRDA:13,2,0,4
BRF:3
BRH:3
end_of_record
TN:
SF:src\modules\shared\exceptions\errors\share\forbidden.ts
FN:1,Object.<anonymous>
FN:14,ShareForbiddenException
FNF:2
FNH:2
FNDA:11,Object.<anonymous>
FNDA:9,ShareForbiddenException
DA:1,11
DA:2,11
DA:3,11
DA:4,11
DA:5,11
DA:6,11
DA:7,11
DA:8,11
DA:9,11
DA:10,11
DA:11,11
DA:12,11
DA:13,11
DA:14,11
DA:15,9
DA:16,9
DA:17,11
DA:18,11
DA:19,1
DA:20,1
DA:21,1
DA:22,1
DA:23,1
DA:24,1
DA:25,1
LF:25
LH:25
BRDA:1,0,0,11
BRDA:1,1,0,11
BRDA:14,2,0,9
BRF:3
BRH:3
end_of_record
TN:
SF:src\modules\shared\exceptions\errors\share\invalid-email.ts
FN:1,Object.<anonymous>
FN:14,ShareInvalidEmailException
FNF:2
FNH:2
FNDA:7,Object.<anonymous>
FNDA:2,ShareInvalidEmailException
DA:1,7
DA:2,7
DA:3,7
DA:4,7
DA:5,7
DA:6,7
DA:7,7
DA:8,7
DA:9,7
DA:10,7
DA:11,7
DA:12,7
DA:13,7
DA:14,7
DA:15,2
DA:16,7
DA:17,7
DA:18,1
DA:19,1
DA:20,1
DA:21,1
DA:22,1
DA:23,1
DA:24,1
LF:24
LH:24
BRDA:1,0,0,7
BRDA:1,1,0,7
BRDA:14,2,0,2
BRF:3
BRH:3
end_of_record
TN:
SF:src\modules\shared\exceptions\errors\share\invalid-role.ts
FN:1,Object.<anonymous>
FN:15,ShareInvalidRoleException
FNF:2
FNH:2
FNDA:8,Object.<anonymous>
FNDA:3,ShareInvalidRoleException
DA:1,8
DA:2,8
DA:3,8
DA:4,8
DA:5,8
DA:6,8
DA:7,8
DA:8,8
DA:9,8
DA:10,8
DA:11,8
DA:12,8
DA:13,8
DA:14,8
DA:15,8
DA:16,3
DA:17,1
DA:18,1
DA:19,1
DA:20,1
DA:21,1
DA:22,1
DA:23,1
DA:24,1
DA:25,1
LF:25
LH:25
BRDA:1,0,0,8
BRDA:1,1,0,8
BRDA:15,2,0,3
BRF:3
BRH:3
end_of_record
TN:
SF:src\modules\shared\exceptions\errors\share\invitation-already-closed.ts
FN:1,Object.<anonymous>
FN:14,ShareInvitationAlreadyClosedException
FNF:2
FNH:2
FNDA:7,Object.<anonymous>
FNDA:3,ShareInvitationAlreadyClosedException
DA:1,7
DA:2,7
DA:3,7
DA:4,7
DA:5,7
DA:6,7
DA:7,7
DA:8,7
DA:9,7
DA:10,7
DA:11,7
DA:12,7
DA:13,7
DA:14,7
DA:15,3
DA:16,7
DA:17,7
DA:18,1
DA:19,1
DA:20,1
DA:21,1
DA:22,1
DA:23,1
DA:24,1
LF:24
LH:24
BRDA:1,0,0,7
BRDA:1,1,0,7
BRDA:14,2,0,3
BRF:3
BRH:3
end_of_record
TN:
SF:src\modules\shared\exceptions\errors\share\invitation-already-exists.ts
FN:1,Object.<anonymous>
FN:16,ShareInvitationAlreadyExistsException
FNF:2
FNH:2
FNDA:7,Object.<anonymous>
FNDA:3,ShareInvitationAlreadyExistsException
DA:1,7
DA:2,7
DA:3,7
DA:4,7
DA:5,7
DA:6,7
DA:7,7
DA:8,7
DA:9,7
DA:10,7
DA:11,7
DA:12,7
DA:13,7
DA:14,7
DA:15,7
DA:16,7
DA:17,3
DA:18,3
DA:19,3
DA:20,7
DA:21,1
DA:22,1
DA:23,1
DA:24,1
DA:25,1
DA:26,1
DA:27,1
DA:28,1
LF:28
LH:28
BRDA:1,0,0,7
BRDA:1,1,0,7
BRDA:16,2,0,3
BRF:3
BRH:3
end_of_record
TN:
SF:src\modules\shared\exceptions\errors\share\invitation-expired.ts
FN:1,Object.<anonymous>
FN:13,ShareInvitationExpiredException
FNF:2
FNH:2
FNDA:7,Object.<anonymous>
FNDA:2,ShareInvitationExpiredException
DA:1,7
DA:2,7
DA:3,7
DA:4,7
DA:5,7
DA:6,7
DA:7,7
DA:8,7
DA:9,7
DA:10,7
DA:11,7
DA:12,7
DA:13,7
DA:14,2
DA:15,7
DA:16,7
DA:17,1
DA:18,1
DA:19,1
DA:20,1
DA:21,1
DA:22,1
DA:23,1
LF:23
LH:23
BRDA:1,0,0,7
BRDA:1,1,0,7
BRDA:13,2,0,2
BRF:3
BRH:3
end_of_record
TN:
SF:src\modules\shared\exceptions\errors\share\invitation-not-found.ts
FN:1,Object.<anonymous>
FN:14,ShareInvitationNotFoundException
FNF:2
FNH:2
FNDA:9,Object.<anonymous>
FNDA:5,ShareInvitationNotFoundException
DA:1,9
DA:2,9
DA:3,9
DA:4,9
DA:5,9
DA:6,9
DA:7,9
DA:8,9
DA:9,9
DA:10,9
DA:11,9
DA:12,9
DA:13,9
DA:14,9
DA:15,5
DA:16,9
DA:17,9
DA:18,1
DA:19,1
DA:20,1
DA:21,1
DA:22,1
DA:23,1
DA:24,1
LF:24
LH:24
BRDA:1,0,0,9
BRDA:1,1,0,9
BRDA:14,2,0,5
BRF:3
BRH:3
end_of_record
TN:
SF:src\modules\shared\exceptions\errors\share\invitation-revoked.ts
FN:1,Object.<anonymous>
FN:13,ShareInvitationRevokedException
FNF:2
FNH:2
FNDA:7,Object.<anonymous>
FNDA:2,ShareInvitationRevokedException
DA:1,7
DA:2,7
DA:3,7
DA:4,7
DA:5,7
DA:6,7
DA:7,7
DA:8,7
DA:9,7
DA:10,7
DA:11,7
DA:12,7
DA:13,7
DA:14,2
DA:15,7
DA:16,7
DA:17,1
DA:18,1
DA:19,1
DA:20,1
DA:21,1
DA:22,1
DA:23,1
LF:23
LH:23
BRDA:1,0,0,7
BRDA:1,1,0,7
BRDA:13,2,0,2
BRF:3
BRH:3
end_of_record
TN:
SF:src\modules\shared\exceptions\errors\task\task-forbidden.ts
FN:1,Object.<anonymous>
FN:10,TaskForbiddenException
FNF:2
FNH:2
FNDA:20,Object.<anonymous>
FNDA:23,TaskForbiddenException
DA:1,20
DA:2,20
DA:3,20
DA:4,20
DA:5,20
DA:6,20
DA:7,20
DA:8,20
DA:9,20
DA:10,20
DA:11,23
DA:12,23
DA:13,23
DA:14,23
DA:15,23
DA:16,20
DA:17,1
DA:18,1
DA:19,1
DA:20,1
DA:21,1
DA:22,1
DA:23,1
DA:24,1
DA:25,1
DA:26,1
LF:26
LH:26
BRDA:1,0,0,20
BRDA:1,1,0,20
BRDA:10,2,0,23
BRF:3
BRH:3
end_of_record
TN:
SF:src\modules\shared\exceptions\errors\task\task-not-found.ts
FN:1,Object.<anonymous>
FN:14,TaskNotFoundException
FNF:2
FNH:2
FNDA:20,Object.<anonymous>
FNDA:12,TaskNotFoundException
DA:1,20
DA:2,20
DA:3,20
DA:4,20
DA:5,20
DA:6,20
DA:7,20
DA:8,20
DA:9,20
DA:10,20
DA:11,20
DA:12,20
DA:13,20
DA:14,20
DA:15,12
DA:16,20
DA:17,20
DA:18,1
DA:19,1
DA:20,1
DA:21,1
DA:22,1
DA:23,1
DA:24,1
LF:24
LH:24
BRDA:1,0,0,20
BRDA:1,1,0,20
BRDA:14,2,0,12
BRF:3
BRH:3
end_of_record
TN:
SF:src\modules\shared\exceptions\errors\task\task-title-required.ts
FN:1,Object.<anonymous>
FN:9,TaskTitleRequiredException
FNF:2
FNH:2
FNDA:15,Object.<anonymous>
FNDA:4,TaskTitleRequiredException
DA:1,15
DA:2,15
DA:3,15
DA:4,15
DA:5,15
DA:6,15
DA:7,15
DA:8,15
DA:9,15
DA:10,4
DA:11,4
DA:12,15
DA:13,1
DA:14,1
DA:15,1
DA:16,1
DA:17,1
DA:18,1
DA:19,1
LF:19
LH:19
BRDA:1,0,0,15
BRDA:1,1,0,15
BRDA:9,2,0,4
BRF:3
BRH:3
end_of_record
TN:
SF:src\modules\shared\exceptions\errors\upload\upload-forbidden.ts
FN:1,Object.<anonymous>
FN:12,UploadForbiddenException
FNF:2
FNH:2
FNDA:3,Object.<anonymous>
FNDA:3,UploadForbiddenException
DA:1,3
DA:2,3
DA:3,3
DA:4,3
DA:5,3
DA:6,3
DA:7,3
DA:8,3
DA:9,3
DA:10,3
DA:11,3
DA:12,3
DA:13,3
DA:14,3
DA:15,3
DA:16,3
DA:17,3
DA:18,1
DA:19,1
DA:20,1
DA:21,1
DA:22,1
DA:23,1
DA:24,1
DA:25,1
DA:26,1
LF:26
LH:26
BRDA:1,0,0,3
BRDA:1,1,0,3
BRDA:12,2,0,3
BRF:3
BRH:3
end_of_record
TN:
SF:src\modules\shared\exceptions\errors\upload\upload-mime-not-allowed.ts
FN:1,Object.<anonymous>
FN:14,UploadMimeNotAllowedException
FNF:2
FNH:2
FNDA:3,Object.<anonymous>
FNDA:2,UploadMimeNotAllowedException
DA:1,3
DA:2,3
DA:3,3
DA:4,3
DA:5,3
DA:6,3
DA:7,3
DA:8,3
DA:9,3
DA:10,3
DA:11,3
DA:12,3
DA:13,3
DA:14,3
DA:15,2
DA:16,3
DA:17,1
DA:18,1
DA:19,1
DA:20,1
DA:21,1
DA:22,1
DA:23,1
DA:24,1
LF:24
LH:24
BRDA:1,0,0,3
BRDA:1,1,0,3
BRDA:14,2,0,2
BRF:3
BRH:3
end_of_record
TN:
SF:src\modules\shared\exceptions\errors\upload\upload-not-found.ts
FN:1,Object.<anonymous>
FN:14,UploadNotFoundException
FNF:2
FNH:2
FNDA:3,Object.<anonymous>
FNDA:3,UploadNotFoundException
DA:1,3
DA:2,3
DA:3,3
DA:4,3
DA:5,3
DA:6,3
DA:7,3
DA:8,3
DA:9,3
DA:10,3
DA:11,3
DA:12,3
DA:13,3
DA:14,3
DA:15,3
DA:16,3
DA:17,3
DA:18,1
DA:19,1
DA:20,1
DA:21,1
DA:22,1
DA:23,1
DA:24,1
LF:24
LH:24
BRDA:1,0,0,3
BRDA:1,1,0,3
BRDA:14,2,0,3
BRF:3
BRH:3
end_of_record
TN:
SF:src\modules\shared\exceptions\errors\upload\upload-not-ready.ts
FN:1,Object.<anonymous>
FN:14,UploadNotReadyException
FNF:2
FNH:2
FNDA:3,Object.<anonymous>
FNDA:2,UploadNotReadyException
DA:1,3
DA:2,3
DA:3,3
DA:4,3
DA:5,3
DA:6,3
DA:7,3
DA:8,3
DA:9,3
DA:10,3
DA:11,3
DA:12,3
DA:13,3
DA:14,3
DA:15,3
DA:16,1
DA:17,1
DA:18,1
DA:19,1
DA:20,1
DA:21,1
DA:22,1
DA:23,1
DA:24,1
LF:24
LH:24
BRDA:1,0,0,3
BRDA:1,1,0,3
BRDA:14,2,0,2
BRF:3
BRH:3
end_of_record
TN:
SF:src\modules\shared\exceptions\errors\upload\upload-scan-rejected.ts
FN:1,Object.<anonymous>
FN:16,UploadScanRejectedException
FNF:2
FNH:2
FNDA:2,Object.<anonymous>
FNDA:2,UploadScanRejectedException
DA:1,2
DA:2,2
DA:3,2
DA:4,2
DA:5,2
DA:6,2
DA:7,2
DA:8,2
DA:9,2
DA:10,2
DA:11,2
DA:12,2
DA:13,2
DA:14,2
DA:15,2
DA:16,2
DA:17,2
DA:18,1
DA:19,1
DA:20,1
DA:21,1
DA:22,1
DA:23,1
DA:24,1
DA:25,1
DA:26,1
LF:26
LH:26
BRDA:1,0,0,2
BRDA:1,1,0,2
BRDA:16,2,0,2
BRF:3
BRH:3
end_of_record
TN:
SF:src\modules\shared\exceptions\errors\upload\upload-storage-unavailable.ts
FN:1,Object.<anonymous>
FN:14,UploadStorageUnavailableException
FNF:2
FNH:2
FNDA:3,Object.<anonymous>
FNDA:2,UploadStorageUnavailableException
DA:1,3
DA:2,3
DA:3,3
DA:4,3
DA:5,3
DA:6,3
DA:7,3
DA:8,3
DA:9,3
DA:10,3
DA:11,3
DA:12,3
DA:13,3
DA:14,3
DA:15,2
DA:16,3
DA:17,1
DA:18,1
DA:19,1
DA:20,1
DA:21,1
DA:22,1
DA:23,1
LF:23
LH:23
BRDA:1,0,0,3
BRDA:1,1,0,3
BRDA:14,2,0,2
BRF:3
BRH:3
end_of_record
TN:
SF:src\modules\shared\exceptions\errors\upload\upload-token-invalid.ts
FN:1,Object.<anonymous>
FN:12,UploadTokenInvalidException
FNF:2
FNH:2
FNDA:3,Object.<anonymous>
FNDA:4,UploadTokenInvalidException
DA:1,3
DA:2,3
DA:3,3
DA:4,3
DA:5,3
DA:6,3
DA:7,3
DA:8,3
DA:9,3
DA:10,3
DA:11,3
DA:12,3
DA:13,4
DA:14,4
DA:15,4
DA:16,3
DA:17,1
DA:18,1
DA:19,1
DA:20,1
DA:21,1
DA:22,1
DA:23,1
DA:24,1
DA:25,1
DA:26,1
LF:26
LH:26
BRDA:1,0,0,3
BRDA:1,1,0,3
BRDA:12,2,0,4
BRF:3
BRH:3
end_of_record
TN:
SF:src\modules\shared\exceptions\errors\upload\upload-too-large.ts
FN:1,Object.<anonymous>
FN:13,UploadTooLargeException
FNF:2
FNH:2
FNDA:3,Object.<anonymous>
FNDA:3,UploadTooLargeException
DA:1,3
DA:2,3
DA:3,3
DA:4,3
DA:5,3
DA:6,3
DA:7,3
DA:8,3
DA:9,3
DA:10,3
DA:11,3
DA:12,3
DA:13,3
DA:14,3
DA:15,3
DA:16,3
DA:17,3
DA:18,1
DA:19,1
DA:20,1
DA:21,1
DA:22,1
DA:23,1
DA:24,1
DA:25,1
DA:26,1
LF:26
LH:26
BRDA:1,0,0,3
BRDA:1,1,0,3
BRDA:13,2,0,3
BRF:3
BRH:3
end_of_record
