{"total": {"lines":{"total":1272,"covered":1223,"skipped":0,"pct":96.14},"statements":{"total":1602,"covered":1406,"skipped":0,"pct":87.76},"functions":{"total":247,"covered":243,"skipped":0,"pct":98.38},"branches":{"total":1486,"covered":834,"skipped":0,"pct":56.12},"branchesTrue":{"total":0,"covered":0,"skipped":0,"pct":100}}
,"D:\\Repositories\\starci-academy-backend\\.claude\\examples\\ecommerce-app-be\\apps\\identity\\src\\app.module.ts": {"lines":{"total":18,"covered":17,"skipped":0,"pct":94.44},"functions":{"total":1,"covered":1,"skipped":0,"pct":100},"statements":{"total":23,"covered":19,"skipped":0,"pct":82.6},"branches":{"total":22,"covered":8,"skipped":0,"pct":36.36}}
,"D:\\Repositories\\starci-academy-backend\\.claude\\examples\\ecommerce-app-be\\apps\\order\\src\\app.module.ts": {"lines":{"total":19,"covered":18,"skipped":0,"pct":94.73},"functions":{"total":1,"covered":1,"skipped":0,"pct":100},"statements":{"total":24,"covered":20,"skipped":0,"pct":83.33},"branches":{"total":22,"covered":8,"skipped":0,"pct":36.36}}
,"D:\\Repositories\\starci-academy-backend\\.claude\\examples\\ecommerce-app-be\\src\\features\\checkout\\checkout.module.ts": {"lines":{"total":22,"covered":21,"skipped":0,"pct":95.45},"functions":{"total":1,"covered":1,"skipped":0,"pct":100},"statements":{"total":27,"covered":23,"skipped":0,"pct":85.18},"branches":{"total":22,"covered":8,"skipped":0,"pct":36.36}}
,"D:\\Repositories\\starci-academy-backend\\.claude\\examples\\ecommerce-app-be\\src\\features\\checkout\\transport\\http\\buyer.controller.ts": {"lines":{"total":19,"covered":18,"skipped":0,"pct":94.73},"functions":{"total":6,"covered":6,"skipped":0,"pct":100},"statements":{"total":26,"covered":22,"skipped":0,"pct":84.61},"branches":{"total":32,"covered":21,"skipped":0,"pct":65.62}}
,"D:\\Repositories\\starci-academy-backend\\.claude\\examples\\ecommerce-app-be\\src\\features\\checkout\\transport\\http\\cart.controller.ts": {"lines":{"total":36,"covered":35,"skipped":0,"pct":97.22},"functions":{"total":9,"covered":9,"skipped":0,"pct":100},"statements":{"total":43,"covered":39,"skipped":0,"pct":90.69},"branches":{"total":44,"covered":33,"skipped":0,"pct":75}}
,"D:\\Repositories\\starci-academy-backend\\.claude\\examples\\ecommerce-app-be\\src\\features\\checkout\\transport\\http\\health.controller.ts": {"lines":{"total":27,"covered":26,"skipped":0,"pct":96.29},"functions":{"total":4,"covered":4,"skipped":0,"pct":100},"statements":{"total":33,"covered":29,"skipped":0,"pct":87.87},"branches":{"total":35,"covered":24,"skipped":0,"pct":68.57}}
,"D:\\Repositories\\starci-academy-backend\\.claude\\examples\\ecommerce-app-be\\src\\features\\checkout\\transport\\http\\order.controller.ts": {"lines":{"total":24,"covered":23,"skipped":0,"pct":95.83},"functions":{"total":6,"covered":6,"skipped":0,"pct":100},"statements":{"total":31,"covered":27,"skipped":0,"pct":87.09},"branches":{"total":38,"covered":27,"skipped":0,"pct":71.05}}
,"D:\\Repositories\\starci-academy-backend\\.claude\\examples\\ecommerce-app-be\\src\\features\\checkout\\transport\\http\\session.guard.ts": {"lines":{"total":25,"covered":24,"skipped":0,"pct":96},"functions":{"total":4,"covered":4,"skipped":0,"pct":100},"statements":{"total":31,"covered":27,"skipped":0,"pct":87.09},"branches":{"total":37,"covered":22,"skipped":0,"pct":59.45}}
,"D:\\Repositories\\starci-academy-backend\\.claude\\examples\\ecommerce-app-be\\src\\features\\identity\\identity.module.ts": {"lines":{"total":20,"covered":19,"skipped":0,"pct":95},"functions":{"total":1,"covered":1,"skipped":0,"pct":100},"statements":{"total":25,"covered":21,"skipped":0,"pct":84},"branches":{"total":22,"covered":8,"skipped":0,"pct":36.36}}
,"D:\\Repositories\\starci-academy-backend\\.claude\\examples\\ecommerce-app-be\\src\\features\\identity\\transport\\http\\account.controller.ts": {"lines":{"total":25,"covered":24,"skipped":0,"pct":96},"functions":{"total":6,"covered":6,"skipped":0,"pct":100},"statements":{"total":32,"covered":28,"skipped":0,"pct":87.5},"branches":{"total":34,"covered":23,"skipped":0,"pct":67.64}}
,"D:\\Repositories\\starci-academy-backend\\.claude\\examples\\ecommerce-app-be\\src\\features\\identity\\transport\\http\\health.controller.ts": {"lines":{"total":28,"covered":27,"skipped":0,"pct":96.42},"functions":{"total":4,"covered":4,"skipped":0,"pct":100},"statements":{"total":34,"covered":30,"skipped":0,"pct":88.23},"branches":{"total":33,"covered":22,"skipped":0,"pct":66.66}}
,"D:\\Repositories\\starci-academy-backend\\.claude\\examples\\ecommerce-app-be\\src\\features\\identity\\transport\\http\\session.controller.ts": {"lines":{"total":29,"covered":28,"skipped":0,"pct":96.55},"functions":{"total":7,"covered":7,"skipped":0,"pct":100},"statements":{"total":36,"covered":32,"skipped":0,"pct":88.88},"branches":{"total":40,"covered":29,"skipped":0,"pct":72.5}}
,"D:\\Repositories\\starci-academy-backend\\.claude\\examples\\ecommerce-app-be\\src\\features\\identity\\transport\\http\\sign-in.controller.ts": {"lines":{"total":37,"covered":36,"skipped":0,"pct":97.29},"functions":{"total":7,"covered":7,"skipped":0,"pct":100},"statements":{"total":44,"covered":40,"skipped":0,"pct":90.9},"branches":{"total":52,"covered":40,"skipped":0,"pct":76.92}}
,"D:\\Repositories\\starci-academy-backend\\.claude\\examples\\ecommerce-app-be\\src\\modules\\bussiness\\account\\account.module.ts": {"lines":{"total":15,"covered":14,"skipped":0,"pct":93.33},"functions":{"total":1,"covered":1,"skipped":0,"pct":100},"statements":{"total":20,"covered":16,"skipped":0,"pct":80},"branches":{"total":22,"covered":8,"skipped":0,"pct":36.36}}
,"D:\\Repositories\\starci-academy-backend\\.claude\\examples\\ecommerce-app-be\\src\\modules\\bussiness\\account\\account.service.ts": {"lines":{"total":34,"covered":33,"skipped":0,"pct":97.05},"functions":{"total":8,"covered":8,"skipped":0,"pct":100},"statements":{"total":41,"covered":37,"skipped":0,"pct":90.24},"branches":{"total":38,"covered":23,"skipped":0,"pct":60.52}}
,"D:\\Repositories\\starci-academy-backend\\.claude\\examples\\ecommerce-app-be\\src\\modules\\bussiness\\account\\index.ts": {"lines":{"total":6,"covered":6,"skipped":0,"pct":100},"functions":{"total":2,"covered":2,"skipped":0,"pct":100},"statements":{"total":8,"covered":8,"skipped":0,"pct":100},"branches":{"total":0,"covered":0,"skipped":0,"pct":100}}
,"D:\\Repositories\\starci-academy-backend\\.claude\\examples\\ecommerce-app-be\\src\\modules\\bussiness\\account\\password.policy.ts": {"lines":{"total":19,"covered":18,"skipped":0,"pct":94.73},"functions":{"total":3,"covered":3,"skipped":0,"pct":100},"statements":{"total":24,"covered":20,"skipped":0,"pct":83.33},"branches":{"total":24,"covered":10,"skipped":0,"pct":41.66}}
,"D:\\Repositories\\starci-academy-backend\\.claude\\examples\\ecommerce-app-be\\src\\modules\\bussiness\\cart\\cart.module.ts": {"lines":{"total":14,"covered":13,"skipped":0,"pct":92.85},"functions":{"total":1,"covered":1,"skipped":0,"pct":100},"statements":{"total":19,"covered":15,"skipped":0,"pct":78.94},"branches":{"total":22,"covered":8,"skipped":0,"pct":36.36}}
,"D:\\Repositories\\starci-academy-backend\\.claude\\examples\\ecommerce-app-be\\src\\modules\\bussiness\\cart\\cart.service.ts": {"lines":{"total":28,"covered":27,"skipped":0,"pct":96.42},"functions":{"total":9,"covered":9,"skipped":0,"pct":100},"statements":{"total":36,"covered":32,"skipped":0,"pct":88.88},"branches":{"total":36,"covered":21,"skipped":0,"pct":58.33}}
,"D:\\Repositories\\starci-academy-backend\\.claude\\examples\\ecommerce-app-be\\src\\modules\\bussiness\\cart\\index.ts": {"lines":{"total":6,"covered":6,"skipped":0,"pct":100},"functions":{"total":2,"covered":2,"skipped":0,"pct":100},"statements":{"total":8,"covered":8,"skipped":0,"pct":100},"branches":{"total":0,"covered":0,"skipped":0,"pct":100}}
,"D:\\Repositories\\starci-academy-backend\\.claude\\examples\\ecommerce-app-be\\src\\modules\\bussiness\\catalog\\catalog.module.ts": {"lines":{"total":14,"covered":13,"skipped":0,"pct":92.85},"functions":{"total":1,"covered":1,"skipped":0,"pct":100},"statements":{"total":19,"covered":15,"skipped":0,"pct":78.94},"branches":{"total":22,"covered":8,"skipped":0,"pct":36.36}}
,"D:\\Repositories\\starci-academy-backend\\.claude\\examples\\ecommerce-app-be\\src\\modules\\bussiness\\catalog\\catalog.service.ts": {"lines":{"total":26,"covered":25,"skipped":0,"pct":96.15},"functions":{"total":8,"covered":8,"skipped":0,"pct":100},"statements":{"total":34,"covered":30,"skipped":0,"pct":88.23},"branches":{"total":34,"covered":19,"skipped":0,"pct":55.88}}
,"D:\\Repositories\\starci-academy-backend\\.claude\\examples\\ecommerce-app-be\\src\\modules\\bussiness\\catalog\\index.ts": {"lines":{"total":6,"covered":6,"skipped":0,"pct":100},"functions":{"total":2,"covered":2,"skipped":0,"pct":100},"statements":{"total":8,"covered":8,"skipped":0,"pct":100},"branches":{"total":0,"covered":0,"skipped":0,"pct":100}}
,"D:\\Repositories\\starci-academy-backend\\.claude\\examples\\ecommerce-app-be\\src\\modules\\bussiness\\order\\checkout-refusal.exception.ts": {"lines":{"total":6,"covered":6,"skipped":0,"pct":100},"functions":{"total":1,"covered":1,"skipped":0,"pct":100},"statements":{"total":6,"covered":6,"skipped":0,"pct":100},"branches":{"total":2,"covered":2,"skipped":0,"pct":100}}
,"D:\\Repositories\\starci-academy-backend\\.claude\\examples\\ecommerce-app-be\\src\\modules\\bussiness\\order\\checkout.policy.ts": {"lines":{"total":26,"covered":25,"skipped":0,"pct":96.15},"functions":{"total":2,"covered":2,"skipped":0,"pct":100},"statements":{"total":31,"covered":27,"skipped":0,"pct":87.09},"branches":{"total":30,"covered":16,"skipped":0,"pct":53.33}}
,"D:\\Repositories\\starci-academy-backend\\.claude\\examples\\ecommerce-app-be\\src\\modules\\bussiness\\order\\index.ts": {"lines":{"total":10,"covered":10,"skipped":0,"pct":100},"functions":{"total":4,"covered":3,"skipped":0,"pct":75},"statements":{"total":14,"covered":13,"skipped":0,"pct":92.85},"branches":{"total":0,"covered":0,"skipped":0,"pct":100}}
,"D:\\Repositories\\starci-academy-backend\\.claude\\examples\\ecommerce-app-be\\src\\modules\\bussiness\\order\\order.module.ts": {"lines":{"total":18,"covered":17,"skipped":0,"pct":94.44},"functions":{"total":1,"covered":1,"skipped":0,"pct":100},"statements":{"total":23,"covered":19,"skipped":0,"pct":82.6},"branches":{"total":22,"covered":8,"skipped":0,"pct":36.36}}
,"D:\\Repositories\\starci-academy-backend\\.claude\\examples\\ecommerce-app-be\\src\\modules\\bussiness\\order\\order.service.ts": {"lines":{"total":60,"covered":59,"skipped":0,"pct":98.33},"functions":{"total":12,"covered":12,"skipped":0,"pct":100},"statements":{"total":69,"covered":65,"skipped":0,"pct":94.2},"branches":{"total":50,"covered":34,"skipped":0,"pct":68}}
,"D:\\Repositories\\starci-academy-backend\\.claude\\examples\\ecommerce-app-be\\src\\modules\\bussiness\\payment\\index.ts": {"lines":{"total":6,"covered":6,"skipped":0,"pct":100},"functions":{"total":2,"covered":2,"skipped":0,"pct":100},"statements":{"total":8,"covered":8,"skipped":0,"pct":100},"branches":{"total":0,"covered":0,"skipped":0,"pct":100}}
,"D:\\Repositories\\starci-academy-backend\\.claude\\examples\\ecommerce-app-be\\src\\modules\\bussiness\\payment\\payment.module.ts": {"lines":{"total":12,"covered":11,"skipped":0,"pct":91.66},"functions":{"total":1,"covered":1,"skipped":0,"pct":100},"statements":{"total":17,"covered":13,"skipped":0,"pct":76.47},"branches":{"total":22,"covered":8,"skipped":0,"pct":36.36}}
,"D:\\Repositories\\starci-academy-backend\\.claude\\examples\\ecommerce-app-be\\src\\modules\\bussiness\\payment\\payment.service.ts": {"lines":{"total":20,"covered":19,"skipped":0,"pct":95},"functions":{"total":2,"covered":2,"skipped":0,"pct":100},"statements":{"total":25,"covered":21,"skipped":0,"pct":84},"branches":{"total":22,"covered":8,"skipped":0,"pct":36.36}}
,"D:\\Repositories\\starci-academy-backend\\.claude\\examples\\ecommerce-app-be\\src\\modules\\bussiness\\session\\index.ts": {"lines":{"total":8,"covered":8,"skipped":0,"pct":100},"functions":{"total":3,"covered":3,"skipped":0,"pct":100},"statements":{"total":11,"covered":11,"skipped":0,"pct":100},"branches":{"total":0,"covered":0,"skipped":0,"pct":100}}
,"D:\\Repositories\\starci-academy-backend\\.claude\\examples\\ecommerce-app-be\\src\\modules\\bussiness\\session\\session.module.ts": {"lines":{"total":13,"covered":12,"skipped":0,"pct":92.3},"functions":{"total":1,"covered":1,"skipped":0,"pct":100},"statements":{"total":18,"covered":14,"skipped":0,"pct":77.77},"branches":{"total":22,"covered":8,"skipped":0,"pct":36.36}}
,"D:\\Repositories\\starci-academy-backend\\.claude\\examples\\ecommerce-app-be\\src\\modules\\bussiness\\session\\session.repository.ts": {"lines":{"total":20,"covered":19,"skipped":0,"pct":95},"functions":{"total":7,"covered":7,"skipped":0,"pct":100},"statements":{"total":26,"covered":22,"skipped":0,"pct":84.61},"branches":{"total":29,"covered":14,"skipped":0,"pct":48.27}}
,"D:\\Repositories\\starci-academy-backend\\.claude\\examples\\ecommerce-app-be\\src\\modules\\bussiness\\session\\session.service.ts": {"lines":{"total":25,"covered":24,"skipped":0,"pct":96},"functions":{"total":6,"covered":6,"skipped":0,"pct":100},"statements":{"total":31,"covered":27,"skipped":0,"pct":87.09},"branches":{"total":31,"covered":16,"skipped":0,"pct":51.61}}
,"D:\\Repositories\\starci-academy-backend\\.claude\\examples\\ecommerce-app-be\\src\\modules\\integrations\\identity\\identity.client.ts": {"lines":{"total":32,"covered":31,"skipped":0,"pct":96.87},"functions":{"total":5,"covered":5,"skipped":0,"pct":100},"statements":{"total":38,"covered":34,"skipped":0,"pct":89.47},"branches":{"total":37,"covered":22,"skipped":0,"pct":59.45}}
,"D:\\Repositories\\starci-academy-backend\\.claude\\examples\\ecommerce-app-be\\src\\modules\\integrations\\identity\\identity.module.ts": {"lines":{"total":12,"covered":11,"skipped":0,"pct":91.66},"functions":{"total":1,"covered":1,"skipped":0,"pct":100},"statements":{"total":17,"covered":13,"skipped":0,"pct":76.47},"branches":{"total":22,"covered":8,"skipped":0,"pct":36.36}}
,"D:\\Repositories\\starci-academy-backend\\.claude\\examples\\ecommerce-app-be\\src\\modules\\integrations\\identity\\index.ts": {"lines":{"total":6,"covered":6,"skipped":0,"pct":100},"functions":{"total":2,"covered":2,"skipped":0,"pct":100},"statements":{"total":8,"covered":8,"skipped":0,"pct":100},"branches":{"total":0,"covered":0,"skipped":0,"pct":100}}
,"D:\\Repositories\\starci-academy-backend\\.claude\\examples\\ecommerce-app-be\\src\\modules\\integrations\\order\\index.ts": {"lines":{"total":6,"covered":6,"skipped":0,"pct":100},"functions":{"total":2,"covered":2,"skipped":0,"pct":100},"statements":{"total":8,"covered":8,"skipped":0,"pct":100},"branches":{"total":0,"covered":0,"skipped":0,"pct":100}}
,"D:\\Repositories\\starci-academy-backend\\.claude\\examples\\ecommerce-app-be\\src\\modules\\integrations\\order\\order.client.ts": {"lines":{"total":29,"covered":28,"skipped":0,"pct":96.55},"functions":{"total":4,"covered":4,"skipped":0,"pct":100},"statements":{"total":35,"covered":31,"skipped":0,"pct":88.57},"branches":{"total":37,"covered":22,"skipped":0,"pct":59.45}}
,"D:\\Repositories\\starci-academy-backend\\.claude\\examples\\ecommerce-app-be\\src\\modules\\integrations\\order\\order.module.ts": {"lines":{"total":12,"covered":11,"skipped":0,"pct":91.66},"functions":{"total":1,"covered":1,"skipped":0,"pct":100},"statements":{"total":17,"covered":13,"skipped":0,"pct":76.47},"branches":{"total":22,"covered":8,"skipped":0,"pct":36.36}}
,"D:\\Repositories\\starci-academy-backend\\.claude\\examples\\ecommerce-app-be\\src\\modules\\platform\\caches\\redis\\primary\\index.ts": {"lines":{"total":6,"covered":6,"skipped":0,"pct":100},"functions":{"total":2,"covered":2,"skipped":0,"pct":100},"statements":{"total":8,"covered":8,"skipped":0,"pct":100},"branches":{"total":0,"covered":0,"skipped":0,"pct":100}}
,"D:\\Repositories\\starci-academy-backend\\.claude\\examples\\ecommerce-app-be\\src\\modules\\platform\\caches\\redis\\primary\\redis.client.ts": {"lines":{"total":47,"covered":46,"skipped":0,"pct":97.87},"functions":{"total":12,"covered":12,"skipped":0,"pct":100},"statements":{"total":54,"covered":50,"skipped":0,"pct":92.59},"branches":{"total":52,"covered":37,"skipped":0,"pct":71.15}}
,"D:\\Repositories\\starci-academy-backend\\.claude\\examples\\ecommerce-app-be\\src\\modules\\platform\\caches\\redis\\primary\\redis.module.ts": {"lines":{"total":12,"covered":11,"skipped":0,"pct":91.66},"functions":{"total":1,"covered":1,"skipped":0,"pct":100},"statements":{"total":17,"covered":13,"skipped":0,"pct":76.47},"branches":{"total":22,"covered":8,"skipped":0,"pct":36.36}}
,"D:\\Repositories\\starci-academy-backend\\.claude\\examples\\ecommerce-app-be\\src\\modules\\platform\\config\\identity\\app-config.service.ts": {"lines":{"total":52,"covered":51,"skipped":0,"pct":98.07},"functions":{"total":11,"covered":11,"skipped":0,"pct":100},"statements":{"total":58,"covered":54,"skipped":0,"pct":93.1},"branches":{"total":56,"covered":41,"skipped":0,"pct":73.21}}
,"D:\\Repositories\\starci-academy-backend\\.claude\\examples\\ecommerce-app-be\\src\\modules\\platform\\config\\identity\\config.module.ts": {"lines":{"total":12,"covered":11,"skipped":0,"pct":91.66},"functions":{"total":1,"covered":1,"skipped":0,"pct":100},"statements":{"total":17,"covered":13,"skipped":0,"pct":76.47},"branches":{"total":22,"covered":8,"skipped":0,"pct":36.36}}
,"D:\\Repositories\\starci-academy-backend\\.claude\\examples\\ecommerce-app-be\\src\\modules\\platform\\config\\identity\\index.ts": {"lines":{"total":7,"covered":7,"skipped":0,"pct":100},"functions":{"total":3,"covered":2,"skipped":0,"pct":66.66},"statements":{"total":10,"covered":9,"skipped":0,"pct":90},"branches":{"total":0,"covered":0,"skipped":0,"pct":100}}
,"D:\\Repositories\\starci-academy-backend\\.claude\\examples\\ecommerce-app-be\\src\\modules\\platform\\config\\order\\app-config.service.ts": {"lines":{"total":47,"covered":46,"skipped":0,"pct":97.87},"functions":{"total":9,"covered":9,"skipped":0,"pct":100},"statements":{"total":53,"covered":49,"skipped":0,"pct":92.45},"branches":{"total":51,"covered":36,"skipped":0,"pct":70.58}}
,"D:\\Repositories\\starci-academy-backend\\.claude\\examples\\ecommerce-app-be\\src\\modules\\platform\\config\\order\\config.module.ts": {"lines":{"total":12,"covered":11,"skipped":0,"pct":91.66},"functions":{"total":1,"covered":1,"skipped":0,"pct":100},"statements":{"total":17,"covered":13,"skipped":0,"pct":76.47},"branches":{"total":22,"covered":8,"skipped":0,"pct":36.36}}
,"D:\\Repositories\\starci-academy-backend\\.claude\\examples\\ecommerce-app-be\\src\\modules\\platform\\config\\order\\index.ts": {"lines":{"total":7,"covered":7,"skipped":0,"pct":100},"functions":{"total":3,"covered":2,"skipped":0,"pct":66.66},"statements":{"total":10,"covered":9,"skipped":0,"pct":90},"branches":{"total":0,"covered":0,"skipped":0,"pct":100}}
,"D:\\Repositories\\starci-academy-backend\\.claude\\examples\\ecommerce-app-be\\src\\modules\\platform\\databases\\postgresql\\identity\\index.ts": {"lines":{"total":10,"covered":10,"skipped":0,"pct":100},"functions":{"total":4,"covered":4,"skipped":0,"pct":100},"statements":{"total":14,"covered":14,"skipped":0,"pct":100},"branches":{"total":0,"covered":0,"skipped":0,"pct":100}}
,"D:\\Repositories\\starci-academy-backend\\.claude\\examples\\ecommerce-app-be\\src\\modules\\platform\\databases\\postgresql\\identity\\primary.client.ts": {"lines":{"total":20,"covered":19,"skipped":0,"pct":95},"functions":{"total":6,"covered":6,"skipped":0,"pct":100},"statements":{"total":27,"covered":23,"skipped":0,"pct":85.18},"branches":{"total":32,"covered":17,"skipped":0,"pct":53.12}}
,"D:\\Repositories\\starci-academy-backend\\.claude\\examples\\ecommerce-app-be\\src\\modules\\platform\\databases\\postgresql\\identity\\primary.module.ts": {"lines":{"total":18,"covered":17,"skipped":0,"pct":94.44},"functions":{"total":2,"covered":2,"skipped":0,"pct":100},"statements":{"total":23,"covered":19,"skipped":0,"pct":82.6},"branches":{"total":22,"covered":8,"skipped":0,"pct":36.36}}
,"D:\\Repositories\\starci-academy-backend\\.claude\\examples\\ecommerce-app-be\\src\\modules\\platform\\databases\\postgresql\\identity\\constants\\connection.ts": {"lines":{"total":3,"covered":3,"skipped":0,"pct":100},"functions":{"total":0,"covered":0,"skipped":0,"pct":100},"statements":{"total":3,"covered":3,"skipped":0,"pct":100},"branches":{"total":0,"covered":0,"skipped":0,"pct":100}}
,"D:\\Repositories\\starci-academy-backend\\.claude\\examples\\ecommerce-app-be\\src\\modules\\platform\\databases\\postgresql\\identity\\entities\\index.ts": {"lines":{"total":4,"covered":4,"skipped":0,"pct":100},"functions":{"total":1,"covered":1,"skipped":0,"pct":100},"statements":{"total":5,"covered":5,"skipped":0,"pct":100},"branches":{"total":0,"covered":0,"skipped":0,"pct":100}}
,"D:\\Repositories\\starci-academy-backend\\.claude\\examples\\ecommerce-app-be\\src\\modules\\platform\\databases\\postgresql\\identity\\entities\\person.entity.ts": {"lines":{"total":18,"covered":16,"skipped":0,"pct":88.88},"functions":{"total":3,"covered":2,"skipped":0,"pct":66.66},"statements":{"total":24,"covered":19,"skipped":0,"pct":79.16},"branches":{"total":29,"covered":17,"skipped":0,"pct":58.62}}
,"D:\\Repositories\\starci-academy-backend\\.claude\\examples\\ecommerce-app-be\\src\\modules\\platform\\databases\\postgresql\\identity\\migrations\\1789800000000-create-identity-tables.ts": {"lines":{"total":7,"covered":7,"skipped":0,"pct":100},"functions":{"total":3,"covered":3,"skipped":0,"pct":100},"statements":{"total":7,"covered":7,"skipped":0,"pct":100},"branches":{"total":0,"covered":0,"skipped":0,"pct":100}}
,"D:\\Repositories\\starci-academy-backend\\.claude\\examples\\ecommerce-app-be\\src\\modules\\platform\\databases\\postgresql\\order\\index.ts": {"lines":{"total":14,"covered":14,"skipped":0,"pct":100},"functions":{"total":8,"covered":8,"skipped":0,"pct":100},"statements":{"total":22,"covered":22,"skipped":0,"pct":100},"branches":{"total":0,"covered":0,"skipped":0,"pct":100}}
,"D:\\Repositories\\starci-academy-backend\\.claude\\examples\\ecommerce-app-be\\src\\modules\\platform\\databases\\postgresql\\order\\primary.client.ts": {"lines":{"total":20,"covered":19,"skipped":0,"pct":95},"functions":{"total":6,"covered":6,"skipped":0,"pct":100},"statements":{"total":27,"covered":23,"skipped":0,"pct":85.18},"branches":{"total":32,"covered":17,"skipped":0,"pct":53.12}}
,"D:\\Repositories\\starci-academy-backend\\.claude\\examples\\ecommerce-app-be\\src\\modules\\platform\\databases\\postgresql\\order\\primary.module.ts": {"lines":{"total":18,"covered":17,"skipped":0,"pct":94.44},"functions":{"total":2,"covered":2,"skipped":0,"pct":100},"statements":{"total":23,"covered":19,"skipped":0,"pct":82.6},"branches":{"total":22,"covered":8,"skipped":0,"pct":36.36}}
,"D:\\Repositories\\starci-academy-backend\\.claude\\examples\\ecommerce-app-be\\src\\modules\\platform\\databases\\postgresql\\order\\constants\\connection.ts": {"lines":{"total":3,"covered":3,"skipped":0,"pct":100},"functions":{"total":0,"covered":0,"skipped":0,"pct":100},"statements":{"total":3,"covered":3,"skipped":0,"pct":100},"branches":{"total":0,"covered":0,"skipped":0,"pct":100}}
,"D:\\Repositories\\starci-academy-backend\\.claude\\examples\\ecommerce-app-be\\src\\modules\\platform\\databases\\postgresql\\order\\entities\\cart-item.entity.ts": {"lines":{"total":17,"covered":16,"skipped":0,"pct":94.11},"functions":{"total":2,"covered":2,"skipped":0,"pct":100},"statements":{"total":23,"covered":19,"skipped":0,"pct":82.6},"branches":{"total":29,"covered":17,"skipped":0,"pct":58.62}}
,"D:\\Repositories\\starci-academy-backend\\.claude\\examples\\ecommerce-app-be\\src\\modules\\platform\\databases\\postgresql\\order\\entities\\index.ts": {"lines":{"total":12,"covered":12,"skipped":0,"pct":100},"functions":{"total":5,"covered":5,"skipped":0,"pct":100},"statements":{"total":17,"covered":17,"skipped":0,"pct":100},"branches":{"total":0,"covered":0,"skipped":0,"pct":100}}
,"D:\\Repositories\\starci-academy-backend\\.claude\\examples\\ecommerce-app-be\\src\\modules\\platform\\databases\\postgresql\\order\\entities\\order-line.entity.ts": {"lines":{"total":18,"covered":17,"skipped":0,"pct":94.44},"functions":{"total":2,"covered":2,"skipped":0,"pct":100},"statements":{"total":24,"covered":20,"skipped":0,"pct":83.33},"branches":{"total":29,"covered":17,"skipped":0,"pct":58.62}}
,"D:\\Repositories\\starci-academy-backend\\.claude\\examples\\ecommerce-app-be\\src\\modules\\platform\\databases\\postgresql\\order\\entities\\order.entity.ts": {"lines":{"total":19,"covered":18,"skipped":0,"pct":94.73},"functions":{"total":2,"covered":2,"skipped":0,"pct":100},"statements":{"total":25,"covered":21,"skipped":0,"pct":84},"branches":{"total":29,"covered":17,"skipped":0,"pct":58.62}}
,"D:\\Repositories\\starci-academy-backend\\.claude\\examples\\ecommerce-app-be\\src\\modules\\platform\\databases\\postgresql\\order\\entities\\payment.entity.ts": {"lines":{"total":19,"covered":18,"skipped":0,"pct":94.73},"functions":{"total":2,"covered":2,"skipped":0,"pct":100},"statements":{"total":25,"covered":21,"skipped":0,"pct":84},"branches":{"total":29,"covered":17,"skipped":0,"pct":58.62}}
,"D:\\Repositories\\starci-academy-backend\\.claude\\examples\\ecommerce-app-be\\src\\modules\\platform\\databases\\postgresql\\order\\entities\\product.entity.ts": {"lines":{"total":17,"covered":16,"skipped":0,"pct":94.11},"functions":{"total":2,"covered":2,"skipped":0,"pct":100},"statements":{"total":23,"covered":19,"skipped":0,"pct":82.6},"branches":{"total":29,"covered":17,"skipped":0,"pct":58.62}}
,"D:\\Repositories\\starci-academy-backend\\.claude\\examples\\ecommerce-app-be\\src\\modules\\platform\\databases\\postgresql\\order\\migrations\\1789800001000-create-order-tables.ts": {"lines":{"total":15,"covered":15,"skipped":0,"pct":100},"functions":{"total":3,"covered":3,"skipped":0,"pct":100},"statements":{"total":15,"covered":15,"skipped":0,"pct":100},"branches":{"total":0,"covered":0,"skipped":0,"pct":100}}
}
