TN:
SF:apps\identity\src\app.module.ts
FN:2,(anonymous_0)
FNF:1
FNH:1
FNDA:1,(anonymous_0)
DA:2,1
DA:3,1
DA:4,1
DA:5,0
DA:6,1
DA:8,1
DA:9,1
DA:10,1
DA:11,1
DA:12,1
DA:13,1
DA:14,1
DA:15,1
DA:16,1
DA:17,1
DA:26,1
DA:28,1
DA:29,1
LF:18
LH:17
BRDA:2,0,0,1
BRDA:2,0,1,1
BRDA:2,0,2,1
BRDA:3,1,0,1
BRDA:3,1,1,0
BRDA:3,2,0,0
BRDA:3,2,1,0
BRDA:4,3,0,1
BRDA:4,3,1,0
BRDA:4,4,0,1
BRDA:4,4,1,1
BRDA:5,5,0,0
BRDA:5,5,1,0
BRDA:5,6,0,0
BRDA:5,6,1,0
BRDA:5,7,0,0
BRDA:5,7,1,0
BRDA:5,8,0,0
BRDA:5,8,1,0
BRDA:6,9,0,1
BRDA:6,9,1,0
BRDA:6,9,2,0
BRF:22
BRH:8
end_of_record
TN:
SF:apps\order\src\app.module.ts
FN:2,(anonymous_0)
FNF:1
FNH:1
FNDA:1,(anonymous_0)
DA:2,1
DA:3,1
DA:4,1
DA:5,0
DA:6,1
DA:8,1
DA:9,1
DA:10,1
DA:11,1
DA:12,1
DA:13,1
DA:14,1
DA:15,1
DA:16,1
DA:17,1
DA:18,1
DA:25,1
DA:27,1
DA:28,1
LF:19
LH:18
BRDA:2,0,0,1
BRDA:2,0,1,1
BRDA:2,0,2,1
BRDA:3,1,0,1
BRDA:3,1,1,0
BRDA:3,2,0,0
BRDA:3,2,1,0
BRDA:4,3,0,1
BRDA:4,3,1,0
BRDA:4,4,0,1
BRDA:4,4,1,1
BRDA:5,5,0,0
BRDA:5,5,1,0
BRDA:5,6,0,0
BRDA:5,6,1,0
BRDA:5,7,0,0
BRDA:5,7,1,0
BRDA:5,8,0,0
BRDA:5,8,1,0
BRDA:6,9,0,1
BRDA:6,9,1,0
BRDA:6,9,2,0
BRF:22
BRH:8
end_of_record
TN:
SF:src\features\checkout\checkout.module.ts
FN:2,(anonymous_0)
FNF:1
FNH:1
FNDA:2,(anonymous_0)
DA:2,2
DA:3,2
DA:4,2
DA:5,0
DA:6,2
DA:8,2
DA:9,2
DA:10,2
DA:11,2
DA:12,2
DA:13,2
DA:14,2
DA:15,2
DA:16,2
DA:17,2
DA:18,2
DA:19,2
DA:20,2
DA:21,2
DA:27,2
DA:29,2
DA:30,2
LF:22
LH:21
BRDA:2,0,0,2
BRDA:2,0,1,2
BRDA:2,0,2,2
BRDA:3,1,0,2
BRDA:3,1,1,0
BRDA:3,2,0,0
BRDA:3,2,1,0
BRDA:4,3,0,2
BRDA:4,3,1,0
BRDA:4,4,0,2
BRDA:4,4,1,2
BRDA:5,5,0,0
BRDA:5,5,1,0
BRDA:5,6,0,0
BRDA:5,6,1,0
BRDA:5,7,0,0
BRDA:5,7,1,0
BRDA:5,8,0,0
BRDA:5,8,1,0
BRDA:6,9,0,2
BRDA:6,9,1,0
BRDA:6,9,2,0
BRF:22
BRH:8
end_of_record
TN:
SF:src\features\checkout\transport\http\buyer.controller.ts
FN:2,(anonymous_0)
FN:8,(anonymous_1)
FN:11,(anonymous_2)
FN:12,(anonymous_3)
FN:26,(anonymous_4)
FN:29,(anonymous_5)
FNF:6
FNH:6
FNDA:6,(anonymous_0)
FNDA:12,(anonymous_1)
FNDA:3,(anonymous_2)
FNDA:3,(anonymous_3)
FNDA:4,(anonymous_4)
FNDA:2,(anonymous_5)
DA:2,3
DA:3,6
DA:4,6
DA:5,0
DA:6,6
DA:8,3
DA:9,12
DA:11,3
DA:12,3
DA:14,3
DA:15,3
DA:16,3
DA:17,3
DA:25,3
DA:27,4
DA:30,2
DA:33,3
DA:34,3
DA:41,3
LF:19
LH:18
BRDA:2,0,0,3
BRDA:2,0,1,3
BRDA:2,0,2,3
BRDA:3,1,0,3
BRDA:3,1,1,3
BRDA:3,2,0,3
BRDA:3,2,1,0
BRDA:4,3,0,6
BRDA:4,3,1,0
BRDA:4,4,0,6
BRDA:4,4,1,6
BRDA:5,5,0,0
BRDA:5,5,1,0
BRDA:5,6,0,0
BRDA:5,6,1,0
BRDA:5,7,0,0
BRDA:5,7,1,0
BRDA:5,8,0,0
BRDA:5,8,1,0
BRDA:6,9,0,6
BRDA:6,9,1,3
BRDA:6,9,2,3
BRDA:8,10,0,3
BRDA:8,10,1,3
BRDA:8,10,2,3
BRDA:9,11,0,12
BRDA:9,11,1,0
BRDA:9,12,0,12
BRDA:9,12,1,12
BRDA:11,13,0,3
BRDA:11,13,1,3
BRDA:11,13,2,3
BRF:32
BRH:21
end_of_record
TN:
SF:src\features\checkout\transport\http\cart.controller.ts
FN:2,(anonymous_0)
FN:8,(anonymous_1)
FN:11,(anonymous_2)
FN:12,(anonymous_3)
FN:21,(anonymous_4)
FN:25,(anonymous_5)
FN:31,(anonymous_6)
FN:44,(anonymous_7)
FN:50,(anonymous_8)
FNF:9
FNH:9
FNDA:12,(anonymous_0)
FNDA:30,(anonymous_1)
FNDA:12,(anonymous_2)
FNDA:12,(anonymous_3)
FNDA:14,(anonymous_4)
FNDA:2,(anonymous_5)
FNDA:9,(anonymous_6)
FNDA:1,(anonymous_7)
FNDA:12,(anonymous_8)
DA:2,3
DA:3,12
DA:4,12
DA:5,0
DA:6,12
DA:8,3
DA:9,30
DA:11,3
DA:12,12
DA:14,3
DA:15,3
DA:16,3
DA:17,3
DA:18,3
DA:19,3
DA:20,3
DA:22,14
DA:23,14
DA:26,2
DA:27,1
DA:32,9
DA:33,9
DA:34,9
DA:35,9
DA:36,8
DA:40,1
DA:45,1
DA:46,1
DA:51,12
DA:52,1
DA:56,11
DA:59,3
DA:60,3
DA:67,3
DA:75,3
DA:82,3
LF:36
LH:35
BRDA:2,0,0,3
BRDA:2,0,1,3
BRDA:2,0,2,3
BRDA:3,1,0,3
BRDA:3,1,1,9
BRDA:3,2,0,9
BRDA:3,2,1,0
BRDA:4,3,0,12
BRDA:4,3,1,0
BRDA:4,4,0,12
BRDA:4,4,1,12
BRDA:5,5,0,0
BRDA:5,5,1,0
BRDA:5,6,0,0
BRDA:5,6,1,0
BRDA:5,7,0,0
BRDA:5,7,1,0
BRDA:5,8,0,0
BRDA:5,8,1,0
BRDA:6,9,0,12
BRDA:6,9,1,9
BRDA:6,9,2,9
BRDA:8,10,0,3
BRDA:8,10,1,3
BRDA:8,10,2,3
BRDA:9,11,0,30
BRDA:9,11,1,0
BRDA:9,12,0,30
BRDA:9,12,1,30
BRDA:11,13,0,3
BRDA:11,13,1,3
BRDA:11,13,2,3
BRDA:33,14,0,7
BRDA:33,14,1,2
BRDA:34,15,0,6
BRDA:34,15,1,3
BRDA:34,16,0,9
BRDA:34,16,1,7
BRDA:35,17,0,8
BRDA:35,17,1,1
BRDA:35,18,0,9
BRDA:35,18,1,6
BRDA:51,19,0,1
BRDA:51,19,1,11
BRF:44
BRH:33
end_of_record
TN:
SF:src\features\checkout\transport\http\health.controller.ts
FN:2,(anonymous_0)
FN:8,(anonymous_1)
FN:19,(anonymous_2)
FN:23,(anonymous_3)
FNF:4
FNH:4
FNDA:6,(anonymous_0)
FNDA:12,(anonymous_1)
FNDA:5,(anonymous_2)
FNDA:3,(anonymous_3)
DA:2,3
DA:3,6
DA:4,6
DA:5,0
DA:6,6
DA:8,3
DA:9,12
DA:11,3
DA:12,3
DA:13,3
DA:14,3
DA:15,3
DA:18,3
DA:20,5
DA:21,5
DA:24,3
DA:27,3
DA:28,3
DA:31,1
DA:33,3
DA:34,1
DA:36,3
DA:37,2
DA:41,1
DA:48,3
DA:49,3
DA:55,3
LF:27
LH:26
BRDA:2,0,0,3
BRDA:2,0,1,3
BRDA:2,0,2,3
BRDA:3,1,0,3
BRDA:3,1,1,3
BRDA:3,2,0,3
BRDA:3,2,1,0
BRDA:4,3,0,6
BRDA:4,3,1,0
BRDA:4,4,0,6
BRDA:4,4,1,6
BRDA:5,5,0,0
BRDA:5,5,1,0
BRDA:5,6,0,0
BRDA:5,6,1,0
BRDA:5,7,0,0
BRDA:5,7,1,0
BRDA:5,8,0,0
BRDA:5,8,1,0
BRDA:6,9,0,6
BRDA:6,9,1,3
BRDA:6,9,2,3
BRDA:8,10,0,3
BRDA:8,10,1,3
BRDA:8,10,2,3
BRDA:9,11,0,12
BRDA:9,11,1,0
BRDA:9,12,0,12
BRDA:9,12,1,12
BRDA:33,13,0,1
BRDA:33,13,1,2
BRDA:36,14,0,2
BRDA:36,14,1,1
BRDA:36,15,0,3
BRDA:36,15,1,2
BRF:35
BRH:24
end_of_record
TN:
SF:src\features\checkout\transport\http\order.controller.ts
FN:2,(anonymous_0)
FN:8,(anonymous_1)
FN:11,(anonymous_2)
FN:12,(anonymous_3)
FN:20,(anonymous_4)
FN:29,(anonymous_5)
FNF:6
FNH:6
FNDA:6,(anonymous_0)
FNDA:12,(anonymous_1)
FNDA:3,(anonymous_2)
FNDA:3,(anonymous_3)
FNDA:9,(anonymous_4)
FNDA:7,(anonymous_5)
DA:2,3
DA:3,6
DA:4,6
DA:5,0
DA:6,6
DA:8,3
DA:9,12
DA:11,3
DA:12,3
DA:14,3
DA:15,3
DA:16,3
DA:17,3
DA:18,3
DA:19,3
DA:21,9
DA:30,7
DA:31,1
DA:35,6
DA:36,6
DA:37,6
DA:40,3
DA:41,3
DA:48,3
LF:24
LH:23
BRDA:2,0,0,3
BRDA:2,0,1,3
BRDA:2,0,2,3
BRDA:3,1,0,3
BRDA:3,1,1,3
BRDA:3,2,0,3
BRDA:3,2,1,0
BRDA:4,3,0,6
BRDA:4,3,1,0
BRDA:4,4,0,6
BRDA:4,4,1,6
BRDA:5,5,0,0
BRDA:5,5,1,0
BRDA:5,6,0,0
BRDA:5,6,1,0
BRDA:5,7,0,0
BRDA:5,7,1,0
BRDA:5,8,0,0
BRDA:5,8,1,0
BRDA:6,9,0,6
BRDA:6,9,1,3
BRDA:6,9,2,3
BRDA:8,10,0,3
BRDA:8,10,1,3
BRDA:8,10,2,3
BRDA:9,11,0,12
BRDA:9,11,1,0
BRDA:9,12,0,12
BRDA:9,12,1,12
BRDA:11,13,0,3
BRDA:11,13,1,3
BRDA:11,13,2,3
BRDA:30,14,0,1
BRDA:30,14,1,6
BRDA:36,15,0,1
BRDA:36,15,1,5
BRDA:36,16,0,6
BRDA:36,16,1,3
BRF:38
BRH:27
end_of_record
TN:
SF:src\features\checkout\transport\http\session.guard.ts
FN:2,(anonymous_0)
FN:8,(anonymous_1)
FN:23,(anonymous_2)
FN:26,(anonymous_3)
FNF:4
FNH:4
FNDA:5,(anonymous_0)
FNDA:5,(anonymous_1)
FNDA:30,(anonymous_2)
FNDA:12,(anonymous_3)
DA:2,5
DA:3,5
DA:4,5
DA:5,0
DA:6,5
DA:8,5
DA:9,5
DA:11,5
DA:12,5
DA:13,5
DA:14,5
DA:22,5
DA:24,30
DA:27,12
DA:28,12
DA:29,12
DA:30,12
DA:31,7
DA:35,5
DA:36,4
DA:37,2
DA:41,2
DA:44,2
DA:47,5
DA:48,5
LF:25
LH:24
BRDA:2,0,0,5
BRDA:2,0,1,5
BRDA:2,0,2,5
BRDA:3,1,0,5
BRDA:3,1,1,0
BRDA:3,2,0,0
BRDA:3,2,1,0
BRDA:4,3,0,5
BRDA:4,3,1,0
BRDA:4,4,0,5
BRDA:4,4,1,5
BRDA:5,5,0,0
BRDA:5,5,1,0
BRDA:5,6,0,0
BRDA:5,6,1,0
BRDA:5,7,0,0
BRDA:5,7,1,0
BRDA:5,8,0,0
BRDA:5,8,1,0
BRDA:6,9,0,5
BRDA:6,9,1,0
BRDA:6,9,2,0
BRDA:8,10,0,5
BRDA:8,10,1,5
BRDA:8,10,2,5
BRDA:9,11,0,5
BRDA:9,11,1,0
BRDA:9,12,0,5
BRDA:9,12,1,5
BRDA:28,13,0,12
BRDA:28,13,1,2
BRDA:29,14,0,8
BRDA:29,14,1,4
BRDA:30,15,0,7
BRDA:30,15,1,5
BRDA:36,16,0,2
BRDA:36,16,1,2
BRF:37
BRH:22
end_of_record
TN:
SF:src\features\identity\identity.module.ts
FN:2,(anonymous_0)
FNF:1
FNH:1
FNDA:1,(anonymous_0)
DA:2,1
DA:3,1
DA:4,1
DA:5,0
DA:6,1
DA:8,1
DA:9,1
DA:10,1
DA:11,1
DA:12,1
DA:13,1
DA:14,1
DA:15,1
DA:16,1
DA:17,1
DA:18,1
DA:19,1
DA:26,1
DA:28,1
DA:29,1
LF:20
LH:19
BRDA:2,0,0,1
BRDA:2,0,1,1
BRDA:2,0,2,1
BRDA:3,1,0,1
BRDA:3,1,1,0
BRDA:3,2,0,0
BRDA:3,2,1,0
BRDA:4,3,0,1
BRDA:4,3,1,0
BRDA:4,4,0,1
BRDA:4,4,1,1
BRDA:5,5,0,0
BRDA:5,5,1,0
BRDA:5,6,0,0
BRDA:5,6,1,0
BRDA:5,7,0,0
BRDA:5,7,1,0
BRDA:5,8,0,0
BRDA:5,8,1,0
BRDA:6,9,0,1
BRDA:6,9,1,0
BRDA:6,9,2,0
BRF:22
BRH:8
end_of_record
TN:
SF:src\features\identity\transport\http\account.controller.ts
FN:2,(anonymous_0)
FN:8,(anonymous_1)
FN:11,(anonymous_2)
FN:12,(anonymous_3)
FN:26,(anonymous_4)
FN:30,(anonymous_5)
FNF:6
FNH:6
FNDA:4,(anonymous_0)
FNDA:8,(anonymous_1)
FNDA:2,(anonymous_2)
FNDA:2,(anonymous_3)
FNDA:4,(anonymous_4)
FNDA:3,(anonymous_5)
DA:2,2
DA:3,4
DA:4,4
DA:5,0
DA:6,4
DA:8,2
DA:9,8
DA:11,2
DA:12,2
DA:14,2
DA:15,2
DA:16,2
DA:17,2
DA:18,2
DA:25,2
DA:27,4
DA:28,4
DA:31,3
DA:32,3
DA:33,1
DA:37,2
DA:38,1
DA:43,2
DA:44,2
DA:51,2
LF:25
LH:24
BRDA:2,0,0,2
BRDA:2,0,1,2
BRDA:2,0,2,2
BRDA:3,1,0,2
BRDA:3,1,1,2
BRDA:3,2,0,2
BRDA:3,2,1,0
BRDA:4,3,0,4
BRDA:4,3,1,0
BRDA:4,4,0,4
BRDA:4,4,1,4
BRDA:5,5,0,0
BRDA:5,5,1,0
BRDA:5,6,0,0
BRDA:5,6,1,0
BRDA:5,7,0,0
BRDA:5,7,1,0
BRDA:5,8,0,0
BRDA:5,8,1,0
BRDA:6,9,0,4
BRDA:6,9,1,2
BRDA:6,9,2,2
BRDA:8,10,0,2
BRDA:8,10,1,2
BRDA:8,10,2,2
BRDA:9,11,0,8
BRDA:9,11,1,0
BRDA:9,12,0,8
BRDA:9,12,1,8
BRDA:11,13,0,2
BRDA:11,13,1,2
BRDA:11,13,2,2
BRDA:32,14,0,1
BRDA:32,14,1,2
BRF:34
BRH:23
end_of_record
TN:
SF:src\features\identity\transport\http\health.controller.ts
FN:2,(anonymous_0)
FN:8,(anonymous_1)
FN:19,(anonymous_2)
FN:23,(anonymous_3)
FNF:4
FNH:4
FNDA:4,(anonymous_0)
FNDA:8,(anonymous_1)
FNDA:5,(anonymous_2)
FNDA:4,(anonymous_3)
DA:2,2
DA:3,4
DA:4,4
DA:5,0
DA:6,4
DA:8,2
DA:9,8
DA:11,2
DA:12,2
DA:13,2
DA:14,2
DA:15,2
DA:18,2
DA:20,5
DA:21,5
DA:24,4
DA:27,4
DA:28,4
DA:31,2
DA:33,4
DA:34,4
DA:37,2
DA:39,4
DA:40,3
DA:44,1
DA:51,2
DA:52,2
DA:58,2
LF:28
LH:27
BRDA:2,0,0,2
BRDA:2,0,1,2
BRDA:2,0,2,2
BRDA:3,1,0,2
BRDA:3,1,1,2
BRDA:3,2,0,2
BRDA:3,2,1,0
BRDA:4,3,0,4
BRDA:4,3,1,0
BRDA:4,4,0,4
BRDA:4,4,1,4
BRDA:5,5,0,0
BRDA:5,5,1,0
BRDA:5,6,0,0
BRDA:5,6,1,0
BRDA:5,7,0,0
BRDA:5,7,1,0
BRDA:5,8,0,0
BRDA:5,8,1,0
BRDA:6,9,0,4
BRDA:6,9,1,2
BRDA:6,9,2,2
BRDA:8,10,0,2
BRDA:8,10,1,2
BRDA:8,10,2,2
BRDA:9,11,0,8
BRDA:9,11,1,0
BRDA:9,12,0,8
BRDA:9,12,1,8
BRDA:39,13,0,3
BRDA:39,13,1,1
BRDA:39,14,0,4
BRDA:39,14,1,2
BRF:33
BRH:22
end_of_record
TN:
SF:src\features\identity\transport\http\session.controller.ts
FN:2,(anonymous_0)
FN:8,(anonymous_1)
FN:11,(anonymous_2)
FN:12,(anonymous_3)
FN:24,(anonymous_4)
FN:27,(anonymous_5)
FN:39,(anonymous_6)
FNF:7
FNH:7
FNDA:6,(anonymous_0)
FNDA:14,(anonymous_1)
FNDA:4,(anonymous_2)
FNDA:4,(anonymous_3)
FNDA:9,(anonymous_4)
FNDA:5,(anonymous_5)
FNDA:3,(anonymous_6)
DA:2,2
DA:3,6
DA:4,6
DA:5,0
DA:6,6
DA:8,2
DA:9,14
DA:11,2
DA:12,4
DA:14,2
DA:15,2
DA:16,2
DA:17,2
DA:23,2
DA:25,9
DA:28,5
DA:29,5
DA:30,5
DA:31,4
DA:35,1
DA:40,3
DA:41,3
DA:42,2
DA:46,1
DA:47,1
DA:52,2
DA:53,2
DA:60,2
DA:67,2
LF:29
LH:28
BRDA:2,0,0,2
BRDA:2,0,1,2
BRDA:2,0,2,2
BRDA:3,1,0,2
BRDA:3,1,1,4
BRDA:3,2,0,4
BRDA:3,2,1,0
BRDA:4,3,0,6
BRDA:4,3,1,0
BRDA:4,4,0,6
BRDA:4,4,1,6
BRDA:5,5,0,0
BRDA:5,5,1,0
BRDA:5,6,0,0
BRDA:5,6,1,0
BRDA:5,7,0,0
BRDA:5,7,1,0
BRDA:5,8,0,0
BRDA:5,8,1,0
BRDA:6,9,0,6
BRDA:6,9,1,4
BRDA:6,9,2,4
BRDA:8,10,0,2
BRDA:8,10,1,2
BRDA:8,10,2,2
BRDA:9,11,0,14
BRDA:9,11,1,0
BRDA:9,12,0,14
BRDA:9,12,1,14
BRDA:11,13,0,2
BRDA:11,13,1,2
BRDA:11,13,2,2
BRDA:28,14,0,3
BRDA:28,14,1,2
BRDA:30,15,0,4
BRDA:30,15,1,1
BRDA:40,16,0,1
BRDA:40,16,1,2
BRDA:41,17,0,2
BRDA:41,17,1,1
BRF:40
BRH:29
end_of_record
TN:
SF:src\features\identity\transport\http\sign-in.controller.ts
FN:2,(anonymous_0)
FN:8,(anonymous_1)
FN:11,(anonymous_2)
FN:12,(anonymous_3)
FN:20,(anonymous_4)
FN:26,(anonymous_5)
FN:47,(anonymous_6)
FNF:7
FNH:7
FNDA:6,(anonymous_0)
FNDA:14,(anonymous_1)
FNDA:4,(anonymous_2)
FNDA:4,(anonymous_3)
FNDA:10,(anonymous_4)
FNDA:6,(anonymous_5)
FNDA:5,(anonymous_6)
DA:2,2
DA:3,6
DA:4,6
DA:5,0
DA:6,6
DA:8,2
DA:9,14
DA:11,2
DA:12,4
DA:14,2
DA:15,2
DA:16,2
DA:17,2
DA:18,2
DA:19,2
DA:21,10
DA:22,10
DA:27,6
DA:28,6
DA:29,6
DA:30,4
DA:34,2
DA:35,2
DA:36,1
DA:40,1
DA:48,5
DA:49,5
DA:50,5
DA:51,1
DA:55,4
DA:56,4
DA:57,2
DA:61,2
DA:64,2
DA:65,2
DA:72,2
DA:79,2
LF:37
LH:36
BRDA:2,0,0,2
BRDA:2,0,1,2
BRDA:2,0,2,2
BRDA:3,1,0,2
BRDA:3,1,1,4
BRDA:3,2,0,4
BRDA:3,2,1,0
BRDA:4,3,0,6
BRDA:4,3,1,0
BRDA:4,4,0,6
BRDA:4,4,1,6
BRDA:5,5,0,0
BRDA:5,5,1,0
BRDA:5,6,0,0
BRDA:5,6,1,0
BRDA:5,7,0,0
BRDA:5,7,1,0
BRDA:5,8,0,0
BRDA:5,8,1,0
BRDA:6,9,0,6
BRDA:6,9,1,4
BRDA:6,9,2,4
BRDA:8,10,0,2
BRDA:8,10,1,2
BRDA:8,10,2,2
BRDA:9,11,0,14
BRDA:9,11,1,0
BRDA:9,12,0,14
BRDA:9,12,1,14
BRDA:11,13,0,2
BRDA:11,13,1,2
BRDA:11,13,2,2
BRDA:27,14,0,4
BRDA:27,14,1,2
BRDA:28,15,0,5
BRDA:28,15,1,1
BRDA:29,16,0,4
BRDA:29,16,1,2
BRDA:29,17,0,6
BRDA:29,17,1,3
BRDA:35,18,0,1
BRDA:35,18,1,1
BRDA:48,19,0,5
BRDA:48,19,1,0
BRDA:49,20,0,4
BRDA:49,20,1,1
BRDA:50,21,0,1
BRDA:50,21,1,4
BRDA:50,22,0,5
BRDA:50,22,1,5
BRDA:56,23,0,2
BRDA:56,23,1,2
BRF:52
BRH:40
end_of_record
TN:
SF:src\modules\bussiness\account\account.module.ts
FN:2,(anonymous_0)
FNF:1
FNH:1
FNDA:3,(anonymous_0)
DA:2,3
DA:3,3
DA:4,3
DA:5,0
DA:6,3
DA:8,3
DA:9,3
DA:10,3
DA:11,3
DA:12,3
DA:13,3
DA:14,3
DA:15,3
DA:17,3
DA:18,3
LF:15
LH:14
BRDA:2,0,0,3
BRDA:2,0,1,3
BRDA:2,0,2,3
BRDA:3,1,0,3
BRDA:3,1,1,0
BRDA:3,2,0,0
BRDA:3,2,1,0
BRDA:4,3,0,3
BRDA:4,3,1,0
BRDA:4,4,0,3
BRDA:4,4,1,3
BRDA:5,5,0,0
BRDA:5,5,1,0
BRDA:5,6,0,0
BRDA:5,6,1,0
BRDA:5,7,0,0
BRDA:5,7,1,0
BRDA:5,8,0,0
BRDA:5,8,1,0
BRDA:6,9,0,3
BRDA:6,9,1,0
BRDA:6,9,2,0
BRF:22
BRH:8
end_of_record
TN:
SF:src\modules\bussiness\account\account.service.ts
FN:2,(anonymous_0)
FN:8,(anonymous_1)
FN:11,(anonymous_2)
FN:12,(anonymous_3)
FN:24,(anonymous_4)
FN:28,(anonymous_5)
FN:39,(anonymous_6)
FN:51,(anonymous_7)
FNF:8
FNH:8
FNDA:4,(anonymous_0)
FNDA:4,(anonymous_1)
FNDA:4,(anonymous_2)
FNDA:4,(anonymous_3)
FNDA:7,(anonymous_4)
FNDA:3,(anonymous_5)
FNDA:2,(anonymous_6)
FNDA:2,(anonymous_7)
DA:2,4
DA:3,4
DA:4,4
DA:5,0
DA:6,4
DA:8,4
DA:9,4
DA:11,4
DA:12,4
DA:14,4
DA:15,4
DA:16,4
DA:17,4
DA:18,4
DA:19,4
DA:20,4
DA:23,4
DA:25,7
DA:26,7
DA:29,3
DA:32,3
DA:33,1
DA:34,2
DA:40,2
DA:41,2
DA:42,2
DA:43,2
DA:44,2
DA:45,1
DA:48,1
DA:52,2
DA:55,2
DA:60,4
DA:61,4
LF:34
LH:33
BRDA:2,0,0,4
BRDA:2,0,1,4
BRDA:2,0,2,4
BRDA:3,1,0,4
BRDA:3,1,1,0
BRDA:3,2,0,0
BRDA:3,2,1,0
BRDA:4,3,0,4
BRDA:4,3,1,0
BRDA:4,4,0,4
BRDA:4,4,1,4
BRDA:5,5,0,0
BRDA:5,5,1,0
BRDA:5,6,0,0
BRDA:5,6,1,0
BRDA:5,7,0,0
BRDA:5,7,1,0
BRDA:5,8,0,0
BRDA:5,8,1,0
BRDA:6,9,0,4
BRDA:6,9,1,0
BRDA:6,9,2,0
BRDA:8,10,0,4
BRDA:8,10,1,4
BRDA:8,10,2,4
BRDA:9,11,0,4
BRDA:9,11,1,0
BRDA:9,12,0,4
BRDA:9,12,1,4
BRDA:11,13,0,4
BRDA:11,13,1,4
BRDA:11,13,2,4
BRDA:32,14,0,1
BRDA:32,14,1,2
BRDA:34,15,0,1
BRDA:34,15,1,1
BRDA:55,16,0,1
BRDA:55,16,1,1
BRF:38
BRH:23
end_of_record
TN:
SF:src\modules\bussiness\account\index.ts
FN:5,(anonymous_0)
FN:7,(anonymous_1)
FNF:2
FNH:2
FNDA:2,(anonymous_0)
FNDA:17,(anonymous_1)
DA:2,3
DA:3,3
DA:4,3
DA:5,3
DA:6,3
DA:7,17
LF:6
LH:6
BRF:0
BRH:0
end_of_record
TN:
SF:src\modules\bussiness\account\password.policy.ts
FN:2,(anonymous_0)
FN:20,(anonymous_1)
FN:23,(anonymous_2)
FNF:3
FNH:3
FNDA:5,(anonymous_0)
FNDA:6,(anonymous_1)
FNDA:9,(anonymous_2)
DA:2,5
DA:3,5
DA:4,5
DA:5,0
DA:6,5
DA:8,5
DA:9,5
DA:10,5
DA:11,5
DA:18,5
DA:19,5
DA:21,6
DA:24,9
DA:25,9
DA:26,9
DA:27,2
DA:28,7
DA:31,5
DA:32,5
LF:19
LH:18
BRDA:2,0,0,5
BRDA:2,0,1,5
BRDA:2,0,2,5
BRDA:3,1,0,5
BRDA:3,1,1,0
BRDA:3,2,0,0
BRDA:3,2,1,0
BRDA:4,3,0,5
BRDA:4,3,1,0
BRDA:4,4,0,5
BRDA:4,4,1,5
BRDA:5,5,0,0
BRDA:5,5,1,0
BRDA:5,6,0,0
BRDA:5,6,1,0
BRDA:5,7,0,0
BRDA:5,7,1,0
BRDA:5,8,0,0
BRDA:5,8,1,0
BRDA:6,9,0,5
BRDA:6,9,1,0
BRDA:6,9,2,0
BRDA:26,10,0,2
BRDA:26,10,1,7
BRF:24
BRH:10
end_of_record
TN:
SF:src\modules\bussiness\cart\cart.module.ts
FN:2,(anonymous_0)
FNF:1
FNH:1
FNDA:6,(anonymous_0)
DA:2,6
DA:3,6
DA:4,6
DA:5,0
DA:6,6
DA:8,6
DA:9,6
DA:10,6
DA:11,6
DA:12,6
DA:13,6
DA:14,6
DA:16,6
DA:17,6
LF:14
LH:13
BRDA:2,0,0,6
BRDA:2,0,1,6
BRDA:2,0,2,6
BRDA:3,1,0,6
BRDA:3,1,1,0
BRDA:3,2,0,0
BRDA:3,2,1,0
BRDA:4,3,0,6
BRDA:4,3,1,0
BRDA:4,4,0,6
BRDA:4,4,1,6
BRDA:5,5,0,0
BRDA:5,5,1,0
BRDA:5,6,0,0
BRDA:5,6,1,0
BRDA:5,7,0,0
BRDA:5,7,1,0
BRDA:5,8,0,0
BRDA:5,8,1,0
BRDA:6,9,0,6
BRDA:6,9,1,0
BRDA:6,9,2,0
BRF:22
BRH:8
end_of_record
TN:
SF:src\modules\bussiness\cart\cart.service.ts
FN:2,(anonymous_0)
FN:8,(anonymous_1)
FN:11,(anonymous_2)
FN:12,(anonymous_3)
FN:23,(anonymous_4)
FN:26,(anonymous_5)
FN:34,(anonymous_6)
FN:38,(anonymous_7)
FN:59,(anonymous_8)
FNF:9
FNH:9
FNDA:7,(anonymous_0)
FNDA:7,(anonymous_1)
FNDA:7,(anonymous_2)
FNDA:7,(anonymous_3)
FNDA:9,(anonymous_4)
FNDA:2,(anonymous_5)
FNDA:2,(anonymous_6)
FNDA:5,(anonymous_7)
FNDA:1,(anonymous_8)
DA:2,7
DA:3,7
DA:4,7
DA:5,0
DA:6,7
DA:8,7
DA:9,7
DA:11,7
DA:12,7
DA:14,7
DA:15,7
DA:16,7
DA:17,7
DA:18,7
DA:19,7
DA:22,7
DA:24,9
DA:27,2
DA:34,2
DA:39,5
DA:42,4
DA:43,4
DA:44,1
DA:51,3
DA:55,3
DA:60,1
DA:65,7
DA:66,7
LF:28
LH:27
BRDA:2,0,0,7
BRDA:2,0,1,7
BRDA:2,0,2,7
BRDA:3,1,0,7
BRDA:3,1,1,0
BRDA:3,2,0,0
BRDA:3,2,1,0
BRDA:4,3,0,7
BRDA:4,3,1,0
BRDA:4,4,0,7
BRDA:4,4,1,7
BRDA:5,5,0,0
BRDA:5,5,1,0
BRDA:5,6,0,0
BRDA:5,6,1,0
BRDA:5,7,0,0
BRDA:5,7,1,0
BRDA:5,8,0,0
BRDA:5,8,1,0
BRDA:6,9,0,7
BRDA:6,9,1,0
BRDA:6,9,2,0
BRDA:8,10,0,7
BRDA:8,10,1,7
BRDA:8,10,2,7
BRDA:9,11,0,7
BRDA:9,11,1,0
BRDA:9,12,0,7
BRDA:9,12,1,7
BRDA:11,13,0,7
BRDA:11,13,1,7
BRDA:11,13,2,7
BRDA:42,14,0,4
BRDA:42,14,1,3
BRDA:43,15,0,1
BRDA:43,15,1,3
BRF:36
BRH:21
end_of_record
TN:
SF:src\modules\bussiness\cart\index.ts
FN:5,(anonymous_0)
FN:7,(anonymous_1)
FNF:2
FNH:2
FNDA:7,(anonymous_0)
FNDA:32,(anonymous_1)
DA:2,6
DA:3,6
DA:4,6
DA:5,7
DA:6,6
DA:7,32
LF:6
LH:6
BRF:0
BRH:0
end_of_record
TN:
SF:src\modules\bussiness\catalog\catalog.module.ts
FN:2,(anonymous_0)
FNF:1
FNH:1
FNDA:6,(anonymous_0)
DA:2,6
DA:3,6
DA:4,6
DA:5,0
DA:6,6
DA:8,6
DA:9,6
DA:10,6
DA:11,6
DA:12,6
DA:13,6
DA:14,6
DA:16,6
DA:17,6
LF:14
LH:13
BRDA:2,0,0,6
BRDA:2,0,1,6
BRDA:2,0,2,6
BRDA:3,1,0,6
BRDA:3,1,1,0
BRDA:3,2,0,0
BRDA:3,2,1,0
BRDA:4,3,0,6
BRDA:4,3,1,0
BRDA:4,4,0,6
BRDA:4,4,1,6
BRDA:5,5,0,0
BRDA:5,5,1,0
BRDA:5,6,0,0
BRDA:5,6,1,0
BRDA:5,7,0,0
BRDA:5,7,1,0
BRDA:5,8,0,0
BRDA:5,8,1,0
BRDA:6,9,0,6
BRDA:6,9,1,0
BRDA:6,9,2,0
BRF:22
BRH:8
end_of_record
TN:
SF:src\modules\bussiness\catalog\catalog.service.ts
FN:2,(anonymous_0)
FN:8,(anonymous_1)
FN:11,(anonymous_2)
FN:12,(anonymous_3)
FN:23,(anonymous_4)
FN:26,(anonymous_5)
FN:32,(anonymous_6)
FN:36,(anonymous_7)
FNF:8
FNH:8
FNDA:7,(anonymous_0)
FNDA:7,(anonymous_1)
FNDA:7,(anonymous_2)
FNDA:7,(anonymous_3)
FNDA:7,(anonymous_4)
FNDA:2,(anonymous_5)
FNDA:3,(anonymous_6)
FNDA:3,(anonymous_7)
DA:2,7
DA:3,7
DA:4,7
DA:5,0
DA:6,7
DA:8,7
DA:9,7
DA:11,7
DA:12,7
DA:14,7
DA:15,7
DA:16,7
DA:17,7
DA:18,7
DA:19,7
DA:22,7
DA:24,7
DA:27,2
DA:32,3
DA:37,3
DA:40,3
DA:41,3
DA:42,2
DA:46,3
DA:49,7
DA:50,7
LF:26
LH:25
BRDA:2,0,0,7
BRDA:2,0,1,7
BRDA:2,0,2,7
BRDA:3,1,0,7
BRDA:3,1,1,0
BRDA:3,2,0,0
BRDA:3,2,1,0
BRDA:4,3,0,7
BRDA:4,3,1,0
BRDA:4,4,0,7
BRDA:4,4,1,7
BRDA:5,5,0,0
BRDA:5,5,1,0
BRDA:5,6,0,0
BRDA:5,6,1,0
BRDA:5,7,0,0
BRDA:5,7,1,0
BRDA:5,8,0,0
BRDA:5,8,1,0
BRDA:6,9,0,7
BRDA:6,9,1,0
BRDA:6,9,2,0
BRDA:8,10,0,7
BRDA:8,10,1,7
BRDA:8,10,2,7
BRDA:9,11,0,7
BRDA:9,11,1,0
BRDA:9,12,0,7
BRDA:9,12,1,7
BRDA:11,13,0,7
BRDA:11,13,1,7
BRDA:11,13,2,7
BRDA:37,14,0,2
BRDA:37,14,1,1
BRF:34
BRH:19
end_of_record
TN:
SF:src\modules\bussiness\catalog\index.ts
FN:5,(anonymous_0)
FN:7,(anonymous_1)
FNF:2
FNH:2
FNDA:7,(anonymous_0)
FNDA:32,(anonymous_1)
DA:2,6
DA:3,6
DA:4,6
DA:5,7
DA:6,6
DA:7,32
LF:6
LH:6
BRF:0
BRH:0
end_of_record
TN:
SF:src\modules\bussiness\order\checkout-refusal.exception.ts
FN:11,(anonymous_0)
FNF:1
FNH:1
FNDA:8,(anonymous_0)
DA:2,6
DA:3,6
DA:4,6
DA:12,8
DA:13,8
DA:18,6
LF:6
LH:6
BRDA:12,0,0,4
BRDA:12,0,1,4
BRF:2
BRH:2
end_of_record
TN:
SF:src\modules\bussiness\order\checkout.policy.ts
FN:2,(anonymous_0)
FN:18,(anonymous_1)
FNF:2
FNH:2
FNDA:6,(anonymous_0)
FNDA:17,(anonymous_1)
DA:2,6
DA:3,6
DA:4,6
DA:5,0
DA:6,6
DA:8,6
DA:9,6
DA:10,6
DA:17,6
DA:19,17
DA:20,2
DA:24,15
DA:25,15
DA:26,15
DA:27,18
DA:28,1
DA:32,17
DA:33,17
DA:34,2
DA:38,15
DA:39,4
DA:47,11
DA:50,11
DA:52,8
DA:57,6
DA:58,6
LF:26
LH:25
BRDA:2,0,0,6
BRDA:2,0,1,6
BRDA:2,0,2,6
BRDA:3,1,0,6
BRDA:3,1,1,0
BRDA:3,2,0,0
BRDA:3,2,1,0
BRDA:4,3,0,6
BRDA:4,3,1,0
BRDA:4,4,0,6
BRDA:4,4,1,6
BRDA:5,5,0,0
BRDA:5,5,1,0
BRDA:5,6,0,0
BRDA:5,6,1,0
BRDA:5,7,0,0
BRDA:5,7,1,0
BRDA:5,8,0,0
BRDA:5,8,1,0
BRDA:6,9,0,6
BRDA:6,9,1,0
BRDA:6,9,2,0
BRDA:19,10,0,2
BRDA:19,10,1,15
BRDA:27,11,0,1
BRDA:27,11,1,17
BRDA:33,12,0,2
BRDA:33,12,1,15
BRDA:38,13,0,4
BRDA:38,13,1,11
BRF:30
BRH:16
end_of_record
TN:
SF:src\modules\bussiness\order\index.ts
FN:5,(anonymous_0)
FN:7,(anonymous_1)
FN:9,(anonymous_2)
FN:11,(anonymous_3)
FNF:4
FNH:3
FNDA:3,(anonymous_0)
FNDA:16,(anonymous_1)
FNDA:1,(anonymous_2)
FNDA:0,(anonymous_3)
DA:2,4
DA:3,4
DA:4,4
DA:5,4
DA:6,4
DA:7,16
DA:8,4
DA:9,4
DA:10,4
DA:11,4
LF:10
LH:10
BRF:0
BRH:0
end_of_record
TN:
SF:src\modules\bussiness\order\order.module.ts
FN:2,(anonymous_0)
FNF:1
FNH:1
FNDA:4,(anonymous_0)
DA:2,4
DA:3,4
DA:4,4
DA:5,0
DA:6,4
DA:8,4
DA:9,4
DA:10,4
DA:11,4
DA:12,4
DA:13,4
DA:14,4
DA:15,4
DA:16,4
DA:17,4
DA:18,4
DA:20,4
DA:21,4
LF:18
LH:17
BRDA:2,0,0,4
BRDA:2,0,1,4
BRDA:2,0,2,4
BRDA:3,1,0,4
BRDA:3,1,1,0
BRDA:3,2,0,0
BRDA:3,2,1,0
BRDA:4,3,0,4
BRDA:4,3,1,0
BRDA:4,4,0,4
BRDA:4,4,1,4
BRDA:5,5,0,0
BRDA:5,5,1,0
BRDA:5,6,0,0
BRDA:5,6,1,0
BRDA:5,7,0,0
BRDA:5,7,1,0
BRDA:5,8,0,0
BRDA:5,8,1,0
BRDA:6,9,0,4
BRDA:6,9,1,0
BRDA:6,9,2,0
BRF:22
BRH:8
end_of_record
TN:
SF:src\modules\bussiness\order\order.service.ts
FN:2,(anonymous_0)
FN:8,(anonymous_1)
FN:11,(anonymous_2)
FN:12,(anonymous_3)
FN:33,(anonymous_4)
FN:40,(anonymous_5)
FN:49,(anonymous_6)
FN:54,(anonymous_7)
FN:74,(anonymous_8)
FN:104,(anonymous_9)
FN:112,(anonymous_10)
FN:115,(anonymous_11)
FNF:12
FNH:12
FNDA:5,(anonymous_0)
FNDA:5,(anonymous_1)
FNDA:5,(anonymous_2)
FNDA:5,(anonymous_3)
FNDA:13,(anonymous_4)
FNDA:10,(anonymous_5)
FNDA:8,(anonymous_6)
FNDA:4,(anonymous_7)
FNDA:2,(anonymous_8)
FNDA:2,(anonymous_9)
FNDA:8,(anonymous_10)
FNDA:4,(anonymous_11)
DA:2,5
DA:3,5
DA:4,5
DA:5,0
DA:6,5
DA:8,5
DA:9,5
DA:11,5
DA:12,5
DA:14,5
DA:15,5
DA:16,5
DA:17,5
DA:18,5
DA:19,5
DA:20,5
DA:21,5
DA:22,5
DA:23,5
DA:24,5
DA:32,5
DA:34,13
DA:35,13
DA:36,13
DA:37,13
DA:38,13
DA:41,10
DA:42,4
DA:45,4
DA:46,2
DA:48,8
DA:49,8
DA:50,8
DA:51,8
DA:52,2
DA:53,6
DA:54,6
DA:55,4
DA:56,5
DA:61,5
DA:62,2
DA:67,2
DA:74,2
DA:80,2
DA:81,1
DA:84,1
DA:86,1
DA:89,1
DA:93,5
DA:94,1
DA:97,1
DA:98,1
DA:100,4
DA:105,2
DA:108,2
DA:113,8
DA:116,4
DA:119,4
DA:129,5
DA:130,5
LF:60
LH:59
BRDA:2,0,0,5
BRDA:2,0,1,5
BRDA:2,0,2,5
BRDA:3,1,0,5
BRDA:3,1,1,0
BRDA:3,2,0,0
BRDA:3,2,1,0
BRDA:4,3,0,5
BRDA:4,3,1,0
BRDA:4,4,0,5
BRDA:4,4,1,5
BRDA:5,5,0,0
BRDA:5,5,1,0
BRDA:5,6,0,0
BRDA:5,6,1,0
BRDA:5,7,0,0
BRDA:5,7,1,0
BRDA:5,8,0,0
BRDA:5,8,1,0
BRDA:6,9,0,5
BRDA:6,9,1,0
BRDA:6,9,2,0
BRDA:8,10,0,5
BRDA:8,10,1,5
BRDA:8,10,2,5
BRDA:9,11,0,5
BRDA:9,11,1,0
BRDA:9,12,0,5
BRDA:9,12,1,5
BRDA:11,13,0,5
BRDA:11,13,1,5
BRDA:11,13,2,5
BRDA:41,14,0,4
BRDA:41,14,1,6
BRDA:45,15,0,2
BRDA:45,15,1,2
BRDA:51,16,0,2
BRDA:51,16,1,6
BRDA:61,17,0,2
BRDA:61,17,1,3
BRDA:72,18,0,2
BRDA:72,18,1,2
BRDA:93,19,0,1
BRDA:93,19,1,4
BRDA:93,20,0,5
BRDA:93,20,1,2
BRDA:97,21,0,1
BRDA:97,21,1,0
BRDA:124,22,0,4
BRDA:124,22,1,1
BRF:50
BRH:34
end_of_record
TN:
SF:src\modules\bussiness\payment\index.ts
FN:5,(anonymous_0)
FN:7,(anonymous_1)
FNF:2
FNH:2
FNDA:7,(anonymous_0)
FNDA:17,(anonymous_1)
DA:2,5
DA:3,5
DA:4,5
DA:5,7
DA:6,5
DA:7,17
LF:6
LH:6
BRF:0
BRH:0
end_of_record
TN:
SF:src\modules\bussiness\payment\payment.module.ts
FN:2,(anonymous_0)
FNF:1
FNH:1
FNDA:5,(anonymous_0)
DA:2,5
DA:3,5
DA:4,5
DA:5,0
DA:6,5
DA:8,5
DA:9,5
DA:10,5
DA:11,5
DA:12,5
DA:14,5
DA:15,5
LF:12
LH:11
BRDA:2,0,0,5
BRDA:2,0,1,5
BRDA:2,0,2,5
BRDA:3,1,0,5
BRDA:3,1,1,0
BRDA:3,2,0,0
BRDA:3,2,1,0
BRDA:4,3,0,5
BRDA:4,3,1,0
BRDA:4,4,0,5
BRDA:4,4,1,5
BRDA:5,5,0,0
BRDA:5,5,1,0
BRDA:5,6,0,0
BRDA:5,6,1,0
BRDA:5,7,0,0
BRDA:5,7,1,0
BRDA:5,8,0,0
BRDA:5,8,1,0
BRDA:6,9,0,5
BRDA:6,9,1,0
BRDA:6,9,2,0
BRF:22
BRH:8
end_of_record
TN:
SF:src\modules\bussiness\payment\payment.service.ts
FN:2,(anonymous_0)
FN:21,(anonymous_1)
FNF:2
FNH:2
FNDA:6,(anonymous_0)
FNDA:3,(anonymous_1)
DA:2,6
DA:3,6
DA:4,6
DA:5,0
DA:6,6
DA:8,6
DA:9,6
DA:10,6
DA:11,6
DA:20,6
DA:22,3
DA:23,3
DA:24,3
DA:25,3
DA:26,3
DA:27,3
DA:28,3
DA:29,1
DA:34,6
DA:35,6
LF:20
LH:19
BRDA:2,0,0,6
BRDA:2,0,1,6
BRDA:2,0,2,6
BRDA:3,1,0,6
BRDA:3,1,1,0
BRDA:3,2,0,0
BRDA:3,2,1,0
BRDA:4,3,0,6
BRDA:4,3,1,0
BRDA:4,4,0,6
BRDA:4,4,1,6
BRDA:5,5,0,0
BRDA:5,5,1,0
BRDA:5,6,0,0
BRDA:5,6,1,0
BRDA:5,7,0,0
BRDA:5,7,1,0
BRDA:5,8,0,0
BRDA:5,8,1,0
BRDA:6,9,0,6
BRDA:6,9,1,0
BRDA:6,9,2,0
BRF:22
BRH:8
end_of_record
TN:
SF:src\modules\bussiness\session\index.ts
FN:5,(anonymous_0)
FN:7,(anonymous_1)
FN:9,(anonymous_2)
FNF:3
FNH:3
FNDA:2,(anonymous_0)
FNDA:22,(anonymous_1)
FNDA:10,(anonymous_2)
DA:2,3
DA:3,3
DA:4,3
DA:5,3
DA:6,3
DA:7,22
DA:8,3
DA:9,10
LF:8
LH:8
BRF:0
BRH:0
end_of_record
TN:
SF:src\modules\bussiness\session\session.module.ts
FN:2,(anonymous_0)
FNF:1
FNH:1
FNDA:3,(anonymous_0)
DA:2,3
DA:3,3
DA:4,3
DA:5,0
DA:6,3
DA:8,3
DA:9,3
DA:10,3
DA:11,3
DA:12,3
DA:13,3
DA:15,3
DA:16,3
LF:13
LH:12
BRDA:2,0,0,3
BRDA:2,0,1,3
BRDA:2,0,2,3
BRDA:3,1,0,3
BRDA:3,1,1,0
BRDA:3,2,0,0
BRDA:3,2,1,0
BRDA:4,3,0,3
BRDA:4,3,1,0
BRDA:4,4,0,3
BRDA:4,4,1,3
BRDA:5,5,0,0
BRDA:5,5,1,0
BRDA:5,6,0,0
BRDA:5,6,1,0
BRDA:5,7,0,0
BRDA:5,7,1,0
BRDA:5,8,0,0
BRDA:5,8,1,0
BRDA:6,9,0,3
BRDA:6,9,1,0
BRDA:6,9,2,0
BRF:22
BRH:8
end_of_record
TN:
SF:src\modules\bussiness\session\session.repository.ts
FN:2,(anonymous_0)
FN:8,(anonymous_1)
FN:22,(anonymous_2)
FN:25,(anonymous_3)
FN:28,(anonymous_4)
FN:31,(anonymous_5)
FN:34,(anonymous_6)
FNF:7
FNH:7
FNDA:6,(anonymous_0)
FNDA:6,(anonymous_1)
FNDA:17,(anonymous_2)
FNDA:18,(anonymous_3)
FNDA:7,(anonymous_4)
FNDA:7,(anonymous_5)
FNDA:3,(anonymous_6)
DA:2,6
DA:3,6
DA:4,6
DA:5,0
DA:6,6
DA:8,6
DA:9,6
DA:11,6
DA:12,6
DA:13,6
DA:14,6
DA:15,6
DA:21,6
DA:23,17
DA:26,18
DA:29,7
DA:32,7
DA:35,3
DA:38,6
DA:39,6
LF:20
LH:19
BRDA:2,0,0,6
BRDA:2,0,1,6
BRDA:2,0,2,6
BRDA:3,1,0,6
BRDA:3,1,1,0
BRDA:3,2,0,0
BRDA:3,2,1,0
BRDA:4,3,0,6
BRDA:4,3,1,0
BRDA:4,4,0,6
BRDA:4,4,1,6
BRDA:5,5,0,0
BRDA:5,5,1,0
BRDA:5,6,0,0
BRDA:5,6,1,0
BRDA:5,7,0,0
BRDA:5,7,1,0
BRDA:5,8,0,0
BRDA:5,8,1,0
BRDA:6,9,0,6
BRDA:6,9,1,0
BRDA:6,9,2,0
BRDA:8,10,0,6
BRDA:8,10,1,6
BRDA:8,10,2,6
BRDA:9,11,0,6
BRDA:9,11,1,0
BRDA:9,12,0,6
BRDA:9,12,1,6
BRF:29
BRH:14
end_of_record
TN:
SF:src\modules\bussiness\session\session.service.ts
FN:2,(anonymous_0)
FN:8,(anonymous_1)
FN:20,(anonymous_2)
FN:24,(anonymous_3)
FN:31,(anonymous_4)
FN:36,(anonymous_5)
FNF:6
FNH:6
FNDA:5,(anonymous_0)
FNDA:5,(anonymous_1)
FNDA:22,(anonymous_2)
FNDA:10,(anonymous_3)
FNDA:9,(anonymous_4)
FNDA:4,(anonymous_5)
DA:2,5
DA:3,5
DA:4,5
DA:5,0
DA:6,5
DA:8,5
DA:9,5
DA:11,5
DA:12,5
DA:13,5
DA:14,5
DA:15,5
DA:16,5
DA:19,5
DA:21,22
DA:22,22
DA:25,10
DA:26,10
DA:27,9
DA:32,9
DA:33,1
DA:34,8
DA:37,4
DA:40,5
DA:41,5
LF:25
LH:24
BRDA:2,0,0,5
BRDA:2,0,1,5
BRDA:2,0,2,5
BRDA:3,1,0,5
BRDA:3,1,1,0
BRDA:3,2,0,0
BRDA:3,2,1,0
BRDA:4,3,0,5
BRDA:4,3,1,0
BRDA:4,4,0,5
BRDA:4,4,1,5
BRDA:5,5,0,0
BRDA:5,5,1,0
BRDA:5,6,0,0
BRDA:5,6,1,0
BRDA:5,7,0,0
BRDA:5,7,1,0
BRDA:5,8,0,0
BRDA:5,8,1,0
BRDA:6,9,0,5
BRDA:6,9,1,0
BRDA:6,9,2,0
BRDA:8,10,0,5
BRDA:8,10,1,5
BRDA:8,10,2,5
BRDA:9,11,0,5
BRDA:9,11,1,0
BRDA:9,12,0,5
BRDA:9,12,1,5
BRDA:32,13,0,1
BRDA:32,13,1,8
BRF:31
BRH:16
end_of_record
TN:
SF:src\modules\integrations\identity\identity.client.ts
FN:2,(anonymous_0)
FN:8,(anonymous_1)
FN:23,(anonymous_2)
FN:26,(anonymous_3)
FN:71,(anonymous_4)
FNF:5
FNH:5
FNDA:7,(anonymous_0)
FNDA:7,(anonymous_1)
FNDA:12,(anonymous_2)
FNDA:9,(anonymous_3)
FNDA:3,(anonymous_4)
DA:2,7
DA:3,7
DA:4,7
DA:5,0
DA:6,7
DA:8,7
DA:9,7
DA:11,7
DA:12,7
DA:13,7
DA:14,7
DA:22,7
DA:24,12
DA:28,9
DA:29,9
DA:41,2
DA:45,7
DA:46,1
DA:47,6
DA:48,1
DA:53,5
DA:54,5
DA:57,1
DA:61,4
DA:62,3
DA:66,1
DA:72,3
DA:73,3
DA:76,2
DA:79,1
DA:83,7
DA:84,7
LF:32
LH:31
BRDA:2,0,0,7
BRDA:2,0,1,7
BRDA:2,0,2,7
BRDA:3,1,0,7
BRDA:3,1,1,0
BRDA:3,2,0,0
BRDA:3,2,1,0
BRDA:4,3,0,7
BRDA:4,3,1,0
BRDA:4,4,0,7
BRDA:4,4,1,7
BRDA:5,5,0,0
BRDA:5,5,1,0
BRDA:5,6,0,0
BRDA:5,6,1,0
BRDA:5,7,0,0
BRDA:5,7,1,0
BRDA:5,8,0,0
BRDA:5,8,1,0
BRDA:6,9,0,7
BRDA:6,9,1,0
BRDA:6,9,2,0
BRDA:8,10,0,7
BRDA:8,10,1,7
BRDA:8,10,2,7
BRDA:9,11,0,7
BRDA:9,11,1,0
BRDA:9,12,0,7
BRDA:9,12,1,7
BRDA:45,13,0,1
BRDA:45,13,1,6
BRDA:47,14,0,1
BRDA:47,14,1,5
BRDA:61,15,0,3
BRDA:61,15,1,1
BRDA:61,16,0,4
BRDA:61,16,1,2
BRF:37
BRH:22
end_of_record
TN:
SF:src\modules\integrations\identity\identity.module.ts
FN:2,(anonymous_0)
FNF:1
FNH:1
FNDA:6,(anonymous_0)
DA:2,6
DA:3,6
DA:4,6
DA:5,0
DA:6,6
DA:8,6
DA:9,6
DA:10,6
DA:11,6
DA:12,6
DA:14,6
DA:15,6
LF:12
LH:11
BRDA:2,0,0,6
BRDA:2,0,1,6
BRDA:2,0,2,6
BRDA:3,1,0,6
BRDA:3,1,1,0
BRDA:3,2,0,0
BRDA:3,2,1,0
BRDA:4,3,0,6
BRDA:4,3,1,0
BRDA:4,4,0,6
BRDA:4,4,1,6
BRDA:5,5,0,0
BRDA:5,5,1,0
BRDA:5,6,0,0
BRDA:5,6,1,0
BRDA:5,7,0,0
BRDA:5,7,1,0
BRDA:5,8,0,0
BRDA:5,8,1,0
BRDA:6,9,0,6
BRDA:6,9,1,0
BRDA:6,9,2,0
BRF:22
BRH:8
end_of_record
TN:
SF:src\modules\integrations\identity\index.ts
FN:5,(anonymous_0)
FN:7,(anonymous_1)
FNF:2
FNH:2
FNDA:3,(anonymous_0)
FNDA:39,(anonymous_1)
DA:2,6
DA:3,6
DA:4,6
DA:5,6
DA:6,6
DA:7,39
LF:6
LH:6
BRF:0
BRH:0
end_of_record
TN:
SF:src\modules\integrations\order\index.ts
FN:5,(anonymous_0)
FN:7,(anonymous_1)
FNF:2
FNH:2
FNDA:2,(anonymous_0)
FNDA:6,(anonymous_1)
DA:2,2
DA:3,2
DA:4,2
DA:5,2
DA:6,2
DA:7,6
LF:6
LH:6
BRF:0
BRH:0
end_of_record
TN:
SF:src\modules\integrations\order\order.client.ts
FN:2,(anonymous_0)
FN:8,(anonymous_1)
FN:23,(anonymous_2)
FN:26,(anonymous_3)
FNF:4
FNH:4
FNDA:3,(anonymous_0)
FNDA:3,(anonymous_1)
FNDA:2,(anonymous_2)
FNDA:12,(anonymous_3)
DA:2,3
DA:3,3
DA:4,3
DA:5,0
DA:6,3
DA:8,3
DA:9,3
DA:11,3
DA:12,3
DA:13,3
DA:14,3
DA:22,3
DA:24,2
DA:27,12
DA:29,12
DA:30,12
DA:35,2
DA:39,10
DA:40,1
DA:43,9
DA:44,1
DA:49,8
DA:50,8
DA:53,1
DA:57,7
DA:58,4
DA:62,3
DA:67,3
DA:68,3
LF:29
LH:28
BRDA:2,0,0,3
BRDA:2,0,1,3
BRDA:2,0,2,3
BRDA:3,1,0,3
BRDA:3,1,1,0
BRDA:3,2,0,0
BRDA:3,2,1,0
BRDA:4,3,0,3
BRDA:4,3,1,0
BRDA:4,4,0,3
BRDA:4,4,1,3
BRDA:5,5,0,0
BRDA:5,5,1,0
BRDA:5,6,0,0
BRDA:5,6,1,0
BRDA:5,7,0,0
BRDA:5,7,1,0
BRDA:5,8,0,0
BRDA:5,8,1,0
BRDA:6,9,0,3
BRDA:6,9,1,0
BRDA:6,9,2,0
BRDA:8,10,0,3
BRDA:8,10,1,3
BRDA:8,10,2,3
BRDA:9,11,0,3
BRDA:9,11,1,0
BRDA:9,12,0,3
BRDA:9,12,1,3
BRDA:39,13,0,1
BRDA:39,13,1,9
BRDA:43,14,0,1
BRDA:43,14,1,8
BRDA:57,15,0,4
BRDA:57,15,1,3
BRDA:57,16,0,7
BRDA:57,16,1,4
BRF:37
BRH:22
end_of_record
TN:
SF:src\modules\integrations\order\order.module.ts
FN:2,(anonymous_0)
FNF:1
FNH:1
FNDA:2,(anonymous_0)
DA:2,2
DA:3,2
DA:4,2
DA:5,0
DA:6,2
DA:8,2
DA:9,2
DA:10,2
DA:11,2
DA:12,2
DA:14,2
DA:15,2
LF:12
LH:11
BRDA:2,0,0,2
BRDA:2,0,1,2
BRDA:2,0,2,2
BRDA:3,1,0,2
BRDA:3,1,1,0
BRDA:3,2,0,0
BRDA:3,2,1,0
BRDA:4,3,0,2
BRDA:4,3,1,0
BRDA:4,4,0,2
BRDA:4,4,1,2
BRDA:5,5,0,0
BRDA:5,5,1,0
BRDA:5,6,0,0
BRDA:5,6,1,0
BRDA:5,7,0,0
BRDA:5,7,1,0
BRDA:5,8,0,0
BRDA:5,8,1,0
BRDA:6,9,0,2
BRDA:6,9,1,0
BRDA:6,9,2,0
BRF:22
BRH:8
end_of_record
TN:
SF:src\modules\platform\caches\redis\primary\index.ts
FN:5,(anonymous_0)
FN:7,(anonymous_1)
FNF:2
FNH:2
FNDA:2,(anonymous_0)
FNDA:30,(anonymous_1)
DA:2,7
DA:3,7
DA:4,7
DA:5,7
DA:6,7
DA:7,30
LF:6
LH:6
BRF:0
BRH:0
end_of_record
TN:
SF:src\modules\platform\caches\redis\primary\redis.client.ts
FN:2,(anonymous_0)
FN:8,(anonymous_1)
FN:11,(anonymous_2)
FN:26,(anonymous_3)
FN:31,(anonymous_4)
FN:37,(anonymous_5)
FN:41,(anonymous_6)
FN:45,(anonymous_7)
FN:49,(anonymous_8)
FN:52,(anonymous_9)
FN:67,(anonymous_10)
FN:77,(anonymous_11)
FNF:12
FNH:12
FNDA:8,(anonymous_0)
FNDA:8,(anonymous_1)
FNDA:8,(anonymous_2)
FNDA:9,(anonymous_3)
FNDA:6,(anonymous_4)
FNDA:1,(anonymous_5)
FNDA:1,(anonymous_6)
FNDA:1,(anonymous_7)
FNDA:1,(anonymous_8)
FNDA:9,(anonymous_9)
FNDA:4,(anonymous_10)
FNDA:25,(anonymous_11)
DA:2,8
DA:3,8
DA:4,8
DA:5,0
DA:6,8
DA:8,8
DA:9,8
DA:11,8
DA:12,8
DA:14,8
DA:15,8
DA:16,8
DA:17,8
DA:18,8
DA:25,8
DA:27,9
DA:32,6
DA:33,3
DA:34,3
DA:35,1
DA:38,1
DA:39,1
DA:42,1
DA:43,1
DA:46,1
DA:47,1
DA:50,1
DA:53,9
DA:54,4
DA:55,5
DA:56,3
DA:57,3
DA:61,2
DA:62,1
DA:65,4
DA:68,4
DA:69,4
DA:70,4
DA:71,29
DA:72,2
DA:73,27
DA:74,1
DA:75,26
DA:76,1
DA:77,25
DA:81,8
DA:82,8
LF:47
LH:46
BRDA:2,0,0,8
BRDA:2,0,1,8
BRDA:2,0,2,8
BRDA:3,1,0,8
BRDA:3,1,1,0
BRDA:3,2,0,0
BRDA:3,2,1,0
BRDA:4,3,0,8
BRDA:4,3,1,0
BRDA:4,4,0,8
BRDA:4,4,1,8
BRDA:5,5,0,0
BRDA:5,5,1,0
BRDA:5,6,0,0
BRDA:5,6,1,0
BRDA:5,7,0,0
BRDA:5,7,1,0
BRDA:5,8,0,0
BRDA:5,8,1,0
BRDA:6,9,0,8
BRDA:6,9,1,0
BRDA:6,9,2,0
BRDA:8,10,0,8
BRDA:8,10,1,8
BRDA:8,10,2,8
BRDA:9,11,0,8
BRDA:9,11,1,0
BRDA:9,12,0,8
BRDA:9,12,1,8
BRDA:11,13,0,8
BRDA:11,13,1,8
BRDA:11,13,2,8
BRDA:12,14,0,1
BRDA:12,14,1,7
BRDA:12,15,0,8
BRDA:12,15,1,8
BRDA:34,16,0,1
BRDA:34,16,1,2
BRDA:53,17,0,4
BRDA:53,17,1,5
BRDA:55,18,0,3
BRDA:55,18,1,2
BRDA:61,19,0,1
BRDA:61,19,1,1
BRDA:71,20,0,2
BRDA:71,20,1,27
BRDA:73,21,0,1
BRDA:73,21,1,26
BRDA:73,22,0,27
BRDA:73,22,1,26
BRDA:75,23,0,1
BRDA:75,23,1,25
BRF:52
BRH:37
end_of_record
TN:
SF:src\modules\platform\caches\redis\primary\redis.module.ts
FN:2,(anonymous_0)
FNF:1
FNH:1
FNDA:7,(anonymous_0)
DA:2,7
DA:3,7
DA:4,7
DA:5,0
DA:6,7
DA:8,7
DA:9,7
DA:10,7
DA:11,7
DA:13,7
DA:15,7
DA:16,7
LF:12
LH:11
BRDA:2,0,0,7
BRDA:2,0,1,7
BRDA:2,0,2,7
BRDA:3,1,0,7
BRDA:3,1,1,0
BRDA:3,2,0,0
BRDA:3,2,1,0
BRDA:4,3,0,7
BRDA:4,3,1,0
BRDA:4,4,0,7
BRDA:4,4,1,7
BRDA:5,5,0,0
BRDA:5,5,1,0
BRDA:5,6,0,0
BRDA:5,6,1,0
BRDA:5,7,0,0
BRDA:5,7,1,0
BRDA:5,8,0,0
BRDA:5,8,1,0
BRDA:6,9,0,7
BRDA:6,9,1,0
BRDA:6,9,2,0
BRF:22
BRH:8
end_of_record
TN:
SF:src\modules\platform\config\identity\app-config.service.ts
FN:2,(anonymous_0)
FN:8,(anonymous_1)
FN:25,findMetadataFile
FN:45,readMetadata
FN:72,(anonymous_4)
FN:75,(anonymous_5)
FN:78,(anonymous_6)
FN:83,(anonymous_7)
FN:87,(anonymous_8)
FN:91,(anonymous_9)
FN:95,(anonymous_10)
FNF:11
FNH:11
FNDA:14,(anonymous_0)
FNDA:14,(anonymous_1)
FNDA:10,findMetadataFile
FNDA:10,readMetadata
FNDA:10,(anonymous_4)
FNDA:2,(anonymous_5)
FNDA:4,(anonymous_6)
FNDA:2,(anonymous_7)
FNDA:2,(anonymous_8)
FNDA:2,(anonymous_9)
FNDA:2,(anonymous_10)
DA:2,14
DA:3,14
DA:4,14
DA:5,0
DA:6,14
DA:8,14
DA:9,14
DA:11,14
DA:12,14
DA:13,14
DA:14,14
DA:15,14
DA:17,14
DA:19,14
DA:20,14
DA:21,14
DA:22,14
DA:24,14
DA:26,10
DA:27,10
DA:28,8
DA:29,1
DA:31,7
DA:33,2
DA:34,2
DA:35,8
DA:36,8
DA:37,1
DA:38,7
DA:39,7
DA:40,1
DA:42,6
DA:46,10
DA:48,8
DA:49,8
DA:52,1
DA:54,7
DA:55,7
DA:57,2
DA:59,5
DA:71,14
DA:73,10
DA:76,2
DA:79,4
DA:80,4
DA:84,2
DA:88,2
DA:92,2
DA:96,2
DA:97,2
DA:100,14
DA:101,14
LF:52
LH:51
BRDA:2,0,0,14
BRDA:2,0,1,14
BRDA:2,0,2,14
BRDA:3,1,0,14
BRDA:3,1,1,0
BRDA:3,2,0,0
BRDA:3,2,1,0
BRDA:4,3,0,14
BRDA:4,3,1,0
BRDA:4,4,0,14
BRDA:4,4,1,14
BRDA:5,5,0,0
BRDA:5,5,1,0
BRDA:5,6,0,0
BRDA:5,6,1,0
BRDA:5,7,0,0
BRDA:5,7,1,0
BRDA:5,8,0,0
BRDA:5,8,1,0
BRDA:6,9,0,14
BRDA:6,9,1,0
BRDA:6,9,2,0
BRDA:8,10,0,14
BRDA:8,10,1,14
BRDA:8,10,2,14
BRDA:9,11,0,14
BRDA:9,11,1,0
BRDA:9,12,0,14
BRDA:9,12,1,14
BRDA:27,13,0,8
BRDA:27,13,1,2
BRDA:28,14,0,1
BRDA:28,14,1,7
BRDA:36,15,0,1
BRDA:36,15,1,7
BRDA:39,16,0,1
BRDA:39,16,1,6
BRDA:55,17,0,2
BRDA:55,17,1,5
BRDA:55,18,0,7
BRDA:55,18,1,7
BRDA:55,18,2,6
BRDA:55,18,3,6
BRDA:55,18,4,6
BRDA:60,19,0,5
BRDA:60,19,1,1
BRDA:80,20,0,2
BRDA:80,20,1,2
BRDA:84,21,0,2
BRDA:84,21,1,1
BRDA:88,22,0,2
BRDA:88,22,1,1
BRDA:92,23,0,2
BRDA:92,23,1,1
BRDA:97,24,0,1
BRDA:97,24,1,1
BRF:56
BRH:41
end_of_record
TN:
SF:src\modules\platform\config\identity\config.module.ts
FN:2,(anonymous_0)
FNF:1
FNH:1
FNDA:14,(anonymous_0)
DA:2,14
DA:3,14
DA:4,14
DA:5,0
DA:6,14
DA:8,14
DA:9,14
DA:10,14
DA:11,14
DA:18,14
DA:20,14
DA:21,14
LF:12
LH:11
BRDA:2,0,0,14
BRDA:2,0,1,14
BRDA:2,0,2,14
BRDA:3,1,0,14
BRDA:3,1,1,0
BRDA:3,2,0,0
BRDA:3,2,1,0
BRDA:4,3,0,14
BRDA:4,3,1,0
BRDA:4,4,0,14
BRDA:4,4,1,14
BRDA:5,5,0,0
BRDA:5,5,1,0
BRDA:5,6,0,0
BRDA:5,6,1,0
BRDA:5,7,0,0
BRDA:5,7,1,0
BRDA:5,8,0,0
BRDA:5,8,1,0
BRDA:6,9,0,14
BRDA:6,9,1,0
BRDA:6,9,2,0
BRF:22
BRH:8
end_of_record
TN:
SF:src\modules\platform\config\identity\index.ts
FN:5,(anonymous_0)
FN:7,(anonymous_1)
FN:8,(anonymous_2)
FNF:3
FNH:2
FNDA:2,(anonymous_0)
FNDA:59,(anonymous_1)
FNDA:0,(anonymous_2)
DA:2,13
DA:3,13
DA:4,13
DA:5,13
DA:6,13
DA:7,59
DA:8,13
LF:7
LH:7
BRF:0
BRH:0
end_of_record
TN:
SF:src\modules\platform\config\order\app-config.service.ts
FN:2,(anonymous_0)
FN:8,(anonymous_1)
FN:22,findMetadataFile
FN:42,readMetadata
FN:66,(anonymous_4)
FN:69,(anonymous_5)
FN:72,(anonymous_6)
FN:77,(anonymous_7)
FN:81,(anonymous_8)
FNF:9
FNH:9
FNDA:14,(anonymous_0)
FNDA:14,(anonymous_1)
FNDA:10,findMetadataFile
FNDA:10,readMetadata
FNDA:10,(anonymous_4)
FNDA:2,(anonymous_5)
FNDA:4,(anonymous_6)
FNDA:2,(anonymous_7)
FNDA:2,(anonymous_8)
DA:2,14
DA:3,14
DA:4,14
DA:5,0
DA:6,14
DA:8,14
DA:9,14
DA:11,14
DA:12,14
DA:13,14
DA:14,14
DA:15,14
DA:17,14
DA:19,14
DA:20,14
DA:21,14
DA:23,10
DA:24,10
DA:25,8
DA:26,1
DA:28,7
DA:30,2
DA:31,2
DA:32,8
DA:33,8
DA:34,1
DA:35,7
DA:36,7
DA:37,1
DA:39,6
DA:43,10
DA:45,8
DA:46,8
DA:49,1
DA:51,7
DA:52,7
DA:53,2
DA:55,5
DA:65,14
DA:67,10
DA:70,2
DA:73,4
DA:74,4
DA:78,2
DA:82,2
DA:85,14
DA:86,14
LF:47
LH:46
BRDA:2,0,0,14
BRDA:2,0,1,14
BRDA:2,0,2,14
BRDA:3,1,0,14
BRDA:3,1,1,0
BRDA:3,2,0,0
BRDA:3,2,1,0
BRDA:4,3,0,14
BRDA:4,3,1,0
BRDA:4,4,0,14
BRDA:4,4,1,14
BRDA:5,5,0,0
BRDA:5,5,1,0
BRDA:5,6,0,0
BRDA:5,6,1,0
BRDA:5,7,0,0
BRDA:5,7,1,0
BRDA:5,8,0,0
BRDA:5,8,1,0
BRDA:6,9,0,14
BRDA:6,9,1,0
BRDA:6,9,2,0
BRDA:8,10,0,14
BRDA:8,10,1,14
BRDA:8,10,2,14
BRDA:9,11,0,14
BRDA:9,11,1,0
BRDA:9,12,0,14
BRDA:9,12,1,14
BRDA:24,13,0,8
BRDA:24,13,1,2
BRDA:25,14,0,1
BRDA:25,14,1,7
BRDA:33,15,0,1
BRDA:33,15,1,7
BRDA:36,16,0,1
BRDA:36,16,1,6
BRDA:52,17,0,2
BRDA:52,17,1,5
BRDA:52,18,0,7
BRDA:52,18,1,7
BRDA:52,18,2,7
BRDA:52,18,3,5
BRDA:56,19,0,5
BRDA:56,19,1,1
BRDA:74,20,0,1
BRDA:74,20,1,3
BRDA:78,21,0,2
BRDA:78,21,1,1
BRDA:82,22,0,2
BRDA:82,22,1,1
BRF:51
BRH:36
end_of_record
TN:
SF:src\modules\platform\config\order\config.module.ts
FN:2,(anonymous_0)
FNF:1
FNH:1
FNDA:14,(anonymous_0)
DA:2,14
DA:3,14
DA:4,14
DA:5,0
DA:6,14
DA:8,14
DA:9,14
DA:10,14
DA:11,14
DA:13,14
DA:15,14
DA:16,14
LF:12
LH:11
BRDA:2,0,0,14
BRDA:2,0,1,14
BRDA:2,0,2,14
BRDA:3,1,0,14
BRDA:3,1,1,0
BRDA:3,2,0,0
BRDA:3,2,1,0
BRDA:4,3,0,14
BRDA:4,3,1,0
BRDA:4,4,0,14
BRDA:4,4,1,14
BRDA:5,5,0,0
BRDA:5,5,1,0
BRDA:5,6,0,0
BRDA:5,6,1,0
BRDA:5,7,0,0
BRDA:5,7,1,0
BRDA:5,8,0,0
BRDA:5,8,1,0
BRDA:6,9,0,14
BRDA:6,9,1,0
BRDA:6,9,2,0
BRF:22
BRH:8
end_of_record
TN:
SF:src\modules\platform\config\order\index.ts
FN:5,(anonymous_0)
FN:7,(anonymous_1)
FN:8,(anonymous_2)
FNF:3
FNH:2
FNDA:1,(anonymous_0)
FNDA:34,(anonymous_1)
FNDA:0,(anonymous_2)
DA:2,13
DA:3,13
DA:4,13
DA:5,13
DA:6,13
DA:7,34
DA:8,13
LF:7
LH:7
BRF:0
BRH:0
end_of_record
TN:
SF:src\modules\platform\databases\postgresql\identity\index.ts
FN:5,(anonymous_0)
FN:7,(anonymous_1)
FN:9,(anonymous_2)
FN:11,(anonymous_3)
FNF:4
FNH:4
FNDA:2,(anonymous_0)
FNDA:7,(anonymous_1)
FNDA:17,(anonymous_2)
FNDA:19,(anonymous_3)
DA:2,5
DA:3,5
DA:4,5
DA:5,5
DA:6,5
DA:7,7
DA:8,5
DA:9,17
DA:10,5
DA:11,19
LF:10
LH:10
BRF:0
BRH:0
end_of_record
TN:
SF:src\modules\platform\databases\postgresql\identity\primary.client.ts
FN:2,(anonymous_0)
FN:8,(anonymous_1)
FN:11,(anonymous_2)
FN:12,(anonymous_3)
FN:21,(anonymous_4)
FN:24,(anonymous_5)
FNF:6
FNH:6
FNDA:7,(anonymous_0)
FNDA:7,(anonymous_1)
FNDA:7,(anonymous_2)
FNDA:7,(anonymous_3)
FNDA:3,(anonymous_4)
FNDA:2,(anonymous_5)
DA:2,7
DA:3,7
DA:4,7
DA:5,0
DA:6,7
DA:8,7
DA:9,7
DA:11,7
DA:12,7
DA:14,7
DA:15,7
DA:16,7
DA:17,7
DA:18,7
DA:19,7
DA:20,7
DA:22,3
DA:25,2
DA:28,7
DA:29,7
LF:20
LH:19
BRDA:2,0,0,7
BRDA:2,0,1,7
BRDA:2,0,2,7
BRDA:3,1,0,7
BRDA:3,1,1,0
BRDA:3,2,0,0
BRDA:3,2,1,0
BRDA:4,3,0,7
BRDA:4,3,1,0
BRDA:4,4,0,7
BRDA:4,4,1,7
BRDA:5,5,0,0
BRDA:5,5,1,0
BRDA:5,6,0,0
BRDA:5,6,1,0
BRDA:5,7,0,0
BRDA:5,7,1,0
BRDA:5,8,0,0
BRDA:5,8,1,0
BRDA:6,9,0,7
BRDA:6,9,1,0
BRDA:6,9,2,0
BRDA:8,10,0,7
BRDA:8,10,1,7
BRDA:8,10,2,7
BRDA:9,11,0,7
BRDA:9,11,1,0
BRDA:9,12,0,7
BRDA:9,12,1,7
BRDA:11,13,0,7
BRDA:11,13,1,7
BRDA:11,13,2,7
BRF:32
BRH:17
end_of_record
TN:
SF:src\modules\platform\databases\postgresql\identity\primary.module.ts
FN:2,(anonymous_0)
FN:33,(anonymous_1)
FNF:2
FNH:2
FNDA:6,(anonymous_0)
FNDA:1,(anonymous_1)
DA:2,6
DA:3,6
DA:4,6
DA:5,0
DA:6,6
DA:8,6
DA:9,6
DA:10,6
DA:11,6
DA:12,6
DA:13,6
DA:14,6
DA:15,6
DA:16,6
DA:24,6
DA:26,6
DA:27,6
DA:33,1
LF:18
LH:17
BRDA:2,0,0,6
BRDA:2,0,1,6
BRDA:2,0,2,6
BRDA:3,1,0,6
BRDA:3,1,1,0
BRDA:3,2,0,0
BRDA:3,2,1,0
BRDA:4,3,0,6
BRDA:4,3,1,0
BRDA:4,4,0,6
BRDA:4,4,1,6
BRDA:5,5,0,0
BRDA:5,5,1,0
BRDA:5,6,0,0
BRDA:5,6,1,0
BRDA:5,7,0,0
BRDA:5,7,1,0
BRDA:5,8,0,0
BRDA:5,8,1,0
BRDA:6,9,0,6
BRDA:6,9,1,0
BRDA:6,9,2,0
BRF:22
BRH:8
end_of_record
TN:
SF:src\modules\platform\databases\postgresql\identity\constants\connection.ts
FNF:0
FNH:0
DA:2,7
DA:3,7
DA:5,7
LF:3
LH:3
BRF:0
BRH:0
end_of_record
TN:
SF:src\modules\platform\databases\postgresql\identity\entities\index.ts
FN:5,(anonymous_0)
FNF:1
FNH:1
FNDA:21,(anonymous_0)
DA:2,6
DA:3,6
DA:4,6
DA:5,21
LF:4
LH:4
BRF:0
BRH:0
end_of_record
TN:
SF:src\modules\platform\databases\postgresql\identity\entities\person.entity.ts
FN:2,(anonymous_0)
FN:8,(anonymous_1)
FN:35,(anonymous_2)
FNF:3
FNH:2
FNDA:35,(anonymous_0)
FNDA:28,(anonymous_1)
FNDA:0,(anonymous_2)
DA:2,7
DA:3,35
DA:4,35
DA:5,0
DA:6,35
DA:8,7
DA:9,28
DA:11,7
DA:12,7
DA:13,7
DA:14,7
DA:16,7
DA:17,7
DA:21,7
DA:27,7
DA:33,7
DA:35,0
DA:39,7
LF:18
LH:16
BRDA:2,0,0,7
BRDA:2,0,1,7
BRDA:2,0,2,7
BRDA:3,1,0,7
BRDA:3,1,1,28
BRDA:3,2,0,0
BRDA:3,2,1,28
BRDA:4,3,0,35
BRDA:4,3,1,0
BRDA:4,4,0,35
BRDA:4,4,1,35
BRDA:5,5,0,0
BRDA:5,5,1,0
BRDA:5,6,0,0
BRDA:5,6,1,0
BRDA:5,7,0,0
BRDA:5,7,1,0
BRDA:5,8,0,0
BRDA:5,8,1,0
BRDA:6,9,0,35
BRDA:6,9,1,28
BRDA:6,9,2,0
BRDA:8,10,0,7
BRDA:8,10,1,7
BRDA:8,10,2,7
BRDA:9,11,0,28
BRDA:9,11,1,0
BRDA:9,12,0,28
BRDA:9,12,1,28
BRF:29
BRH:17
end_of_record
TN:
SF:src\modules\platform\databases\postgresql\identity\migrations\1789800000000-create-identity-tables.ts
FN:11,(anonymous_0)
FN:14,(anonymous_1)
FN:30,(anonymous_2)
FNF:3
FNH:3
FNDA:3,(anonymous_0)
FNDA:1,(anonymous_1)
FNDA:1,(anonymous_2)
DA:2,1
DA:3,1
DA:12,3
DA:15,1
DA:23,1
DA:31,1
DA:34,1
LF:7
LH:7
BRF:0
BRH:0
end_of_record
TN:
SF:src\modules\platform\databases\postgresql\order\index.ts
FN:5,(anonymous_0)
FN:7,(anonymous_1)
FN:9,(anonymous_2)
FN:11,(anonymous_3)
FN:12,(anonymous_4)
FN:13,(anonymous_5)
FN:14,(anonymous_6)
FN:15,(anonymous_7)
FNF:8
FNH:8
FNDA:3,(anonymous_0)
FNDA:7,(anonymous_1)
FNDA:64,(anonymous_2)
FNDA:26,(anonymous_3)
FNDA:30,(anonymous_4)
FNDA:9,(anonymous_5)
FNDA:22,(anonymous_6)
FNDA:28,(anonymous_7)
DA:2,10
DA:3,10
DA:4,10
DA:5,10
DA:6,10
DA:7,10
DA:8,10
DA:9,64
DA:10,10
DA:11,26
DA:12,30
DA:13,10
DA:14,22
DA:15,28
LF:14
LH:14
BRF:0
BRH:0
end_of_record
TN:
SF:src\modules\platform\databases\postgresql\order\primary.client.ts
FN:2,(anonymous_0)
FN:8,(anonymous_1)
FN:11,(anonymous_2)
FN:12,(anonymous_3)
FN:21,(anonymous_4)
FN:24,(anonymous_5)
FNF:6
FNH:6
FNDA:12,(anonymous_0)
FNDA:12,(anonymous_1)
FNDA:12,(anonymous_2)
FNDA:12,(anonymous_3)
FNDA:4,(anonymous_4)
FNDA:2,(anonymous_5)
DA:2,12
DA:3,12
DA:4,12
DA:5,0
DA:6,12
DA:8,12
DA:9,12
DA:11,12
DA:12,12
DA:14,12
DA:15,12
DA:16,12
DA:17,12
DA:18,12
DA:19,12
DA:20,12
DA:22,4
DA:25,2
DA:28,12
DA:29,12
LF:20
LH:19
BRDA:2,0,0,12
BRDA:2,0,1,12
BRDA:2,0,2,12
BRDA:3,1,0,12
BRDA:3,1,1,0
BRDA:3,2,0,0
BRDA:3,2,1,0
BRDA:4,3,0,12
BRDA:4,3,1,0
BRDA:4,4,0,12
BRDA:4,4,1,12
BRDA:5,5,0,0
BRDA:5,5,1,0
BRDA:5,6,0,0
BRDA:5,6,1,0
BRDA:5,7,0,0
BRDA:5,7,1,0
BRDA:5,8,0,0
BRDA:5,8,1,0
BRDA:6,9,0,12
BRDA:6,9,1,0
BRDA:6,9,2,0
BRDA:8,10,0,12
BRDA:8,10,1,12
BRDA:8,10,2,12
BRDA:9,11,0,12
BRDA:9,11,1,0
BRDA:9,12,0,12
BRDA:9,12,1,12
BRDA:11,13,0,12
BRDA:11,13,1,12
BRDA:11,13,2,12
BRF:32
BRH:17
end_of_record
TN:
SF:src\modules\platform\databases\postgresql\order\primary.module.ts
FN:2,(anonymous_0)
FN:31,(anonymous_1)
FNF:2
FNH:2
FNDA:11,(anonymous_0)
FNDA:1,(anonymous_1)
DA:2,11
DA:3,11
DA:4,11
DA:5,0
DA:6,11
DA:8,11
DA:9,11
DA:10,11
DA:11,11
DA:12,11
DA:13,11
DA:14,11
DA:15,11
DA:16,11
DA:22,11
DA:24,11
DA:25,11
DA:31,1
LF:18
LH:17
BRDA:2,0,0,11
BRDA:2,0,1,11
BRDA:2,0,2,11
BRDA:3,1,0,11
BRDA:3,1,1,0
BRDA:3,2,0,0
BRDA:3,2,1,0
BRDA:4,3,0,11
BRDA:4,3,1,0
BRDA:4,4,0,11
BRDA:4,4,1,11
BRDA:5,5,0,0
BRDA:5,5,1,0
BRDA:5,6,0,0
BRDA:5,6,1,0
BRDA:5,7,0,0
BRDA:5,7,1,0
BRDA:5,8,0,0
BRDA:5,8,1,0
BRDA:6,9,0,11
BRDA:6,9,1,0
BRDA:6,9,2,0
BRF:22
BRH:8
end_of_record
TN:
SF:src\modules\platform\databases\postgresql\order\constants\connection.ts
FNF:0
FNH:0
DA:2,12
DA:3,12
DA:5,12
LF:3
LH:3
BRF:0
BRH:0
end_of_record
TN:
SF:src\modules\platform\databases\postgresql\order\entities\cart-item.entity.ts
FN:2,(anonymous_0)
FN:8,(anonymous_1)
FNF:2
FNH:2
FNDA:60,(anonymous_0)
FNDA:48,(anonymous_1)
DA:2,12
DA:3,60
DA:4,60
DA:5,0
DA:6,60
DA:8,12
DA:9,48
DA:11,12
DA:12,12
DA:13,12
DA:14,12
DA:16,12
DA:17,12
DA:21,12
DA:27,12
DA:33,12
DA:39,12
LF:17
LH:16
BRDA:2,0,0,12
BRDA:2,0,1,12
BRDA:2,0,2,12
BRDA:3,1,0,12
BRDA:3,1,1,48
BRDA:3,2,0,0
BRDA:3,2,1,48
BRDA:4,3,0,60
BRDA:4,3,1,0
BRDA:4,4,0,60
BRDA:4,4,1,60
BRDA:5,5,0,0
BRDA:5,5,1,0
BRDA:5,6,0,0
BRDA:5,6,1,0
BRDA:5,7,0,0
BRDA:5,7,1,0
BRDA:5,8,0,0
BRDA:5,8,1,0
BRDA:6,9,0,60
BRDA:6,9,1,48
BRDA:6,9,2,0
BRDA:8,10,0,12
BRDA:8,10,1,12
BRDA:8,10,2,12
BRDA:9,11,0,48
BRDA:9,11,1,0
BRDA:9,12,0,48
BRDA:9,12,1,48
BRF:29
BRH:17
end_of_record
TN:
SF:src\modules\platform\databases\postgresql\order\entities\index.ts
FN:5,(anonymous_0)
FN:7,(anonymous_1)
FN:9,(anonymous_2)
FN:11,(anonymous_3)
FN:13,(anonymous_4)
FNF:5
FNH:5
FNDA:30,(anonymous_0)
FNDA:28,(anonymous_1)
FNDA:32,(anonymous_2)
FNDA:11,(anonymous_3)
FNDA:24,(anonymous_4)
DA:2,11
DA:3,11
DA:4,11
DA:5,30
DA:6,11
DA:7,28
DA:8,11
DA:9,32
DA:10,11
DA:11,11
DA:12,11
DA:13,24
LF:12
LH:12
BRF:0
BRH:0
end_of_record
TN:
SF:src\modules\platform\databases\postgresql\order\entities\order-line.entity.ts
FN:2,(anonymous_0)
FN:8,(anonymous_1)
FNF:2
FNH:2
FNDA:72,(anonymous_0)
FNDA:60,(anonymous_1)
DA:2,12
DA:3,72
DA:4,72
DA:5,0
DA:6,72
DA:8,12
DA:9,60
DA:11,12
DA:12,12
DA:13,12
DA:14,12
DA:16,12
DA:17,12
DA:21,12
DA:27,12
DA:33,12
DA:39,12
DA:45,12
LF:18
LH:17
BRDA:2,0,0,12
BRDA:2,0,1,12
BRDA:2,0,2,12
BRDA:3,1,0,12
BRDA:3,1,1,60
BRDA:3,2,0,0
BRDA:3,2,1,60
BRDA:4,3,0,72
BRDA:4,3,1,0
BRDA:4,4,0,72
BRDA:4,4,1,72
BRDA:5,5,0,0
BRDA:5,5,1,0
BRDA:5,6,0,0
BRDA:5,6,1,0
BRDA:5,7,0,0
BRDA:5,7,1,0
BRDA:5,8,0,0
BRDA:5,8,1,0
BRDA:6,9,0,72
BRDA:6,9,1,60
BRDA:6,9,2,0
BRDA:8,10,0,12
BRDA:8,10,1,12
BRDA:8,10,2,12
BRDA:9,11,0,60
BRDA:9,11,1,0
BRDA:9,12,0,60
BRDA:9,12,1,60
BRF:29
BRH:17
end_of_record
TN:
SF:src\modules\platform\databases\postgresql\order\entities\order.entity.ts
FN:2,(anonymous_0)
FN:8,(anonymous_1)
FNF:2
FNH:2
FNDA:84,(anonymous_0)
FNDA:72,(anonymous_1)
DA:2,12
DA:3,84
DA:4,84
DA:5,0
DA:6,84
DA:8,12
DA:9,72
DA:11,12
DA:12,12
DA:13,12
DA:16,12
DA:18,12
DA:19,12
DA:23,12
DA:29,12
DA:35,12
DA:41,12
DA:47,12
DA:53,12
LF:19
LH:18
BRDA:2,0,0,12
BRDA:2,0,1,12
BRDA:2,0,2,12
BRDA:3,1,0,12
BRDA:3,1,1,72
BRDA:3,2,0,0
BRDA:3,2,1,72
BRDA:4,3,0,84
BRDA:4,3,1,0
BRDA:4,4,0,84
BRDA:4,4,1,84
BRDA:5,5,0,0
BRDA:5,5,1,0
BRDA:5,6,0,0
BRDA:5,6,1,0
BRDA:5,7,0,0
BRDA:5,7,1,0
BRDA:5,8,0,0
BRDA:5,8,1,0
BRDA:6,9,0,84
BRDA:6,9,1,72
BRDA:6,9,2,0
BRDA:8,10,0,12
BRDA:8,10,1,12
BRDA:8,10,2,12
BRDA:9,11,0,72
BRDA:9,11,1,0
BRDA:9,12,0,72
BRDA:9,12,1,72
BRF:29
BRH:17
end_of_record
TN:
SF:src\modules\platform\databases\postgresql\order\entities\payment.entity.ts
FN:2,(anonymous_0)
FN:8,(anonymous_1)
FNF:2
FNH:2
FNDA:84,(anonymous_0)
FNDA:72,(anonymous_1)
DA:2,12
DA:3,84
DA:4,84
DA:5,0
DA:6,84
DA:8,12
DA:9,72
DA:11,12
DA:12,12
DA:13,12
DA:14,12
DA:16,12
DA:17,12
DA:21,12
DA:27,12
DA:33,12
DA:39,12
DA:45,12
DA:51,12
LF:19
LH:18
BRDA:2,0,0,12
BRDA:2,0,1,12
BRDA:2,0,2,12
BRDA:3,1,0,12
BRDA:3,1,1,72
BRDA:3,2,0,0
BRDA:3,2,1,72
BRDA:4,3,0,84
BRDA:4,3,1,0
BRDA:4,4,0,84
BRDA:4,4,1,84
BRDA:5,5,0,0
BRDA:5,5,1,0
BRDA:5,6,0,0
BRDA:5,6,1,0
BRDA:5,7,0,0
BRDA:5,7,1,0
BRDA:5,8,0,0
BRDA:5,8,1,0
BRDA:6,9,0,84
BRDA:6,9,1,72
BRDA:6,9,2,0
BRDA:8,10,0,12
BRDA:8,10,1,12
BRDA:8,10,2,12
BRDA:9,11,0,72
BRDA:9,11,1,0
BRDA:9,12,0,72
BRDA:9,12,1,72
BRF:29
BRH:17
end_of_record
TN:
SF:src\modules\platform\databases\postgresql\order\entities\product.entity.ts
FN:2,(anonymous_0)
FN:8,(anonymous_1)
FNF:2
FNH:2
FNDA:60,(anonymous_0)
FNDA:48,(anonymous_1)
DA:2,12
DA:3,60
DA:4,60
DA:5,0
DA:6,60
DA:8,12
DA:9,48
DA:11,12
DA:12,12
DA:13,12
DA:14,12
DA:16,12
DA:17,12
DA:23,12
DA:29,12
DA:35,12
DA:41,12
LF:17
LH:16
BRDA:2,0,0,12
BRDA:2,0,1,12
BRDA:2,0,2,12
BRDA:3,1,0,12
BRDA:3,1,1,48
BRDA:3,2,0,0
BRDA:3,2,1,48
BRDA:4,3,0,60
BRDA:4,3,1,0
BRDA:4,4,0,60
BRDA:4,4,1,60
BRDA:5,5,0,0
BRDA:5,5,1,0
BRDA:5,6,0,0
BRDA:5,6,1,0
BRDA:5,7,0,0
BRDA:5,7,1,0
BRDA:5,8,0,0
BRDA:5,8,1,0
BRDA:6,9,0,60
BRDA:6,9,1,48
BRDA:6,9,2,0
BRDA:8,10,0,12
BRDA:8,10,1,12
BRDA:8,10,2,12
BRDA:9,11,0,48
BRDA:9,11,1,0
BRDA:9,12,0,48
BRDA:9,12,1,48
BRF:29
BRH:17
end_of_record
TN:
SF:src\modules\platform\databases\postgresql\order\migrations\1789800001000-create-order-tables.ts
FN:9,(anonymous_0)
FN:12,(anonymous_1)
FN:70,(anonymous_2)
FNF:3
FNH:3
FNDA:3,(anonymous_0)
FNDA:1,(anonymous_1)
FNDA:1,(anonymous_2)
DA:2,1
DA:3,1
DA:10,3
DA:13,1
DA:21,1
DA:30,1
DA:42,1
DA:51,1
DA:62,1
DA:71,1
DA:72,1
DA:73,1
DA:74,1
DA:75,1
DA:78,1
LF:15
LH:15
BRF:0
BRH:0
end_of_record
